2026-04-11 19:56:16,143 - INFO - Using device : cuda:0
2026-04-11 19:56:16,143 - INFO - PEFT mode    : adalora
2026-04-11 19:56:16,143 - INFO - Number of classes: 150
2026-04-11 19:56:16,508 - INFO - Train : 6690 samples | 5748 patients
2026-04-11 19:56:16,512 - INFO - Val   : 766   samples | 639 patients
2026-04-11 19:56:16,512 - INFO - Test  : 1941  samples | 1597 patients
2026-04-11 19:56:16,558 - INFO - 
============================================================
2026-04-11 19:56:16,562 - INFO - Label stats [TRAIN]  --  6690 samples total
2026-04-11 19:56:16,562 - INFO -   Active labels : 37 / 150
2026-04-11 19:56:16,562 - INFO -   Avg labels/sample: 1.33
2026-04-11 19:56:16,564 - INFO -   Label                                              Count   Prevalence
2026-04-11 19:56:16,564 - INFO -   ----------------------------------------------------------------------
2026-04-11 19:56:16,564 - INFO -   NONSPECIFIC T WAVE ABNORMALITY                     1856     27.7%
2026-04-11 19:56:16,564 - INFO -   SINUS TACHYCARDIA                                  1545     23.1%
2026-04-11 19:56:16,564 - INFO -   NORMAL ECG                                         1280     19.1%
2026-04-11 19:56:16,564 - INFO -   SINUS BRADYCARDIA                                  676      10.1%
2026-04-11 19:56:16,564 - INFO -   RIGHT VENTRICULAR HYPERTROPHY                      473      7.1%
2026-04-11 19:56:16,564 - INFO -   otherwise normal ecg                               442      6.6%
2026-04-11 19:56:16,564 - INFO -   PROLONGED QT                                       302      4.5%
2026-04-11 19:56:16,564 - INFO -   LEFT VENTRICULAR HYPERTROPHY                       237      3.5%
2026-04-11 19:56:16,564 - INFO -   INCOMPLETE RIGHT BUNDLE BRANCH BLOCK               231      3.5%
2026-04-11 19:56:16,564 - INFO -   RIGHT AXIS DEVIATION                               230      3.4%
2026-04-11 19:56:16,564 - INFO -   LOW VOLTAGE QRS                                    209      3.1%
2026-04-11 19:56:16,568 - INFO -   LEFT ANTERIOR FASCICULAR BLOCK                     202      3.0%
2026-04-11 19:56:16,568 - INFO -   RIGHT BUNDLE BRANCH BLOCK                          189      2.8%
2026-04-11 19:56:16,568 - INFO -   EARLY REPOLARIZATION                               180      2.7%
2026-04-11 19:56:16,569 - INFO -   RIGHT ATRIAL ENLARGEMENT                           138      2.1%
2026-04-11 19:56:16,569 - INFO -   LEFT ATRIAL ENLARGEMENT                            134      2.0%
2026-04-11 19:56:16,570 - INFO -   WITH JUNCTIONAL ESCAPE COMPLEXES                   124      1.9%
2026-04-11 19:56:16,570 - INFO -   WITH 1ST DEGREE AV BLOCK                           77       1.2%
2026-04-11 19:56:16,570 - INFO -   VENTRICULAR TACHYCARDIA                            52       0.8%
2026-04-11 19:56:16,570 - INFO -   WITH VARIABLE AV BLOCK                             48       0.7%
2026-04-11 19:56:16,570 - INFO -   WITH AV DISSOCIATION                               43       0.6%
2026-04-11 19:56:16,570 - INFO -   LEFT AXIS DEVIATION                                41       0.6%
2026-04-11 19:56:16,570 - INFO -   WITH COMPLETE HEART BLOCK                          41       0.6%
2026-04-11 19:56:16,570 - INFO -   WITH 2:1 AV CONDUCTION                             25       0.4%
2026-04-11 19:56:16,570 - INFO -   SUPRAVENTRICULAR TACHYCARDIA                       22       0.3%
2026-04-11 19:56:16,570 - INFO -   FUSION COMPLEXES                                   20       0.3%
2026-04-11 19:56:16,570 - INFO -   WITH VENTRICULAR ESCAPE COMPLEXES                  20       0.3%
2026-04-11 19:56:16,570 - INFO -   ATRIAL FIBRILLATION                                18       0.3%
2026-04-11 19:56:16,570 - INFO -   LEFT POSTERIOR FASCICULAR BLOCK                    17       0.3%
2026-04-11 19:56:16,570 - INFO -   ATRIAL FLUTTER                                     16       0.2%
2026-04-11 19:56:16,570 - INFO -   ANTEROSEPTAL INFARCT                               10       0.1%
2026-04-11 19:56:16,570 - INFO -   LEFT BUNDLE BRANCH BLOCK                           9        0.1%
2026-04-11 19:56:16,570 - INFO -   INFERIOR INFARCT                                   6        0.1%
2026-04-11 19:56:16,579 - INFO -   PREMATURE VENTRICULAR COMPLEXES                    5        0.1%
2026-04-11 19:56:16,579 - INFO -   LATERAL INFARCT                                    3        0.0%
2026-04-11 19:56:16,579 - INFO -   ANTERIOR INFARCT                                   2        0.0%
2026-04-11 19:56:16,579 - INFO -   PULMONARY DISEASE PATTERN                          2        0.0%
2026-04-11 19:56:16,579 - INFO - ============================================================

2026-04-11 19:56:16,586 - INFO - 
============================================================
2026-04-11 19:56:16,588 - INFO - Label stats [VAL]  --  766 samples total
2026-04-11 19:56:16,588 - INFO -   Active labels : 30 / 150
2026-04-11 19:56:16,588 - INFO -   Avg labels/sample: 1.37
2026-04-11 19:56:16,588 - INFO -   Label                                              Count   Prevalence
2026-04-11 19:56:16,590 - INFO -   ----------------------------------------------------------------------
2026-04-11 19:56:16,590 - INFO -   NONSPECIFIC T WAVE ABNORMALITY                     189      24.7%
2026-04-11 19:56:16,591 - INFO -   SINUS TACHYCARDIA                                  187      24.4%
2026-04-11 19:56:16,591 - INFO -   NORMAL ECG                                         137      17.9%
2026-04-11 19:56:16,591 - INFO -   SINUS BRADYCARDIA                                  75       9.8%
2026-04-11 19:56:16,591 - INFO -   RIGHT VENTRICULAR HYPERTROPHY                      61       8.0%
2026-04-11 19:56:16,593 - INFO -   INCOMPLETE RIGHT BUNDLE BRANCH BLOCK               43       5.6%
2026-04-11 19:56:16,593 - INFO -   otherwise normal ecg                               42       5.5%
2026-04-11 19:56:16,593 - INFO -   PROLONGED QT                                       40       5.2%
2026-04-11 19:56:16,593 - INFO -   LEFT ANTERIOR FASCICULAR BLOCK                     35       4.6%
2026-04-11 19:56:16,593 - INFO -   RIGHT BUNDLE BRANCH BLOCK                          33       4.3%
2026-04-11 19:56:16,593 - INFO -   LEFT VENTRICULAR HYPERTROPHY                       28       3.7%
2026-04-11 19:56:16,593 - INFO -   EARLY REPOLARIZATION                               28       3.7%
2026-04-11 19:56:16,593 - INFO -   RIGHT AXIS DEVIATION                               24       3.1%
2026-04-11 19:56:16,598 - INFO -   RIGHT ATRIAL ENLARGEMENT                           20       2.6%
2026-04-11 19:56:16,598 - INFO -   LOW VOLTAGE QRS                                    18       2.3%
2026-04-11 19:56:16,599 - INFO -   WITH JUNCTIONAL ESCAPE COMPLEXES                   14       1.8%
2026-04-11 19:56:16,599 - INFO -   LEFT ATRIAL ENLARGEMENT                            11       1.4%
2026-04-11 19:56:16,599 - INFO -   WITH 1ST DEGREE AV BLOCK                           11       1.4%
2026-04-11 19:56:16,599 - INFO -   WITH AV DISSOCIATION                               10       1.3%
2026-04-11 19:56:16,599 - INFO -   LEFT AXIS DEVIATION                                8        1.0%
2026-04-11 19:56:16,599 - INFO -   SUPRAVENTRICULAR TACHYCARDIA                       8        1.0%
2026-04-11 19:56:16,599 - INFO -   VENTRICULAR TACHYCARDIA                            5        0.7%
2026-04-11 19:56:16,599 - INFO -   WITH VENTRICULAR ESCAPE COMPLEXES                  5        0.7%
2026-04-11 19:56:16,599 - INFO -   WITH COMPLETE HEART BLOCK                          5        0.7%
2026-04-11 19:56:16,599 - INFO -   LEFT BUNDLE BRANCH BLOCK                           4        0.5%
2026-04-11 19:56:16,599 - INFO -   WITH VARIABLE AV BLOCK                             3        0.4%
2026-04-11 19:56:16,599 - INFO -   ANTEROSEPTAL INFARCT                               2        0.3%
2026-04-11 19:56:16,599 - INFO -   ANTERIOR INFARCT                                   1        0.1%
2026-04-11 19:56:16,607 - INFO -   ATRIAL FLUTTER                                     1        0.1%
2026-04-11 19:56:16,608 - INFO -   WITH 2:1 AV CONDUCTION                             1        0.1%
2026-04-11 19:56:16,608 - INFO - ============================================================

2026-04-11 19:56:16,618 - INFO - 
============================================================
2026-04-11 19:56:16,618 - INFO - Label stats [TEST]  --  1941 samples total
2026-04-11 19:56:16,618 - INFO -   Active labels : 38 / 150
2026-04-11 19:56:16,626 - INFO -   Avg labels/sample: 1.38
2026-04-11 19:56:16,627 - INFO -   Label                                              Count   Prevalence
2026-04-11 19:56:16,627 - INFO -   ----------------------------------------------------------------------
2026-04-11 19:56:16,627 - INFO -   NONSPECIFIC T WAVE ABNORMALITY                     499      25.7%
2026-04-11 19:56:16,627 - INFO -   SINUS TACHYCARDIA                                  478      24.6%
2026-04-11 19:56:16,627 - INFO -   NORMAL ECG                                         342      17.6%
2026-04-11 19:56:16,627 - INFO -   SINUS BRADYCARDIA                                  184      9.5%
2026-04-11 19:56:16,627 - INFO -   RIGHT VENTRICULAR HYPERTROPHY                      159      8.2%
2026-04-11 19:56:16,627 - INFO -   otherwise normal ecg                               137      7.1%
2026-04-11 19:56:16,627 - INFO -   LEFT ANTERIOR FASCICULAR BLOCK                     86       4.4%
2026-04-11 19:56:16,627 - INFO -   PROLONGED QT                                       85       4.4%
2026-04-11 19:56:16,627 - INFO -   LEFT VENTRICULAR HYPERTROPHY                       83       4.3%
2026-04-11 19:56:16,627 - INFO -   RIGHT AXIS DEVIATION                               81       4.2%
2026-04-11 19:56:16,627 - INFO -   RIGHT BUNDLE BRANCH BLOCK                          68       3.5%
2026-04-11 19:56:16,633 - INFO -   INCOMPLETE RIGHT BUNDLE BRANCH BLOCK               62       3.2%
2026-04-11 19:56:16,633 - INFO -   LOW VOLTAGE QRS                                    50       2.6%
2026-04-11 19:56:16,634 - INFO -   WITH JUNCTIONAL ESCAPE COMPLEXES                   46       2.4%
2026-04-11 19:56:16,634 - INFO -   RIGHT ATRIAL ENLARGEMENT                           43       2.2%
2026-04-11 19:56:16,634 - INFO -   EARLY REPOLARIZATION                               41       2.1%
2026-04-11 19:56:16,634 - INFO -   LEFT ATRIAL ENLARGEMENT                            39       2.0%
2026-04-11 19:56:16,634 - INFO -   WITH 1ST DEGREE AV BLOCK                           35       1.8%
2026-04-11 19:56:16,634 - INFO -   VENTRICULAR TACHYCARDIA                            24       1.2%
2026-04-11 19:56:16,636 - INFO -   WITH COMPLETE HEART BLOCK                          21       1.1%
2026-04-11 19:56:16,636 - INFO -   WITH AV DISSOCIATION                               17       0.9%
2026-04-11 19:56:16,636 - INFO -   WITH VARIABLE AV BLOCK                             16       0.8%
2026-04-11 19:56:16,638 - INFO -   SUPRAVENTRICULAR TACHYCARDIA                       15       0.8%
2026-04-11 19:56:16,638 - INFO -   ATRIAL FLUTTER                                     14       0.7%
2026-04-11 19:56:16,638 - INFO -   WITH 2:1 AV CONDUCTION                             14       0.7%
2026-04-11 19:56:16,638 - INFO -   ATRIAL FIBRILLATION                                7        0.4%
2026-04-11 19:56:16,638 - INFO -   FUSION COMPLEXES                                   7        0.4%
2026-04-11 19:56:16,638 - INFO -   WITH VENTRICULAR ESCAPE COMPLEXES                  7        0.4%
2026-04-11 19:56:16,640 - INFO -   LEFT AXIS DEVIATION                                5        0.3%
2026-04-11 19:56:16,640 - INFO -   LEFT BUNDLE BRANCH BLOCK                           5        0.3%
2026-04-11 19:56:16,640 - INFO -   ANTERIOR INFARCT                                   2        0.1%
2026-04-11 19:56:16,641 - INFO -   ANTEROSEPTAL INFARCT                               2        0.1%
2026-04-11 19:56:16,641 - INFO -   INFERIOR INFARCT                                   2        0.1%
2026-04-11 19:56:16,641 - INFO -   LEFT POSTERIOR FASCICULAR BLOCK                    2        0.1%
2026-04-11 19:56:16,643 - INFO -   PREMATURE VENTRICULAR COMPLEXES                    1        0.1%
2026-04-11 19:56:16,643 - INFO -   PREMATURE ATRIAL COMPLEXES                         1        0.1%
2026-04-11 19:56:16,643 - INFO -   PULMONARY DISEASE PATTERN                          1        0.1%
2026-04-11 19:56:16,643 - INFO -   ACUTE PERICARDITIS                                 1        0.1%
2026-04-11 19:56:16,643 - INFO - ============================================================

2026-04-11 19:56:16,648 - INFO - Train batches: 210 | Val batches:   24   | Test batches:  61
2026-04-11 19:56:18,312 - INFO - Pretrained weights loaded | missing: 0 | unexpected: 0
2026-04-11 19:56:18,447 - INFO - AdaLoRA injected | r=8, target_r=4, alpha=16.0, dropout=0.05 | targets: {'se_fc2', 'se_fc1'}
2026-04-11 19:56:18,448 - INFO - Head unfrozen: dense
2026-04-11 19:56:18,449 - INFO - 
============================================================
2026-04-11 19:56:18,449 - INFO - PEFT mode       : adalora
2026-04-11 19:56:18,449 - INFO - Total params    : 21,615,734
2026-04-11 19:56:18,449 - INFO - Trainable params: 426,710  (1.97%)
2026-04-11 19:56:18,449 - INFO - Frozen params   : 21,189,024  (98.03%)
2026-04-11 19:56:18,449 - INFO - ============================================================

2026-04-11 19:56:20,928 - INFO - Learning rate   : 0.0005
2026-04-11 19:56:20,933 - INFO - Early stopping  : patience=10, min_delta=0.0001
2026-04-11 19:56:20,933 - INFO - 
============================================================
2026-04-11 19:56:20,933 - INFO - Epoch 1/50
2026-04-11 19:58:38,099 - INFO - Train Loss: 0.0313
2026-04-11 19:58:51,992 - INFO - Val Loss: 0.0242 | Val Macro AUROC: 0.8377 | Valid labels: 30/150
2026-04-11 19:58:52,349 - INFO - [SAVED] Best checkpoint: child_ecg_peft_adalora_epoch1_auroc0.8377.pth
2026-04-11 19:58:52,349 - INFO - 
============================================================
2026-04-11 19:58:52,358 - INFO - Epoch 2/50
2026-04-11 20:01:03,027 - INFO - Train Loss: 0.0215
2026-04-11 20:01:16,142 - INFO - Val Loss: 0.0226 | Val Macro AUROC: 0.8692 | Valid labels: 30/150
2026-04-11 20:01:16,150 - INFO - [DELETED] Old checkpoint: child_ecg_peft_adalora_epoch1_auroc0.8377.pth
2026-04-11 20:01:16,528 - INFO - [SAVED] Best checkpoint: child_ecg_peft_adalora_epoch2_auroc0.8692.pth
2026-04-11 20:01:16,528 - INFO - 
============================================================
2026-04-11 20:01:16,528 - INFO - Epoch 3/50
2026-04-11 20:03:25,494 - INFO - Train Loss: 0.0201
2026-04-11 20:03:39,100 - INFO - Val Loss: 0.0218 | Val Macro AUROC: 0.8756 | Valid labels: 30/150
2026-04-11 20:03:39,113 - INFO - [DELETED] Old checkpoint: child_ecg_peft_adalora_epoch2_auroc0.8692.pth
2026-04-11 20:03:39,519 - INFO - [SAVED] Best checkpoint: child_ecg_peft_adalora_epoch3_auroc0.8756.pth
2026-04-11 20:03:39,519 - INFO - 
============================================================
2026-04-11 20:03:39,519 - INFO - Epoch 4/50
2026-04-11 20:05:28,024 - INFO - Train Loss: 0.0191
2026-04-11 20:05:37,329 - INFO - Val Loss: 0.0215 | Val Macro AUROC: 0.8853 | Valid labels: 30/150
2026-04-11 20:05:37,345 - INFO - [DELETED] Old checkpoint: child_ecg_peft_adalora_epoch3_auroc0.8756.pth
2026-04-11 20:05:37,550 - INFO - [SAVED] Best checkpoint: child_ecg_peft_adalora_epoch4_auroc0.8853.pth
2026-04-11 20:05:37,550 - INFO - 
============================================================
2026-04-11 20:05:37,551 - INFO - Epoch 5/50
2026-04-11 20:07:07,891 - INFO - Train Loss: 0.0184
2026-04-11 20:07:17,328 - INFO - Val Loss: 0.0209 | Val Macro AUROC: 0.8922 | Valid labels: 30/150
2026-04-11 20:07:17,338 - INFO - [DELETED] Old checkpoint: child_ecg_peft_adalora_epoch4_auroc0.8853.pth
2026-04-11 20:07:17,554 - INFO - [SAVED] Best checkpoint: child_ecg_peft_adalora_epoch5_auroc0.8922.pth
2026-04-11 20:07:17,555 - INFO - 
============================================================
2026-04-11 20:07:17,555 - INFO - Epoch 6/50
2026-04-11 20:08:46,620 - INFO - Train Loss: 0.0178
2026-04-11 20:08:56,252 - INFO - Val Loss: 0.0207 | Val Macro AUROC: 0.8911 | Valid labels: 30/150
2026-04-11 20:08:56,252 - INFO - EarlyStopping: no improvement for 1/10 epoch(s) (best=0.8922, current=0.8911, delta=-0.0010)
2026-04-11 20:08:56,252 - INFO - 
============================================================
2026-04-11 20:08:56,252 - INFO - Epoch 7/50
2026-04-11 20:10:42,419 - INFO - Train Loss: 0.0175
2026-04-11 20:10:55,198 - INFO - Val Loss: 0.0207 | Val Macro AUROC: 0.8960 | Valid labels: 30/150
2026-04-11 20:10:55,215 - INFO - [DELETED] Old checkpoint: child_ecg_peft_adalora_epoch5_auroc0.8922.pth
2026-04-11 20:10:55,619 - INFO - [SAVED] Best checkpoint: child_ecg_peft_adalora_epoch7_auroc0.8960.pth
2026-04-11 20:10:55,619 - INFO - 
============================================================
2026-04-11 20:10:55,627 - INFO - Epoch 8/50
2026-04-11 20:13:40,237 - INFO - Train Loss: 0.0171
2026-04-11 20:14:07,504 - INFO - Val Loss: 0.0205 | Val Macro AUROC: 0.8971 | Valid labels: 30/150
2026-04-11 20:14:07,536 - INFO - [DELETED] Old checkpoint: child_ecg_peft_adalora_epoch7_auroc0.8960.pth
2026-04-11 20:14:08,172 - INFO - [SAVED] Best checkpoint: child_ecg_peft_adalora_epoch8_auroc0.8971.pth
2026-04-11 20:14:08,172 - INFO - 
============================================================
2026-04-11 20:14:08,172 - INFO - Epoch 9/50
2026-04-11 20:18:13,507 - INFO - Train Loss: 0.0167
2026-04-11 20:18:40,828 - INFO - Val Loss: 0.0207 | Val Macro AUROC: 0.8938 | Valid labels: 30/150
2026-04-11 20:18:40,828 - INFO - EarlyStopping: no improvement for 1/10 epoch(s) (best=0.8971, current=0.8938, delta=-0.0034)
2026-04-11 20:18:40,833 - INFO - 
============================================================
2026-04-11 20:18:40,833 - INFO - Epoch 10/50
2026-04-11 20:22:47,058 - INFO - Train Loss: 0.0164
2026-04-11 20:23:13,981 - INFO - Val Loss: 0.0205 | Val Macro AUROC: 0.8954 | Valid labels: 30/150
2026-04-11 20:23:13,981 - INFO - EarlyStopping: no improvement for 2/10 epoch(s) (best=0.8971, current=0.8954, delta=-0.0017)
2026-04-11 20:23:13,981 - INFO - 
============================================================
2026-04-11 20:23:13,985 - INFO - Epoch 11/50
2026-04-11 20:27:19,184 - INFO - Train Loss: 0.0161
2026-04-11 20:27:46,303 - INFO - Val Loss: 0.0204 | Val Macro AUROC: 0.8975 | Valid labels: 30/150
2026-04-11 20:27:46,334 - INFO - [DELETED] Old checkpoint: child_ecg_peft_adalora_epoch8_auroc0.8971.pth
2026-04-11 20:27:46,982 - INFO - [SAVED] Best checkpoint: child_ecg_peft_adalora_epoch11_auroc0.8975.pth
2026-04-11 20:27:46,982 - INFO - 
============================================================
2026-04-11 20:27:46,984 - INFO - Epoch 12/50
2026-04-11 20:31:54,620 - INFO - Train Loss: 0.0158
2026-04-11 20:32:21,371 - INFO - Val Loss: 0.0206 | Val Macro AUROC: 0.8957 | Valid labels: 30/150
2026-04-11 20:32:21,371 - INFO - EarlyStopping: no improvement for 1/10 epoch(s) (best=0.8975, current=0.8957, delta=-0.0018)
2026-04-11 20:32:21,371 - INFO - 
============================================================
2026-04-11 20:32:21,371 - INFO - Epoch 13/50
2026-04-11 20:36:28,774 - INFO - Train Loss: 0.0156
2026-04-11 20:36:55,999 - INFO - Val Loss: 0.0206 | Val Macro AUROC: 0.8964 | Valid labels: 30/150
2026-04-11 20:36:55,999 - INFO - EarlyStopping: no improvement for 2/10 epoch(s) (best=0.8975, current=0.8964, delta=-0.0010)
2026-04-11 20:36:55,999 - INFO - 
============================================================
2026-04-11 20:36:55,999 - INFO - Epoch 14/50
2026-04-11 20:41:02,391 - INFO - Train Loss: 0.0153
2026-04-11 20:41:29,441 - INFO - Val Loss: 0.0206 | Val Macro AUROC: 0.8950 | Valid labels: 30/150
2026-04-11 20:41:29,442 - INFO - EarlyStopping: no improvement for 3/10 epoch(s) (best=0.8975, current=0.8950, delta=-0.0025)
2026-04-11 20:41:29,442 - INFO - 
============================================================
2026-04-11 20:41:29,442 - INFO - Epoch 15/50
2026-04-11 20:45:37,060 - INFO - Train Loss: 0.0151
2026-04-11 20:46:04,700 - INFO - Val Loss: 0.0205 | Val Macro AUROC: 0.8935 | Valid labels: 30/150
2026-04-11 20:46:04,700 - INFO - LR reduced: 0.000500 -> 0.000050
2026-04-11 20:46:04,702 - INFO - EarlyStopping: no improvement for 4/10 epoch(s) (best=0.8975, current=0.8935, delta=-0.0040)
2026-04-11 20:46:04,702 - INFO - 
============================================================
2026-04-11 20:46:04,702 - INFO - Epoch 16/50
2026-04-11 20:50:12,366 - INFO - Train Loss: 0.0145
2026-04-11 20:50:39,564 - INFO - Val Loss: 0.0204 | Val Macro AUROC: 0.8930 | Valid labels: 30/150
2026-04-11 20:50:39,567 - INFO - EarlyStopping: no improvement for 5/10 epoch(s) (best=0.8975, current=0.8930, delta=-0.0045)
2026-04-11 20:50:39,567 - INFO - 
============================================================
2026-04-11 20:50:39,567 - INFO - Epoch 17/50
2026-04-11 20:54:16,771 - INFO - Train Loss: 0.0144
2026-04-11 20:54:29,851 - INFO - Val Loss: 0.0204 | Val Macro AUROC: 0.8934 | Valid labels: 30/150
2026-04-11 20:54:29,851 - INFO - EarlyStopping: no improvement for 6/10 epoch(s) (best=0.8975, current=0.8934, delta=-0.0040)
2026-04-11 20:54:29,851 - INFO - 
============================================================
2026-04-11 20:54:29,851 - INFO - Epoch 18/50
2026-04-11 20:56:29,142 - INFO - Train Loss: 0.0144
2026-04-11 20:56:42,293 - INFO - Val Loss: 0.0204 | Val Macro AUROC: 0.8935 | Valid labels: 30/150
2026-04-11 20:56:42,293 - INFO - EarlyStopping: no improvement for 7/10 epoch(s) (best=0.8975, current=0.8935, delta=-0.0040)
2026-04-11 20:56:42,297 - INFO - 
============================================================
2026-04-11 20:56:42,297 - INFO - Epoch 19/50
2026-04-11 20:58:41,335 - INFO - Train Loss: 0.0143
2026-04-11 20:58:54,099 - INFO - Val Loss: 0.0204 | Val Macro AUROC: 0.8934 | Valid labels: 30/150
2026-04-11 20:58:54,101 - INFO - LR reduced: 0.000050 -> 0.000005
2026-04-11 20:58:54,101 - INFO - LR floor reached (< 1.00e-05) — stopping.
2026-04-11 20:58:54,101 - INFO - 
Training complete | Best Val Macro AUROC: 0.8975 | Stopped at epoch: 19/50
2026-04-11 20:58:54,101 - INFO - 
Reloading best checkpoint: child_ecg_peft_adalora_epoch11_auroc0.8975.pth
2026-04-11 20:58:54,463 - INFO - Loaded epoch 11 (val AUROC=0.8975)
2026-04-11 20:58:54,463 - INFO - 
Running final test evaluation...
2026-04-11 20:59:27,778 - INFO - 
Computing full evaluation for: test
2026-04-11 21:00:19,087 - INFO - 
======================================================================
2026-04-11 21:00:19,087 - INFO - [test] PER-CLASS AUROC  (38 valid / 150 total)
2026-04-11 21:00:19,087 - INFO - ======================================================================
2026-04-11 21:00:19,087 - INFO -   Label                                                 n_pos   AUROC  95% CI
2026-04-11 21:00:19,087 - INFO -   --------------------------------------------------------------------
2026-04-11 21:00:19,092 - INFO -   VENTRICULAR TACHYCARDIA                                  24   0.997  (0.994, 0.999)
2026-04-11 21:00:19,092 - INFO -   RIGHT BUNDLE BRANCH BLOCK                                68   0.981  (0.973, 0.989)
2026-04-11 21:00:19,092 - INFO -   SINUS BRADYCARDIA                                       184   0.976  (0.963, 0.984)
2026-04-11 21:00:19,092 - INFO -   LEFT ANTERIOR FASCICULAR BLOCK                           86   0.972  (0.962, 0.984)
2026-04-11 21:00:19,096 - INFO -   ACUTE PERICARDITIS                                        1   0.970  (0.962, 0.978)
2026-04-11 21:00:19,096 - INFO -   LEFT POSTERIOR FASCICULAR BLOCK                           2   0.966  (0.950, 0.980)
2026-04-11 21:00:19,096 - INFO -   SUPRAVENTRICULAR TACHYCARDIA                             15   0.963  (0.938, 0.988)
2026-04-11 21:00:19,096 - INFO -   ATRIAL FLUTTER                                           14   0.953  (0.926, 0.979)
2026-04-11 21:00:19,096 - INFO -   RIGHT VENTRICULAR HYPERTROPHY                           159   0.947  (0.932, 0.960)
2026-04-11 21:00:19,100 - INFO -   INCOMPLETE RIGHT BUNDLE BRANCH BLOCK                     62   0.945  (0.928, 0.962)
2026-04-11 21:00:19,102 - INFO -   RIGHT AXIS DEVIATION                                     81   0.943  (0.923, 0.957)
2026-04-11 21:00:19,102 - INFO -   SINUS TACHYCARDIA                                       478   0.927  (0.915, 0.937)
2026-04-11 21:00:19,102 - INFO -   EARLY REPOLARIZATION                                     41   0.921  (0.886, 0.946)
2026-04-11 21:00:19,102 - INFO -   WITH COMPLETE HEART BLOCK                                21   0.920  (0.891, 0.948)
2026-04-11 21:00:19,106 - INFO -   LEFT AXIS DEVIATION                                       5   0.916  (0.802, 0.972)
2026-04-11 21:00:19,107 - INFO -   ANTEROSEPTAL INFARCT                                      2   0.915  (0.900, 0.928)
2026-04-11 21:00:19,107 - INFO -   RIGHT ATRIAL ENLARGEMENT                                 43   0.913  (0.879, 0.935)
2026-04-11 21:00:19,107 - INFO -   WITH VENTRICULAR ESCAPE COMPLEXES                         7   0.905  (0.788, 0.981)
2026-04-11 21:00:19,107 - INFO -   LEFT ATRIAL ENLARGEMENT                                  39   0.899  (0.844, 0.939)
2026-04-11 21:00:19,107 - INFO -   LEFT VENTRICULAR HYPERTROPHY                             83   0.896  (0.865, 0.931)
2026-04-11 21:00:19,107 - INFO -   LEFT BUNDLE BRANCH BLOCK                                  5   0.885  (0.654, 0.997)
2026-04-11 21:00:19,107 - INFO -   WITH 1ST DEGREE AV BLOCK                                 35   0.876  (0.829, 0.936)
2026-04-11 21:00:19,107 - INFO -   NORMAL ECG                                              342   0.866  (0.847, 0.880)
2026-04-11 21:00:19,107 - INFO -   WITH VARIABLE AV BLOCK                                   16   0.847  (0.764, 0.926)
2026-04-11 21:00:19,115 - INFO -   WITH AV DISSOCIATION                                     17   0.828  (0.768, 0.903)
2026-04-11 21:00:19,115 - INFO -   WITH JUNCTIONAL ESCAPE COMPLEXES                         46   0.825  (0.765, 0.871)
2026-04-11 21:00:19,115 - INFO -   WITH 2:1 AV CONDUCTION                                   14   0.824  (0.706, 0.911)
2026-04-11 21:00:19,115 - INFO -   LOW VOLTAGE QRS                                          50   0.811  (0.740, 0.872)
2026-04-11 21:00:19,115 - INFO -   NONSPECIFIC T WAVE ABNORMALITY                          499   0.784  (0.760, 0.805)
2026-04-11 21:00:19,115 - INFO -   PROLONGED QT                                             85   0.778  (0.721, 0.827)
2026-04-11 21:00:19,115 - INFO -   PULMONARY DISEASE PATTERN                                 1   0.729  (0.711, 0.746)
2026-04-11 21:00:19,115 - INFO -   otherwise normal ecg                                    137   0.715  (0.677, 0.750)
2026-04-11 21:00:19,115 - INFO -   FUSION COMPLEXES                                          7   0.683  (0.337, 0.936)
2026-04-11 21:00:19,115 - INFO -   PREMATURE VENTRICULAR COMPLEXES                           1   0.665  (0.648, 0.685)
2026-04-11 21:00:19,115 - INFO -   ATRIAL FIBRILLATION                                       7   0.514  (0.245, 0.721)
2026-04-11 21:00:19,115 - INFO -   ANTERIOR INFARCT                                          2   0.514  (0.105, 0.921)
2026-04-11 21:00:19,115 - INFO -   PREMATURE ATRIAL COMPLEXES                                1   0.491  (0.473, 0.512)
2026-04-11 21:00:19,115 - INFO -   INFERIOR INFARCT                                          2   0.437  (0.261, 0.618)
2026-04-11 21:00:19,115 - INFO - 
[test] SKIPPED (112) — all-zero labels
2026-04-11 21:00:19,123 - INFO -   ABNORMAL ECG                                          all zeros — AUROC undefined
2026-04-11 21:00:19,123 - INFO -   NORMAL SINUS RHYTHM                                   all zeros — AUROC undefined
2026-04-11 21:00:19,123 - INFO -   SINUS RHYTHM                                          all zeros — AUROC undefined
2026-04-11 21:00:19,123 - INFO -   BORDERLINE ECG                                        all zeros — AUROC undefined
2026-04-11 21:00:19,123 - INFO -   SEPTAL INFARCT                                        all zeros — AUROC undefined
2026-04-11 21:00:19,123 - INFO -   PREMATURE SUPRAVENTRICULAR COMPLEXES                  all zeros — AUROC undefined
2026-04-11 21:00:19,123 - INFO -   NONSPECIFIC T WAVE ABNORMALITY NOW EVIDENT IN         all zeros — AUROC undefined
2026-04-11 21:00:19,123 - INFO -   NONSPECIFIC T WAVE ABNORMALITY NO LONGER EVIDENT IN   all zeros — AUROC undefined
2026-04-11 21:00:19,123 - INFO -   T WAVE INVERSION NOW EVIDENT IN                       all zeros — AUROC undefined
2026-04-11 21:00:19,123 - INFO -   LATERAL INFARCT                                       all zeros — AUROC undefined
2026-04-11 21:00:19,123 - INFO -   NONSPECIFIC ST ABNORMALITY                            all zeros — AUROC undefined
2026-04-11 21:00:19,131 - INFO -   T WAVE INVERSION NO LONGER EVIDENT IN                 all zeros — AUROC undefined
2026-04-11 21:00:19,131 - INFO -   WITH RAPID VENTRICULAR RESPONSE                       all zeros — AUROC undefined
2026-04-11 21:00:19,131 - INFO -   QT HAS SHORTENED                                      all zeros — AUROC undefined
2026-04-11 21:00:19,131 - INFO -   QT HAS LENGTHENED                                     all zeros — AUROC undefined
2026-04-11 21:00:19,131 - INFO -   MARKED SINUS BRADYCARDIA                              all zeros — AUROC undefined
2026-04-11 21:00:19,131 - INFO -   WITH SINUS ARRHYTHMIA                                 all zeros — AUROC undefined
2026-04-11 21:00:19,131 - INFO -   NONSPECIFIC ST AND T WAVE ABNORMALITY                 all zeros — AUROC undefined
2026-04-11 21:00:19,131 - INFO -   ECTOPIC ATRIAL RHYTHM                                 all zeros — AUROC undefined
2026-04-11 21:00:19,131 - INFO -   UNDETERMINED RHYTHM                                   all zeros — AUROC undefined
2026-04-11 21:00:19,131 - INFO -   RIGHTWARD AXIS                                        all zeros — AUROC undefined
2026-04-11 21:00:19,131 - INFO -   ST NOW DEPRESSED IN                                   all zeros — AUROC undefined
2026-04-11 21:00:19,131 - INFO -   WITH SHORT PR                                         all zeros — AUROC undefined
2026-04-11 21:00:19,131 - INFO -   WITH MARKED SINUS ARRHYTHMIA                          all zeros — AUROC undefined
2026-04-11 21:00:19,131 - INFO -   ST NO LONGER DEPRESSED IN                             all zeros — AUROC undefined
2026-04-11 21:00:19,139 - INFO -   INVERTED T WAVES HAVE REPLACED NONSPECIFIC T WAVE ABNORMALITY IN  all zeros — AUROC undefined
2026-04-11 21:00:19,140 - INFO -   NON-SPECIFIC CHANGE IN ST SEGMENT IN                  all zeros — AUROC undefined
2026-04-11 21:00:19,140 - INFO -   NONSPECIFIC T WAVE ABNORMALITY HAS REPLACED INVERTED T WAVES IN  all zeros — AUROC undefined
2026-04-11 21:00:19,140 - INFO -   JUNCTIONAL RHYTHM                                     all zeros — AUROC undefined
2026-04-11 21:00:19,140 - INFO -   ELECTRONIC ATRIAL PACEMAKER                           all zeros — AUROC undefined
2026-04-11 21:00:19,142 - INFO -   ABERRANT CONDUCTION                                   all zeros — AUROC undefined
2026-04-11 21:00:19,142 - INFO -   ELECTRONIC VENTRICULAR PACEMAKER                      all zeros — AUROC undefined
2026-04-11 21:00:19,142 - INFO -   T WAVE INVERSION LESS EVIDENT IN                      all zeros — AUROC undefined
2026-04-11 21:00:19,142 - INFO -   ANTEROLATERAL INFARCT                                 all zeros — AUROC undefined
2026-04-11 21:00:19,142 - INFO -   WITH REPOLARIZATION ABNORMALITY                       all zeros — AUROC undefined
2026-04-11 21:00:19,142 - INFO -   RSR' OR QR PATTERN IN V1 SUGGESTS RIGHT VENTRICULAR CONDUCTION DELAY  all zeros — AUROC undefined
2026-04-11 21:00:19,142 - INFO -   T WAVE INVERSION MORE EVIDENT IN                      all zeros — AUROC undefined
2026-04-11 21:00:19,142 - INFO -   WIDE QRS RHYTHM                                       all zeros — AUROC undefined
2026-04-11 21:00:19,147 - INFO -   WITH PREMATURE VENTRICULAR OR ABERRANTLY CONDUCTED COMPLEXES  all zeros — AUROC undefined
2026-04-11 21:00:19,147 - INFO -   INCOMPLETE LEFT BUNDLE BRANCH BLOCK                   all zeros — AUROC undefined
2026-04-11 21:00:19,147 - INFO -   VOLTAGE CRITERIA FOR LEFT VENTRICULAR HYPERTROPHY     all zeros — AUROC undefined
2026-04-11 21:00:19,147 - INFO -   OR DIGITALIS EFFECT                                   all zeros — AUROC undefined
2026-04-11 21:00:19,147 - INFO -   BIFASCICULAR BLOCK                                    all zeros — AUROC undefined
2026-04-11 21:00:19,150 - INFO -   ST NO LONGER ELEVATED IN                              all zeros — AUROC undefined
2026-04-11 21:00:19,150 - INFO -   WITH SLOW VENTRICULAR RESPONSE                        all zeros — AUROC undefined
2026-04-11 21:00:19,150 - INFO -   ST ELEVATION NOW PRESENT IN                           all zeros — AUROC undefined
2026-04-11 21:00:19,150 - INFO -   PREMATURE ECTOPIC COMPLEXES                           all zeros — AUROC undefined
2026-04-11 21:00:19,152 - INFO -   T WAVE AMPLITUDE HAS DECREASED IN                     all zeros — AUROC undefined
2026-04-11 21:00:19,152 - INFO -   WITH A COMPETING JUNCTIONAL PACEMAKER                 all zeros — AUROC undefined
2026-04-11 21:00:19,152 - INFO -   RIGHT SUPERIOR AXIS DEVIATION                         all zeros — AUROC undefined
2026-04-11 21:00:19,152 - INFO -   BIATRIAL ENLARGEMENT                                  all zeros — AUROC undefined
2026-04-11 21:00:19,152 - INFO -   VENTRICULAR-PACED RHYTHM                              all zeros — AUROC undefined
2026-04-11 21:00:19,152 - INFO -   ATRIAL-PACED RHYTHM                                   all zeros — AUROC undefined
2026-04-11 21:00:19,155 - INFO -   T WAVE AMPLITUDE HAS INCREASED IN                     all zeros — AUROC undefined
2026-04-11 21:00:19,155 - INFO -   WITH QRS WIDENING                                     all zeros — AUROC undefined
2026-04-11 21:00:19,155 - INFO -   WITH PROLONGED AV CONDUCTION                          all zeros — AUROC undefined
2026-04-11 21:00:19,156 - INFO -   WITH QRS WIDENING AND REPOLARIZATION ABNORMALITY      all zeros — AUROC undefined
2026-04-11 21:00:19,156 - INFO -   ATRIAL-SENSED VENTRICULAR-PACED RHYTHM                all zeros — AUROC undefined
2026-04-11 21:00:19,157 - INFO -   AV SEQUENTIAL OR DUAL CHAMBER ELECTRONIC PACEMAKER    all zeros — AUROC undefined
2026-04-11 21:00:19,158 - INFO -   ACUTE MI / STEMI                                      all zeros — AUROC undefined
2026-04-11 21:00:19,158 - INFO -   INFERIOR-POSTERIOR INFARCT                            all zeros — AUROC undefined
2026-04-11 21:00:19,159 - INFO -   NONSPECIFIC INTRAVENTRICULAR CONDUCTION DELAY         all zeros — AUROC undefined
2026-04-11 21:00:19,160 - INFO -   PREMATURE VENTRICULAR AND FUSION COMPLEXES            all zeros — AUROC undefined
2026-04-11 21:00:19,162 - INFO -   IN A PATTERN OF BIGEMINY                              all zeros — AUROC undefined
2026-04-11 21:00:19,162 - INFO -   AV DUAL-PACED RHYTHM                                  all zeros — AUROC undefined
2026-04-11 21:00:19,163 - INFO -   VENTRICULAR-PACED COMPLEXES                           all zeros — AUROC undefined
2026-04-11 21:00:19,163 - INFO -   WIDE QRS TACHYCARDIA                                  all zeros — AUROC undefined
2026-04-11 21:00:19,163 - INFO -   RSR' PATTERN IN V1                                    all zeros — AUROC undefined
2026-04-11 21:00:19,164 - INFO -   ST LESS DEPRESSED IN                                  all zeros — AUROC undefined
2026-04-11 21:00:19,164 - INFO -   ST MORE DEPRESSED IN                                  all zeros — AUROC undefined
2026-04-11 21:00:19,166 - INFO -   ANTEROLATERAL LEADS                                   all zeros — AUROC undefined
2026-04-11 21:00:19,167 - INFO -   ELECTRONIC DEMAND PACING                              all zeros — AUROC undefined
2026-04-11 21:00:19,167 - INFO -   RBBB AND LEFT ANTERIOR FASCICULAR BLOCK               all zeros — AUROC undefined
2026-04-11 21:00:19,167 - INFO -   LATERAL INJURY PATTERN                                all zeros — AUROC undefined
2026-04-11 21:00:19,167 - INFO -   BIVENTRICULAR PACEMAKER DETECTED                      all zeros — AUROC undefined
2026-04-11 21:00:19,167 - INFO -   SUSPECT UNSPECIFIED PACEMAKER FAILURE                 all zeros — AUROC undefined
2026-04-11 21:00:19,167 - INFO -   WOLFF-PARKINSON-WHITE                                 all zeros — AUROC undefined
2026-04-11 21:00:19,167 - INFO -   INFERIOR INJURY PATTERN                               all zeros — AUROC undefined
2026-04-11 21:00:19,167 - INFO -   CONSIDER RIGHT VENTRICULAR INVOLVEMENT IN ACUTE INFERIOR INFARCT  all zeros — AUROC undefined
2026-04-11 21:00:19,167 - INFO -   ST ELEVATION HAS REPLACED ST DEPRESSION IN            all zeros — AUROC undefined
2026-04-11 21:00:19,171 - INFO -   NONSPECIFIC INTRAVENTRICULAR BLOCK                    all zeros — AUROC undefined
2026-04-11 21:00:19,171 - INFO -   MASKED BY FASCICULAR BLOCK                            all zeros — AUROC undefined
2026-04-11 21:00:19,171 - INFO -   PEDIATRIC ECG ANALYSIS                                all zeros — AUROC undefined
2026-04-11 21:00:19,171 - INFO -   BLOCKED                                               all zeros — AUROC undefined
2026-04-11 21:00:19,171 - INFO -   WITH UNDETERMINED RHYTHM IRREGULARITY                 all zeros — AUROC undefined
2026-04-11 21:00:19,174 - INFO -   LEFTWARD AXIS                                         all zeros — AUROC undefined
2026-04-11 21:00:19,174 - INFO -   WITH 2ND DEGREE SA BLOCK MOBITZ I                     all zeros — AUROC undefined
2026-04-11 21:00:19,174 - INFO -   ACUTE                                                 all zeros — AUROC undefined
2026-04-11 21:00:19,176 - INFO -   ABNORMAL LEFT AXIS DEVIATION                          all zeros — AUROC undefined
2026-04-11 21:00:19,176 - INFO -   NO P-WAVES FOUND                                      all zeros — AUROC undefined
2026-04-11 21:00:19,176 - INFO -   ST LESS ELEVATED IN                                   all zeros — AUROC undefined
2026-04-11 21:00:19,178 - INFO -   WITH RETROGRADE CONDUCTION                            all zeros — AUROC undefined
2026-04-11 21:00:19,178 - INFO -   ST MORE ELEVATED IN                                   all zeros — AUROC undefined
2026-04-11 21:00:19,179 - INFO -   JUNCTIONAL BRADYCARDIA                                all zeros — AUROC undefined
2026-04-11 21:00:19,179 - INFO -   ANTERIOR INJURY PATTERN                               all zeros — AUROC undefined
2026-04-11 21:00:19,180 - INFO -   ACUTE MI                                              all zeros — AUROC undefined
2026-04-11 21:00:19,181 - INFO -   POSTERIOR INFARCT                                     all zeros — AUROC undefined
2026-04-11 21:00:19,181 - INFO -   IDIOVENTRICULAR RHYTHM                                all zeros — AUROC undefined
2026-04-11 21:00:19,181 - INFO -   WITH 2ND DEGREE SA BLOCK MOBITZ II                    all zeros — AUROC undefined
2026-04-11 21:00:19,181 - INFO -   R IN AVL                                              all zeros — AUROC undefined
2026-04-11 21:00:19,181 - INFO -   SINUS/ATRIAL CAPTURE                                  all zeros — AUROC undefined
2026-04-11 21:00:19,181 - INFO -   AV DUAL-PACED COMPLEXES                               all zeros — AUROC undefined
2026-04-11 21:00:19,181 - INFO -   INFEROLATERAL INJURY PATTERN                          all zeros — AUROC undefined
2026-04-11 21:00:19,185 - INFO -   RBBB AND LEFT POSTERIOR FASCICULAR BLOCK              all zeros — AUROC undefined
2026-04-11 21:00:19,186 - INFO -   ANTEROLATERAL INJURY PATTERN                          all zeros — AUROC undefined
2026-04-11 21:00:19,186 - INFO -   ATRIAL-PACED COMPLEXES                                all zeros — AUROC undefined
2026-04-11 21:00:19,188 - INFO -   WITH SINUS PAUSE                                      all zeros — AUROC undefined
2026-04-11 21:00:19,188 - INFO -   BIVENTRICULAR HYPERTROPHY                             all zeros — AUROC undefined
2026-04-11 21:00:19,189 - INFO -   ABNORMAL RIGHT AXIS DEVIATION                         all zeros — AUROC undefined
2026-04-11 21:00:19,189 - INFO -   SUPRAVENTRICULAR COMPLEXES                            all zeros — AUROC undefined
2026-04-11 21:00:19,189 - INFO -   WITH 2ND DEGREE AV BLOCK MOBITZ I                     all zeros — AUROC undefined
2026-04-11 21:00:19,189 - INFO -   MULTIFOCAL ATRIAL TACHYCARDIA                         all zeros — AUROC undefined
2026-04-11 21:00:19,189 - INFO - 
[test] Valid labels : 38 / 150
2026-04-11 21:00:19,189 - INFO - [test] Macro AUROC  : 0.8394
2026-04-11 21:00:19,250 - INFO - [test] Plotting 38 valid ROC curves
2026-04-11 21:00:19,637 - INFO - [test] ROC curve plot saved: ./res/peft_adalora/test_roc_curves.png
2026-04-11 21:00:19,637 - INFO - [test] Plot Macro AUC=0.8395  Micro AUC=0.9522
2026-04-11 21:00:19,637 - INFO - 
Zero-shot cache not found — generating baseline on test split...
2026-04-11 21:00:19,637 - INFO - 
Generating zero-shot baseline predictions...
2026-04-11 21:00:54,011 - INFO - Zero-shot predictions saved — gt: (1941, 150)  pred: (1941, 150)
2026-04-11 21:00:54,031 - INFO - [comparison] Shared valid labels: 38/150
2026-04-11 21:00:54,457 - INFO - [comparison] Plot saved: ./res/peft_adalora/comparison_zeroshot_vs_peft_test.png
2026-04-11 21:00:54,465 - INFO - 
Running inference on full dataset (train + val + test)...
2026-04-11 21:03:34,073 - INFO - Running zero-shot inference on full dataset...
2026-04-11 21:03:34,074 - INFO - 
Generating zero-shot baseline predictions...
2026-04-11 21:06:16,725 - INFO - Zero-shot predictions saved — gt: (9397, 150)  pred: (9397, 150)
2026-04-11 21:06:16,749 - INFO - 
Computing full evaluation for: full_dataset
2026-04-11 21:07:45,720 - INFO - 
======================================================================
2026-04-11 21:07:45,720 - INFO - [full_dataset] PER-CLASS AUROC  (39 valid / 150 total)
2026-04-11 21:07:45,720 - INFO - ======================================================================
2026-04-11 21:07:45,720 - INFO -   Label                                                 n_pos   AUROC  95% CI
2026-04-11 21:07:45,720 - INFO -   --------------------------------------------------------------------
2026-04-11 21:07:45,720 - INFO -   LEFT POSTERIOR FASCICULAR BLOCK                          19   0.997  (0.992, 1.000)
2026-04-11 21:07:45,726 - INFO -   VENTRICULAR TACHYCARDIA                                  81   0.991  (0.983, 0.997)
2026-04-11 21:07:45,726 - INFO -   RIGHT BUNDLE BRANCH BLOCK                               290   0.988  (0.984, 0.991)
2026-04-11 21:07:45,727 - INFO -   SINUS BRADYCARDIA                                       935   0.986  (0.982, 0.988)
2026-04-11 21:07:45,727 - INFO -   LEFT ANTERIOR FASCICULAR BLOCK                          323   0.985  (0.980, 0.989)
2026-04-11 21:07:45,728 - INFO -   ANTEROSEPTAL INFARCT                                     14   0.983  (0.967, 0.995)
2026-04-11 21:07:45,730 - INFO -   LATERAL INFARCT                                           3   0.976  (0.929, 1.000)
2026-04-11 21:07:45,730 - INFO -   SUPRAVENTRICULAR TACHYCARDIA                             45   0.974  (0.955, 0.989)
2026-04-11 21:07:45,730 - INFO -   LEFT AXIS DEVIATION                                      54   0.973  (0.961, 0.985)
2026-04-11 21:07:45,732 - INFO -   ATRIAL FLUTTER                                           31   0.973  (0.963, 0.985)
2026-04-11 21:07:45,733 - INFO -   ACUTE PERICARDITIS                                        1   0.971  (0.968, 0.975)
2026-04-11 21:07:45,733 - INFO -   WITH COMPLETE HEART BLOCK                                67   0.969  (0.951, 0.981)
2026-04-11 21:07:45,733 - INFO -   LEFT BUNDLE BRANCH BLOCK                                 18   0.969  (0.919, 0.999)
2026-04-11 21:07:45,735 - INFO -   WITH VENTRICULAR ESCAPE COMPLEXES                        32   0.967  (0.939, 0.993)
2026-04-11 21:07:45,736 - INFO -   RIGHT AXIS DEVIATION                                    335   0.965  (0.958, 0.971)
2026-04-11 21:07:45,737 - INFO -   RIGHT VENTRICULAR HYPERTROPHY                           693   0.964  (0.958, 0.969)
2026-04-11 21:07:45,737 - INFO -   INCOMPLETE RIGHT BUNDLE BRANCH BLOCK                    336   0.952  (0.944, 0.961)
2026-04-11 21:07:45,737 - INFO -   SINUS TACHYCARDIA                                      2210   0.951  (0.947, 0.954)
2026-04-11 21:07:45,737 - INFO -   RIGHT ATRIAL ENLARGEMENT                                201   0.940  (0.926, 0.953)
2026-04-11 21:07:45,740 - INFO -   LEFT VENTRICULAR HYPERTROPHY                            348   0.938  (0.929, 0.948)
2026-04-11 21:07:45,740 - INFO -   LEFT ATRIAL ENLARGEMENT                                 184   0.935  (0.918, 0.948)
2026-04-11 21:07:45,740 - INFO -   EARLY REPOLARIZATION                                    249   0.930  (0.915, 0.943)
2026-04-11 21:07:45,741 - INFO -   WITH VARIABLE AV BLOCK                                   67   0.928  (0.898, 0.952)
2026-04-11 21:07:45,741 - INFO -   WITH 1ST DEGREE AV BLOCK                                123   0.924  (0.892, 0.947)
2026-04-11 21:07:45,741 - INFO -   WITH AV DISSOCIATION                                     70   0.924  (0.884, 0.953)
2026-04-11 21:07:45,741 - INFO -   WITH 2:1 AV CONDUCTION                                   40   0.921  (0.876, 0.959)
2026-04-11 21:07:45,741 - INFO -   PREMATURE VENTRICULAR COMPLEXES                           6   0.917  (0.809, 0.996)
2026-04-11 21:07:45,741 - INFO -   PULMONARY DISEASE PATTERN                                 3   0.912  (0.738, 1.000)
2026-04-11 21:07:45,746 - INFO -   LOW VOLTAGE QRS                                         277   0.912  (0.895, 0.927)
2026-04-11 21:07:45,746 - INFO -   WITH JUNCTIONAL ESCAPE COMPLEXES                        184   0.909  (0.887, 0.929)
2026-04-11 21:07:45,746 - INFO -   FUSION COMPLEXES                                         27   0.906  (0.840, 0.982)
2026-04-11 21:07:45,746 - INFO -   NORMAL ECG                                             1759   0.889  (0.881, 0.896)
2026-04-11 21:07:45,746 - INFO -   INFERIOR INFARCT                                          8   0.854  (0.677, 0.999)
2026-04-11 21:07:45,746 - INFO -   PROLONGED QT                                            427   0.847  (0.825, 0.860)
2026-04-11 21:07:45,746 - INFO -   ATRIAL FIBRILLATION                                      25   0.819  (0.691, 0.915)
2026-04-11 21:07:45,746 - INFO -   NONSPECIFIC T WAVE ABNORMALITY                         2544   0.819  (0.811, 0.828)
2026-04-11 21:07:45,746 - INFO -   ANTERIOR INFARCT                                          5   0.800  (0.179, 0.989)
2026-04-11 21:07:45,746 - INFO -   otherwise normal ecg                                    621   0.794  (0.780, 0.807)
2026-04-11 21:07:45,746 - INFO -   PREMATURE ATRIAL COMPLEXES                                1   0.507  (0.496, 0.516)
2026-04-11 21:07:45,754 - INFO - 
[full_dataset] SKIPPED (111) — all-zero labels
2026-04-11 21:07:45,755 - INFO -   ABNORMAL ECG                                          all zeros — AUROC undefined
2026-04-11 21:07:45,756 - INFO -   NORMAL SINUS RHYTHM                                   all zeros — AUROC undefined
2026-04-11 21:07:45,756 - INFO -   SINUS RHYTHM                                          all zeros — AUROC undefined
2026-04-11 21:07:45,756 - INFO -   BORDERLINE ECG                                        all zeros — AUROC undefined
2026-04-11 21:07:45,756 - INFO -   SEPTAL INFARCT                                        all zeros — AUROC undefined
2026-04-11 21:07:45,756 - INFO -   PREMATURE SUPRAVENTRICULAR COMPLEXES                  all zeros — AUROC undefined
2026-04-11 21:07:45,756 - INFO -   NONSPECIFIC T WAVE ABNORMALITY NOW EVIDENT IN         all zeros — AUROC undefined
2026-04-11 21:07:45,756 - INFO -   NONSPECIFIC T WAVE ABNORMALITY NO LONGER EVIDENT IN   all zeros — AUROC undefined
2026-04-11 21:07:45,760 - INFO -   T WAVE INVERSION NOW EVIDENT IN                       all zeros — AUROC undefined
2026-04-11 21:07:45,760 - INFO -   NONSPECIFIC ST ABNORMALITY                            all zeros — AUROC undefined
2026-04-11 21:07:45,760 - INFO -   T WAVE INVERSION NO LONGER EVIDENT IN                 all zeros — AUROC undefined
2026-04-11 21:07:45,760 - INFO -   WITH RAPID VENTRICULAR RESPONSE                       all zeros — AUROC undefined
2026-04-11 21:07:45,760 - INFO -   QT HAS SHORTENED                                      all zeros — AUROC undefined
2026-04-11 21:07:45,760 - INFO -   QT HAS LENGTHENED                                     all zeros — AUROC undefined
2026-04-11 21:07:45,760 - INFO -   MARKED SINUS BRADYCARDIA                              all zeros — AUROC undefined
2026-04-11 21:07:45,760 - INFO -   WITH SINUS ARRHYTHMIA                                 all zeros — AUROC undefined
2026-04-11 21:07:45,760 - INFO -   NONSPECIFIC ST AND T WAVE ABNORMALITY                 all zeros — AUROC undefined
2026-04-11 21:07:45,760 - INFO -   ECTOPIC ATRIAL RHYTHM                                 all zeros — AUROC undefined
2026-04-11 21:07:45,760 - INFO -   UNDETERMINED RHYTHM                                   all zeros — AUROC undefined
2026-04-11 21:07:45,760 - INFO -   RIGHTWARD AXIS                                        all zeros — AUROC undefined
2026-04-11 21:07:45,768 - INFO -   ST NOW DEPRESSED IN                                   all zeros — AUROC undefined
2026-04-11 21:07:45,768 - INFO -   WITH SHORT PR                                         all zeros — AUROC undefined
2026-04-11 21:07:45,768 - INFO -   WITH MARKED SINUS ARRHYTHMIA                          all zeros — AUROC undefined
2026-04-11 21:07:45,768 - INFO -   ST NO LONGER DEPRESSED IN                             all zeros — AUROC undefined
2026-04-11 21:07:45,768 - INFO -   INVERTED T WAVES HAVE REPLACED NONSPECIFIC T WAVE ABNORMALITY IN  all zeros — AUROC undefined
2026-04-11 21:07:45,768 - INFO -   NON-SPECIFIC CHANGE IN ST SEGMENT IN                  all zeros — AUROC undefined
2026-04-11 21:07:45,768 - INFO -   NONSPECIFIC T WAVE ABNORMALITY HAS REPLACED INVERTED T WAVES IN  all zeros — AUROC undefined
2026-04-11 21:07:45,768 - INFO -   JUNCTIONAL RHYTHM                                     all zeros — AUROC undefined
2026-04-11 21:07:45,768 - INFO -   ELECTRONIC ATRIAL PACEMAKER                           all zeros — AUROC undefined
2026-04-11 21:07:45,768 - INFO -   ABERRANT CONDUCTION                                   all zeros — AUROC undefined
2026-04-11 21:07:45,768 - INFO -   ELECTRONIC VENTRICULAR PACEMAKER                      all zeros — AUROC undefined
2026-04-11 21:07:45,768 - INFO -   T WAVE INVERSION LESS EVIDENT IN                      all zeros — AUROC undefined
2026-04-11 21:07:45,768 - INFO -   ANTEROLATERAL INFARCT                                 all zeros — AUROC undefined
2026-04-11 21:07:45,768 - INFO -   WITH REPOLARIZATION ABNORMALITY                       all zeros — AUROC undefined
2026-04-11 21:07:45,776 - INFO -   RSR' OR QR PATTERN IN V1 SUGGESTS RIGHT VENTRICULAR CONDUCTION DELAY  all zeros — AUROC undefined
2026-04-11 21:07:45,777 - INFO -   T WAVE INVERSION MORE EVIDENT IN                      all zeros — AUROC undefined
2026-04-11 21:07:45,777 - INFO -   WIDE QRS RHYTHM                                       all zeros — AUROC undefined
2026-04-11 21:07:45,778 - INFO -   WITH PREMATURE VENTRICULAR OR ABERRANTLY CONDUCTED COMPLEXES  all zeros — AUROC undefined
2026-04-11 21:07:45,778 - INFO -   INCOMPLETE LEFT BUNDLE BRANCH BLOCK                   all zeros — AUROC undefined
2026-04-11 21:07:45,778 - INFO -   VOLTAGE CRITERIA FOR LEFT VENTRICULAR HYPERTROPHY     all zeros — AUROC undefined
2026-04-11 21:07:45,781 - INFO -   OR DIGITALIS EFFECT                                   all zeros — AUROC undefined
2026-04-11 21:07:45,781 - INFO -   BIFASCICULAR BLOCK                                    all zeros — AUROC undefined
2026-04-11 21:07:45,783 - INFO -   ST NO LONGER ELEVATED IN                              all zeros — AUROC undefined
2026-04-11 21:07:45,783 - INFO -   WITH SLOW VENTRICULAR RESPONSE                        all zeros — AUROC undefined
2026-04-11 21:07:45,784 - INFO -   ST ELEVATION NOW PRESENT IN                           all zeros — AUROC undefined
2026-04-11 21:07:45,785 - INFO -   PREMATURE ECTOPIC COMPLEXES                           all zeros — AUROC undefined
2026-04-11 21:07:45,786 - INFO -   T WAVE AMPLITUDE HAS DECREASED IN                     all zeros — AUROC undefined
2026-04-11 21:07:45,786 - INFO -   WITH A COMPETING JUNCTIONAL PACEMAKER                 all zeros — AUROC undefined
2026-04-11 21:07:45,787 - INFO -   RIGHT SUPERIOR AXIS DEVIATION                         all zeros — AUROC undefined
2026-04-11 21:07:45,788 - INFO -   BIATRIAL ENLARGEMENT                                  all zeros — AUROC undefined
2026-04-11 21:07:45,789 - INFO -   VENTRICULAR-PACED RHYTHM                              all zeros — AUROC undefined
2026-04-11 21:07:45,789 - INFO -   ATRIAL-PACED RHYTHM                                   all zeros — AUROC undefined
2026-04-11 21:07:45,790 - INFO -   T WAVE AMPLITUDE HAS INCREASED IN                     all zeros — AUROC undefined
2026-04-11 21:07:45,790 - INFO -   WITH QRS WIDENING                                     all zeros — AUROC undefined
2026-04-11 21:07:45,791 - INFO -   WITH PROLONGED AV CONDUCTION                          all zeros — AUROC undefined
2026-04-11 21:07:45,792 - INFO -   WITH QRS WIDENING AND REPOLARIZATION ABNORMALITY      all zeros — AUROC undefined
2026-04-11 21:07:45,792 - INFO -   ATRIAL-SENSED VENTRICULAR-PACED RHYTHM                all zeros — AUROC undefined
2026-04-11 21:07:45,793 - INFO -   AV SEQUENTIAL OR DUAL CHAMBER ELECTRONIC PACEMAKER    all zeros — AUROC undefined
2026-04-11 21:07:45,793 - INFO -   ACUTE MI / STEMI                                      all zeros — AUROC undefined
2026-04-11 21:07:45,794 - INFO -   INFERIOR-POSTERIOR INFARCT                            all zeros — AUROC undefined
2026-04-11 21:07:45,794 - INFO -   NONSPECIFIC INTRAVENTRICULAR CONDUCTION DELAY         all zeros — AUROC undefined
2026-04-11 21:07:45,795 - INFO -   PREMATURE VENTRICULAR AND FUSION COMPLEXES            all zeros — AUROC undefined
2026-04-11 21:07:45,795 - INFO -   IN A PATTERN OF BIGEMINY                              all zeros — AUROC undefined
2026-04-11 21:07:45,795 - INFO -   AV DUAL-PACED RHYTHM                                  all zeros — AUROC undefined
2026-04-11 21:07:45,795 - INFO -   VENTRICULAR-PACED COMPLEXES                           all zeros — AUROC undefined
2026-04-11 21:07:45,795 - INFO -   WIDE QRS TACHYCARDIA                                  all zeros — AUROC undefined
2026-04-11 21:07:45,795 - INFO -   RSR' PATTERN IN V1                                    all zeros — AUROC undefined
2026-04-11 21:07:45,795 - INFO -   ST LESS DEPRESSED IN                                  all zeros — AUROC undefined
2026-04-11 21:07:45,795 - INFO -   ST MORE DEPRESSED IN                                  all zeros — AUROC undefined
2026-04-11 21:07:45,795 - INFO -   ANTEROLATERAL LEADS                                   all zeros — AUROC undefined
2026-04-11 21:07:45,795 - INFO -   ELECTRONIC DEMAND PACING                              all zeros — AUROC undefined
2026-04-11 21:07:45,795 - INFO -   RBBB AND LEFT ANTERIOR FASCICULAR BLOCK               all zeros — AUROC undefined
2026-04-11 21:07:45,795 - INFO -   LATERAL INJURY PATTERN                                all zeros — AUROC undefined
2026-04-11 21:07:45,795 - INFO -   BIVENTRICULAR PACEMAKER DETECTED                      all zeros — AUROC undefined
2026-04-11 21:07:45,804 - INFO -   SUSPECT UNSPECIFIED PACEMAKER FAILURE                 all zeros — AUROC undefined
2026-04-11 21:07:45,804 - INFO -   WOLFF-PARKINSON-WHITE                                 all zeros — AUROC undefined
2026-04-11 21:07:45,805 - INFO -   INFERIOR INJURY PATTERN                               all zeros — AUROC undefined
2026-04-11 21:07:45,806 - INFO -   CONSIDER RIGHT VENTRICULAR INVOLVEMENT IN ACUTE INFERIOR INFARCT  all zeros — AUROC undefined
2026-04-11 21:07:45,806 - INFO -   ST ELEVATION HAS REPLACED ST DEPRESSION IN            all zeros — AUROC undefined
2026-04-11 21:07:45,806 - INFO -   NONSPECIFIC INTRAVENTRICULAR BLOCK                    all zeros — AUROC undefined
2026-04-11 21:07:45,806 - INFO -   MASKED BY FASCICULAR BLOCK                            all zeros — AUROC undefined
2026-04-11 21:07:45,806 - INFO -   PEDIATRIC ECG ANALYSIS                                all zeros — AUROC undefined
2026-04-11 21:07:45,806 - INFO -   BLOCKED                                               all zeros — AUROC undefined
2026-04-11 21:07:45,810 - INFO -   WITH UNDETERMINED RHYTHM IRREGULARITY                 all zeros — AUROC undefined
2026-04-11 21:07:45,810 - INFO -   LEFTWARD AXIS                                         all zeros — AUROC undefined
2026-04-11 21:07:45,810 - INFO -   WITH 2ND DEGREE SA BLOCK MOBITZ I                     all zeros — AUROC undefined
2026-04-11 21:07:45,810 - INFO -   ACUTE                                                 all zeros — AUROC undefined
2026-04-11 21:07:45,810 - INFO -   ABNORMAL LEFT AXIS DEVIATION                          all zeros — AUROC undefined
2026-04-11 21:07:45,810 - INFO -   NO P-WAVES FOUND                                      all zeros — AUROC undefined
2026-04-11 21:07:45,810 - INFO -   ST LESS ELEVATED IN                                   all zeros — AUROC undefined
2026-04-11 21:07:45,814 - INFO -   WITH RETROGRADE CONDUCTION                            all zeros — AUROC undefined
2026-04-11 21:07:45,814 - INFO -   ST MORE ELEVATED IN                                   all zeros — AUROC undefined
2026-04-11 21:07:45,814 - INFO -   JUNCTIONAL BRADYCARDIA                                all zeros — AUROC undefined
2026-04-11 21:07:45,814 - INFO -   ANTERIOR INJURY PATTERN                               all zeros — AUROC undefined
2026-04-11 21:07:45,814 - INFO -   ACUTE MI                                              all zeros — AUROC undefined
2026-04-11 21:07:45,814 - INFO -   POSTERIOR INFARCT                                     all zeros — AUROC undefined
2026-04-11 21:07:45,814 - INFO -   IDIOVENTRICULAR RHYTHM                                all zeros — AUROC undefined
2026-04-11 21:07:45,814 - INFO -   WITH 2ND DEGREE SA BLOCK MOBITZ II                    all zeros — AUROC undefined
2026-04-11 21:07:45,814 - INFO -   R IN AVL                                              all zeros — AUROC undefined
2026-04-11 21:07:45,814 - INFO -   SINUS/ATRIAL CAPTURE                                  all zeros — AUROC undefined
2026-04-11 21:07:45,814 - INFO -   AV DUAL-PACED COMPLEXES                               all zeros — AUROC undefined
2026-04-11 21:07:45,822 - INFO -   INFEROLATERAL INJURY PATTERN                          all zeros — AUROC undefined
2026-04-11 21:07:45,822 - INFO -   RBBB AND LEFT POSTERIOR FASCICULAR BLOCK              all zeros — AUROC undefined
2026-04-11 21:07:45,822 - INFO -   ANTEROLATERAL INJURY PATTERN                          all zeros — AUROC undefined
2026-04-11 21:07:45,822 - INFO -   ATRIAL-PACED COMPLEXES                                all zeros — AUROC undefined
2026-04-11 21:07:45,822 - INFO -   WITH SINUS PAUSE                                      all zeros — AUROC undefined
2026-04-11 21:07:45,822 - INFO -   BIVENTRICULAR HYPERTROPHY                             all zeros — AUROC undefined
2026-04-11 21:07:45,822 - INFO -   ABNORMAL RIGHT AXIS DEVIATION                         all zeros — AUROC undefined
2026-04-11 21:07:45,822 - INFO -   SUPRAVENTRICULAR COMPLEXES                            all zeros — AUROC undefined
2026-04-11 21:07:45,822 - INFO -   WITH 2ND DEGREE AV BLOCK MOBITZ I                     all zeros — AUROC undefined
2026-04-11 21:07:45,822 - INFO -   MULTIFOCAL ATRIAL TACHYCARDIA                         all zeros — AUROC undefined
2026-04-11 21:07:45,822 - INFO - 
[full_dataset] Valid labels : 39 / 150
2026-04-11 21:07:45,822 - INFO - [full_dataset] Macro AUROC  : 0.9195
2026-04-11 21:07:45,885 - INFO - [full_dataset] Plotting 39 valid ROC curves
2026-04-11 21:07:46,280 - INFO - [full_dataset] ROC curve plot saved: ./res/peft_adalora/full_dataset_roc_curves.png
2026-04-11 21:07:46,283 - INFO - [full_dataset] Plot Macro AUC=0.9192  Micro AUC=0.9716
2026-04-11 21:07:46,291 - INFO - [comparison] Shared valid labels: 39/150
2026-04-11 21:07:46,768 - INFO - [comparison] Plot saved: ./res/peft_adalora/comparison_zeroshot_vs_peft_full.png
2026-04-11 21:07:46,768 - INFO - 
All done.
