2026-04-11 19:10:17,728 - INFO - Using device : cuda:0
2026-04-11 19:10:17,728 - INFO - PEFT mode    : ia3
2026-04-11 19:10:17,729 - INFO - Number of classes: 150
2026-04-11 19:10:18,003 - INFO - Train : 6690 samples | 5748 patients
2026-04-11 19:10:18,003 - INFO - Val   : 766   samples | 639 patients
2026-04-11 19:10:18,003 - INFO - Test  : 1941  samples | 1597 patients
2026-04-11 19:10:18,035 - INFO - 
============================================================
2026-04-11 19:10:18,035 - INFO - Label stats [TRAIN]  --  6690 samples total
2026-04-11 19:10:18,036 - INFO -   Active labels : 37 / 150
2026-04-11 19:10:18,036 - INFO -   Avg labels/sample: 1.33
2026-04-11 19:10:18,036 - INFO -   Label                                              Count   Prevalence
2026-04-11 19:10:18,036 - INFO -   ----------------------------------------------------------------------
2026-04-11 19:10:18,037 - INFO -   NONSPECIFIC T WAVE ABNORMALITY                     1856     27.7%
2026-04-11 19:10:18,037 - INFO -   SINUS TACHYCARDIA                                  1545     23.1%
2026-04-11 19:10:18,037 - INFO -   NORMAL ECG                                         1280     19.1%
2026-04-11 19:10:18,037 - INFO -   SINUS BRADYCARDIA                                  676      10.1%
2026-04-11 19:10:18,038 - INFO -   RIGHT VENTRICULAR HYPERTROPHY                      473      7.1%
2026-04-11 19:10:18,038 - INFO -   otherwise normal ecg                               442      6.6%
2026-04-11 19:10:18,038 - INFO -   PROLONGED QT                                       302      4.5%
2026-04-11 19:10:18,038 - INFO -   LEFT VENTRICULAR HYPERTROPHY                       237      3.5%
2026-04-11 19:10:18,039 - INFO -   INCOMPLETE RIGHT BUNDLE BRANCH BLOCK               231      3.5%
2026-04-11 19:10:18,039 - INFO -   RIGHT AXIS DEVIATION                               230      3.4%
2026-04-11 19:10:18,039 - INFO -   LOW VOLTAGE QRS                                    209      3.1%
2026-04-11 19:10:18,039 - INFO -   LEFT ANTERIOR FASCICULAR BLOCK                     202      3.0%
2026-04-11 19:10:18,039 - INFO -   RIGHT BUNDLE BRANCH BLOCK                          189      2.8%
2026-04-11 19:10:18,040 - INFO -   EARLY REPOLARIZATION                               180      2.7%
2026-04-11 19:10:18,040 - INFO -   RIGHT ATRIAL ENLARGEMENT                           138      2.1%
2026-04-11 19:10:18,040 - INFO -   LEFT ATRIAL ENLARGEMENT                            134      2.0%
2026-04-11 19:10:18,040 - INFO -   WITH JUNCTIONAL ESCAPE COMPLEXES                   124      1.9%
2026-04-11 19:10:18,040 - INFO -   WITH 1ST DEGREE AV BLOCK                           77       1.2%
2026-04-11 19:10:18,041 - INFO -   VENTRICULAR TACHYCARDIA                            52       0.8%
2026-04-11 19:10:18,041 - INFO -   WITH VARIABLE AV BLOCK                             48       0.7%
2026-04-11 19:10:18,041 - INFO -   WITH AV DISSOCIATION                               43       0.6%
2026-04-11 19:10:18,041 - INFO -   LEFT AXIS DEVIATION                                41       0.6%
2026-04-11 19:10:18,041 - INFO -   WITH COMPLETE HEART BLOCK                          41       0.6%
2026-04-11 19:10:18,041 - INFO -   WITH 2:1 AV CONDUCTION                             25       0.4%
2026-04-11 19:10:18,041 - INFO -   SUPRAVENTRICULAR TACHYCARDIA                       22       0.3%
2026-04-11 19:10:18,042 - INFO -   FUSION COMPLEXES                                   20       0.3%
2026-04-11 19:10:18,042 - INFO -   WITH VENTRICULAR ESCAPE COMPLEXES                  20       0.3%
2026-04-11 19:10:18,042 - INFO -   ATRIAL FIBRILLATION                                18       0.3%
2026-04-11 19:10:18,042 - INFO -   LEFT POSTERIOR FASCICULAR BLOCK                    17       0.3%
2026-04-11 19:10:18,042 - INFO -   ATRIAL FLUTTER                                     16       0.2%
2026-04-11 19:10:18,043 - INFO -   ANTEROSEPTAL INFARCT                               10       0.1%
2026-04-11 19:10:18,043 - INFO -   LEFT BUNDLE BRANCH BLOCK                           9        0.1%
2026-04-11 19:10:18,043 - INFO -   INFERIOR INFARCT                                   6        0.1%
2026-04-11 19:10:18,043 - INFO -   PREMATURE VENTRICULAR COMPLEXES                    5        0.1%
2026-04-11 19:10:18,043 - INFO -   LATERAL INFARCT                                    3        0.0%
2026-04-11 19:10:18,044 - INFO -   ANTERIOR INFARCT                                   2        0.0%
2026-04-11 19:10:18,044 - INFO -   PULMONARY DISEASE PATTERN                          2        0.0%
2026-04-11 19:10:18,044 - INFO - ============================================================

2026-04-11 19:10:18,049 - INFO - 
============================================================
2026-04-11 19:10:18,049 - INFO - Label stats [VAL]  --  766 samples total
2026-04-11 19:10:18,050 - INFO -   Active labels : 30 / 150
2026-04-11 19:10:18,050 - INFO -   Avg labels/sample: 1.37
2026-04-11 19:10:18,050 - INFO -   Label                                              Count   Prevalence
2026-04-11 19:10:18,050 - INFO -   ----------------------------------------------------------------------
2026-04-11 19:10:18,051 - INFO -   NONSPECIFIC T WAVE ABNORMALITY                     189      24.7%
2026-04-11 19:10:18,051 - INFO -   SINUS TACHYCARDIA                                  187      24.4%
2026-04-11 19:10:18,051 - INFO -   NORMAL ECG                                         137      17.9%
2026-04-11 19:10:18,051 - INFO -   SINUS BRADYCARDIA                                  75       9.8%
2026-04-11 19:10:18,052 - INFO -   RIGHT VENTRICULAR HYPERTROPHY                      61       8.0%
2026-04-11 19:10:18,052 - INFO -   INCOMPLETE RIGHT BUNDLE BRANCH BLOCK               43       5.6%
2026-04-11 19:10:18,052 - INFO -   otherwise normal ecg                               42       5.5%
2026-04-11 19:10:18,052 - INFO -   PROLONGED QT                                       40       5.2%
2026-04-11 19:10:18,052 - INFO -   LEFT ANTERIOR FASCICULAR BLOCK                     35       4.6%
2026-04-11 19:10:18,052 - INFO -   RIGHT BUNDLE BRANCH BLOCK                          33       4.3%
2026-04-11 19:10:18,053 - INFO -   LEFT VENTRICULAR HYPERTROPHY                       28       3.7%
2026-04-11 19:10:18,053 - INFO -   EARLY REPOLARIZATION                               28       3.7%
2026-04-11 19:10:18,053 - INFO -   RIGHT AXIS DEVIATION                               24       3.1%
2026-04-11 19:10:18,053 - INFO -   RIGHT ATRIAL ENLARGEMENT                           20       2.6%
2026-04-11 19:10:18,053 - INFO -   LOW VOLTAGE QRS                                    18       2.3%
2026-04-11 19:10:18,053 - INFO -   WITH JUNCTIONAL ESCAPE COMPLEXES                   14       1.8%
2026-04-11 19:10:18,054 - INFO -   LEFT ATRIAL ENLARGEMENT                            11       1.4%
2026-04-11 19:10:18,054 - INFO -   WITH 1ST DEGREE AV BLOCK                           11       1.4%
2026-04-11 19:10:18,054 - INFO -   WITH AV DISSOCIATION                               10       1.3%
2026-04-11 19:10:18,055 - INFO -   LEFT AXIS DEVIATION                                8        1.0%
2026-04-11 19:10:18,055 - INFO -   SUPRAVENTRICULAR TACHYCARDIA                       8        1.0%
2026-04-11 19:10:18,055 - INFO -   VENTRICULAR TACHYCARDIA                            5        0.7%
2026-04-11 19:10:18,055 - INFO -   WITH VENTRICULAR ESCAPE COMPLEXES                  5        0.7%
2026-04-11 19:10:18,056 - INFO -   WITH COMPLETE HEART BLOCK                          5        0.7%
2026-04-11 19:10:18,057 - INFO -   LEFT BUNDLE BRANCH BLOCK                           4        0.5%
2026-04-11 19:10:18,057 - INFO -   WITH VARIABLE AV BLOCK                             3        0.4%
2026-04-11 19:10:18,057 - INFO -   ANTEROSEPTAL INFARCT                               2        0.3%
2026-04-11 19:10:18,057 - INFO -   ANTERIOR INFARCT                                   1        0.1%
2026-04-11 19:10:18,058 - INFO -   ATRIAL FLUTTER                                     1        0.1%
2026-04-11 19:10:18,058 - INFO -   WITH 2:1 AV CONDUCTION                             1        0.1%
2026-04-11 19:10:18,058 - INFO - ============================================================

2026-04-11 19:10:18,066 - INFO - 
============================================================
2026-04-11 19:10:18,067 - INFO - Label stats [TEST]  --  1941 samples total
2026-04-11 19:10:18,067 - INFO -   Active labels : 38 / 150
2026-04-11 19:10:18,067 - INFO -   Avg labels/sample: 1.38
2026-04-11 19:10:18,067 - INFO -   Label                                              Count   Prevalence
2026-04-11 19:10:18,067 - INFO -   ----------------------------------------------------------------------
2026-04-11 19:10:18,068 - INFO -   NONSPECIFIC T WAVE ABNORMALITY                     499      25.7%
2026-04-11 19:10:18,068 - INFO -   SINUS TACHYCARDIA                                  478      24.6%
2026-04-11 19:10:18,068 - INFO -   NORMAL ECG                                         342      17.6%
2026-04-11 19:10:18,068 - INFO -   SINUS BRADYCARDIA                                  184      9.5%
2026-04-11 19:10:18,068 - INFO -   RIGHT VENTRICULAR HYPERTROPHY                      159      8.2%
2026-04-11 19:10:18,069 - INFO -   otherwise normal ecg                               137      7.1%
2026-04-11 19:10:18,069 - INFO -   LEFT ANTERIOR FASCICULAR BLOCK                     86       4.4%
2026-04-11 19:10:18,069 - INFO -   PROLONGED QT                                       85       4.4%
2026-04-11 19:10:18,069 - INFO -   LEFT VENTRICULAR HYPERTROPHY                       83       4.3%
2026-04-11 19:10:18,069 - INFO -   RIGHT AXIS DEVIATION                               81       4.2%
2026-04-11 19:10:18,070 - INFO -   RIGHT BUNDLE BRANCH BLOCK                          68       3.5%
2026-04-11 19:10:18,070 - INFO -   INCOMPLETE RIGHT BUNDLE BRANCH BLOCK               62       3.2%
2026-04-11 19:10:18,070 - INFO -   LOW VOLTAGE QRS                                    50       2.6%
2026-04-11 19:10:18,070 - INFO -   WITH JUNCTIONAL ESCAPE COMPLEXES                   46       2.4%
2026-04-11 19:10:18,070 - INFO -   RIGHT ATRIAL ENLARGEMENT                           43       2.2%
2026-04-11 19:10:18,071 - INFO -   EARLY REPOLARIZATION                               41       2.1%
2026-04-11 19:10:18,071 - INFO -   LEFT ATRIAL ENLARGEMENT                            39       2.0%
2026-04-11 19:10:18,071 - INFO -   WITH 1ST DEGREE AV BLOCK                           35       1.8%
2026-04-11 19:10:18,071 - INFO -   VENTRICULAR TACHYCARDIA                            24       1.2%
2026-04-11 19:10:18,071 - INFO -   WITH COMPLETE HEART BLOCK                          21       1.1%
2026-04-11 19:10:18,072 - INFO -   WITH AV DISSOCIATION                               17       0.9%
2026-04-11 19:10:18,073 - INFO -   WITH VARIABLE AV BLOCK                             16       0.8%
2026-04-11 19:10:18,073 - INFO -   SUPRAVENTRICULAR TACHYCARDIA                       15       0.8%
2026-04-11 19:10:18,073 - INFO -   ATRIAL FLUTTER                                     14       0.7%
2026-04-11 19:10:18,073 - INFO -   WITH 2:1 AV CONDUCTION                             14       0.7%
2026-04-11 19:10:18,073 - INFO -   ATRIAL FIBRILLATION                                7        0.4%
2026-04-11 19:10:18,074 - INFO -   FUSION COMPLEXES                                   7        0.4%
2026-04-11 19:10:18,074 - INFO -   WITH VENTRICULAR ESCAPE COMPLEXES                  7        0.4%
2026-04-11 19:10:18,074 - INFO -   LEFT AXIS DEVIATION                                5        0.3%
2026-04-11 19:10:18,075 - INFO -   LEFT BUNDLE BRANCH BLOCK                           5        0.3%
2026-04-11 19:10:18,075 - INFO -   ANTERIOR INFARCT                                   2        0.1%
2026-04-11 19:10:18,075 - INFO -   ANTEROSEPTAL INFARCT                               2        0.1%
2026-04-11 19:10:18,075 - INFO -   INFERIOR INFARCT                                   2        0.1%
2026-04-11 19:10:18,076 - INFO -   LEFT POSTERIOR FASCICULAR BLOCK                    2        0.1%
2026-04-11 19:10:18,076 - INFO -   PREMATURE VENTRICULAR COMPLEXES                    1        0.1%
2026-04-11 19:10:18,076 - INFO -   PREMATURE ATRIAL COMPLEXES                         1        0.1%
2026-04-11 19:10:18,076 - INFO -   PULMONARY DISEASE PATTERN                          1        0.1%
2026-04-11 19:10:18,077 - INFO -   ACUTE PERICARDITIS                                 1        0.1%
2026-04-11 19:10:18,077 - INFO - ============================================================

2026-04-11 19:10:18,080 - INFO - Train batches: 210 | Val batches:   24   | Test batches:  61
2026-04-11 19:10:18,669 - INFO - Pretrained weights loaded | missing: 0 | unexpected: 0
2026-04-11 19:10:18,687 - INFO - IA³ injected | targets: {'se_fc1', 'se_fc2'}
2026-04-11 19:10:18,688 - INFO - Head unfrozen: dense
2026-04-11 19:10:18,689 - INFO - 
============================================================
2026-04-11 19:10:18,690 - INFO - PEFT mode       : ia3
2026-04-11 19:10:18,690 - INFO - Total params    : 21,359,814
2026-04-11 19:10:18,690 - INFO - Trainable params: 170,790  (0.80%)
2026-04-11 19:10:18,690 - INFO - Frozen params   : 21,189,024  (99.20%)
2026-04-11 19:10:18,690 - INFO - ============================================================

2026-04-11 19:10:19,644 - INFO - Learning rate   : 0.0005
2026-04-11 19:10:19,644 - INFO - Early stopping  : patience=10, min_delta=0.0001
2026-04-11 19:10:19,645 - INFO - 
============================================================
2026-04-11 19:10:19,645 - INFO - Epoch 1/50
2026-04-11 19:11:50,343 - INFO - Train Loss: 0.0341
2026-04-11 19:11:59,333 - INFO - Val Loss: 0.0259 | Val Macro AUROC: 0.8093 | Valid labels: 30/150
2026-04-11 19:11:59,515 - INFO - [SAVED] Best checkpoint: child_ecg_peft_ia3_epoch1_auroc0.8093.pth
2026-04-11 19:11:59,516 - INFO - 
============================================================
2026-04-11 19:11:59,516 - INFO - Epoch 2/50
2026-04-11 19:13:23,304 - INFO - Train Loss: 0.0225
2026-04-11 19:13:32,820 - INFO - Val Loss: 0.0234 | Val Macro AUROC: 0.8594 | Valid labels: 30/150
2026-04-11 19:13:32,833 - INFO - [DELETED] Old checkpoint: child_ecg_peft_ia3_epoch1_auroc0.8093.pth
2026-04-11 19:13:32,992 - INFO - [SAVED] Best checkpoint: child_ecg_peft_ia3_epoch2_auroc0.8594.pth
2026-04-11 19:13:32,992 - INFO - 
============================================================
2026-04-11 19:13:32,993 - INFO - Epoch 3/50
2026-04-11 19:15:01,659 - INFO - Train Loss: 0.0209
2026-04-11 19:15:10,646 - INFO - Val Loss: 0.0226 | Val Macro AUROC: 0.8749 | Valid labels: 30/150
2026-04-11 19:15:10,659 - INFO - [DELETED] Old checkpoint: child_ecg_peft_ia3_epoch2_auroc0.8594.pth
2026-04-11 19:15:10,839 - INFO - [SAVED] Best checkpoint: child_ecg_peft_ia3_epoch3_auroc0.8749.pth
2026-04-11 19:15:10,839 - INFO - 
============================================================
2026-04-11 19:15:10,839 - INFO - Epoch 4/50
2026-04-11 19:16:36,733 - INFO - Train Loss: 0.0200
2026-04-11 19:16:46,125 - INFO - Val Loss: 0.0219 | Val Macro AUROC: 0.8825 | Valid labels: 30/150
2026-04-11 19:16:46,135 - INFO - [DELETED] Old checkpoint: child_ecg_peft_ia3_epoch3_auroc0.8749.pth
2026-04-11 19:16:46,308 - INFO - [SAVED] Best checkpoint: child_ecg_peft_ia3_epoch4_auroc0.8825.pth
2026-04-11 19:16:46,309 - INFO - 
============================================================
2026-04-11 19:16:46,309 - INFO - Epoch 5/50
2026-04-11 19:18:15,251 - INFO - Train Loss: 0.0195
2026-04-11 19:18:24,603 - INFO - Val Loss: 0.0215 | Val Macro AUROC: 0.8888 | Valid labels: 30/150
2026-04-11 19:18:24,614 - INFO - [DELETED] Old checkpoint: child_ecg_peft_ia3_epoch4_auroc0.8825.pth
2026-04-11 19:18:24,792 - INFO - [SAVED] Best checkpoint: child_ecg_peft_ia3_epoch5_auroc0.8888.pth
2026-04-11 19:18:24,792 - INFO - 
============================================================
2026-04-11 19:18:24,792 - INFO - Epoch 6/50
2026-04-11 19:19:53,174 - INFO - Train Loss: 0.0189
2026-04-11 19:20:02,598 - INFO - Val Loss: 0.0214 | Val Macro AUROC: 0.8940 | Valid labels: 30/150
2026-04-11 19:20:02,607 - INFO - [DELETED] Old checkpoint: child_ecg_peft_ia3_epoch5_auroc0.8888.pth
2026-04-11 19:20:02,786 - INFO - [SAVED] Best checkpoint: child_ecg_peft_ia3_epoch6_auroc0.8940.pth
2026-04-11 19:20:02,787 - INFO - 
============================================================
2026-04-11 19:20:02,787 - INFO - Epoch 7/50
2026-04-11 19:21:31,167 - INFO - Train Loss: 0.0186
2026-04-11 19:21:40,484 - INFO - Val Loss: 0.0211 | Val Macro AUROC: 0.8945 | Valid labels: 30/150
2026-04-11 19:21:40,495 - INFO - [DELETED] Old checkpoint: child_ecg_peft_ia3_epoch6_auroc0.8940.pth
2026-04-11 19:21:40,688 - INFO - [SAVED] Best checkpoint: child_ecg_peft_ia3_epoch7_auroc0.8945.pth
2026-04-11 19:21:40,690 - INFO - 
============================================================
2026-04-11 19:21:40,690 - INFO - Epoch 8/50
2026-04-11 19:23:09,666 - INFO - Train Loss: 0.0183
2026-04-11 19:23:19,344 - INFO - Val Loss: 0.0210 | Val Macro AUROC: 0.8977 | Valid labels: 30/150
2026-04-11 19:23:19,355 - INFO - [DELETED] Old checkpoint: child_ecg_peft_ia3_epoch7_auroc0.8945.pth
2026-04-11 19:23:19,537 - INFO - [SAVED] Best checkpoint: child_ecg_peft_ia3_epoch8_auroc0.8977.pth
2026-04-11 19:23:19,537 - INFO - 
============================================================
2026-04-11 19:23:19,537 - INFO - Epoch 9/50
2026-04-11 19:24:48,222 - INFO - Train Loss: 0.0180
2026-04-11 19:24:57,745 - INFO - Val Loss: 0.0210 | Val Macro AUROC: 0.8974 | Valid labels: 30/150
2026-04-11 19:24:57,746 - INFO - EarlyStopping: no improvement for 1/10 epoch(s) (best=0.8977, current=0.8974, delta=-0.0004)
2026-04-11 19:24:57,747 - INFO - 
============================================================
2026-04-11 19:24:57,747 - INFO - Epoch 10/50
2026-04-11 19:26:27,456 - INFO - Train Loss: 0.0178
2026-04-11 19:26:36,878 - INFO - Val Loss: 0.0208 | Val Macro AUROC: 0.8970 | Valid labels: 30/150
2026-04-11 19:26:36,878 - INFO - EarlyStopping: no improvement for 2/10 epoch(s) (best=0.8977, current=0.8970, delta=-0.0008)
2026-04-11 19:26:36,879 - INFO - 
============================================================
2026-04-11 19:26:36,879 - INFO - Epoch 11/50
2026-04-11 19:28:07,304 - INFO - Train Loss: 0.0176
2026-04-11 19:28:16,934 - INFO - Val Loss: 0.0207 | Val Macro AUROC: 0.8991 | Valid labels: 30/150
2026-04-11 19:28:16,946 - INFO - [DELETED] Old checkpoint: child_ecg_peft_ia3_epoch8_auroc0.8977.pth
2026-04-11 19:28:17,131 - INFO - [SAVED] Best checkpoint: child_ecg_peft_ia3_epoch11_auroc0.8991.pth
2026-04-11 19:28:17,132 - INFO - 
============================================================
2026-04-11 19:28:17,132 - INFO - Epoch 12/50
2026-04-11 19:29:50,845 - INFO - Train Loss: 0.0175
2026-04-11 19:30:00,296 - INFO - Val Loss: 0.0209 | Val Macro AUROC: 0.8979 | Valid labels: 30/150
2026-04-11 19:30:00,297 - INFO - EarlyStopping: no improvement for 1/10 epoch(s) (best=0.8991, current=0.8979, delta=-0.0012)
2026-04-11 19:30:00,297 - INFO - 
============================================================
2026-04-11 19:30:00,297 - INFO - Epoch 13/50
2026-04-11 19:31:31,818 - INFO - Train Loss: 0.0173
2026-04-11 19:31:41,713 - INFO - Val Loss: 0.0206 | Val Macro AUROC: 0.8985 | Valid labels: 30/150
2026-04-11 19:31:41,713 - INFO - EarlyStopping: no improvement for 2/10 epoch(s) (best=0.8991, current=0.8985, delta=-0.0006)
2026-04-11 19:31:41,713 - INFO - 
============================================================
2026-04-11 19:31:41,714 - INFO - Epoch 14/50
2026-04-11 19:33:14,299 - INFO - Train Loss: 0.0170
2026-04-11 19:33:24,420 - INFO - Val Loss: 0.0205 | Val Macro AUROC: 0.8952 | Valid labels: 30/150
2026-04-11 19:33:24,420 - INFO - EarlyStopping: no improvement for 3/10 epoch(s) (best=0.8991, current=0.8952, delta=-0.0039)
2026-04-11 19:33:24,421 - INFO - 
============================================================
2026-04-11 19:33:24,421 - INFO - Epoch 15/50
2026-04-11 19:34:58,164 - INFO - Train Loss: 0.0169
2026-04-11 19:35:08,422 - INFO - Val Loss: 0.0207 | Val Macro AUROC: 0.8990 | Valid labels: 30/150
2026-04-11 19:35:08,423 - INFO - LR reduced: 0.000500 -> 0.000050
2026-04-11 19:35:08,423 - INFO - EarlyStopping: no improvement for 4/10 epoch(s) (best=0.8991, current=0.8990, delta=-0.0002)
2026-04-11 19:35:08,423 - INFO - 
============================================================
2026-04-11 19:35:08,424 - INFO - Epoch 16/50
2026-04-11 19:37:01,413 - INFO - Train Loss: 0.0165
2026-04-11 19:37:12,517 - INFO - Val Loss: 0.0204 | Val Macro AUROC: 0.8981 | Valid labels: 30/150
2026-04-11 19:37:12,518 - INFO - EarlyStopping: no improvement for 5/10 epoch(s) (best=0.8991, current=0.8981, delta=-0.0010)
2026-04-11 19:37:12,518 - INFO - 
============================================================
2026-04-11 19:37:12,520 - INFO - Epoch 17/50
2026-04-11 19:39:08,636 - INFO - Train Loss: 0.0164
2026-04-11 19:39:19,698 - INFO - Val Loss: 0.0204 | Val Macro AUROC: 0.8974 | Valid labels: 30/150
2026-04-11 19:39:19,698 - INFO - EarlyStopping: no improvement for 6/10 epoch(s) (best=0.8991, current=0.8974, delta=-0.0018)
2026-04-11 19:39:19,698 - INFO - 
============================================================
2026-04-11 19:39:19,699 - INFO - Epoch 18/50
2026-04-11 19:41:13,537 - INFO - Train Loss: 0.0163
2026-04-11 19:41:24,714 - INFO - Val Loss: 0.0204 | Val Macro AUROC: 0.8974 | Valid labels: 30/150
2026-04-11 19:41:24,715 - INFO - EarlyStopping: no improvement for 7/10 epoch(s) (best=0.8991, current=0.8974, delta=-0.0018)
2026-04-11 19:41:24,715 - INFO - 
============================================================
2026-04-11 19:41:24,716 - INFO - Epoch 19/50
2026-04-11 19:43:19,356 - INFO - Train Loss: 0.0164
2026-04-11 19:43:30,208 - INFO - Val Loss: 0.0204 | Val Macro AUROC: 0.8968 | Valid labels: 30/150
2026-04-11 19:43:30,208 - INFO - LR reduced: 0.000050 -> 0.000005
2026-04-11 19:43:30,208 - INFO - LR floor reached (< 1.00e-05) — stopping.
2026-04-11 19:43:30,209 - INFO - 
Training complete | Best Val Macro AUROC: 0.8991 | Stopped at epoch: 19/50
2026-04-11 19:43:30,209 - INFO - 
Reloading best checkpoint: child_ecg_peft_ia3_epoch11_auroc0.8991.pth
2026-04-11 19:43:30,413 - INFO - Loaded epoch 11 (val AUROC=0.8991)
2026-04-11 19:43:30,413 - INFO - 
Running final test evaluation...
2026-04-11 19:43:58,897 - INFO - 
Computing full evaluation for: test
2026-04-11 19:44:50,948 - INFO - 
======================================================================
2026-04-11 19:44:50,948 - INFO - [test] PER-CLASS AUROC  (38 valid / 150 total)
2026-04-11 19:44:50,949 - INFO - ======================================================================
2026-04-11 19:44:50,949 - INFO -   Label                                                 n_pos   AUROC  95% CI
2026-04-11 19:44:50,950 - INFO -   --------------------------------------------------------------------
2026-04-11 19:44:50,950 - INFO -   VENTRICULAR TACHYCARDIA                                  24   0.995  (0.991, 0.998)
2026-04-11 19:44:50,951 - INFO -   RIGHT BUNDLE BRANCH BLOCK                                68   0.981  (0.972, 0.989)
2026-04-11 19:44:50,951 - INFO -   SINUS BRADYCARDIA                                       184   0.976  (0.963, 0.984)
2026-04-11 19:44:50,952 - INFO -   LEFT ANTERIOR FASCICULAR BLOCK                           86   0.974  (0.962, 0.985)
2026-04-11 19:44:50,952 - INFO -   SUPRAVENTRICULAR TACHYCARDIA                             15   0.965  (0.944, 0.985)
2026-04-11 19:44:50,953 - INFO -   ACUTE PERICARDITIS                                        1   0.957  (0.949, 0.964)
2026-04-11 19:44:50,953 - INFO -   ATRIAL FLUTTER                                           14   0.954  (0.930, 0.974)
2026-04-11 19:44:50,954 - INFO -   LEFT POSTERIOR FASCICULAR BLOCK                           2   0.949  (0.925, 0.973)
2026-04-11 19:44:50,954 - INFO -   RIGHT VENTRICULAR HYPERTROPHY                           159   0.943  (0.927, 0.958)
2026-04-11 19:44:50,954 - INFO -   RIGHT AXIS DEVIATION                                     81   0.943  (0.928, 0.959)
2026-04-11 19:44:50,955 - INFO -   LEFT BUNDLE BRANCH BLOCK                                  5   0.930  (0.825, 0.998)
2026-04-11 19:44:50,955 - INFO -   INCOMPLETE RIGHT BUNDLE BRANCH BLOCK                     62   0.924  (0.895, 0.951)
2026-04-11 19:44:50,956 - INFO -   SINUS TACHYCARDIA                                       478   0.923  (0.913, 0.934)
2026-04-11 19:44:50,956 - INFO -   LEFT AXIS DEVIATION                                       5   0.918  (0.820, 0.965)
2026-04-11 19:44:50,956 - INFO -   RIGHT ATRIAL ENLARGEMENT                                 43   0.914  (0.886, 0.937)
2026-04-11 19:44:50,956 - INFO -   EARLY REPOLARIZATION                                     41   0.913  (0.879, 0.945)
2026-04-11 19:44:50,957 - INFO -   LEFT ATRIAL ENLARGEMENT                                  39   0.900  (0.860, 0.941)
2026-04-11 19:44:50,957 - INFO -   LEFT VENTRICULAR HYPERTROPHY                             83   0.889  (0.862, 0.923)
2026-04-11 19:44:50,957 - INFO -   WITH VARIABLE AV BLOCK                                   16   0.870  (0.811, 0.911)
2026-04-11 19:44:50,957 - INFO -   WITH VENTRICULAR ESCAPE COMPLEXES                         7   0.859  (0.606, 0.982)
2026-04-11 19:44:50,958 - INFO -   NORMAL ECG                                              342   0.855  (0.833, 0.874)
2026-04-11 19:44:50,958 - INFO -   WITH AV DISSOCIATION                                     17   0.841  (0.753, 0.919)
2026-04-11 19:44:50,958 - INFO -   WITH 1ST DEGREE AV BLOCK                                 35   0.832  (0.746, 0.898)
2026-04-11 19:44:50,959 - INFO -   WITH COMPLETE HEART BLOCK                                21   0.832  (0.765, 0.897)
2026-04-11 19:44:50,959 - INFO -   WITH JUNCTIONAL ESCAPE COMPLEXES                         46   0.829  (0.799, 0.862)
2026-04-11 19:44:50,960 - INFO -   LOW VOLTAGE QRS                                          50   0.821  (0.759, 0.874)
2026-04-11 19:44:50,960 - INFO -   PREMATURE ATRIAL COMPLEXES                                1   0.820  (0.803, 0.839)
2026-04-11 19:44:50,960 - INFO -   WITH 2:1 AV CONDUCTION                                   14   0.803  (0.641, 0.935)
2026-04-11 19:44:50,961 - INFO -   PROLONGED QT                                             85   0.766  (0.715, 0.807)
2026-04-11 19:44:50,961 - INFO -   ANTEROSEPTAL INFARCT                                      2   0.763  (0.720, 0.814)
2026-04-11 19:44:50,961 - INFO -   NONSPECIFIC T WAVE ABNORMALITY                          499   0.762  (0.741, 0.784)
2026-04-11 19:44:50,962 - INFO -   FUSION COMPLEXES                                          7   0.715  (0.475, 0.901)
2026-04-11 19:44:50,962 - INFO -   otherwise normal ecg                                    137   0.702  (0.660, 0.738)
2026-04-11 19:44:50,962 - INFO -   PREMATURE VENTRICULAR COMPLEXES                           1   0.589  (0.569, 0.610)
2026-04-11 19:44:50,963 - INFO -   ANTERIOR INFARCT                                          2   0.520  (0.070, 0.969)
2026-04-11 19:44:50,963 - INFO -   ATRIAL FIBRILLATION                                       7   0.456  (0.209, 0.710)
2026-04-11 19:44:50,963 - INFO -   INFERIOR INFARCT                                          2   0.360  (0.341, 0.380)
2026-04-11 19:44:50,964 - INFO -   PULMONARY DISEASE PATTERN                                 1   0.199  (0.183, 0.218)
2026-04-11 19:44:50,964 - INFO - 
[test] SKIPPED (112) — all-zero labels
2026-04-11 19:44:50,965 - INFO -   ABNORMAL ECG                                          all zeros — AUROC undefined
2026-04-11 19:44:50,966 - INFO -   NORMAL SINUS RHYTHM                                   all zeros — AUROC undefined
2026-04-11 19:44:50,966 - INFO -   SINUS RHYTHM                                          all zeros — AUROC undefined
2026-04-11 19:44:50,966 - INFO -   BORDERLINE ECG                                        all zeros — AUROC undefined
2026-04-11 19:44:50,967 - INFO -   SEPTAL INFARCT                                        all zeros — AUROC undefined
2026-04-11 19:44:50,967 - INFO -   PREMATURE SUPRAVENTRICULAR COMPLEXES                  all zeros — AUROC undefined
2026-04-11 19:44:50,968 - INFO -   NONSPECIFIC T WAVE ABNORMALITY NOW EVIDENT IN         all zeros — AUROC undefined
2026-04-11 19:44:50,968 - INFO -   NONSPECIFIC T WAVE ABNORMALITY NO LONGER EVIDENT IN   all zeros — AUROC undefined
2026-04-11 19:44:50,969 - INFO -   T WAVE INVERSION NOW EVIDENT IN                       all zeros — AUROC undefined
2026-04-11 19:44:50,970 - INFO -   LATERAL INFARCT                                       all zeros — AUROC undefined
2026-04-11 19:44:50,970 - INFO -   NONSPECIFIC ST ABNORMALITY                            all zeros — AUROC undefined
2026-04-11 19:44:50,970 - INFO -   T WAVE INVERSION NO LONGER EVIDENT IN                 all zeros — AUROC undefined
2026-04-11 19:44:50,971 - INFO -   WITH RAPID VENTRICULAR RESPONSE                       all zeros — AUROC undefined
2026-04-11 19:44:50,971 - INFO -   QT HAS SHORTENED                                      all zeros — AUROC undefined
2026-04-11 19:44:50,972 - INFO -   QT HAS LENGTHENED                                     all zeros — AUROC undefined
2026-04-11 19:44:50,972 - INFO -   MARKED SINUS BRADYCARDIA                              all zeros — AUROC undefined
2026-04-11 19:44:50,972 - INFO -   WITH SINUS ARRHYTHMIA                                 all zeros — AUROC undefined
2026-04-11 19:44:50,973 - INFO -   NONSPECIFIC ST AND T WAVE ABNORMALITY                 all zeros — AUROC undefined
2026-04-11 19:44:50,973 - INFO -   ECTOPIC ATRIAL RHYTHM                                 all zeros — AUROC undefined
2026-04-11 19:44:50,974 - INFO -   UNDETERMINED RHYTHM                                   all zeros — AUROC undefined
2026-04-11 19:44:50,974 - INFO -   RIGHTWARD AXIS                                        all zeros — AUROC undefined
2026-04-11 19:44:50,974 - INFO -   ST NOW DEPRESSED IN                                   all zeros — AUROC undefined
2026-04-11 19:44:50,975 - INFO -   WITH SHORT PR                                         all zeros — AUROC undefined
2026-04-11 19:44:50,975 - INFO -   WITH MARKED SINUS ARRHYTHMIA                          all zeros — AUROC undefined
2026-04-11 19:44:50,975 - INFO -   ST NO LONGER DEPRESSED IN                             all zeros — AUROC undefined
2026-04-11 19:44:50,976 - INFO -   INVERTED T WAVES HAVE REPLACED NONSPECIFIC T WAVE ABNORMALITY IN  all zeros — AUROC undefined
2026-04-11 19:44:50,976 - INFO -   NON-SPECIFIC CHANGE IN ST SEGMENT IN                  all zeros — AUROC undefined
2026-04-11 19:44:50,976 - INFO -   NONSPECIFIC T WAVE ABNORMALITY HAS REPLACED INVERTED T WAVES IN  all zeros — AUROC undefined
2026-04-11 19:44:50,977 - INFO -   JUNCTIONAL RHYTHM                                     all zeros — AUROC undefined
2026-04-11 19:44:50,977 - INFO -   ELECTRONIC ATRIAL PACEMAKER                           all zeros — AUROC undefined
2026-04-11 19:44:50,977 - INFO -   ABERRANT CONDUCTION                                   all zeros — AUROC undefined
2026-04-11 19:44:50,978 - INFO -   ELECTRONIC VENTRICULAR PACEMAKER                      all zeros — AUROC undefined
2026-04-11 19:44:50,978 - INFO -   T WAVE INVERSION LESS EVIDENT IN                      all zeros — AUROC undefined
2026-04-11 19:44:50,978 - INFO -   ANTEROLATERAL INFARCT                                 all zeros — AUROC undefined
2026-04-11 19:44:50,978 - INFO -   WITH REPOLARIZATION ABNORMALITY                       all zeros — AUROC undefined
2026-04-11 19:44:50,979 - INFO -   RSR' OR QR PATTERN IN V1 SUGGESTS RIGHT VENTRICULAR CONDUCTION DELAY  all zeros — AUROC undefined
2026-04-11 19:44:50,979 - INFO -   T WAVE INVERSION MORE EVIDENT IN                      all zeros — AUROC undefined
2026-04-11 19:44:50,980 - INFO -   WIDE QRS RHYTHM                                       all zeros — AUROC undefined
2026-04-11 19:44:50,980 - INFO -   WITH PREMATURE VENTRICULAR OR ABERRANTLY CONDUCTED COMPLEXES  all zeros — AUROC undefined
2026-04-11 19:44:50,981 - INFO -   INCOMPLETE LEFT BUNDLE BRANCH BLOCK                   all zeros — AUROC undefined
2026-04-11 19:44:50,981 - INFO -   VOLTAGE CRITERIA FOR LEFT VENTRICULAR HYPERTROPHY     all zeros — AUROC undefined
2026-04-11 19:44:50,981 - INFO -   OR DIGITALIS EFFECT                                   all zeros — AUROC undefined
2026-04-11 19:44:50,982 - INFO -   BIFASCICULAR BLOCK                                    all zeros — AUROC undefined
2026-04-11 19:44:50,982 - INFO -   ST NO LONGER ELEVATED IN                              all zeros — AUROC undefined
2026-04-11 19:44:50,983 - INFO -   WITH SLOW VENTRICULAR RESPONSE                        all zeros — AUROC undefined
2026-04-11 19:44:50,983 - INFO -   ST ELEVATION NOW PRESENT IN                           all zeros — AUROC undefined
2026-04-11 19:44:50,984 - INFO -   PREMATURE ECTOPIC COMPLEXES                           all zeros — AUROC undefined
2026-04-11 19:44:50,984 - INFO -   T WAVE AMPLITUDE HAS DECREASED IN                     all zeros — AUROC undefined
2026-04-11 19:44:50,984 - INFO -   WITH A COMPETING JUNCTIONAL PACEMAKER                 all zeros — AUROC undefined
2026-04-11 19:44:50,985 - INFO -   RIGHT SUPERIOR AXIS DEVIATION                         all zeros — AUROC undefined
2026-04-11 19:44:50,985 - INFO -   BIATRIAL ENLARGEMENT                                  all zeros — AUROC undefined
2026-04-11 19:44:50,986 - INFO -   VENTRICULAR-PACED RHYTHM                              all zeros — AUROC undefined
2026-04-11 19:44:50,986 - INFO -   ATRIAL-PACED RHYTHM                                   all zeros — AUROC undefined
2026-04-11 19:44:50,986 - INFO -   T WAVE AMPLITUDE HAS INCREASED IN                     all zeros — AUROC undefined
2026-04-11 19:44:50,986 - INFO -   WITH QRS WIDENING                                     all zeros — AUROC undefined
2026-04-11 19:44:50,987 - INFO -   WITH PROLONGED AV CONDUCTION                          all zeros — AUROC undefined
2026-04-11 19:44:50,987 - INFO -   WITH QRS WIDENING AND REPOLARIZATION ABNORMALITY      all zeros — AUROC undefined
2026-04-11 19:44:50,987 - INFO -   ATRIAL-SENSED VENTRICULAR-PACED RHYTHM                all zeros — AUROC undefined
2026-04-11 19:44:50,987 - INFO -   AV SEQUENTIAL OR DUAL CHAMBER ELECTRONIC PACEMAKER    all zeros — AUROC undefined
2026-04-11 19:44:50,988 - INFO -   ACUTE MI / STEMI                                      all zeros — AUROC undefined
2026-04-11 19:44:50,988 - INFO -   INFERIOR-POSTERIOR INFARCT                            all zeros — AUROC undefined
2026-04-11 19:44:50,988 - INFO -   NONSPECIFIC INTRAVENTRICULAR CONDUCTION DELAY         all zeros — AUROC undefined
2026-04-11 19:44:50,988 - INFO -   PREMATURE VENTRICULAR AND FUSION COMPLEXES            all zeros — AUROC undefined
2026-04-11 19:44:50,989 - INFO -   IN A PATTERN OF BIGEMINY                              all zeros — AUROC undefined
2026-04-11 19:44:50,989 - INFO -   AV DUAL-PACED RHYTHM                                  all zeros — AUROC undefined
2026-04-11 19:44:50,989 - INFO -   VENTRICULAR-PACED COMPLEXES                           all zeros — AUROC undefined
2026-04-11 19:44:50,990 - INFO -   WIDE QRS TACHYCARDIA                                  all zeros — AUROC undefined
2026-04-11 19:44:50,990 - INFO -   RSR' PATTERN IN V1                                    all zeros — AUROC undefined
2026-04-11 19:44:50,990 - INFO -   ST LESS DEPRESSED IN                                  all zeros — AUROC undefined
2026-04-11 19:44:50,990 - INFO -   ST MORE DEPRESSED IN                                  all zeros — AUROC undefined
2026-04-11 19:44:50,991 - INFO -   ANTEROLATERAL LEADS                                   all zeros — AUROC undefined
2026-04-11 19:44:50,991 - INFO -   ELECTRONIC DEMAND PACING                              all zeros — AUROC undefined
2026-04-11 19:44:50,991 - INFO -   RBBB AND LEFT ANTERIOR FASCICULAR BLOCK               all zeros — AUROC undefined
2026-04-11 19:44:50,991 - INFO -   LATERAL INJURY PATTERN                                all zeros — AUROC undefined
2026-04-11 19:44:50,991 - INFO -   BIVENTRICULAR PACEMAKER DETECTED                      all zeros — AUROC undefined
2026-04-11 19:44:50,992 - INFO -   SUSPECT UNSPECIFIED PACEMAKER FAILURE                 all zeros — AUROC undefined
2026-04-11 19:44:50,992 - INFO -   WOLFF-PARKINSON-WHITE                                 all zeros — AUROC undefined
2026-04-11 19:44:50,992 - INFO -   INFERIOR INJURY PATTERN                               all zeros — AUROC undefined
2026-04-11 19:44:50,992 - INFO -   CONSIDER RIGHT VENTRICULAR INVOLVEMENT IN ACUTE INFERIOR INFARCT  all zeros — AUROC undefined
2026-04-11 19:44:50,992 - INFO -   ST ELEVATION HAS REPLACED ST DEPRESSION IN            all zeros — AUROC undefined
2026-04-11 19:44:50,993 - INFO -   NONSPECIFIC INTRAVENTRICULAR BLOCK                    all zeros — AUROC undefined
2026-04-11 19:44:50,993 - INFO -   MASKED BY FASCICULAR BLOCK                            all zeros — AUROC undefined
2026-04-11 19:44:50,993 - INFO -   PEDIATRIC ECG ANALYSIS                                all zeros — AUROC undefined
2026-04-11 19:44:50,993 - INFO -   BLOCKED                                               all zeros — AUROC undefined
2026-04-11 19:44:50,994 - INFO -   WITH UNDETERMINED RHYTHM IRREGULARITY                 all zeros — AUROC undefined
2026-04-11 19:44:50,994 - INFO -   LEFTWARD AXIS                                         all zeros — AUROC undefined
2026-04-11 19:44:50,995 - INFO -   WITH 2ND DEGREE SA BLOCK MOBITZ I                     all zeros — AUROC undefined
2026-04-11 19:44:50,995 - INFO -   ACUTE                                                 all zeros — AUROC undefined
2026-04-11 19:44:50,995 - INFO -   ABNORMAL LEFT AXIS DEVIATION                          all zeros — AUROC undefined
2026-04-11 19:44:50,995 - INFO -   NO P-WAVES FOUND                                      all zeros — AUROC undefined
2026-04-11 19:44:50,996 - INFO -   ST LESS ELEVATED IN                                   all zeros — AUROC undefined
2026-04-11 19:44:50,996 - INFO -   WITH RETROGRADE CONDUCTION                            all zeros — AUROC undefined
2026-04-11 19:44:50,996 - INFO -   ST MORE ELEVATED IN                                   all zeros — AUROC undefined
2026-04-11 19:44:50,996 - INFO -   JUNCTIONAL BRADYCARDIA                                all zeros — AUROC undefined
2026-04-11 19:44:50,996 - INFO -   ANTERIOR INJURY PATTERN                               all zeros — AUROC undefined
2026-04-11 19:44:50,997 - INFO -   ACUTE MI                                              all zeros — AUROC undefined
2026-04-11 19:44:50,997 - INFO -   POSTERIOR INFARCT                                     all zeros — AUROC undefined
2026-04-11 19:44:50,997 - INFO -   IDIOVENTRICULAR RHYTHM                                all zeros — AUROC undefined
2026-04-11 19:44:50,998 - INFO -   WITH 2ND DEGREE SA BLOCK MOBITZ II                    all zeros — AUROC undefined
2026-04-11 19:44:50,998 - INFO -   R IN AVL                                              all zeros — AUROC undefined
2026-04-11 19:44:50,998 - INFO -   SINUS/ATRIAL CAPTURE                                  all zeros — AUROC undefined
2026-04-11 19:44:50,999 - INFO -   AV DUAL-PACED COMPLEXES                               all zeros — AUROC undefined
2026-04-11 19:44:50,999 - INFO -   INFEROLATERAL INJURY PATTERN                          all zeros — AUROC undefined
2026-04-11 19:44:50,999 - INFO -   RBBB AND LEFT POSTERIOR FASCICULAR BLOCK              all zeros — AUROC undefined
2026-04-11 19:44:50,999 - INFO -   ANTEROLATERAL INJURY PATTERN                          all zeros — AUROC undefined
2026-04-11 19:44:51,000 - INFO -   ATRIAL-PACED COMPLEXES                                all zeros — AUROC undefined
2026-04-11 19:44:51,000 - INFO -   WITH SINUS PAUSE                                      all zeros — AUROC undefined
2026-04-11 19:44:51,000 - INFO -   BIVENTRICULAR HYPERTROPHY                             all zeros — AUROC undefined
2026-04-11 19:44:51,001 - INFO -   ABNORMAL RIGHT AXIS DEVIATION                         all zeros — AUROC undefined
2026-04-11 19:44:51,001 - INFO -   SUPRAVENTRICULAR COMPLEXES                            all zeros — AUROC undefined
2026-04-11 19:44:51,002 - INFO -   WITH 2ND DEGREE AV BLOCK MOBITZ I                     all zeros — AUROC undefined
2026-04-11 19:44:51,002 - INFO -   MULTIFOCAL ATRIAL TACHYCARDIA                         all zeros — AUROC undefined
2026-04-11 19:44:51,002 - INFO - 
[test] Valid labels : 38 / 150
2026-04-11 19:44:51,002 - INFO - [test] Macro AUROC  : 0.8195
2026-04-11 19:44:51,044 - INFO - [test] Plotting 38 valid ROC curves
2026-04-11 19:44:51,482 - INFO - [test] ROC curve plot saved: ./res/peft_ia3/test_roc_curves.png
2026-04-11 19:44:51,482 - INFO - [test] Plot Macro AUC=0.8195  Micro AUC=0.9494
2026-04-11 19:44:51,483 - INFO - 
Zero-shot cache not found — generating baseline on test split...
2026-04-11 19:44:51,483 - INFO - 
Generating zero-shot baseline predictions...
2026-04-11 19:45:20,169 - INFO - Zero-shot predictions saved — gt: (1941, 150)  pred: (1941, 150)
2026-04-11 19:45:20,184 - INFO - [comparison] Shared valid labels: 38/150
2026-04-11 19:45:20,562 - INFO - [comparison] Plot saved: ./res/peft_ia3/comparison_zeroshot_vs_peft_test.png
2026-04-11 19:45:20,562 - INFO - 
Running inference on full dataset (train + val + test)...
2026-04-11 19:47:32,075 - INFO - Running zero-shot inference on full dataset...
2026-04-11 19:47:32,075 - INFO - 
Generating zero-shot baseline predictions...
2026-04-11 19:49:48,486 - INFO - Zero-shot predictions saved — gt: (9397, 150)  pred: (9397, 150)
2026-04-11 19:49:48,496 - INFO - 
Computing full evaluation for: full_dataset
2026-04-11 19:51:34,116 - INFO - 
======================================================================
2026-04-11 19:51:34,117 - INFO - [full_dataset] PER-CLASS AUROC  (39 valid / 150 total)
2026-04-11 19:51:34,117 - INFO - ======================================================================
2026-04-11 19:51:34,117 - INFO -   Label                                                 n_pos   AUROC  95% CI
2026-04-11 19:51:34,118 - INFO -   --------------------------------------------------------------------
2026-04-11 19:51:34,118 - INFO -   LEFT POSTERIOR FASCICULAR BLOCK                          19   0.995  (0.989, 1.000)
2026-04-11 19:51:34,119 - INFO -   VENTRICULAR TACHYCARDIA                                  81   0.987  (0.974, 0.996)
2026-04-11 19:51:34,120 - INFO -   RIGHT BUNDLE BRANCH BLOCK                               290   0.984  (0.980, 0.989)
2026-04-11 19:51:34,120 - INFO -   LEFT ANTERIOR FASCICULAR BLOCK                          323   0.984  (0.981, 0.988)
2026-04-11 19:51:34,121 - INFO -   SINUS BRADYCARDIA                                       935   0.982  (0.979, 0.985)
2026-04-11 19:51:34,121 - INFO -   LEFT BUNDLE BRANCH BLOCK                                 18   0.981  (0.946, 0.999)
2026-04-11 19:51:34,122 - INFO -   SUPRAVENTRICULAR TACHYCARDIA                             45   0.978  (0.966, 0.990)
2026-04-11 19:51:34,123 - INFO -   LEFT AXIS DEVIATION                                      54   0.972  (0.962, 0.979)
2026-04-11 19:51:34,123 - INFO -   ATRIAL FLUTTER                                           31   0.969  (0.955, 0.984)
2026-04-11 19:51:34,124 - INFO -   ANTEROSEPTAL INFARCT                                     14   0.961  (0.913, 0.995)
2026-04-11 19:51:34,124 - INFO -   ACUTE PERICARDITIS                                        1   0.959  (0.955, 0.962)
2026-04-11 19:51:34,125 - INFO -   RIGHT AXIS DEVIATION                                    335   0.959  (0.952, 0.965)
2026-04-11 19:51:34,125 - INFO -   LATERAL INFARCT                                           3   0.958  (0.903, 0.999)
2026-04-11 19:51:34,126 - INFO -   RIGHT VENTRICULAR HYPERTROPHY                           693   0.956  (0.950, 0.962)
2026-04-11 19:51:34,126 - INFO -   WITH VENTRICULAR ESCAPE COMPLEXES                        32   0.956  (0.909, 0.991)
2026-04-11 19:51:34,126 - INFO -   SINUS TACHYCARDIA                                      2210   0.940  (0.936, 0.945)
2026-04-11 19:51:34,127 - INFO -   WITH COMPLETE HEART BLOCK                                67   0.940  (0.911, 0.969)
2026-04-11 19:51:34,127 - INFO -   INCOMPLETE RIGHT BUNDLE BRANCH BLOCK                    336   0.940  (0.931, 0.950)
2026-04-11 19:51:34,128 - INFO -   WITH VARIABLE AV BLOCK                                   67   0.934  (0.911, 0.960)
2026-04-11 19:51:34,128 - INFO -   LEFT VENTRICULAR HYPERTROPHY                            348   0.928  (0.919, 0.938)
2026-04-11 19:51:34,128 - INFO -   RIGHT ATRIAL ENLARGEMENT                                201   0.928  (0.912, 0.944)
2026-04-11 19:51:34,129 - INFO -   LEFT ATRIAL ENLARGEMENT                                 184   0.921  (0.903, 0.936)
2026-04-11 19:51:34,129 - INFO -   WITH AV DISSOCIATION                                     70   0.914  (0.882, 0.949)
2026-04-11 19:51:34,129 - INFO -   WITH 2:1 AV CONDUCTION                                   40   0.914  (0.867, 0.967)
2026-04-11 19:51:34,130 - INFO -   EARLY REPOLARIZATION                                    249   0.910  (0.898, 0.926)
2026-04-11 19:51:34,130 - INFO -   WITH JUNCTIONAL ESCAPE COMPLEXES                        184   0.905  (0.880, 0.920)
2026-04-11 19:51:34,130 - INFO -   LOW VOLTAGE QRS                                         277   0.900  (0.885, 0.913)
2026-04-11 19:51:34,131 - INFO -   WITH 1ST DEGREE AV BLOCK                                123   0.899  (0.868, 0.929)
2026-04-11 19:51:34,131 - INFO -   PREMATURE VENTRICULAR COMPLEXES                           6   0.892  (0.774, 0.988)
2026-04-11 19:51:34,132 - INFO -   FUSION COMPLEXES                                         27   0.879  (0.809, 0.942)
2026-04-11 19:51:34,133 - INFO -   NORMAL ECG                                             1759   0.861  (0.855, 0.868)
2026-04-11 19:51:34,133 - INFO -   PREMATURE ATRIAL COMPLEXES                                1   0.842  (0.835, 0.849)
2026-04-11 19:51:34,134 - INFO -   INFERIOR INFARCT                                          8   0.830  (0.587, 0.992)
2026-04-11 19:51:34,134 - INFO -   PROLONGED QT                                            427   0.815  (0.795, 0.829)
2026-04-11 19:51:34,135 - INFO -   ATRIAL FIBRILLATION                                      25   0.803  (0.697, 0.912)
2026-04-11 19:51:34,135 - INFO -   ANTERIOR INFARCT                                          5   0.794  (0.471, 1.000)
2026-04-11 19:51:34,136 - INFO -   NONSPECIFIC T WAVE ABNORMALITY                         2544   0.780  (0.767, 0.791)
2026-04-11 19:51:34,136 - INFO -   otherwise normal ecg                                    621   0.756  (0.739, 0.771)
2026-04-11 19:51:34,137 - INFO -   PULMONARY DISEASE PATTERN                                 3   0.731  (0.196, 1.000)
2026-04-11 19:51:34,137 - INFO - 
[full_dataset] SKIPPED (111) — all-zero labels
2026-04-11 19:51:34,138 - INFO -   ABNORMAL ECG                                          all zeros — AUROC undefined
2026-04-11 19:51:34,138 - INFO -   NORMAL SINUS RHYTHM                                   all zeros — AUROC undefined
2026-04-11 19:51:34,139 - INFO -   SINUS RHYTHM                                          all zeros — AUROC undefined
2026-04-11 19:51:34,139 - INFO -   BORDERLINE ECG                                        all zeros — AUROC undefined
2026-04-11 19:51:34,139 - INFO -   SEPTAL INFARCT                                        all zeros — AUROC undefined
2026-04-11 19:51:34,140 - INFO -   PREMATURE SUPRAVENTRICULAR COMPLEXES                  all zeros — AUROC undefined
2026-04-11 19:51:34,140 - INFO -   NONSPECIFIC T WAVE ABNORMALITY NOW EVIDENT IN         all zeros — AUROC undefined
2026-04-11 19:51:34,140 - INFO -   NONSPECIFIC T WAVE ABNORMALITY NO LONGER EVIDENT IN   all zeros — AUROC undefined
2026-04-11 19:51:34,141 - INFO -   T WAVE INVERSION NOW EVIDENT IN                       all zeros — AUROC undefined
2026-04-11 19:51:34,141 - INFO -   NONSPECIFIC ST ABNORMALITY                            all zeros — AUROC undefined
2026-04-11 19:51:34,141 - INFO -   T WAVE INVERSION NO LONGER EVIDENT IN                 all zeros — AUROC undefined
2026-04-11 19:51:34,142 - INFO -   WITH RAPID VENTRICULAR RESPONSE                       all zeros — AUROC undefined
2026-04-11 19:51:34,142 - INFO -   QT HAS SHORTENED                                      all zeros — AUROC undefined
2026-04-11 19:51:34,143 - INFO -   QT HAS LENGTHENED                                     all zeros — AUROC undefined
2026-04-11 19:51:34,143 - INFO -   MARKED SINUS BRADYCARDIA                              all zeros — AUROC undefined
2026-04-11 19:51:34,143 - INFO -   WITH SINUS ARRHYTHMIA                                 all zeros — AUROC undefined
2026-04-11 19:51:34,144 - INFO -   NONSPECIFIC ST AND T WAVE ABNORMALITY                 all zeros — AUROC undefined
2026-04-11 19:51:34,144 - INFO -   ECTOPIC ATRIAL RHYTHM                                 all zeros — AUROC undefined
2026-04-11 19:51:34,144 - INFO -   UNDETERMINED RHYTHM                                   all zeros — AUROC undefined
2026-04-11 19:51:34,144 - INFO -   RIGHTWARD AXIS                                        all zeros — AUROC undefined
2026-04-11 19:51:34,145 - INFO -   ST NOW DEPRESSED IN                                   all zeros — AUROC undefined
2026-04-11 19:51:34,145 - INFO -   WITH SHORT PR                                         all zeros — AUROC undefined
2026-04-11 19:51:34,146 - INFO -   WITH MARKED SINUS ARRHYTHMIA                          all zeros — AUROC undefined
2026-04-11 19:51:34,146 - INFO -   ST NO LONGER DEPRESSED IN                             all zeros — AUROC undefined
2026-04-11 19:51:34,146 - INFO -   INVERTED T WAVES HAVE REPLACED NONSPECIFIC T WAVE ABNORMALITY IN  all zeros — AUROC undefined
2026-04-11 19:51:34,146 - INFO -   NON-SPECIFIC CHANGE IN ST SEGMENT IN                  all zeros — AUROC undefined
2026-04-11 19:51:34,147 - INFO -   NONSPECIFIC T WAVE ABNORMALITY HAS REPLACED INVERTED T WAVES IN  all zeros — AUROC undefined
2026-04-11 19:51:34,147 - INFO -   JUNCTIONAL RHYTHM                                     all zeros — AUROC undefined
2026-04-11 19:51:34,147 - INFO -   ELECTRONIC ATRIAL PACEMAKER                           all zeros — AUROC undefined
2026-04-11 19:51:34,148 - INFO -   ABERRANT CONDUCTION                                   all zeros — AUROC undefined
2026-04-11 19:51:34,148 - INFO -   ELECTRONIC VENTRICULAR PACEMAKER                      all zeros — AUROC undefined
2026-04-11 19:51:34,149 - INFO -   T WAVE INVERSION LESS EVIDENT IN                      all zeros — AUROC undefined
2026-04-11 19:51:34,149 - INFO -   ANTEROLATERAL INFARCT                                 all zeros — AUROC undefined
2026-04-11 19:51:34,149 - INFO -   WITH REPOLARIZATION ABNORMALITY                       all zeros — AUROC undefined
2026-04-11 19:51:34,150 - INFO -   RSR' OR QR PATTERN IN V1 SUGGESTS RIGHT VENTRICULAR CONDUCTION DELAY  all zeros — AUROC undefined
2026-04-11 19:51:34,150 - INFO -   T WAVE INVERSION MORE EVIDENT IN                      all zeros — AUROC undefined
2026-04-11 19:51:34,150 - INFO -   WIDE QRS RHYTHM                                       all zeros — AUROC undefined
2026-04-11 19:51:34,151 - INFO -   WITH PREMATURE VENTRICULAR OR ABERRANTLY CONDUCTED COMPLEXES  all zeros — AUROC undefined
2026-04-11 19:51:34,151 - INFO -   INCOMPLETE LEFT BUNDLE BRANCH BLOCK                   all zeros — AUROC undefined
2026-04-11 19:51:34,152 - INFO -   VOLTAGE CRITERIA FOR LEFT VENTRICULAR HYPERTROPHY     all zeros — AUROC undefined
2026-04-11 19:51:34,152 - INFO -   OR DIGITALIS EFFECT                                   all zeros — AUROC undefined
2026-04-11 19:51:34,153 - INFO -   BIFASCICULAR BLOCK                                    all zeros — AUROC undefined
2026-04-11 19:51:34,153 - INFO -   ST NO LONGER ELEVATED IN                              all zeros — AUROC undefined
2026-04-11 19:51:34,154 - INFO -   WITH SLOW VENTRICULAR RESPONSE                        all zeros — AUROC undefined
2026-04-11 19:51:34,154 - INFO -   ST ELEVATION NOW PRESENT IN                           all zeros — AUROC undefined
2026-04-11 19:51:34,154 - INFO -   PREMATURE ECTOPIC COMPLEXES                           all zeros — AUROC undefined
2026-04-11 19:51:34,154 - INFO -   T WAVE AMPLITUDE HAS DECREASED IN                     all zeros — AUROC undefined
2026-04-11 19:51:34,155 - INFO -   WITH A COMPETING JUNCTIONAL PACEMAKER                 all zeros — AUROC undefined
2026-04-11 19:51:34,155 - INFO -   RIGHT SUPERIOR AXIS DEVIATION                         all zeros — AUROC undefined
2026-04-11 19:51:34,156 - INFO -   BIATRIAL ENLARGEMENT                                  all zeros — AUROC undefined
2026-04-11 19:51:34,156 - INFO -   VENTRICULAR-PACED RHYTHM                              all zeros — AUROC undefined
2026-04-11 19:51:34,156 - INFO -   ATRIAL-PACED RHYTHM                                   all zeros — AUROC undefined
2026-04-11 19:51:34,156 - INFO -   T WAVE AMPLITUDE HAS INCREASED IN                     all zeros — AUROC undefined
2026-04-11 19:51:34,157 - INFO -   WITH QRS WIDENING                                     all zeros — AUROC undefined
2026-04-11 19:51:34,157 - INFO -   WITH PROLONGED AV CONDUCTION                          all zeros — AUROC undefined
2026-04-11 19:51:34,157 - INFO -   WITH QRS WIDENING AND REPOLARIZATION ABNORMALITY      all zeros — AUROC undefined
2026-04-11 19:51:34,158 - INFO -   ATRIAL-SENSED VENTRICULAR-PACED RHYTHM                all zeros — AUROC undefined
2026-04-11 19:51:34,158 - INFO -   AV SEQUENTIAL OR DUAL CHAMBER ELECTRONIC PACEMAKER    all zeros — AUROC undefined
2026-04-11 19:51:34,158 - INFO -   ACUTE MI / STEMI                                      all zeros — AUROC undefined
2026-04-11 19:51:34,159 - INFO -   INFERIOR-POSTERIOR INFARCT                            all zeros — AUROC undefined
2026-04-11 19:51:34,159 - INFO -   NONSPECIFIC INTRAVENTRICULAR CONDUCTION DELAY         all zeros — AUROC undefined
2026-04-11 19:51:34,159 - INFO -   PREMATURE VENTRICULAR AND FUSION COMPLEXES            all zeros — AUROC undefined
2026-04-11 19:51:34,159 - INFO -   IN A PATTERN OF BIGEMINY                              all zeros — AUROC undefined
2026-04-11 19:51:34,160 - INFO -   AV DUAL-PACED RHYTHM                                  all zeros — AUROC undefined
2026-04-11 19:51:34,161 - INFO -   VENTRICULAR-PACED COMPLEXES                           all zeros — AUROC undefined
2026-04-11 19:51:34,161 - INFO -   WIDE QRS TACHYCARDIA                                  all zeros — AUROC undefined
2026-04-11 19:51:34,161 - INFO -   RSR' PATTERN IN V1                                    all zeros — AUROC undefined
2026-04-11 19:51:34,162 - INFO -   ST LESS DEPRESSED IN                                  all zeros — AUROC undefined
2026-04-11 19:51:34,162 - INFO -   ST MORE DEPRESSED IN                                  all zeros — AUROC undefined
2026-04-11 19:51:34,162 - INFO -   ANTEROLATERAL LEADS                                   all zeros — AUROC undefined
2026-04-11 19:51:34,163 - INFO -   ELECTRONIC DEMAND PACING                              all zeros — AUROC undefined
2026-04-11 19:51:34,163 - INFO -   RBBB AND LEFT ANTERIOR FASCICULAR BLOCK               all zeros — AUROC undefined
2026-04-11 19:51:34,164 - INFO -   LATERAL INJURY PATTERN                                all zeros — AUROC undefined
2026-04-11 19:51:34,164 - INFO -   BIVENTRICULAR PACEMAKER DETECTED                      all zeros — AUROC undefined
2026-04-11 19:51:34,164 - INFO -   SUSPECT UNSPECIFIED PACEMAKER FAILURE                 all zeros — AUROC undefined
2026-04-11 19:51:34,165 - INFO -   WOLFF-PARKINSON-WHITE                                 all zeros — AUROC undefined
2026-04-11 19:51:34,165 - INFO -   INFERIOR INJURY PATTERN                               all zeros — AUROC undefined
2026-04-11 19:51:34,166 - INFO -   CONSIDER RIGHT VENTRICULAR INVOLVEMENT IN ACUTE INFERIOR INFARCT  all zeros — AUROC undefined
2026-04-11 19:51:34,166 - INFO -   ST ELEVATION HAS REPLACED ST DEPRESSION IN            all zeros — AUROC undefined
2026-04-11 19:51:34,166 - INFO -   NONSPECIFIC INTRAVENTRICULAR BLOCK                    all zeros — AUROC undefined
2026-04-11 19:51:34,167 - INFO -   MASKED BY FASCICULAR BLOCK                            all zeros — AUROC undefined
2026-04-11 19:51:34,167 - INFO -   PEDIATRIC ECG ANALYSIS                                all zeros — AUROC undefined
2026-04-11 19:51:34,168 - INFO -   BLOCKED                                               all zeros — AUROC undefined
2026-04-11 19:51:34,168 - INFO -   WITH UNDETERMINED RHYTHM IRREGULARITY                 all zeros — AUROC undefined
2026-04-11 19:51:34,168 - INFO -   LEFTWARD AXIS                                         all zeros — AUROC undefined
2026-04-11 19:51:34,169 - INFO -   WITH 2ND DEGREE SA BLOCK MOBITZ I                     all zeros — AUROC undefined
2026-04-11 19:51:34,169 - INFO -   ACUTE                                                 all zeros — AUROC undefined
2026-04-11 19:51:34,169 - INFO -   ABNORMAL LEFT AXIS DEVIATION                          all zeros — AUROC undefined
2026-04-11 19:51:34,170 - INFO -   NO P-WAVES FOUND                                      all zeros — AUROC undefined
2026-04-11 19:51:34,170 - INFO -   ST LESS ELEVATED IN                                   all zeros — AUROC undefined
2026-04-11 19:51:34,170 - INFO -   WITH RETROGRADE CONDUCTION                            all zeros — AUROC undefined
2026-04-11 19:51:34,170 - INFO -   ST MORE ELEVATED IN                                   all zeros — AUROC undefined
2026-04-11 19:51:34,171 - INFO -   JUNCTIONAL BRADYCARDIA                                all zeros — AUROC undefined
2026-04-11 19:51:34,171 - INFO -   ANTERIOR INJURY PATTERN                               all zeros — AUROC undefined
2026-04-11 19:51:34,171 - INFO -   ACUTE MI                                              all zeros — AUROC undefined
2026-04-11 19:51:34,172 - INFO -   POSTERIOR INFARCT                                     all zeros — AUROC undefined
2026-04-11 19:51:34,172 - INFO -   IDIOVENTRICULAR RHYTHM                                all zeros — AUROC undefined
2026-04-11 19:51:34,172 - INFO -   WITH 2ND DEGREE SA BLOCK MOBITZ II                    all zeros — AUROC undefined
2026-04-11 19:51:34,172 - INFO -   R IN AVL                                              all zeros — AUROC undefined
2026-04-11 19:51:34,173 - INFO -   SINUS/ATRIAL CAPTURE                                  all zeros — AUROC undefined
2026-04-11 19:51:34,173 - INFO -   AV DUAL-PACED COMPLEXES                               all zeros — AUROC undefined
2026-04-11 19:51:34,173 - INFO -   INFEROLATERAL INJURY PATTERN                          all zeros — AUROC undefined
2026-04-11 19:51:34,174 - INFO -   RBBB AND LEFT POSTERIOR FASCICULAR BLOCK              all zeros — AUROC undefined
2026-04-11 19:51:34,174 - INFO -   ANTEROLATERAL INJURY PATTERN                          all zeros — AUROC undefined
2026-04-11 19:51:34,174 - INFO -   ATRIAL-PACED COMPLEXES                                all zeros — AUROC undefined
2026-04-11 19:51:34,174 - INFO -   WITH SINUS PAUSE                                      all zeros — AUROC undefined
2026-04-11 19:51:34,175 - INFO -   BIVENTRICULAR HYPERTROPHY                             all zeros — AUROC undefined
2026-04-11 19:51:34,175 - INFO -   ABNORMAL RIGHT AXIS DEVIATION                         all zeros — AUROC undefined
2026-04-11 19:51:34,175 - INFO -   SUPRAVENTRICULAR COMPLEXES                            all zeros — AUROC undefined
2026-04-11 19:51:34,175 - INFO -   WITH 2ND DEGREE AV BLOCK MOBITZ I                     all zeros — AUROC undefined
2026-04-11 19:51:34,175 - INFO -   MULTIFOCAL ATRIAL TACHYCARDIA                         all zeros — AUROC undefined
2026-04-11 19:51:34,175 - INFO - 
[full_dataset] Valid labels : 39 / 150
2026-04-11 19:51:34,176 - INFO - [full_dataset] Macro AUROC  : 0.9112
2026-04-11 19:51:34,240 - INFO - [full_dataset] Plotting 39 valid ROC curves
2026-04-11 19:51:34,680 - INFO - [full_dataset] ROC curve plot saved: ./res/peft_ia3/full_dataset_roc_curves.png
2026-04-11 19:51:34,681 - INFO - [full_dataset] Plot Macro AUC=0.9111  Micro AUC=0.9665
2026-04-11 19:51:34,695 - INFO - [comparison] Shared valid labels: 39/150
2026-04-11 19:51:35,179 - INFO - [comparison] Plot saved: ./res/peft_ia3/comparison_zeroshot_vs_peft_full.png
2026-04-11 19:51:35,180 - INFO - 
All done.
