2026-04-02 13:11:06,783 - INFO - Using device: cuda:0
2026-04-02 13:11:06,783 - INFO - Number of classes: 150
2026-04-02 13:11:07,276 - INFO - ✓ Patient-level split verified — no leakage detected.
2026-04-02 13:11:07,276 - INFO -   TRAIN :  6690 samples |  5748 patients
2026-04-02 13:11:07,276 - INFO -   VAL   :   766 samples |   639 patients
2026-04-02 13:11:07,276 - INFO -   TEST  :  1941 samples |  1597 patients
2026-04-02 13:11:07,284 - INFO - 
Model size overview:
2026-04-02 13:11:07,284 - INFO -   Size     Channels                         Total Params   Trainable Params
2026-04-02 13:11:07,287 - INFO -   ------------------------------------------------------------------------
2026-04-02 13:11:07,525 - INFO -   large    [64, 128, 256, 512]                 8,901,398          8,901,398
2026-04-02 13:11:07,562 - INFO -   medium   [32, 64, 128, 256]                  2,249,942          2,249,942
2026-04-02 13:11:07,574 - INFO -   small    [16, 32, 64, 128]                     574,838            574,838
2026-04-02 13:11:07,574 - INFO - 
======================================================================
EXPERIMENT: large_full
======================================================================
2026-04-02 13:11:07,574 - INFO -   Using full training set: 6690 records
2026-04-02 13:11:08,622 - INFO -   Model size      : large
2026-04-02 13:11:08,622 - INFO -   Channels        : [64, 128, 256, 512]
2026-04-02 13:11:08,622 - INFO -   Total params    : 8,901,398
2026-04-02 13:11:08,622 - INFO -   Trainable params: 8,901,398
2026-04-02 13:11:08,622 - INFO -   Train samples   : 6690
2026-04-02 13:12:45,169 - INFO - [large_full] E001  train_loss=0.0395  val_loss=0.0274  val_AUROC=0.7042  valid_labels=30/150
2026-04-02 13:12:45,322 - INFO -   [SAVED] large_full_epoch1_auroc0.7042.pth
2026-04-02 13:14:12,383 - INFO - [large_full] E002  train_loss=0.0231  val_loss=0.0250  val_AUROC=0.7804  valid_labels=30/150
2026-04-02 13:14:12,547 - INFO -   [SAVED] large_full_epoch2_auroc0.7804.pth
2026-04-02 13:15:38,191 - INFO - [large_full] E003  train_loss=0.0218  val_loss=0.0243  val_AUROC=0.8205  valid_labels=30/150
2026-04-02 13:15:38,352 - INFO -   [SAVED] large_full_epoch3_auroc0.8205.pth
2026-04-02 13:17:03,653 - INFO - [large_full] E004  train_loss=0.0212  val_loss=0.0233  val_AUROC=0.8560  valid_labels=30/150
2026-04-02 13:17:03,818 - INFO -   [SAVED] large_full_epoch4_auroc0.8560.pth
2026-04-02 13:18:28,831 - INFO - [large_full] E005  train_loss=0.0204  val_loss=0.0222  val_AUROC=0.8548  valid_labels=30/150
2026-04-02 13:18:28,832 - INFO - EarlyStopping: no improvement for 1/10 epoch(s) (best=0.8560, current=0.8548)
2026-04-02 13:19:54,907 - INFO - [large_full] E006  train_loss=0.0200  val_loss=0.0254  val_AUROC=0.8567  valid_labels=30/150
2026-04-02 13:19:55,058 - INFO -   [SAVED] large_full_epoch6_auroc0.8567.pth
2026-04-02 13:21:20,625 - INFO - [large_full] E007  train_loss=0.0198  val_loss=0.0216  val_AUROC=0.8617  valid_labels=30/150
2026-04-02 13:21:20,793 - INFO -   [SAVED] large_full_epoch7_auroc0.8617.pth
2026-04-02 13:22:45,535 - INFO - [large_full] E008  train_loss=0.0192  val_loss=0.0213  val_AUROC=0.8487  valid_labels=30/150
2026-04-02 13:22:45,535 - INFO - EarlyStopping: no improvement for 1/10 epoch(s) (best=0.8617, current=0.8487)
2026-04-02 13:24:08,925 - INFO - [large_full] E009  train_loss=0.0189  val_loss=0.0220  val_AUROC=0.8677  valid_labels=30/150
2026-04-02 13:24:09,075 - INFO -   [SAVED] large_full_epoch9_auroc0.8677.pth
2026-04-02 13:25:29,644 - INFO - [large_full] E010  train_loss=0.0185  val_loss=0.0206  val_AUROC=0.8738  valid_labels=30/150
2026-04-02 13:25:29,795 - INFO -   [SAVED] large_full_epoch10_auroc0.8738.pth
2026-04-02 13:26:56,547 - INFO - [large_full] E011  train_loss=0.0182  val_loss=0.0206  val_AUROC=0.8831  valid_labels=30/150
2026-04-02 13:26:56,704 - INFO -   [SAVED] large_full_epoch11_auroc0.8831.pth
2026-04-02 13:28:21,452 - INFO - [large_full] E012  train_loss=0.0179  val_loss=0.0206  val_AUROC=0.8747  valid_labels=30/150
2026-04-02 13:28:21,453 - INFO - EarlyStopping: no improvement for 1/10 epoch(s) (best=0.8831, current=0.8747)
2026-04-02 13:29:47,212 - INFO - [large_full] E013  train_loss=0.0175  val_loss=0.0211  val_AUROC=0.8759  valid_labels=30/150
2026-04-02 13:29:47,213 - INFO - EarlyStopping: no improvement for 2/10 epoch(s) (best=0.8831, current=0.8759)
2026-04-02 13:31:13,614 - INFO - [large_full] E014  train_loss=0.0173  val_loss=0.0210  val_AUROC=0.8592  valid_labels=30/150
2026-04-02 13:31:13,615 - INFO - EarlyStopping: no improvement for 3/10 epoch(s) (best=0.8831, current=0.8592)
2026-04-02 13:32:39,462 - INFO - [large_full] E015  train_loss=0.0169  val_loss=0.0208  val_AUROC=0.8636  valid_labels=30/150
2026-04-02 13:32:39,462 - INFO - EarlyStopping: no improvement for 4/10 epoch(s) (best=0.8831, current=0.8636)
2026-04-02 13:34:05,050 - INFO - [large_full] E016  train_loss=0.0167  val_loss=0.0207  val_AUROC=0.8791  valid_labels=30/150
2026-04-02 13:34:05,051 - INFO - EarlyStopping: no improvement for 5/10 epoch(s) (best=0.8831, current=0.8791)
2026-04-02 13:35:31,027 - INFO - [large_full] E017  train_loss=0.0164  val_loss=0.0202  val_AUROC=0.8884  valid_labels=30/150
2026-04-02 13:35:31,187 - INFO -   [SAVED] large_full_epoch17_auroc0.8884.pth
2026-04-02 13:36:54,944 - INFO - [large_full] E018  train_loss=0.0163  val_loss=0.0208  val_AUROC=0.8577  valid_labels=30/150
2026-04-02 13:36:54,945 - INFO - EarlyStopping: no improvement for 1/10 epoch(s) (best=0.8884, current=0.8577)
2026-04-02 13:38:20,697 - INFO - [large_full] E019  train_loss=0.0158  val_loss=0.0204  val_AUROC=0.8656  valid_labels=30/150
2026-04-02 13:38:20,698 - INFO - EarlyStopping: no improvement for 2/10 epoch(s) (best=0.8884, current=0.8656)
2026-04-02 13:39:46,058 - INFO - [large_full] E020  train_loss=0.0155  val_loss=0.0199  val_AUROC=0.8801  valid_labels=30/150
2026-04-02 13:39:46,058 - INFO - EarlyStopping: no improvement for 3/10 epoch(s) (best=0.8884, current=0.8801)
2026-04-02 13:41:12,035 - INFO - [large_full] E021  train_loss=0.0151  val_loss=0.0207  val_AUROC=0.8852  valid_labels=30/150
2026-04-02 13:41:12,036 - INFO - EarlyStopping: no improvement for 4/10 epoch(s) (best=0.8884, current=0.8852)
2026-04-02 13:42:37,437 - INFO - [large_full] E022  train_loss=0.0151  val_loss=0.0200  val_AUROC=0.8818  valid_labels=30/150
2026-04-02 13:42:37,437 - INFO - EarlyStopping: no improvement for 5/10 epoch(s) (best=0.8884, current=0.8818)
2026-04-02 13:44:05,616 - INFO - [large_full] E023  train_loss=0.0147  val_loss=0.0203  val_AUROC=0.8846  valid_labels=30/150
2026-04-02 13:44:05,617 - INFO -   LR: 1.00e-03 → 5.00e-04
2026-04-02 13:44:05,617 - INFO - EarlyStopping: no improvement for 6/10 epoch(s) (best=0.8884, current=0.8846)
2026-04-02 13:45:33,647 - INFO - [large_full] E024  train_loss=0.0129  val_loss=0.0208  val_AUROC=0.8960  valid_labels=30/150
2026-04-02 13:45:33,800 - INFO -   [SAVED] large_full_epoch24_auroc0.8960.pth
2026-04-02 13:46:59,724 - INFO - [large_full] E025  train_loss=0.0123  val_loss=0.0213  val_AUROC=0.8713  valid_labels=30/150
2026-04-02 13:46:59,724 - INFO - EarlyStopping: no improvement for 1/10 epoch(s) (best=0.8960, current=0.8713)
2026-04-02 13:48:27,468 - INFO - [large_full] E026  train_loss=0.0118  val_loss=0.0224  val_AUROC=0.8682  valid_labels=30/150
2026-04-02 13:48:27,468 - INFO - EarlyStopping: no improvement for 2/10 epoch(s) (best=0.8960, current=0.8682)
2026-04-02 13:49:52,747 - INFO - [large_full] E027  train_loss=0.0115  val_loss=0.0218  val_AUROC=0.8817  valid_labels=30/150
2026-04-02 13:49:52,747 - INFO - EarlyStopping: no improvement for 3/10 epoch(s) (best=0.8960, current=0.8817)
2026-04-02 13:52:45,387 - INFO - [large_full] E028  train_loss=0.0111  val_loss=0.0231  val_AUROC=0.8804  valid_labels=30/150
2026-04-02 13:52:45,388 - INFO - EarlyStopping: no improvement for 4/10 epoch(s) (best=0.8960, current=0.8804)
2026-04-02 13:55:43,389 - INFO - [large_full] E029  train_loss=0.0107  val_loss=0.0232  val_AUROC=0.8892  valid_labels=30/150
2026-04-02 13:55:43,389 - INFO - EarlyStopping: no improvement for 5/10 epoch(s) (best=0.8960, current=0.8892)
2026-04-02 13:58:34,251 - INFO - [large_full] E030  train_loss=0.0103  val_loss=0.0247  val_AUROC=0.8481  valid_labels=30/150
2026-04-02 13:58:34,251 - INFO -   LR: 5.00e-04 → 2.50e-04
2026-04-02 13:58:34,252 - INFO - EarlyStopping: no improvement for 6/10 epoch(s) (best=0.8960, current=0.8481)
2026-04-02 14:01:34,027 - INFO - [large_full] E031  train_loss=0.0086  val_loss=0.0243  val_AUROC=0.8733  valid_labels=30/150
2026-04-02 14:01:34,027 - INFO - EarlyStopping: no improvement for 7/10 epoch(s) (best=0.8960, current=0.8733)
2026-04-02 14:04:31,762 - INFO - [large_full] E032  train_loss=0.0079  val_loss=0.0249  val_AUROC=0.8843  valid_labels=30/150
2026-04-02 14:04:31,763 - INFO - EarlyStopping: no improvement for 8/10 epoch(s) (best=0.8960, current=0.8843)
2026-04-02 14:07:32,556 - INFO - [large_full] E033  train_loss=0.0076  val_loss=0.0259  val_AUROC=0.8759  valid_labels=30/150
2026-04-02 14:07:32,557 - INFO - EarlyStopping: no improvement for 9/10 epoch(s) (best=0.8960, current=0.8759)
2026-04-02 14:09:48,023 - INFO - [large_full] E034  train_loss=0.0069  val_loss=0.0259  val_AUROC=0.8775  valid_labels=30/150
2026-04-02 14:09:48,024 - INFO - EarlyStopping: no improvement for 10/10 epoch(s) (best=0.8960, current=0.8775)
2026-04-02 14:09:48,024 - INFO - EarlyStopping triggered. Best val AUROC: 0.8960
2026-04-02 14:09:48,025 - INFO -   Early stopping triggered at epoch 34.
2026-04-02 14:09:48,025 - INFO - [large_full] Training done | best val AUROC: 0.8960
2026-04-02 14:09:48,179 - INFO - [large_full] Reloaded best checkpoint (epoch 24)
2026-04-02 14:10:22,310 - INFO - [large_full_test] Valid labels: 38 / 150 | Macro AUROC: 0.8416
2026-04-02 14:10:22,775 - INFO - [large_full_test] ROC plot saved: ./res/ablation_resnet/large_full\large_full_test_roc_curves.png
2026-04-02 14:10:22,775 - INFO - [large_full] SUMMARY: {'experiment': 'large_full', 'model_size': 'large', 'n_train_requested': 'full', 'n_train_actual': 6690, 'n_val': 766, 'n_test': 1941, 'total_params': 8901398, 'trainable_params': 8901398, 'best_val_AUROC': np.float64(0.896), 'test_macro_AUROC': np.float64(0.8416)}
2026-04-02 14:10:22,778 - INFO - 
======================================================================
EXPERIMENT: large_3000
======================================================================
2026-04-02 14:10:22,780 - INFO -   Subsampled training set: 3000 / 6690 records
2026-04-02 14:10:22,897 - INFO -   Model size      : large
2026-04-02 14:10:22,898 - INFO -   Channels        : [64, 128, 256, 512]
2026-04-02 14:10:22,898 - INFO -   Total params    : 8,901,398
2026-04-02 14:10:22,899 - INFO -   Trainable params: 8,901,398
2026-04-02 14:10:22,899 - INFO -   Train samples   : 3000
2026-04-02 14:11:04,707 - INFO - [large_3000] E001  train_loss=0.0576  val_loss=0.0272  val_AUROC=0.7422  valid_labels=30/150
2026-04-02 14:11:04,846 - INFO -   [SAVED] large_3000_epoch1_auroc0.7422.pth
2026-04-02 14:11:47,115 - INFO - [large_3000] E002  train_loss=0.0244  val_loss=0.0295  val_AUROC=0.7247  valid_labels=30/150
2026-04-02 14:11:47,115 - INFO - EarlyStopping: no improvement for 1/10 epoch(s) (best=0.7422, current=0.7247)
2026-04-02 14:12:29,774 - INFO - [large_3000] E003  train_loss=0.0229  val_loss=0.0262  val_AUROC=0.7670  valid_labels=30/150
2026-04-02 14:12:29,938 - INFO -   [SAVED] large_3000_epoch3_auroc0.7670.pth
2026-04-02 14:13:12,747 - INFO - [large_3000] E004  train_loss=0.0218  val_loss=0.0243  val_AUROC=0.8155  valid_labels=30/150
2026-04-02 14:13:12,917 - INFO -   [SAVED] large_3000_epoch4_auroc0.8155.pth
2026-04-02 14:13:56,571 - INFO - [large_3000] E005  train_loss=0.0211  val_loss=0.0231  val_AUROC=0.8150  valid_labels=30/150
2026-04-02 14:13:56,571 - INFO - EarlyStopping: no improvement for 1/10 epoch(s) (best=0.8155, current=0.8150)
2026-04-02 14:14:40,567 - INFO - [large_3000] E006  train_loss=0.0205  val_loss=0.0239  val_AUROC=0.8037  valid_labels=30/150
2026-04-02 14:14:40,568 - INFO - EarlyStopping: no improvement for 2/10 epoch(s) (best=0.8155, current=0.8037)
2026-04-02 14:15:25,179 - INFO - [large_3000] E007  train_loss=0.0199  val_loss=0.0238  val_AUROC=0.8509  valid_labels=30/150
2026-04-02 14:15:25,376 - INFO -   [SAVED] large_3000_epoch7_auroc0.8509.pth
2026-04-02 14:16:10,196 - INFO - [large_3000] E008  train_loss=0.0195  val_loss=0.0235  val_AUROC=0.8421  valid_labels=30/150
2026-04-02 14:16:10,197 - INFO - EarlyStopping: no improvement for 1/10 epoch(s) (best=0.8509, current=0.8421)
2026-04-02 14:16:55,759 - INFO - [large_3000] E009  train_loss=0.0192  val_loss=0.0221  val_AUROC=0.8530  valid_labels=30/150
2026-04-02 14:16:55,910 - INFO -   [SAVED] large_3000_epoch9_auroc0.8530.pth
2026-04-02 14:17:40,638 - INFO - [large_3000] E010  train_loss=0.0188  val_loss=0.0230  val_AUROC=0.8536  valid_labels=30/150
2026-04-02 14:17:40,823 - INFO -   [SAVED] large_3000_epoch10_auroc0.8536.pth
2026-04-02 14:18:25,478 - INFO - [large_3000] E011  train_loss=0.0185  val_loss=0.0234  val_AUROC=0.8468  valid_labels=30/150
2026-04-02 14:18:25,479 - INFO - EarlyStopping: no improvement for 1/10 epoch(s) (best=0.8536, current=0.8468)
2026-04-02 14:19:08,800 - INFO - [large_3000] E012  train_loss=0.0180  val_loss=0.0237  val_AUROC=0.8563  valid_labels=30/150
2026-04-02 14:19:08,972 - INFO -   [SAVED] large_3000_epoch12_auroc0.8563.pth
2026-04-02 14:19:52,734 - INFO - [large_3000] E013  train_loss=0.0180  val_loss=0.0222  val_AUROC=0.8503  valid_labels=30/150
2026-04-02 14:19:52,735 - INFO - EarlyStopping: no improvement for 1/10 epoch(s) (best=0.8563, current=0.8503)
2026-04-02 14:20:35,891 - INFO - [large_3000] E014  train_loss=0.0174  val_loss=0.0215  val_AUROC=0.8575  valid_labels=30/150
2026-04-02 14:20:36,052 - INFO -   [SAVED] large_3000_epoch14_auroc0.8575.pth
2026-04-02 14:21:20,073 - INFO - [large_3000] E015  train_loss=0.0172  val_loss=0.0217  val_AUROC=0.8512  valid_labels=30/150
2026-04-02 14:21:20,074 - INFO - EarlyStopping: no improvement for 1/10 epoch(s) (best=0.8575, current=0.8512)
2026-04-02 14:22:04,683 - INFO - [large_3000] E016  train_loss=0.0168  val_loss=0.0232  val_AUROC=0.8453  valid_labels=30/150
2026-04-02 14:22:04,684 - INFO - EarlyStopping: no improvement for 2/10 epoch(s) (best=0.8575, current=0.8453)
2026-04-02 14:22:47,923 - INFO - [large_3000] E017  train_loss=0.0165  val_loss=0.0260  val_AUROC=0.8457  valid_labels=30/150
2026-04-02 14:22:47,924 - INFO - EarlyStopping: no improvement for 3/10 epoch(s) (best=0.8575, current=0.8457)
2026-04-02 14:23:32,424 - INFO - [large_3000] E018  train_loss=0.0161  val_loss=0.0268  val_AUROC=0.8313  valid_labels=30/150
2026-04-02 14:23:32,424 - INFO - EarlyStopping: no improvement for 4/10 epoch(s) (best=0.8575, current=0.8313)
2026-04-02 14:24:17,438 - INFO - [large_3000] E019  train_loss=0.0159  val_loss=0.0228  val_AUROC=0.7821  valid_labels=30/150
2026-04-02 14:24:17,439 - INFO - EarlyStopping: no improvement for 5/10 epoch(s) (best=0.8575, current=0.7821)
2026-04-02 14:25:01,732 - INFO - [large_3000] E020  train_loss=0.0155  val_loss=0.0229  val_AUROC=0.8094  valid_labels=30/150
2026-04-02 14:25:01,732 - INFO -   LR: 1.00e-03 → 5.00e-04
2026-04-02 14:25:01,733 - INFO - EarlyStopping: no improvement for 6/10 epoch(s) (best=0.8575, current=0.8094)
2026-04-02 14:25:45,361 - INFO - [large_3000] E021  train_loss=0.0134  val_loss=0.0224  val_AUROC=0.8662  valid_labels=30/150
2026-04-02 14:25:45,541 - INFO -   [SAVED] large_3000_epoch21_auroc0.8662.pth
2026-04-02 14:26:28,620 - INFO - [large_3000] E022  train_loss=0.0127  val_loss=0.0228  val_AUROC=0.8430  valid_labels=30/150
2026-04-02 14:26:28,620 - INFO - EarlyStopping: no improvement for 1/10 epoch(s) (best=0.8662, current=0.8430)
2026-04-02 14:27:13,075 - INFO - [large_3000] E023  train_loss=0.0122  val_loss=0.0227  val_AUROC=0.8599  valid_labels=30/150
2026-04-02 14:27:13,076 - INFO - EarlyStopping: no improvement for 2/10 epoch(s) (best=0.8662, current=0.8599)
2026-04-02 14:27:57,769 - INFO - [large_3000] E024  train_loss=0.0118  val_loss=0.0235  val_AUROC=0.8268  valid_labels=30/150
2026-04-02 14:27:57,770 - INFO - EarlyStopping: no improvement for 3/10 epoch(s) (best=0.8662, current=0.8268)
2026-04-02 14:28:42,473 - INFO - [large_3000] E025  train_loss=0.0112  val_loss=0.0254  val_AUROC=0.8286  valid_labels=30/150
2026-04-02 14:28:42,473 - INFO - EarlyStopping: no improvement for 4/10 epoch(s) (best=0.8662, current=0.8286)
2026-04-02 14:29:26,431 - INFO - [large_3000] E026  train_loss=0.0107  val_loss=0.0271  val_AUROC=0.7968  valid_labels=30/150
2026-04-02 14:29:26,432 - INFO - EarlyStopping: no improvement for 5/10 epoch(s) (best=0.8662, current=0.7968)
2026-04-02 14:30:10,943 - INFO - [large_3000] E027  train_loss=0.0101  val_loss=0.0249  val_AUROC=0.8004  valid_labels=30/150
2026-04-02 14:30:10,944 - INFO -   LR: 5.00e-04 → 2.50e-04
2026-04-02 14:30:10,944 - INFO - EarlyStopping: no improvement for 6/10 epoch(s) (best=0.8662, current=0.8004)
2026-04-02 14:30:55,902 - INFO - [large_3000] E028  train_loss=0.0080  val_loss=0.0249  val_AUROC=0.8038  valid_labels=30/150
2026-04-02 14:30:55,902 - INFO - EarlyStopping: no improvement for 7/10 epoch(s) (best=0.8662, current=0.8038)
2026-04-02 14:31:40,197 - INFO - [large_3000] E029  train_loss=0.0068  val_loss=0.0261  val_AUROC=0.7996  valid_labels=30/150
2026-04-02 14:31:40,197 - INFO - EarlyStopping: no improvement for 8/10 epoch(s) (best=0.8662, current=0.7996)
2026-04-02 14:32:24,299 - INFO - [large_3000] E030  train_loss=0.0062  val_loss=0.0286  val_AUROC=0.8023  valid_labels=30/150
2026-04-02 14:32:24,300 - INFO - EarlyStopping: no improvement for 9/10 epoch(s) (best=0.8662, current=0.8023)
2026-04-02 14:33:08,119 - INFO - [large_3000] E031  train_loss=0.0059  val_loss=0.0288  val_AUROC=0.8158  valid_labels=30/150
2026-04-02 14:33:08,119 - INFO - EarlyStopping: no improvement for 10/10 epoch(s) (best=0.8662, current=0.8158)
2026-04-02 14:33:08,120 - INFO - EarlyStopping triggered. Best val AUROC: 0.8662
2026-04-02 14:33:08,121 - INFO -   Early stopping triggered at epoch 31.
2026-04-02 14:33:08,122 - INFO - [large_3000] Training done | best val AUROC: 0.8662
2026-04-02 14:33:08,273 - INFO - [large_3000] Reloaded best checkpoint (epoch 21)
2026-04-02 14:33:43,599 - INFO - [large_3000_test] Valid labels: 38 / 150 | Macro AUROC: 0.8194
2026-04-02 14:33:43,974 - INFO - [large_3000_test] ROC plot saved: ./res/ablation_resnet/large_3000\large_3000_test_roc_curves.png
2026-04-02 14:33:43,975 - INFO - [large_3000] SUMMARY: {'experiment': 'large_3000', 'model_size': 'large', 'n_train_requested': '3000', 'n_train_actual': 3000, 'n_val': 766, 'n_test': 1941, 'total_params': 8901398, 'trainable_params': 8901398, 'best_val_AUROC': np.float64(0.8662), 'test_macro_AUROC': np.float64(0.8194)}
2026-04-02 14:33:43,978 - INFO - 
======================================================================
EXPERIMENT: large_1000
======================================================================
2026-04-02 14:33:43,980 - INFO -   Subsampled training set: 1000 / 6690 records
2026-04-02 14:33:44,098 - INFO -   Model size      : large
2026-04-02 14:33:44,098 - INFO -   Channels        : [64, 128, 256, 512]
2026-04-02 14:33:44,099 - INFO -   Total params    : 8,901,398
2026-04-02 14:33:44,099 - INFO -   Trainable params: 8,901,398
2026-04-02 14:33:44,099 - INFO -   Train samples   : 1000
2026-04-02 14:34:04,260 - INFO - [large_1000] E001  train_loss=0.1157  val_loss=0.0334  val_AUROC=0.6863  valid_labels=30/150
2026-04-02 14:34:04,426 - INFO -   [SAVED] large_1000_epoch1_auroc0.6863.pth
2026-04-02 14:34:24,287 - INFO - [large_1000] E002  train_loss=0.0280  val_loss=0.0285  val_AUROC=0.7403  valid_labels=30/150
2026-04-02 14:34:24,445 - INFO -   [SAVED] large_1000_epoch2_auroc0.7403.pth
2026-04-02 14:34:44,657 - INFO - [large_1000] E003  train_loss=0.0259  val_loss=0.0279  val_AUROC=0.7561  valid_labels=30/150
2026-04-02 14:34:44,810 - INFO -   [SAVED] large_1000_epoch3_auroc0.7561.pth
2026-04-02 14:35:05,199 - INFO - [large_1000] E004  train_loss=0.0250  val_loss=0.0260  val_AUROC=0.7582  valid_labels=30/150
2026-04-02 14:35:05,379 - INFO -   [SAVED] large_1000_epoch4_auroc0.7582.pth
2026-04-02 14:35:25,789 - INFO - [large_1000] E005  train_loss=0.0241  val_loss=0.0279  val_AUROC=0.7722  valid_labels=30/150
2026-04-02 14:35:25,968 - INFO -   [SAVED] large_1000_epoch5_auroc0.7722.pth
2026-04-02 14:35:46,918 - INFO - [large_1000] E006  train_loss=0.0232  val_loss=0.0266  val_AUROC=0.7929  valid_labels=30/150
2026-04-02 14:35:47,069 - INFO -   [SAVED] large_1000_epoch6_auroc0.7929.pth
2026-04-02 14:36:07,653 - INFO - [large_1000] E007  train_loss=0.0221  val_loss=0.0270  val_AUROC=0.7840  valid_labels=30/150
2026-04-02 14:36:07,654 - INFO - EarlyStopping: no improvement for 1/10 epoch(s) (best=0.7929, current=0.7840)
2026-04-02 14:36:27,955 - INFO - [large_1000] E008  train_loss=0.0222  val_loss=0.0265  val_AUROC=0.7975  valid_labels=30/150
2026-04-02 14:36:28,108 - INFO -   [SAVED] large_1000_epoch8_auroc0.7975.pth
2026-04-02 14:36:47,958 - INFO - [large_1000] E009  train_loss=0.0214  val_loss=0.0262  val_AUROC=0.7904  valid_labels=30/150
2026-04-02 14:36:47,959 - INFO - EarlyStopping: no improvement for 1/10 epoch(s) (best=0.7975, current=0.7904)
2026-04-02 14:37:08,730 - INFO - [large_1000] E010  train_loss=0.0208  val_loss=0.0258  val_AUROC=0.7702  valid_labels=30/150
2026-04-02 14:37:08,730 - INFO - EarlyStopping: no improvement for 2/10 epoch(s) (best=0.7975, current=0.7702)
2026-04-02 14:37:28,027 - INFO - [large_1000] E011  train_loss=0.0200  val_loss=0.0266  val_AUROC=0.7665  valid_labels=30/150
2026-04-02 14:37:28,028 - INFO - EarlyStopping: no improvement for 3/10 epoch(s) (best=0.7975, current=0.7665)
2026-04-02 14:37:48,077 - INFO - [large_1000] E012  train_loss=0.0196  val_loss=0.0247  val_AUROC=0.7737  valid_labels=30/150
2026-04-02 14:37:48,077 - INFO - EarlyStopping: no improvement for 4/10 epoch(s) (best=0.7975, current=0.7737)
2026-04-02 14:38:07,134 - INFO - [large_1000] E013  train_loss=0.0187  val_loss=0.0257  val_AUROC=0.7282  valid_labels=30/150
2026-04-02 14:38:07,134 - INFO - EarlyStopping: no improvement for 5/10 epoch(s) (best=0.7975, current=0.7282)
2026-04-02 14:38:27,299 - INFO - [large_1000] E014  train_loss=0.0190  val_loss=0.0290  val_AUROC=0.7992  valid_labels=30/150
2026-04-02 14:38:27,453 - INFO -   [SAVED] large_1000_epoch14_auroc0.7992.pth
2026-04-02 14:38:47,869 - INFO - [large_1000] E015  train_loss=0.0174  val_loss=0.0248  val_AUROC=0.7459  valid_labels=30/150
2026-04-02 14:38:47,870 - INFO - EarlyStopping: no improvement for 1/10 epoch(s) (best=0.7992, current=0.7459)
2026-04-02 14:39:07,709 - INFO - [large_1000] E016  train_loss=0.0172  val_loss=0.0253  val_AUROC=0.7967  valid_labels=30/150
2026-04-02 14:39:07,709 - INFO - EarlyStopping: no improvement for 2/10 epoch(s) (best=0.7992, current=0.7967)
2026-04-02 14:39:28,244 - INFO - [large_1000] E017  train_loss=0.0169  val_loss=0.0254  val_AUROC=0.7993  valid_labels=30/150
2026-04-02 14:39:28,410 - INFO -   [SAVED] large_1000_epoch17_auroc0.7993.pth
2026-04-02 14:39:28,410 - INFO - EarlyStopping: no improvement for 3/10 epoch(s) (best=0.7992, current=0.7993)
2026-04-02 14:39:48,725 - INFO - [large_1000] E018  train_loss=0.0159  val_loss=0.0268  val_AUROC=0.7575  valid_labels=30/150
2026-04-02 14:39:48,725 - INFO - EarlyStopping: no improvement for 4/10 epoch(s) (best=0.7992, current=0.7575)
2026-04-02 14:40:09,514 - INFO - [large_1000] E019  train_loss=0.0164  val_loss=0.0265  val_AUROC=0.7604  valid_labels=30/150
2026-04-02 14:40:09,514 - INFO - EarlyStopping: no improvement for 5/10 epoch(s) (best=0.7992, current=0.7604)
2026-04-02 14:40:29,823 - INFO - [large_1000] E020  train_loss=0.0152  val_loss=0.0275  val_AUROC=0.7275  valid_labels=30/150
2026-04-02 14:40:29,824 - INFO -   LR: 1.00e-03 → 5.00e-04
2026-04-02 14:40:29,824 - INFO - EarlyStopping: no improvement for 6/10 epoch(s) (best=0.7992, current=0.7275)
2026-04-02 14:40:50,486 - INFO - [large_1000] E021  train_loss=0.0137  val_loss=0.0251  val_AUROC=0.7512  valid_labels=30/150
2026-04-02 14:40:50,487 - INFO - EarlyStopping: no improvement for 7/10 epoch(s) (best=0.7992, current=0.7512)
2026-04-02 14:41:11,000 - INFO - [large_1000] E022  train_loss=0.0119  val_loss=0.0259  val_AUROC=0.7445  valid_labels=30/150
2026-04-02 14:41:11,001 - INFO - EarlyStopping: no improvement for 8/10 epoch(s) (best=0.7992, current=0.7445)
2026-04-02 14:41:31,395 - INFO - [large_1000] E023  train_loss=0.0114  val_loss=0.0293  val_AUROC=0.7531  valid_labels=30/150
2026-04-02 14:41:31,395 - INFO - EarlyStopping: no improvement for 9/10 epoch(s) (best=0.7992, current=0.7531)
2026-04-02 14:41:51,704 - INFO - [large_1000] E024  train_loss=0.0115  val_loss=0.0257  val_AUROC=0.7410  valid_labels=30/150
2026-04-02 14:41:51,705 - INFO - EarlyStopping: no improvement for 10/10 epoch(s) (best=0.7992, current=0.7410)
2026-04-02 14:41:51,705 - INFO - EarlyStopping triggered. Best val AUROC: 0.7992
2026-04-02 14:41:51,705 - INFO -   Early stopping triggered at epoch 24.
2026-04-02 14:41:51,706 - INFO - [large_1000] Training done | best val AUROC: 0.7993
2026-04-02 14:41:51,841 - INFO - [large_1000] Reloaded best checkpoint (epoch 17)
2026-04-02 14:42:26,711 - INFO - [large_1000_test] Valid labels: 38 / 150 | Macro AUROC: 0.7352
2026-04-02 14:42:27,070 - INFO - [large_1000_test] ROC plot saved: ./res/ablation_resnet/large_1000\large_1000_test_roc_curves.png
2026-04-02 14:42:27,071 - INFO - [large_1000] SUMMARY: {'experiment': 'large_1000', 'model_size': 'large', 'n_train_requested': '1000', 'n_train_actual': 1000, 'n_val': 766, 'n_test': 1941, 'total_params': 8901398, 'trainable_params': 8901398, 'best_val_AUROC': np.float64(0.7993), 'test_macro_AUROC': np.float64(0.7352)}
2026-04-02 14:42:27,073 - INFO - 
======================================================================
EXPERIMENT: large_500
======================================================================
2026-04-02 14:42:27,075 - INFO -   Subsampled training set: 500 / 6690 records
2026-04-02 14:42:27,183 - INFO -   Model size      : large
2026-04-02 14:42:27,183 - INFO -   Channels        : [64, 128, 256, 512]
2026-04-02 14:42:27,184 - INFO -   Total params    : 8,901,398
2026-04-02 14:42:27,184 - INFO -   Trainable params: 8,901,398
2026-04-02 14:42:27,184 - INFO -   Train samples   : 500
2026-04-02 14:42:42,260 - INFO - [large_500] E001  train_loss=0.2004  val_loss=0.0428  val_AUROC=0.6759  valid_labels=30/150
2026-04-02 14:42:42,418 - INFO -   [SAVED] large_500_epoch1_auroc0.6759.pth
2026-04-02 14:42:57,126 - INFO - [large_500] E002  train_loss=0.0297  val_loss=0.0327  val_AUROC=0.6758  valid_labels=30/150
2026-04-02 14:42:57,127 - INFO - EarlyStopping: no improvement for 1/10 epoch(s) (best=0.6759, current=0.6758)
2026-04-02 14:43:10,672 - INFO - [large_500] E003  train_loss=0.0266  val_loss=0.0304  val_AUROC=0.6456  valid_labels=30/150
2026-04-02 14:43:10,672 - INFO - EarlyStopping: no improvement for 2/10 epoch(s) (best=0.6759, current=0.6456)
2026-04-02 14:43:24,385 - INFO - [large_500] E004  train_loss=0.0254  val_loss=0.0295  val_AUROC=0.6438  valid_labels=30/150
2026-04-02 14:43:24,386 - INFO - EarlyStopping: no improvement for 3/10 epoch(s) (best=0.6759, current=0.6438)
2026-04-02 14:43:38,596 - INFO - [large_500] E005  train_loss=0.0245  val_loss=0.0292  val_AUROC=0.5802  valid_labels=30/150
2026-04-02 14:43:38,596 - INFO - EarlyStopping: no improvement for 4/10 epoch(s) (best=0.6759, current=0.5802)
2026-04-02 14:43:52,770 - INFO - [large_500] E006  train_loss=0.0233  val_loss=0.0273  val_AUROC=0.6661  valid_labels=30/150
2026-04-02 14:43:52,771 - INFO - EarlyStopping: no improvement for 5/10 epoch(s) (best=0.6759, current=0.6661)
2026-04-02 14:44:07,552 - INFO - [large_500] E007  train_loss=0.0221  val_loss=0.0281  val_AUROC=0.6831  valid_labels=30/150
2026-04-02 14:44:07,715 - INFO -   [SAVED] large_500_epoch7_auroc0.6831.pth
2026-04-02 14:44:21,382 - INFO - [large_500] E008  train_loss=0.0210  val_loss=0.0277  val_AUROC=0.6574  valid_labels=30/150
2026-04-02 14:44:21,382 - INFO - EarlyStopping: no improvement for 1/10 epoch(s) (best=0.6831, current=0.6574)
2026-04-02 14:44:35,100 - INFO - [large_500] E009  train_loss=0.0203  val_loss=0.0270  val_AUROC=0.7027  valid_labels=30/150
2026-04-02 14:44:35,274 - INFO -   [SAVED] large_500_epoch9_auroc0.7027.pth
2026-04-02 14:44:50,197 - INFO - [large_500] E010  train_loss=0.0200  val_loss=0.0300  val_AUROC=0.7006  valid_labels=30/150
2026-04-02 14:44:50,198 - INFO - EarlyStopping: no improvement for 1/10 epoch(s) (best=0.7027, current=0.7006)
2026-04-02 14:45:03,929 - INFO - [large_500] E011  train_loss=0.0189  val_loss=0.0353  val_AUROC=0.7228  valid_labels=30/150
2026-04-02 14:45:04,080 - INFO -   [SAVED] large_500_epoch11_auroc0.7228.pth
2026-04-02 14:45:18,722 - INFO - [large_500] E012  train_loss=0.0189  val_loss=0.0285  val_AUROC=0.7035  valid_labels=30/150
2026-04-02 14:45:18,722 - INFO - EarlyStopping: no improvement for 1/10 epoch(s) (best=0.7228, current=0.7035)
2026-04-02 14:45:33,082 - INFO - [large_500] E013  train_loss=0.0185  val_loss=0.0291  val_AUROC=0.6895  valid_labels=30/150
2026-04-02 14:45:33,083 - INFO - EarlyStopping: no improvement for 2/10 epoch(s) (best=0.7228, current=0.6895)
2026-04-02 14:45:47,645 - INFO - [large_500] E014  train_loss=0.0181  val_loss=0.0304  val_AUROC=0.6729  valid_labels=30/150
2026-04-02 14:45:47,646 - INFO - EarlyStopping: no improvement for 3/10 epoch(s) (best=0.7228, current=0.6729)
2026-04-02 14:46:02,392 - INFO - [large_500] E015  train_loss=0.0166  val_loss=0.0270  val_AUROC=0.6776  valid_labels=30/150
2026-04-02 14:46:02,392 - INFO - EarlyStopping: no improvement for 4/10 epoch(s) (best=0.7228, current=0.6776)
2026-04-02 14:46:17,065 - INFO - [large_500] E016  train_loss=0.0154  val_loss=0.0295  val_AUROC=0.6594  valid_labels=30/150
2026-04-02 14:46:17,066 - INFO - EarlyStopping: no improvement for 5/10 epoch(s) (best=0.7228, current=0.6594)
2026-04-02 14:46:30,702 - INFO - [large_500] E017  train_loss=0.0164  val_loss=0.0327  val_AUROC=0.6517  valid_labels=30/150
2026-04-02 14:46:30,702 - INFO -   LR: 1.00e-03 → 5.00e-04
2026-04-02 14:46:30,703 - INFO - EarlyStopping: no improvement for 6/10 epoch(s) (best=0.7228, current=0.6517)
2026-04-02 14:46:45,032 - INFO - [large_500] E018  train_loss=0.0140  val_loss=0.0282  val_AUROC=0.7268  valid_labels=30/150
2026-04-02 14:46:45,198 - INFO -   [SAVED] large_500_epoch18_auroc0.7268.pth
2026-04-02 14:46:59,856 - INFO - [large_500] E019  train_loss=0.0121  val_loss=0.0302  val_AUROC=0.6282  valid_labels=30/150
2026-04-02 14:46:59,857 - INFO - EarlyStopping: no improvement for 1/10 epoch(s) (best=0.7268, current=0.6282)
2026-04-02 14:47:13,734 - INFO - [large_500] E020  train_loss=0.0111  val_loss=0.0301  val_AUROC=0.6491  valid_labels=30/150
2026-04-02 14:47:13,735 - INFO - EarlyStopping: no improvement for 2/10 epoch(s) (best=0.7268, current=0.6491)
2026-04-02 14:47:28,381 - INFO - [large_500] E021  train_loss=0.0109  val_loss=0.0294  val_AUROC=0.6502  valid_labels=30/150
2026-04-02 14:47:28,382 - INFO - EarlyStopping: no improvement for 3/10 epoch(s) (best=0.7268, current=0.6502)
2026-04-02 14:47:43,117 - INFO - [large_500] E022  train_loss=0.0096  val_loss=0.0340  val_AUROC=0.6732  valid_labels=30/150
2026-04-02 14:47:43,117 - INFO - EarlyStopping: no improvement for 4/10 epoch(s) (best=0.7268, current=0.6732)
2026-04-02 14:47:57,482 - INFO - [large_500] E023  train_loss=0.0097  val_loss=0.0346  val_AUROC=0.6839  valid_labels=30/150
2026-04-02 14:47:57,483 - INFO - EarlyStopping: no improvement for 5/10 epoch(s) (best=0.7268, current=0.6839)
2026-04-02 14:48:12,291 - INFO - [large_500] E024  train_loss=0.0089  val_loss=0.0353  val_AUROC=0.6231  valid_labels=30/150
2026-04-02 14:48:12,292 - INFO -   LR: 5.00e-04 → 2.50e-04
2026-04-02 14:48:12,292 - INFO - EarlyStopping: no improvement for 6/10 epoch(s) (best=0.7268, current=0.6231)
2026-04-02 14:48:27,144 - INFO - [large_500] E025  train_loss=0.0075  val_loss=0.0314  val_AUROC=0.6496  valid_labels=30/150
2026-04-02 14:48:27,145 - INFO - EarlyStopping: no improvement for 7/10 epoch(s) (best=0.7268, current=0.6496)
2026-04-02 14:48:41,642 - INFO - [large_500] E026  train_loss=0.0060  val_loss=0.0320  val_AUROC=0.6843  valid_labels=30/150
2026-04-02 14:48:41,643 - INFO - EarlyStopping: no improvement for 8/10 epoch(s) (best=0.7268, current=0.6843)
2026-04-02 14:48:56,628 - INFO - [large_500] E027  train_loss=0.0055  val_loss=0.0337  val_AUROC=0.6493  valid_labels=30/150
2026-04-02 14:48:56,629 - INFO - EarlyStopping: no improvement for 9/10 epoch(s) (best=0.7268, current=0.6493)
2026-04-02 14:49:11,024 - INFO - [large_500] E028  train_loss=0.0058  val_loss=0.0349  val_AUROC=0.6726  valid_labels=30/150
2026-04-02 14:49:11,024 - INFO - EarlyStopping: no improvement for 10/10 epoch(s) (best=0.7268, current=0.6726)
2026-04-02 14:49:11,025 - INFO - EarlyStopping triggered. Best val AUROC: 0.7268
2026-04-02 14:49:11,025 - INFO -   Early stopping triggered at epoch 28.
2026-04-02 14:49:11,025 - INFO - [large_500] Training done | best val AUROC: 0.7268
2026-04-02 14:49:11,179 - INFO - [large_500] Reloaded best checkpoint (epoch 18)
2026-04-02 14:49:46,234 - INFO - [large_500_test] Valid labels: 38 / 150 | Macro AUROC: 0.6638
2026-04-02 14:49:46,597 - INFO - [large_500_test] ROC plot saved: ./res/ablation_resnet/large_500\large_500_test_roc_curves.png
2026-04-02 14:49:46,598 - INFO - [large_500] SUMMARY: {'experiment': 'large_500', 'model_size': 'large', 'n_train_requested': '500', 'n_train_actual': 500, 'n_val': 766, 'n_test': 1941, 'total_params': 8901398, 'trainable_params': 8901398, 'best_val_AUROC': np.float64(0.7268), 'test_macro_AUROC': np.float64(0.6638)}
2026-04-02 14:49:46,600 - INFO - 
======================================================================
EXPERIMENT: medium_full
======================================================================
2026-04-02 14:49:46,601 - INFO -   Using full training set: 6690 records
2026-04-02 14:49:46,645 - INFO -   Model size      : medium
2026-04-02 14:49:46,645 - INFO -   Channels        : [32, 64, 128, 256]
2026-04-02 14:49:46,646 - INFO -   Total params    : 2,249,942
2026-04-02 14:49:46,646 - INFO -   Trainable params: 2,249,942
2026-04-02 14:49:46,646 - INFO -   Train samples   : 6690
2026-04-02 14:51:07,998 - INFO - [medium_full] E001  train_loss=0.0490  val_loss=0.0276  val_AUROC=0.6452  valid_labels=30/150
2026-04-02 14:51:08,090 - INFO -   [SAVED] medium_full_epoch1_auroc0.6452.pth
2026-04-02 14:52:30,193 - INFO - [medium_full] E002  train_loss=0.0234  val_loss=0.0238  val_AUROC=0.8092  valid_labels=30/150
2026-04-02 14:52:30,276 - INFO -   [SAVED] medium_full_epoch2_auroc0.8092.pth
2026-04-02 14:53:55,646 - INFO - [medium_full] E003  train_loss=0.0218  val_loss=0.0249  val_AUROC=0.8379  valid_labels=30/150
2026-04-02 14:53:55,719 - INFO -   [SAVED] medium_full_epoch3_auroc0.8379.pth
2026-04-02 14:55:24,464 - INFO - [medium_full] E004  train_loss=0.0210  val_loss=0.0219  val_AUROC=0.8405  valid_labels=30/150
2026-04-02 14:55:24,552 - INFO -   [SAVED] medium_full_epoch4_auroc0.8405.pth
2026-04-02 14:56:43,463 - INFO - [medium_full] E005  train_loss=0.0204  val_loss=0.0214  val_AUROC=0.8630  valid_labels=30/150
2026-04-02 14:56:43,537 - INFO -   [SAVED] medium_full_epoch5_auroc0.8630.pth
2026-04-02 14:58:05,225 - INFO - [medium_full] E006  train_loss=0.0199  val_loss=0.0230  val_AUROC=0.8217  valid_labels=30/150
2026-04-02 14:58:05,225 - INFO - EarlyStopping: no improvement for 1/10 epoch(s) (best=0.8630, current=0.8217)
2026-04-02 14:59:29,517 - INFO - [medium_full] E007  train_loss=0.0194  val_loss=0.0226  val_AUROC=0.8450  valid_labels=30/150
2026-04-02 14:59:29,518 - INFO - EarlyStopping: no improvement for 2/10 epoch(s) (best=0.8630, current=0.8450)
2026-04-02 15:00:51,247 - INFO - [medium_full] E008  train_loss=0.0190  val_loss=0.0202  val_AUROC=0.8357  valid_labels=30/150
2026-04-02 15:00:51,247 - INFO - EarlyStopping: no improvement for 3/10 epoch(s) (best=0.8630, current=0.8357)
2026-04-02 15:02:14,325 - INFO - [medium_full] E009  train_loss=0.0185  val_loss=0.0209  val_AUROC=0.8688  valid_labels=30/150
2026-04-02 15:02:14,407 - INFO -   [SAVED] medium_full_epoch9_auroc0.8688.pth
2026-04-02 15:03:37,382 - INFO - [medium_full] E010  train_loss=0.0180  val_loss=0.0203  val_AUROC=0.8687  valid_labels=30/150
2026-04-02 15:03:37,382 - INFO - EarlyStopping: no improvement for 1/10 epoch(s) (best=0.8688, current=0.8687)
2026-04-02 15:04:59,046 - INFO - [medium_full] E011  train_loss=0.0177  val_loss=0.0231  val_AUROC=0.8567  valid_labels=30/150
2026-04-02 15:04:59,046 - INFO - EarlyStopping: no improvement for 2/10 epoch(s) (best=0.8688, current=0.8567)
2026-04-02 15:06:20,651 - INFO - [medium_full] E012  train_loss=0.0174  val_loss=0.0217  val_AUROC=0.8616  valid_labels=30/150
2026-04-02 15:06:20,652 - INFO - EarlyStopping: no improvement for 3/10 epoch(s) (best=0.8688, current=0.8616)
2026-04-02 15:07:44,784 - INFO - [medium_full] E013  train_loss=0.0171  val_loss=0.0208  val_AUROC=0.8529  valid_labels=30/150
2026-04-02 15:07:44,784 - INFO - EarlyStopping: no improvement for 4/10 epoch(s) (best=0.8688, current=0.8529)
2026-04-02 15:09:07,926 - INFO - [medium_full] E014  train_loss=0.0168  val_loss=0.0201  val_AUROC=0.8796  valid_labels=30/150
2026-04-02 15:09:08,001 - INFO -   [SAVED] medium_full_epoch14_auroc0.8796.pth
2026-04-02 15:10:30,665 - INFO - [medium_full] E015  train_loss=0.0166  val_loss=0.0193  val_AUROC=0.8609  valid_labels=30/150
2026-04-02 15:10:30,666 - INFO - EarlyStopping: no improvement for 1/10 epoch(s) (best=0.8796, current=0.8609)
2026-04-02 15:11:52,126 - INFO - [medium_full] E016  train_loss=0.0162  val_loss=0.0211  val_AUROC=0.8523  valid_labels=30/150
2026-04-02 15:11:52,127 - INFO - EarlyStopping: no improvement for 2/10 epoch(s) (best=0.8796, current=0.8523)
2026-04-02 15:13:14,793 - INFO - [medium_full] E017  train_loss=0.0160  val_loss=0.0211  val_AUROC=0.8730  valid_labels=30/150
2026-04-02 15:13:14,793 - INFO - EarlyStopping: no improvement for 3/10 epoch(s) (best=0.8796, current=0.8730)
2026-04-02 15:14:39,724 - INFO - [medium_full] E018  train_loss=0.0160  val_loss=0.0197  val_AUROC=0.8685  valid_labels=30/150
2026-04-02 15:14:39,724 - INFO - EarlyStopping: no improvement for 4/10 epoch(s) (best=0.8796, current=0.8685)
2026-04-02 15:16:01,720 - INFO - [medium_full] E019  train_loss=0.0153  val_loss=0.0201  val_AUROC=0.8570  valid_labels=30/150
2026-04-02 15:16:01,720 - INFO - EarlyStopping: no improvement for 5/10 epoch(s) (best=0.8796, current=0.8570)
2026-04-02 15:17:24,200 - INFO - [medium_full] E020  train_loss=0.0150  val_loss=0.0208  val_AUROC=0.8978  valid_labels=30/150
2026-04-02 15:17:24,276 - INFO -   [SAVED] medium_full_epoch20_auroc0.8978.pth
2026-04-02 15:18:46,719 - INFO - [medium_full] E021  train_loss=0.0148  val_loss=0.0201  val_AUROC=0.8779  valid_labels=30/150
2026-04-02 15:18:46,720 - INFO - EarlyStopping: no improvement for 1/10 epoch(s) (best=0.8978, current=0.8779)
2026-04-02 15:20:09,382 - INFO - [medium_full] E022  train_loss=0.0144  val_loss=0.0218  val_AUROC=0.8853  valid_labels=30/150
2026-04-02 15:20:09,382 - INFO - EarlyStopping: no improvement for 2/10 epoch(s) (best=0.8978, current=0.8853)
2026-04-02 15:21:31,366 - INFO - [medium_full] E023  train_loss=0.0144  val_loss=0.0207  val_AUROC=0.8748  valid_labels=30/150
2026-04-02 15:21:31,366 - INFO - EarlyStopping: no improvement for 3/10 epoch(s) (best=0.8978, current=0.8748)
2026-04-02 15:22:51,668 - INFO - [medium_full] E024  train_loss=0.0140  val_loss=0.0218  val_AUROC=0.8899  valid_labels=30/150
2026-04-02 15:22:51,668 - INFO - EarlyStopping: no improvement for 4/10 epoch(s) (best=0.8978, current=0.8899)
2026-04-02 15:24:14,489 - INFO - [medium_full] E025  train_loss=0.0137  val_loss=0.0213  val_AUROC=0.8596  valid_labels=30/150
2026-04-02 15:24:14,490 - INFO - EarlyStopping: no improvement for 5/10 epoch(s) (best=0.8978, current=0.8596)
2026-04-02 15:25:37,495 - INFO - [medium_full] E026  train_loss=0.0134  val_loss=0.0228  val_AUROC=0.8771  valid_labels=30/150
2026-04-02 15:25:37,496 - INFO -   LR: 1.00e-03 → 5.00e-04
2026-04-02 15:25:37,496 - INFO - EarlyStopping: no improvement for 6/10 epoch(s) (best=0.8978, current=0.8771)
2026-04-02 15:27:00,282 - INFO - [medium_full] E027  train_loss=0.0116  val_loss=0.0216  val_AUROC=0.8750  valid_labels=30/150
2026-04-02 15:27:00,282 - INFO - EarlyStopping: no improvement for 7/10 epoch(s) (best=0.8978, current=0.8750)
2026-04-02 15:28:22,270 - INFO - [medium_full] E028  train_loss=0.0110  val_loss=0.0224  val_AUROC=0.8602  valid_labels=30/150
2026-04-02 15:28:22,271 - INFO - EarlyStopping: no improvement for 8/10 epoch(s) (best=0.8978, current=0.8602)
2026-04-02 15:29:42,718 - INFO - [medium_full] E029  train_loss=0.0109  val_loss=0.0223  val_AUROC=0.8765  valid_labels=30/150
2026-04-02 15:29:42,718 - INFO - EarlyStopping: no improvement for 9/10 epoch(s) (best=0.8978, current=0.8765)
2026-04-02 15:31:08,377 - INFO - [medium_full] E030  train_loss=0.0101  val_loss=0.0237  val_AUROC=0.8695  valid_labels=30/150
2026-04-02 15:31:08,377 - INFO - EarlyStopping: no improvement for 10/10 epoch(s) (best=0.8978, current=0.8695)
2026-04-02 15:31:08,378 - INFO - EarlyStopping triggered. Best val AUROC: 0.8978
2026-04-02 15:31:08,378 - INFO -   Early stopping triggered at epoch 30.
2026-04-02 15:31:08,378 - INFO - [medium_full] Training done | best val AUROC: 0.8978
2026-04-02 15:31:08,474 - INFO - [medium_full] Reloaded best checkpoint (epoch 20)
2026-04-02 15:31:40,350 - INFO - [medium_full_test] Valid labels: 38 / 150 | Macro AUROC: 0.8739
2026-04-02 15:31:40,735 - INFO - [medium_full_test] ROC plot saved: ./res/ablation_resnet/medium_full\medium_full_test_roc_curves.png
2026-04-02 15:31:40,735 - INFO - [medium_full] SUMMARY: {'experiment': 'medium_full', 'model_size': 'medium', 'n_train_requested': 'full', 'n_train_actual': 6690, 'n_val': 766, 'n_test': 1941, 'total_params': 2249942, 'trainable_params': 2249942, 'best_val_AUROC': np.float64(0.8978), 'test_macro_AUROC': np.float64(0.8739)}
2026-04-02 15:31:40,739 - INFO - 
======================================================================
EXPERIMENT: medium_3000
======================================================================
2026-04-02 15:31:40,744 - INFO -   Subsampled training set: 3000 / 6690 records
2026-04-02 15:31:40,791 - INFO -   Model size      : medium
2026-04-02 15:31:40,791 - INFO -   Channels        : [32, 64, 128, 256]
2026-04-02 15:31:40,791 - INFO -   Total params    : 2,249,942
2026-04-02 15:31:40,792 - INFO -   Trainable params: 2,249,942
2026-04-02 15:31:40,792 - INFO -   Train samples   : 3000
2026-04-02 15:32:22,397 - INFO - [medium_3000] E001  train_loss=0.0768  val_loss=0.0298  val_AUROC=0.7249  valid_labels=30/150
2026-04-02 15:32:22,470 - INFO -   [SAVED] medium_3000_epoch1_auroc0.7249.pth
2026-04-02 15:33:02,444 - INFO - [medium_3000] E002  train_loss=0.0265  val_loss=0.0268  val_AUROC=0.7414  valid_labels=30/150
2026-04-02 15:33:02,516 - INFO -   [SAVED] medium_3000_epoch2_auroc0.7414.pth
2026-04-02 15:33:44,854 - INFO - [medium_3000] E003  train_loss=0.0244  val_loss=0.0260  val_AUROC=0.7275  valid_labels=30/150
2026-04-02 15:33:44,854 - INFO - EarlyStopping: no improvement for 1/10 epoch(s) (best=0.7414, current=0.7275)
2026-04-02 15:34:25,382 - INFO - [medium_3000] E004  train_loss=0.0231  val_loss=0.0262  val_AUROC=0.7312  valid_labels=30/150
2026-04-02 15:34:25,382 - INFO - EarlyStopping: no improvement for 2/10 epoch(s) (best=0.7414, current=0.7312)
2026-04-02 15:35:04,450 - INFO - [medium_3000] E005  train_loss=0.0222  val_loss=0.0233  val_AUROC=0.7709  valid_labels=30/150
2026-04-02 15:35:04,528 - INFO -   [SAVED] medium_3000_epoch5_auroc0.7709.pth
2026-04-02 15:35:45,457 - INFO - [medium_3000] E006  train_loss=0.0211  val_loss=0.0231  val_AUROC=0.7859  valid_labels=30/150
2026-04-02 15:35:45,552 - INFO -   [SAVED] medium_3000_epoch6_auroc0.7859.pth
2026-04-02 15:36:26,692 - INFO - [medium_3000] E007  train_loss=0.0208  val_loss=0.0230  val_AUROC=0.8156  valid_labels=30/150
2026-04-02 15:36:26,763 - INFO -   [SAVED] medium_3000_epoch7_auroc0.8156.pth
2026-04-02 15:37:08,003 - INFO - [medium_3000] E008  train_loss=0.0199  val_loss=0.0225  val_AUROC=0.8263  valid_labels=30/150
2026-04-02 15:37:08,082 - INFO -   [SAVED] medium_3000_epoch8_auroc0.8263.pth
2026-04-02 15:37:47,738 - INFO - [medium_3000] E009  train_loss=0.0195  val_loss=0.0229  val_AUROC=0.8072  valid_labels=30/150
2026-04-02 15:37:47,738 - INFO - EarlyStopping: no improvement for 1/10 epoch(s) (best=0.8263, current=0.8072)
2026-04-02 15:38:29,614 - INFO - [medium_3000] E010  train_loss=0.0189  val_loss=0.0226  val_AUROC=0.8109  valid_labels=30/150
2026-04-02 15:38:29,615 - INFO - EarlyStopping: no improvement for 2/10 epoch(s) (best=0.8263, current=0.8109)
2026-04-02 15:39:10,314 - INFO - [medium_3000] E011  train_loss=0.0185  val_loss=0.0217  val_AUROC=0.8511  valid_labels=30/150
2026-04-02 15:39:10,388 - INFO -   [SAVED] medium_3000_epoch11_auroc0.8511.pth
2026-04-02 15:39:51,702 - INFO - [medium_3000] E012  train_loss=0.0182  val_loss=0.0216  val_AUROC=0.8142  valid_labels=30/150
2026-04-02 15:39:51,703 - INFO - EarlyStopping: no improvement for 1/10 epoch(s) (best=0.8511, current=0.8142)
2026-04-02 15:40:33,583 - INFO - [medium_3000] E013  train_loss=0.0178  val_loss=0.0231  val_AUROC=0.8257  valid_labels=30/150
2026-04-02 15:40:33,583 - INFO - EarlyStopping: no improvement for 2/10 epoch(s) (best=0.8511, current=0.8257)
2026-04-02 15:41:15,854 - INFO - [medium_3000] E014  train_loss=0.0176  val_loss=0.0230  val_AUROC=0.8289  valid_labels=30/150
2026-04-02 15:41:15,855 - INFO - EarlyStopping: no improvement for 3/10 epoch(s) (best=0.8511, current=0.8289)
2026-04-02 15:41:56,216 - INFO - [medium_3000] E015  train_loss=0.0173  val_loss=0.0229  val_AUROC=0.8310  valid_labels=30/150
2026-04-02 15:41:56,216 - INFO - EarlyStopping: no improvement for 4/10 epoch(s) (best=0.8511, current=0.8310)
2026-04-02 15:42:37,783 - INFO - [medium_3000] E016  train_loss=0.0172  val_loss=0.0233  val_AUROC=0.8263  valid_labels=30/150
2026-04-02 15:42:37,784 - INFO - EarlyStopping: no improvement for 5/10 epoch(s) (best=0.8511, current=0.8263)
2026-04-02 15:43:18,837 - INFO - [medium_3000] E017  train_loss=0.0166  val_loss=0.0221  val_AUROC=0.8393  valid_labels=30/150
2026-04-02 15:43:18,837 - INFO -   LR: 1.00e-03 → 5.00e-04
2026-04-02 15:43:18,838 - INFO - EarlyStopping: no improvement for 6/10 epoch(s) (best=0.8511, current=0.8393)
2026-04-02 15:43:59,205 - INFO - [medium_3000] E018  train_loss=0.0149  val_loss=0.0215  val_AUROC=0.8558  valid_labels=30/150
2026-04-02 15:43:59,283 - INFO -   [SAVED] medium_3000_epoch18_auroc0.8558.pth
2026-04-02 15:44:39,984 - INFO - [medium_3000] E019  train_loss=0.0142  val_loss=0.0225  val_AUROC=0.8618  valid_labels=30/150
2026-04-02 15:44:40,060 - INFO -   [SAVED] medium_3000_epoch19_auroc0.8618.pth
2026-04-02 15:45:21,360 - INFO - [medium_3000] E020  train_loss=0.0138  val_loss=0.0223  val_AUROC=0.8574  valid_labels=30/150
2026-04-02 15:45:21,361 - INFO - EarlyStopping: no improvement for 1/10 epoch(s) (best=0.8618, current=0.8574)
2026-04-02 15:46:03,109 - INFO - [medium_3000] E021  train_loss=0.0136  val_loss=0.0230  val_AUROC=0.8760  valid_labels=30/150
2026-04-02 15:46:03,187 - INFO -   [SAVED] medium_3000_epoch21_auroc0.8760.pth
2026-04-02 15:46:44,283 - INFO - [medium_3000] E022  train_loss=0.0132  val_loss=0.0224  val_AUROC=0.8544  valid_labels=30/150
2026-04-02 15:46:44,283 - INFO - EarlyStopping: no improvement for 1/10 epoch(s) (best=0.8760, current=0.8544)
2026-04-02 15:47:26,584 - INFO - [medium_3000] E023  train_loss=0.0126  val_loss=0.0229  val_AUROC=0.8667  valid_labels=30/150
2026-04-02 15:47:26,584 - INFO - EarlyStopping: no improvement for 2/10 epoch(s) (best=0.8760, current=0.8667)
2026-04-02 15:48:06,669 - INFO - [medium_3000] E024  train_loss=0.0120  val_loss=0.0242  val_AUROC=0.8272  valid_labels=30/150
2026-04-02 15:48:06,669 - INFO - EarlyStopping: no improvement for 3/10 epoch(s) (best=0.8760, current=0.8272)
2026-04-02 15:48:47,758 - INFO - [medium_3000] E025  train_loss=0.0118  val_loss=0.0244  val_AUROC=0.8421  valid_labels=30/150
2026-04-02 15:48:47,758 - INFO - EarlyStopping: no improvement for 4/10 epoch(s) (best=0.8760, current=0.8421)
2026-04-02 15:49:28,574 - INFO - [medium_3000] E026  train_loss=0.0111  val_loss=0.0252  val_AUROC=0.8275  valid_labels=30/150
2026-04-02 15:49:28,574 - INFO - EarlyStopping: no improvement for 5/10 epoch(s) (best=0.8760, current=0.8275)
2026-04-02 15:50:09,596 - INFO - [medium_3000] E027  train_loss=0.0108  val_loss=0.0249  val_AUROC=0.8612  valid_labels=30/150
2026-04-02 15:50:09,596 - INFO -   LR: 5.00e-04 → 2.50e-04
2026-04-02 15:50:09,597 - INFO - EarlyStopping: no improvement for 6/10 epoch(s) (best=0.8760, current=0.8612)
2026-04-02 15:50:49,332 - INFO - [medium_3000] E028  train_loss=0.0090  val_loss=0.0251  val_AUROC=0.8512  valid_labels=30/150
2026-04-02 15:50:49,332 - INFO - EarlyStopping: no improvement for 7/10 epoch(s) (best=0.8760, current=0.8512)
2026-04-02 15:51:30,156 - INFO - [medium_3000] E029  train_loss=0.0080  val_loss=0.0263  val_AUROC=0.8211  valid_labels=30/150
2026-04-02 15:51:30,157 - INFO - EarlyStopping: no improvement for 8/10 epoch(s) (best=0.8760, current=0.8211)
2026-04-02 15:52:10,090 - INFO - [medium_3000] E030  train_loss=0.0075  val_loss=0.0272  val_AUROC=0.8406  valid_labels=30/150
2026-04-02 15:52:10,091 - INFO - EarlyStopping: no improvement for 9/10 epoch(s) (best=0.8760, current=0.8406)
2026-04-02 15:52:50,552 - INFO - [medium_3000] E031  train_loss=0.0072  val_loss=0.0260  val_AUROC=0.8399  valid_labels=30/150
2026-04-02 15:52:50,553 - INFO - EarlyStopping: no improvement for 10/10 epoch(s) (best=0.8760, current=0.8399)
2026-04-02 15:52:50,553 - INFO - EarlyStopping triggered. Best val AUROC: 0.8760
2026-04-02 15:52:50,553 - INFO -   Early stopping triggered at epoch 31.
2026-04-02 15:52:50,554 - INFO - [medium_3000] Training done | best val AUROC: 0.8760
2026-04-02 15:52:50,632 - INFO - [medium_3000] Reloaded best checkpoint (epoch 21)
2026-04-02 15:53:22,303 - INFO - [medium_3000_test] Valid labels: 38 / 150 | Macro AUROC: 0.8239
2026-04-02 15:53:22,669 - INFO - [medium_3000_test] ROC plot saved: ./res/ablation_resnet/medium_3000\medium_3000_test_roc_curves.png
2026-04-02 15:53:22,669 - INFO - [medium_3000] SUMMARY: {'experiment': 'medium_3000', 'model_size': 'medium', 'n_train_requested': '3000', 'n_train_actual': 3000, 'n_val': 766, 'n_test': 1941, 'total_params': 2249942, 'trainable_params': 2249942, 'best_val_AUROC': np.float64(0.876), 'test_macro_AUROC': np.float64(0.8239)}
2026-04-02 15:53:22,671 - INFO - 
======================================================================
EXPERIMENT: medium_1000
======================================================================
2026-04-02 15:53:22,673 - INFO -   Subsampled training set: 1000 / 6690 records
2026-04-02 15:53:22,718 - INFO -   Model size      : medium
2026-04-02 15:53:22,718 - INFO -   Channels        : [32, 64, 128, 256]
2026-04-02 15:53:22,719 - INFO -   Total params    : 2,249,942
2026-04-02 15:53:22,719 - INFO -   Trainable params: 2,249,942
2026-04-02 15:53:22,719 - INFO -   Train samples   : 1000
2026-04-02 15:53:41,242 - INFO - [medium_1000] E001  train_loss=0.1697  val_loss=0.0354  val_AUROC=0.6412  valid_labels=30/150
2026-04-02 15:53:41,311 - INFO -   [SAVED] medium_1000_epoch1_auroc0.6412.pth
2026-04-02 15:54:00,222 - INFO - [medium_1000] E002  train_loss=0.0296  val_loss=0.0309  val_AUROC=0.6973  valid_labels=30/150
2026-04-02 15:54:00,297 - INFO -   [SAVED] medium_1000_epoch2_auroc0.6973.pth
2026-04-02 15:54:18,909 - INFO - [medium_1000] E003  train_loss=0.0277  val_loss=0.0293  val_AUROC=0.7082  valid_labels=30/150
2026-04-02 15:54:18,993 - INFO -   [SAVED] medium_1000_epoch3_auroc0.7082.pth
2026-04-02 15:54:38,021 - INFO - [medium_1000] E004  train_loss=0.0270  val_loss=0.0296  val_AUROC=0.6562  valid_labels=30/150
2026-04-02 15:54:38,022 - INFO - EarlyStopping: no improvement for 1/10 epoch(s) (best=0.7082, current=0.6562)
2026-04-02 15:54:57,042 - INFO - [medium_1000] E005  train_loss=0.0259  val_loss=0.0282  val_AUROC=0.6904  valid_labels=30/150
2026-04-02 15:54:57,043 - INFO - EarlyStopping: no improvement for 2/10 epoch(s) (best=0.7082, current=0.6904)
2026-04-02 15:55:15,860 - INFO - [medium_1000] E006  train_loss=0.0248  val_loss=0.0277  val_AUROC=0.6782  valid_labels=30/150
2026-04-02 15:55:15,861 - INFO - EarlyStopping: no improvement for 3/10 epoch(s) (best=0.7082, current=0.6782)
2026-04-02 15:55:35,651 - INFO - [medium_1000] E007  train_loss=0.0241  val_loss=0.0283  val_AUROC=0.7389  valid_labels=30/150
2026-04-02 15:55:35,737 - INFO -   [SAVED] medium_1000_epoch7_auroc0.7389.pth
2026-04-02 15:55:54,474 - INFO - [medium_1000] E008  train_loss=0.0231  val_loss=0.0262  val_AUROC=0.7892  valid_labels=30/150
2026-04-02 15:55:54,551 - INFO -   [SAVED] medium_1000_epoch8_auroc0.7892.pth
2026-04-02 15:56:13,546 - INFO - [medium_1000] E009  train_loss=0.0228  val_loss=0.0264  val_AUROC=0.7877  valid_labels=30/150
2026-04-02 15:56:13,547 - INFO - EarlyStopping: no improvement for 1/10 epoch(s) (best=0.7892, current=0.7877)
2026-04-02 15:56:32,345 - INFO - [medium_1000] E010  train_loss=0.0217  val_loss=0.0287  val_AUROC=0.7957  valid_labels=30/150
2026-04-02 15:56:32,425 - INFO -   [SAVED] medium_1000_epoch10_auroc0.7957.pth
2026-04-02 15:56:51,448 - INFO - [medium_1000] E011  train_loss=0.0213  val_loss=0.0285  val_AUROC=0.7982  valid_labels=30/150
2026-04-02 15:56:51,532 - INFO -   [SAVED] medium_1000_epoch11_auroc0.7982.pth
2026-04-02 15:57:10,499 - INFO - [medium_1000] E012  train_loss=0.0211  val_loss=0.0260  val_AUROC=0.8100  valid_labels=30/150
2026-04-02 15:57:10,589 - INFO -   [SAVED] medium_1000_epoch12_auroc0.8100.pth
2026-04-02 15:57:30,121 - INFO - [medium_1000] E013  train_loss=0.0198  val_loss=0.0256  val_AUROC=0.7825  valid_labels=30/150
2026-04-02 15:57:30,122 - INFO - EarlyStopping: no improvement for 1/10 epoch(s) (best=0.8100, current=0.7825)
2026-04-02 15:57:48,693 - INFO - [medium_1000] E014  train_loss=0.0192  val_loss=0.0256  val_AUROC=0.7802  valid_labels=30/150
2026-04-02 15:57:48,693 - INFO - EarlyStopping: no improvement for 2/10 epoch(s) (best=0.8100, current=0.7802)
2026-04-02 15:58:07,254 - INFO - [medium_1000] E015  train_loss=0.0184  val_loss=0.0282  val_AUROC=0.7637  valid_labels=30/150
2026-04-02 15:58:07,254 - INFO - EarlyStopping: no improvement for 3/10 epoch(s) (best=0.8100, current=0.7637)
2026-04-02 15:58:26,251 - INFO - [medium_1000] E016  train_loss=0.0185  val_loss=0.0272  val_AUROC=0.7839  valid_labels=30/150
2026-04-02 15:58:26,251 - INFO - EarlyStopping: no improvement for 4/10 epoch(s) (best=0.8100, current=0.7839)
2026-04-02 15:58:45,207 - INFO - [medium_1000] E017  train_loss=0.0177  val_loss=0.0266  val_AUROC=0.7881  valid_labels=30/150
2026-04-02 15:58:45,207 - INFO - EarlyStopping: no improvement for 5/10 epoch(s) (best=0.8100, current=0.7881)
2026-04-02 15:59:03,941 - INFO - [medium_1000] E018  train_loss=0.0176  val_loss=0.0259  val_AUROC=0.7872  valid_labels=30/150
2026-04-02 15:59:03,941 - INFO -   LR: 1.00e-03 → 5.00e-04
2026-04-02 15:59:03,942 - INFO - EarlyStopping: no improvement for 6/10 epoch(s) (best=0.8100, current=0.7872)
2026-04-02 15:59:22,705 - INFO - [medium_1000] E019  train_loss=0.0158  val_loss=0.0245  val_AUROC=0.7950  valid_labels=30/150
2026-04-02 15:59:22,706 - INFO - EarlyStopping: no improvement for 7/10 epoch(s) (best=0.8100, current=0.7950)
2026-04-02 15:59:43,371 - INFO - [medium_1000] E020  train_loss=0.0145  val_loss=0.0255  val_AUROC=0.7737  valid_labels=30/150
2026-04-02 15:59:43,372 - INFO - EarlyStopping: no improvement for 8/10 epoch(s) (best=0.8100, current=0.7737)
2026-04-02 16:00:02,621 - INFO - [medium_1000] E021  train_loss=0.0140  val_loss=0.0252  val_AUROC=0.7712  valid_labels=30/150
2026-04-02 16:00:02,621 - INFO - EarlyStopping: no improvement for 9/10 epoch(s) (best=0.8100, current=0.7712)
2026-04-02 16:00:21,051 - INFO - [medium_1000] E022  train_loss=0.0134  val_loss=0.0256  val_AUROC=0.8000  valid_labels=30/150
2026-04-02 16:00:21,052 - INFO - EarlyStopping: no improvement for 10/10 epoch(s) (best=0.8100, current=0.8000)
2026-04-02 16:00:21,052 - INFO - EarlyStopping triggered. Best val AUROC: 0.8100
2026-04-02 16:00:21,053 - INFO -   Early stopping triggered at epoch 22.
2026-04-02 16:00:21,053 - INFO - [medium_1000] Training done | best val AUROC: 0.8100
2026-04-02 16:00:21,154 - INFO - [medium_1000] Reloaded best checkpoint (epoch 12)
2026-04-02 16:00:53,077 - INFO - [medium_1000_test] Valid labels: 38 / 150 | Macro AUROC: 0.7212
2026-04-02 16:00:53,440 - INFO - [medium_1000_test] ROC plot saved: ./res/ablation_resnet/medium_1000\medium_1000_test_roc_curves.png
2026-04-02 16:00:53,441 - INFO - [medium_1000] SUMMARY: {'experiment': 'medium_1000', 'model_size': 'medium', 'n_train_requested': '1000', 'n_train_actual': 1000, 'n_val': 766, 'n_test': 1941, 'total_params': 2249942, 'trainable_params': 2249942, 'best_val_AUROC': np.float64(0.81), 'test_macro_AUROC': np.float64(0.7212)}
2026-04-02 16:00:53,443 - INFO - 
======================================================================
EXPERIMENT: medium_500
======================================================================
2026-04-02 16:00:53,444 - INFO -   Subsampled training set: 500 / 6690 records
2026-04-02 16:00:53,488 - INFO -   Model size      : medium
2026-04-02 16:00:53,488 - INFO -   Channels        : [32, 64, 128, 256]
2026-04-02 16:00:53,489 - INFO -   Total params    : 2,249,942
2026-04-02 16:00:53,489 - INFO -   Trainable params: 2,249,942
2026-04-02 16:00:53,489 - INFO -   Train samples   : 500
2026-04-02 16:01:06,222 - INFO - [medium_500] E001  train_loss=0.2954  val_loss=0.0551  val_AUROC=0.6449  valid_labels=30/150
2026-04-02 16:01:06,302 - INFO -   [SAVED] medium_500_epoch1_auroc0.6449.pth
2026-04-02 16:01:19,319 - INFO - [medium_500] E002  train_loss=0.0405  val_loss=0.0362  val_AUROC=0.6328  valid_labels=30/150
2026-04-02 16:01:19,320 - INFO - EarlyStopping: no improvement for 1/10 epoch(s) (best=0.6449, current=0.6328)
2026-04-02 16:01:32,451 - INFO - [medium_500] E003  train_loss=0.0290  val_loss=0.0320  val_AUROC=0.5879  valid_labels=30/150
2026-04-02 16:01:32,452 - INFO - EarlyStopping: no improvement for 2/10 epoch(s) (best=0.6449, current=0.5879)
2026-04-02 16:01:46,009 - INFO - [medium_500] E004  train_loss=0.0269  val_loss=0.0304  val_AUROC=0.6054  valid_labels=30/150
2026-04-02 16:01:46,010 - INFO - EarlyStopping: no improvement for 3/10 epoch(s) (best=0.6449, current=0.6054)
2026-04-02 16:01:59,141 - INFO - [medium_500] E005  train_loss=0.0260  val_loss=0.0299  val_AUROC=0.5961  valid_labels=30/150
2026-04-02 16:01:59,142 - INFO - EarlyStopping: no improvement for 4/10 epoch(s) (best=0.6449, current=0.5961)
2026-04-02 16:02:12,305 - INFO - [medium_500] E006  train_loss=0.0253  val_loss=0.0294  val_AUROC=0.6371  valid_labels=30/150
2026-04-02 16:02:12,306 - INFO - EarlyStopping: no improvement for 5/10 epoch(s) (best=0.6449, current=0.6371)
2026-04-02 16:02:25,610 - INFO - [medium_500] E007  train_loss=0.0252  val_loss=0.0294  val_AUROC=0.6234  valid_labels=30/150
2026-04-02 16:02:25,611 - INFO -   LR: 1.00e-03 → 5.00e-04
2026-04-02 16:02:25,611 - INFO - EarlyStopping: no improvement for 6/10 epoch(s) (best=0.6449, current=0.6234)
2026-04-02 16:02:38,352 - INFO - [medium_500] E008  train_loss=0.0244  val_loss=0.0286  val_AUROC=0.6160  valid_labels=30/150
2026-04-02 16:02:38,353 - INFO - EarlyStopping: no improvement for 7/10 epoch(s) (best=0.6449, current=0.6160)
2026-04-02 16:02:51,492 - INFO - [medium_500] E009  train_loss=0.0238  val_loss=0.0282  val_AUROC=0.6368  valid_labels=30/150
2026-04-02 16:02:51,493 - INFO - EarlyStopping: no improvement for 8/10 epoch(s) (best=0.6449, current=0.6368)
2026-04-02 16:03:05,095 - INFO - [medium_500] E010  train_loss=0.0237  val_loss=0.0282  val_AUROC=0.6257  valid_labels=30/150
2026-04-02 16:03:05,096 - INFO - EarlyStopping: no improvement for 9/10 epoch(s) (best=0.6449, current=0.6257)
2026-04-02 16:03:18,328 - INFO - [medium_500] E011  train_loss=0.0230  val_loss=0.0299  val_AUROC=0.6081  valid_labels=30/150
2026-04-02 16:03:18,329 - INFO - EarlyStopping: no improvement for 10/10 epoch(s) (best=0.6449, current=0.6081)
2026-04-02 16:03:18,329 - INFO - EarlyStopping triggered. Best val AUROC: 0.6449
2026-04-02 16:03:18,330 - INFO -   Early stopping triggered at epoch 11.
2026-04-02 16:03:18,330 - INFO - [medium_500] Training done | best val AUROC: 0.6449
2026-04-02 16:03:18,413 - INFO - [medium_500] Reloaded best checkpoint (epoch 1)
2026-04-02 16:03:50,370 - INFO - [medium_500_test] Valid labels: 38 / 150 | Macro AUROC: 0.6144
2026-04-02 16:03:50,739 - INFO - [medium_500_test] ROC plot saved: ./res/ablation_resnet/medium_500\medium_500_test_roc_curves.png
2026-04-02 16:03:50,739 - INFO - [medium_500] SUMMARY: {'experiment': 'medium_500', 'model_size': 'medium', 'n_train_requested': '500', 'n_train_actual': 500, 'n_val': 766, 'n_test': 1941, 'total_params': 2249942, 'trainable_params': 2249942, 'best_val_AUROC': np.float64(0.6449), 'test_macro_AUROC': np.float64(0.6144)}
2026-04-02 16:03:50,742 - INFO - 
======================================================================
EXPERIMENT: small_full
======================================================================
2026-04-02 16:03:50,742 - INFO -   Using full training set: 6690 records
2026-04-02 16:03:50,771 - INFO -   Model size      : small
2026-04-02 16:03:50,772 - INFO -   Channels        : [16, 32, 64, 128]
2026-04-02 16:03:50,772 - INFO -   Total params    : 574,838
2026-04-02 16:03:50,772 - INFO -   Trainable params: 574,838
2026-04-02 16:03:50,773 - INFO -   Train samples   : 6690
2026-04-02 16:05:11,843 - INFO - [small_full] E001  train_loss=0.0734  val_loss=0.0288  val_AUROC=0.6563  valid_labels=30/150
2026-04-02 16:05:11,888 - INFO -   [SAVED] small_full_epoch1_auroc0.6563.pth
2026-04-02 16:06:31,920 - INFO - [small_full] E002  train_loss=0.0254  val_loss=0.0258  val_AUROC=0.7573  valid_labels=30/150
2026-04-02 16:06:31,966 - INFO -   [SAVED] small_full_epoch2_auroc0.7573.pth
2026-04-02 16:07:53,095 - INFO - [small_full] E003  train_loss=0.0233  val_loss=0.0247  val_AUROC=0.7780  valid_labels=30/150
2026-04-02 16:07:53,140 - INFO -   [SAVED] small_full_epoch3_auroc0.7780.pth
2026-04-02 16:09:14,940 - INFO - [small_full] E004  train_loss=0.0221  val_loss=0.0239  val_AUROC=0.8289  valid_labels=30/150
2026-04-02 16:09:14,994 - INFO -   [SAVED] small_full_epoch4_auroc0.8289.pth
2026-04-02 16:10:32,717 - INFO - [small_full] E005  train_loss=0.0210  val_loss=0.0229  val_AUROC=0.8107  valid_labels=30/150
2026-04-02 16:10:32,718 - INFO - EarlyStopping: no improvement for 1/10 epoch(s) (best=0.8289, current=0.8107)
2026-04-02 16:11:53,237 - INFO - [small_full] E006  train_loss=0.0206  val_loss=0.0216  val_AUROC=0.8563  valid_labels=30/150
2026-04-02 16:11:53,281 - INFO -   [SAVED] small_full_epoch6_auroc0.8563.pth
2026-04-02 16:13:13,604 - INFO - [small_full] E007  train_loss=0.0200  val_loss=0.0222  val_AUROC=0.8097  valid_labels=30/150
2026-04-02 16:13:13,604 - INFO - EarlyStopping: no improvement for 1/10 epoch(s) (best=0.8563, current=0.8097)
2026-04-02 16:14:33,575 - INFO - [small_full] E008  train_loss=0.0196  val_loss=0.0211  val_AUROC=0.8300  valid_labels=30/150
2026-04-02 16:14:33,576 - INFO - EarlyStopping: no improvement for 2/10 epoch(s) (best=0.8563, current=0.8300)
2026-04-02 16:15:55,260 - INFO - [small_full] E009  train_loss=0.0190  val_loss=0.0218  val_AUROC=0.8451  valid_labels=30/150
2026-04-02 16:15:55,260 - INFO - EarlyStopping: no improvement for 3/10 epoch(s) (best=0.8563, current=0.8451)
2026-04-02 16:17:17,174 - INFO - [small_full] E010  train_loss=0.0189  val_loss=0.0206  val_AUROC=0.8581  valid_labels=30/150
2026-04-02 16:17:17,236 - INFO -   [SAVED] small_full_epoch10_auroc0.8581.pth
2026-04-02 16:18:37,683 - INFO - [small_full] E011  train_loss=0.0181  val_loss=0.0218  val_AUROC=0.8399  valid_labels=30/150
2026-04-02 16:18:37,684 - INFO - EarlyStopping: no improvement for 1/10 epoch(s) (best=0.8581, current=0.8399)
2026-04-02 16:19:59,013 - INFO - [small_full] E012  train_loss=0.0179  val_loss=0.0203  val_AUROC=0.8610  valid_labels=30/150
2026-04-02 16:19:59,060 - INFO -   [SAVED] small_full_epoch12_auroc0.8610.pth
2026-04-02 16:21:20,384 - INFO - [small_full] E013  train_loss=0.0174  val_loss=0.0212  val_AUROC=0.8765  valid_labels=30/150
2026-04-02 16:21:20,429 - INFO -   [SAVED] small_full_epoch13_auroc0.8765.pth
2026-04-02 16:22:41,852 - INFO - [small_full] E014  train_loss=0.0172  val_loss=0.0206  val_AUROC=0.8762  valid_labels=30/150
2026-04-02 16:22:41,852 - INFO - EarlyStopping: no improvement for 1/10 epoch(s) (best=0.8765, current=0.8762)
2026-04-02 16:23:59,799 - INFO - [small_full] E015  train_loss=0.0170  val_loss=0.0206  val_AUROC=0.8918  valid_labels=30/150
2026-04-02 16:23:59,847 - INFO -   [SAVED] small_full_epoch15_auroc0.8918.pth
2026-04-02 16:25:18,811 - INFO - [small_full] E016  train_loss=0.0166  val_loss=0.0209  val_AUROC=0.8819  valid_labels=30/150
2026-04-02 16:25:18,811 - INFO - EarlyStopping: no improvement for 1/10 epoch(s) (best=0.8918, current=0.8819)
2026-04-02 16:26:40,957 - INFO - [small_full] E017  train_loss=0.0164  val_loss=0.0196  val_AUROC=0.8656  valid_labels=30/150
2026-04-02 16:26:40,958 - INFO - EarlyStopping: no improvement for 2/10 epoch(s) (best=0.8918, current=0.8656)
2026-04-02 16:27:59,226 - INFO - [small_full] E018  train_loss=0.0161  val_loss=0.0209  val_AUROC=0.8957  valid_labels=30/150
2026-04-02 16:27:59,277 - INFO -   [SAVED] small_full_epoch18_auroc0.8957.pth
2026-04-02 16:29:21,534 - INFO - [small_full] E019  train_loss=0.0160  val_loss=0.0217  val_AUROC=0.8729  valid_labels=30/150
2026-04-02 16:29:21,535 - INFO - EarlyStopping: no improvement for 1/10 epoch(s) (best=0.8957, current=0.8729)
2026-04-02 16:30:43,016 - INFO - [small_full] E020  train_loss=0.0157  val_loss=0.0208  val_AUROC=0.8882  valid_labels=30/150
2026-04-02 16:30:43,017 - INFO - EarlyStopping: no improvement for 2/10 epoch(s) (best=0.8957, current=0.8882)
2026-04-02 16:32:04,800 - INFO - [small_full] E021  train_loss=0.0154  val_loss=0.0206  val_AUROC=0.8614  valid_labels=30/150
2026-04-02 16:32:04,800 - INFO - EarlyStopping: no improvement for 3/10 epoch(s) (best=0.8957, current=0.8614)
2026-04-02 16:33:26,046 - INFO - [small_full] E022  train_loss=0.0154  val_loss=0.0207  val_AUROC=0.8918  valid_labels=30/150
2026-04-02 16:33:26,046 - INFO - EarlyStopping: no improvement for 4/10 epoch(s) (best=0.8957, current=0.8918)
2026-04-02 16:34:47,583 - INFO - [small_full] E023  train_loss=0.0151  val_loss=0.0209  val_AUROC=0.8870  valid_labels=30/150
2026-04-02 16:34:47,583 - INFO - EarlyStopping: no improvement for 5/10 epoch(s) (best=0.8957, current=0.8870)
2026-04-02 16:36:06,309 - INFO - [small_full] E024  train_loss=0.0149  val_loss=0.0205  val_AUROC=0.8925  valid_labels=30/150
2026-04-02 16:36:06,309 - INFO -   LR: 1.00e-03 → 5.00e-04
2026-04-02 16:36:06,310 - INFO - EarlyStopping: no improvement for 6/10 epoch(s) (best=0.8957, current=0.8925)
2026-04-02 16:37:27,463 - INFO - [small_full] E025  train_loss=0.0133  val_loss=0.0204  val_AUROC=0.9086  valid_labels=30/150
2026-04-02 16:37:27,517 - INFO -   [SAVED] small_full_epoch25_auroc0.9086.pth
2026-04-02 16:38:49,363 - INFO - [small_full] E026  train_loss=0.0128  val_loss=0.0206  val_AUROC=0.9018  valid_labels=30/150
2026-04-02 16:38:49,364 - INFO - EarlyStopping: no improvement for 1/10 epoch(s) (best=0.9086, current=0.9018)
2026-04-02 16:40:11,573 - INFO - [small_full] E027  train_loss=0.0124  val_loss=0.0213  val_AUROC=0.9015  valid_labels=30/150
2026-04-02 16:40:11,574 - INFO - EarlyStopping: no improvement for 2/10 epoch(s) (best=0.9086, current=0.9015)
2026-04-02 16:41:33,419 - INFO - [small_full] E028  train_loss=0.0125  val_loss=0.0222  val_AUROC=0.9007  valid_labels=30/150
2026-04-02 16:41:33,419 - INFO - EarlyStopping: no improvement for 3/10 epoch(s) (best=0.9086, current=0.9007)
2026-04-02 16:42:54,044 - INFO - [small_full] E029  train_loss=0.0123  val_loss=0.0213  val_AUROC=0.9062  valid_labels=30/150
2026-04-02 16:42:54,044 - INFO - EarlyStopping: no improvement for 4/10 epoch(s) (best=0.9086, current=0.9062)
2026-04-02 16:44:13,061 - INFO - [small_full] E030  train_loss=0.0118  val_loss=0.0217  val_AUROC=0.8991  valid_labels=30/150
2026-04-02 16:44:13,061 - INFO - EarlyStopping: no improvement for 5/10 epoch(s) (best=0.9086, current=0.8991)
2026-04-02 16:45:32,921 - INFO - [small_full] E031  train_loss=0.0114  val_loss=0.0210  val_AUROC=0.9038  valid_labels=30/150
2026-04-02 16:45:32,921 - INFO -   LR: 5.00e-04 → 2.50e-04
2026-04-02 16:45:32,921 - INFO - EarlyStopping: no improvement for 6/10 epoch(s) (best=0.9086, current=0.9038)
2026-04-02 16:46:49,078 - INFO - [small_full] E032  train_loss=0.0103  val_loss=0.0220  val_AUROC=0.9033  valid_labels=30/150
2026-04-02 16:46:49,078 - INFO - EarlyStopping: no improvement for 7/10 epoch(s) (best=0.9086, current=0.9033)
2026-04-02 16:48:04,867 - INFO - [small_full] E033  train_loss=0.0098  val_loss=0.0227  val_AUROC=0.8959  valid_labels=30/150
2026-04-02 16:48:04,868 - INFO - EarlyStopping: no improvement for 8/10 epoch(s) (best=0.9086, current=0.8959)
2026-04-02 16:49:24,554 - INFO - [small_full] E034  train_loss=0.0094  val_loss=0.0234  val_AUROC=0.9016  valid_labels=30/150
2026-04-02 16:49:24,554 - INFO - EarlyStopping: no improvement for 9/10 epoch(s) (best=0.9086, current=0.9016)
2026-04-02 16:50:46,420 - INFO - [small_full] E035  train_loss=0.0092  val_loss=0.0238  val_AUROC=0.8910  valid_labels=30/150
2026-04-02 16:50:46,421 - INFO - EarlyStopping: no improvement for 10/10 epoch(s) (best=0.9086, current=0.8910)
2026-04-02 16:50:46,421 - INFO - EarlyStopping triggered. Best val AUROC: 0.9086
2026-04-02 16:50:46,421 - INFO -   Early stopping triggered at epoch 35.
2026-04-02 16:50:46,421 - INFO - [small_full] Training done | best val AUROC: 0.9086
2026-04-02 16:50:46,482 - INFO - [small_full] Reloaded best checkpoint (epoch 25)
2026-04-02 16:51:17,068 - INFO - [small_full_test] Valid labels: 38 / 150 | Macro AUROC: 0.8344
2026-04-02 16:51:17,440 - INFO - [small_full_test] ROC plot saved: ./res/ablation_resnet/small_full\small_full_test_roc_curves.png
2026-04-02 16:51:17,441 - INFO - [small_full] SUMMARY: {'experiment': 'small_full', 'model_size': 'small', 'n_train_requested': 'full', 'n_train_actual': 6690, 'n_val': 766, 'n_test': 1941, 'total_params': 574838, 'trainable_params': 574838, 'best_val_AUROC': np.float64(0.9086), 'test_macro_AUROC': np.float64(0.8344)}
2026-04-02 16:51:17,443 - INFO - 
======================================================================
EXPERIMENT: small_3000
======================================================================
2026-04-02 16:51:17,448 - INFO -   Subsampled training set: 3000 / 6690 records
2026-04-02 16:51:17,480 - INFO -   Model size      : small
2026-04-02 16:51:17,480 - INFO -   Channels        : [16, 32, 64, 128]
2026-04-02 16:51:17,481 - INFO -   Total params    : 574,838
2026-04-02 16:51:17,481 - INFO -   Trainable params: 574,838
2026-04-02 16:51:17,481 - INFO -   Train samples   : 3000
2026-04-02 16:51:57,309 - INFO - [small_3000] E001  train_loss=0.1281  val_loss=0.0322  val_AUROC=0.6141  valid_labels=30/150
2026-04-02 16:51:57,355 - INFO -   [SAVED] small_3000_epoch1_auroc0.6141.pth
2026-04-02 16:52:39,844 - INFO - [small_3000] E002  train_loss=0.0284  val_loss=0.0299  val_AUROC=0.6167  valid_labels=30/150
2026-04-02 16:52:39,893 - INFO -   [SAVED] small_3000_epoch2_auroc0.6167.pth
2026-04-02 16:53:20,875 - INFO - [small_3000] E003  train_loss=0.0262  val_loss=0.0274  val_AUROC=0.6857  valid_labels=30/150
2026-04-02 16:53:20,929 - INFO -   [SAVED] small_3000_epoch3_auroc0.6857.pth
2026-04-02 16:54:00,757 - INFO - [small_3000] E004  train_loss=0.0246  val_loss=0.0256  val_AUROC=0.7631  valid_labels=30/150
2026-04-02 16:54:00,805 - INFO -   [SAVED] small_3000_epoch4_auroc0.7631.pth
2026-04-02 16:54:40,907 - INFO - [small_3000] E005  train_loss=0.0235  val_loss=0.0252  val_AUROC=0.7908  valid_labels=30/150
2026-04-02 16:54:40,952 - INFO -   [SAVED] small_3000_epoch5_auroc0.7908.pth
2026-04-02 16:55:21,245 - INFO - [small_3000] E006  train_loss=0.0228  val_loss=0.0246  val_AUROC=0.7819  valid_labels=30/150
2026-04-02 16:55:21,246 - INFO - EarlyStopping: no improvement for 1/10 epoch(s) (best=0.7908, current=0.7819)
2026-04-02 16:56:00,918 - INFO - [small_3000] E007  train_loss=0.0221  val_loss=0.0236  val_AUROC=0.8008  valid_labels=30/150
2026-04-02 16:56:00,972 - INFO -   [SAVED] small_3000_epoch7_auroc0.8008.pth
2026-04-02 16:56:40,827 - INFO - [small_3000] E008  train_loss=0.0215  val_loss=0.0245  val_AUROC=0.8165  valid_labels=30/150
2026-04-02 16:56:40,870 - INFO -   [SAVED] small_3000_epoch8_auroc0.8165.pth
2026-04-02 16:57:21,164 - INFO - [small_3000] E009  train_loss=0.0211  val_loss=0.0233  val_AUROC=0.7833  valid_labels=30/150
2026-04-02 16:57:21,165 - INFO - EarlyStopping: no improvement for 1/10 epoch(s) (best=0.8165, current=0.7833)
2026-04-02 16:58:00,984 - INFO - [small_3000] E010  train_loss=0.0206  val_loss=0.0238  val_AUROC=0.8081  valid_labels=30/150
2026-04-02 16:58:00,984 - INFO - EarlyStopping: no improvement for 2/10 epoch(s) (best=0.8165, current=0.8081)
2026-04-02 16:58:41,073 - INFO - [small_3000] E011  train_loss=0.0201  val_loss=0.0229  val_AUROC=0.8223  valid_labels=30/150
2026-04-02 16:58:41,117 - INFO -   [SAVED] small_3000_epoch11_auroc0.8223.pth
2026-04-02 16:59:20,814 - INFO - [small_3000] E012  train_loss=0.0197  val_loss=0.0222  val_AUROC=0.8331  valid_labels=30/150
2026-04-02 16:59:20,859 - INFO -   [SAVED] small_3000_epoch12_auroc0.8331.pth
2026-04-02 17:00:00,775 - INFO - [small_3000] E013  train_loss=0.0191  val_loss=0.0223  val_AUROC=0.8338  valid_labels=30/150
2026-04-02 17:00:00,821 - INFO -   [SAVED] small_3000_epoch13_auroc0.8338.pth
2026-04-02 17:00:40,897 - INFO - [small_3000] E014  train_loss=0.0187  val_loss=0.0232  val_AUROC=0.7963  valid_labels=30/150
2026-04-02 17:00:40,897 - INFO - EarlyStopping: no improvement for 1/10 epoch(s) (best=0.8338, current=0.7963)
2026-04-02 17:01:21,387 - INFO - [small_3000] E015  train_loss=0.0183  val_loss=0.0219  val_AUROC=0.8106  valid_labels=30/150
2026-04-02 17:01:21,387 - INFO - EarlyStopping: no improvement for 2/10 epoch(s) (best=0.8338, current=0.8106)
2026-04-02 17:02:01,476 - INFO - [small_3000] E016  train_loss=0.0181  val_loss=0.0226  val_AUROC=0.8272  valid_labels=30/150
2026-04-02 17:02:01,476 - INFO - EarlyStopping: no improvement for 3/10 epoch(s) (best=0.8338, current=0.8272)
2026-04-02 17:02:41,198 - INFO - [small_3000] E017  train_loss=0.0175  val_loss=0.0242  val_AUROC=0.8195  valid_labels=30/150
2026-04-02 17:02:41,198 - INFO - EarlyStopping: no improvement for 4/10 epoch(s) (best=0.8338, current=0.8195)
2026-04-02 17:03:21,239 - INFO - [small_3000] E018  train_loss=0.0176  val_loss=0.0225  val_AUROC=0.8239  valid_labels=30/150
2026-04-02 17:03:21,239 - INFO - EarlyStopping: no improvement for 5/10 epoch(s) (best=0.8338, current=0.8239)
2026-04-02 17:04:01,124 - INFO - [small_3000] E019  train_loss=0.0169  val_loss=0.0225  val_AUROC=0.7966  valid_labels=30/150
2026-04-02 17:04:01,124 - INFO -   LR: 1.00e-03 → 5.00e-04
2026-04-02 17:04:01,125 - INFO - EarlyStopping: no improvement for 6/10 epoch(s) (best=0.8338, current=0.7966)
2026-04-02 17:04:41,138 - INFO - [small_3000] E020  train_loss=0.0156  val_loss=0.0217  val_AUROC=0.8557  valid_labels=30/150
2026-04-02 17:04:41,310 - INFO -   [SAVED] small_3000_epoch20_auroc0.8557.pth
2026-04-02 17:05:21,247 - INFO - [small_3000] E021  train_loss=0.0150  val_loss=0.0225  val_AUROC=0.8610  valid_labels=30/150
2026-04-02 17:05:21,292 - INFO -   [SAVED] small_3000_epoch21_auroc0.8610.pth
2026-04-02 17:06:01,624 - INFO - [small_3000] E022  train_loss=0.0148  val_loss=0.0218  val_AUROC=0.8466  valid_labels=30/150
2026-04-02 17:06:01,625 - INFO - EarlyStopping: no improvement for 1/10 epoch(s) (best=0.8610, current=0.8466)
2026-04-02 17:06:41,460 - INFO - [small_3000] E023  train_loss=0.0145  val_loss=0.0223  val_AUROC=0.8389  valid_labels=30/150
2026-04-02 17:06:41,461 - INFO - EarlyStopping: no improvement for 2/10 epoch(s) (best=0.8610, current=0.8389)
2026-04-02 17:07:19,763 - INFO - [small_3000] E024  train_loss=0.0141  val_loss=0.0231  val_AUROC=0.8394  valid_labels=30/150
2026-04-02 17:07:19,763 - INFO - EarlyStopping: no improvement for 3/10 epoch(s) (best=0.8610, current=0.8394)
2026-04-02 17:07:59,164 - INFO - [small_3000] E025  train_loss=0.0138  val_loss=0.0226  val_AUROC=0.8566  valid_labels=30/150
2026-04-02 17:07:59,165 - INFO - EarlyStopping: no improvement for 4/10 epoch(s) (best=0.8610, current=0.8566)
2026-04-02 17:08:38,363 - INFO - [small_3000] E026  train_loss=0.0136  val_loss=0.0234  val_AUROC=0.8607  valid_labels=30/150
2026-04-02 17:08:38,364 - INFO - EarlyStopping: no improvement for 5/10 epoch(s) (best=0.8610, current=0.8607)
2026-04-02 17:09:18,561 - INFO - [small_3000] E027  train_loss=0.0134  val_loss=0.0242  val_AUROC=0.8401  valid_labels=30/150
2026-04-02 17:09:18,562 - INFO -   LR: 5.00e-04 → 2.50e-04
2026-04-02 17:09:18,562 - INFO - EarlyStopping: no improvement for 6/10 epoch(s) (best=0.8610, current=0.8401)
2026-04-02 17:09:58,694 - INFO - [small_3000] E028  train_loss=0.0120  val_loss=0.0231  val_AUROC=0.8369  valid_labels=30/150
2026-04-02 17:09:58,694 - INFO - EarlyStopping: no improvement for 7/10 epoch(s) (best=0.8610, current=0.8369)
2026-04-02 17:10:39,089 - INFO - [small_3000] E029  train_loss=0.0116  val_loss=0.0231  val_AUROC=0.8477  valid_labels=30/150
2026-04-02 17:10:39,089 - INFO - EarlyStopping: no improvement for 8/10 epoch(s) (best=0.8610, current=0.8477)
2026-04-02 17:11:20,309 - INFO - [small_3000] E030  train_loss=0.0112  val_loss=0.0241  val_AUROC=0.8485  valid_labels=30/150
2026-04-02 17:11:20,310 - INFO - EarlyStopping: no improvement for 9/10 epoch(s) (best=0.8610, current=0.8485)
2026-04-02 17:12:00,258 - INFO - [small_3000] E031  train_loss=0.0110  val_loss=0.0250  val_AUROC=0.8470  valid_labels=30/150
2026-04-02 17:12:00,258 - INFO - EarlyStopping: no improvement for 10/10 epoch(s) (best=0.8610, current=0.8470)
2026-04-02 17:12:00,258 - INFO - EarlyStopping triggered. Best val AUROC: 0.8610
2026-04-02 17:12:00,258 - INFO -   Early stopping triggered at epoch 31.
2026-04-02 17:12:00,259 - INFO - [small_3000] Training done | best val AUROC: 0.8610
2026-04-02 17:12:00,317 - INFO - [small_3000] Reloaded best checkpoint (epoch 21)
2026-04-02 17:12:29,893 - INFO - [small_3000_test] Valid labels: 38 / 150 | Macro AUROC: 0.7977
2026-04-02 17:12:30,258 - INFO - [small_3000_test] ROC plot saved: ./res/ablation_resnet/small_3000\small_3000_test_roc_curves.png
2026-04-02 17:12:30,258 - INFO - [small_3000] SUMMARY: {'experiment': 'small_3000', 'model_size': 'small', 'n_train_requested': '3000', 'n_train_actual': 3000, 'n_val': 766, 'n_test': 1941, 'total_params': 574838, 'trainable_params': 574838, 'best_val_AUROC': np.float64(0.861), 'test_macro_AUROC': np.float64(0.7977)}
2026-04-02 17:12:30,261 - INFO - 
======================================================================
EXPERIMENT: small_1000
======================================================================
2026-04-02 17:12:30,263 - INFO -   Subsampled training set: 1000 / 6690 records
2026-04-02 17:12:30,290 - INFO -   Model size      : small
2026-04-02 17:12:30,291 - INFO -   Channels        : [16, 32, 64, 128]
2026-04-02 17:12:30,291 - INFO -   Total params    : 574,838
2026-04-02 17:12:30,291 - INFO -   Trainable params: 574,838
2026-04-02 17:12:30,292 - INFO -   Train samples   : 1000
2026-04-02 17:12:48,471 - INFO - [small_1000] E001  train_loss=0.3040  val_loss=0.0739  val_AUROC=0.6455  valid_labels=30/150
2026-04-02 17:12:48,515 - INFO -   [SAVED] small_1000_epoch1_auroc0.6455.pth
2026-04-02 17:13:06,868 - INFO - [small_1000] E002  train_loss=0.0442  val_loss=0.0359  val_AUROC=0.5589  valid_labels=30/150
2026-04-02 17:13:06,868 - INFO - EarlyStopping: no improvement for 1/10 epoch(s) (best=0.6455, current=0.5589)
2026-04-02 17:13:24,473 - INFO - [small_1000] E003  train_loss=0.0319  val_loss=0.0324  val_AUROC=0.6339  valid_labels=30/150
2026-04-02 17:13:24,473 - INFO - EarlyStopping: no improvement for 2/10 epoch(s) (best=0.6455, current=0.6339)
2026-04-02 17:13:41,988 - INFO - [small_1000] E004  train_loss=0.0296  val_loss=0.0308  val_AUROC=0.6210  valid_labels=30/150
2026-04-02 17:13:41,989 - INFO - EarlyStopping: no improvement for 3/10 epoch(s) (best=0.6455, current=0.6210)
2026-04-02 17:13:59,836 - INFO - [small_1000] E005  train_loss=0.0281  val_loss=0.0300  val_AUROC=0.7102  valid_labels=30/150
2026-04-02 17:13:59,883 - INFO -   [SAVED] small_1000_epoch5_auroc0.7102.pth
2026-04-02 17:14:18,150 - INFO - [small_1000] E006  train_loss=0.0274  val_loss=0.0297  val_AUROC=0.6576  valid_labels=30/150
2026-04-02 17:14:18,151 - INFO - EarlyStopping: no improvement for 1/10 epoch(s) (best=0.7102, current=0.6576)
2026-04-02 17:14:36,032 - INFO - [small_1000] E007  train_loss=0.0261  val_loss=0.0284  val_AUROC=0.7006  valid_labels=30/150
2026-04-02 17:14:36,032 - INFO - EarlyStopping: no improvement for 2/10 epoch(s) (best=0.7102, current=0.7006)
2026-04-02 17:14:54,082 - INFO - [small_1000] E008  train_loss=0.0252  val_loss=0.0280  val_AUROC=0.7133  valid_labels=30/150
2026-04-02 17:14:54,129 - INFO -   [SAVED] small_1000_epoch8_auroc0.7133.pth
2026-04-02 17:15:11,534 - INFO - [small_1000] E009  train_loss=0.0249  val_loss=0.0277  val_AUROC=0.7079  valid_labels=30/150
2026-04-02 17:15:11,534 - INFO - EarlyStopping: no improvement for 1/10 epoch(s) (best=0.7133, current=0.7079)
2026-04-02 17:15:29,481 - INFO - [small_1000] E010  train_loss=0.0243  val_loss=0.0270  val_AUROC=0.7363  valid_labels=30/150
2026-04-02 17:15:29,541 - INFO -   [SAVED] small_1000_epoch10_auroc0.7363.pth
2026-04-02 17:15:47,708 - INFO - [small_1000] E011  train_loss=0.0237  val_loss=0.0277  val_AUROC=0.7076  valid_labels=30/150
2026-04-02 17:15:47,708 - INFO - EarlyStopping: no improvement for 1/10 epoch(s) (best=0.7363, current=0.7076)
2026-04-02 17:16:05,598 - INFO - [small_1000] E012  train_loss=0.0237  val_loss=0.0266  val_AUROC=0.7273  valid_labels=30/150
2026-04-02 17:16:05,599 - INFO - EarlyStopping: no improvement for 2/10 epoch(s) (best=0.7363, current=0.7273)
2026-04-02 17:16:22,588 - INFO - [small_1000] E013  train_loss=0.0228  val_loss=0.0273  val_AUROC=0.7400  valid_labels=30/150
2026-04-02 17:16:22,630 - INFO -   [SAVED] small_1000_epoch13_auroc0.7400.pth
2026-04-02 17:16:39,995 - INFO - [small_1000] E014  train_loss=0.0224  val_loss=0.0270  val_AUROC=0.7154  valid_labels=30/150
2026-04-02 17:16:39,996 - INFO - EarlyStopping: no improvement for 1/10 epoch(s) (best=0.7400, current=0.7154)
2026-04-02 17:16:57,906 - INFO - [small_1000] E015  train_loss=0.0219  val_loss=0.0262  val_AUROC=0.7629  valid_labels=30/150
2026-04-02 17:16:57,959 - INFO -   [SAVED] small_1000_epoch15_auroc0.7629.pth
2026-04-02 17:17:16,230 - INFO - [small_1000] E016  train_loss=0.0214  val_loss=0.0265  val_AUROC=0.7413  valid_labels=30/150
2026-04-02 17:17:16,231 - INFO - EarlyStopping: no improvement for 1/10 epoch(s) (best=0.7629, current=0.7413)
2026-04-02 17:17:34,395 - INFO - [small_1000] E017  train_loss=0.0210  val_loss=0.0259  val_AUROC=0.7530  valid_labels=30/150
2026-04-02 17:17:34,396 - INFO - EarlyStopping: no improvement for 2/10 epoch(s) (best=0.7629, current=0.7530)
2026-04-02 17:17:52,450 - INFO - [small_1000] E018  train_loss=0.0207  val_loss=0.0257  val_AUROC=0.7371  valid_labels=30/150
2026-04-02 17:17:52,451 - INFO - EarlyStopping: no improvement for 3/10 epoch(s) (best=0.7629, current=0.7371)
2026-04-02 17:18:10,416 - INFO - [small_1000] E019  train_loss=0.0203  val_loss=0.0257  val_AUROC=0.7310  valid_labels=30/150
2026-04-02 17:18:10,416 - INFO - EarlyStopping: no improvement for 4/10 epoch(s) (best=0.7629, current=0.7310)
2026-04-02 17:18:28,403 - INFO - [small_1000] E020  train_loss=0.0198  val_loss=0.0260  val_AUROC=0.7584  valid_labels=30/150
2026-04-02 17:18:28,404 - INFO - EarlyStopping: no improvement for 5/10 epoch(s) (best=0.7629, current=0.7584)
2026-04-02 17:18:46,570 - INFO - [small_1000] E021  train_loss=0.0192  val_loss=0.0286  val_AUROC=0.7776  valid_labels=30/150
2026-04-02 17:18:46,617 - INFO -   [SAVED] small_1000_epoch21_auroc0.7776.pth
2026-04-02 17:19:04,720 - INFO - [small_1000] E022  train_loss=0.0184  val_loss=0.0263  val_AUROC=0.7591  valid_labels=30/150
2026-04-02 17:19:04,721 - INFO - EarlyStopping: no improvement for 1/10 epoch(s) (best=0.7776, current=0.7591)
2026-04-02 17:19:22,619 - INFO - [small_1000] E023  train_loss=0.0181  val_loss=0.0261  val_AUROC=0.7580  valid_labels=30/150
2026-04-02 17:19:22,619 - INFO - EarlyStopping: no improvement for 2/10 epoch(s) (best=0.7776, current=0.7580)
2026-04-02 17:19:40,452 - INFO - [small_1000] E024  train_loss=0.0177  val_loss=0.0277  val_AUROC=0.7560  valid_labels=30/150
2026-04-02 17:19:40,452 - INFO - EarlyStopping: no improvement for 3/10 epoch(s) (best=0.7776, current=0.7560)
2026-04-02 17:19:58,343 - INFO - [small_1000] E025  train_loss=0.0175  val_loss=0.0278  val_AUROC=0.7344  valid_labels=30/150
2026-04-02 17:19:58,344 - INFO - EarlyStopping: no improvement for 4/10 epoch(s) (best=0.7776, current=0.7344)
2026-04-02 17:20:16,493 - INFO - [small_1000] E026  train_loss=0.0173  val_loss=0.0264  val_AUROC=0.7644  valid_labels=30/150
2026-04-02 17:20:16,494 - INFO - EarlyStopping: no improvement for 5/10 epoch(s) (best=0.7776, current=0.7644)
2026-04-02 17:20:34,223 - INFO - [small_1000] E027  train_loss=0.0168  val_loss=0.0263  val_AUROC=0.7409  valid_labels=30/150
2026-04-02 17:20:34,223 - INFO -   LR: 1.00e-03 → 5.00e-04
2026-04-02 17:20:34,224 - INFO - EarlyStopping: no improvement for 6/10 epoch(s) (best=0.7776, current=0.7409)
2026-04-02 17:20:52,538 - INFO - [small_1000] E028  train_loss=0.0150  val_loss=0.0262  val_AUROC=0.7547  valid_labels=30/150
2026-04-02 17:20:52,539 - INFO - EarlyStopping: no improvement for 7/10 epoch(s) (best=0.7776, current=0.7547)
2026-04-02 17:21:10,825 - INFO - [small_1000] E029  train_loss=0.0143  val_loss=0.0262  val_AUROC=0.7478  valid_labels=30/150
2026-04-02 17:21:10,826 - INFO - EarlyStopping: no improvement for 8/10 epoch(s) (best=0.7776, current=0.7478)
2026-04-02 17:21:28,918 - INFO - [small_1000] E030  train_loss=0.0139  val_loss=0.0265  val_AUROC=0.7351  valid_labels=30/150
2026-04-02 17:21:28,919 - INFO - EarlyStopping: no improvement for 9/10 epoch(s) (best=0.7776, current=0.7351)
2026-04-02 17:21:46,903 - INFO - [small_1000] E031  train_loss=0.0136  val_loss=0.0271  val_AUROC=0.7308  valid_labels=30/150
2026-04-02 17:21:46,903 - INFO - EarlyStopping: no improvement for 10/10 epoch(s) (best=0.7776, current=0.7308)
2026-04-02 17:21:46,904 - INFO - EarlyStopping triggered. Best val AUROC: 0.7776
2026-04-02 17:21:46,904 - INFO -   Early stopping triggered at epoch 31.
2026-04-02 17:21:46,904 - INFO - [small_1000] Training done | best val AUROC: 0.7776
2026-04-02 17:21:46,976 - INFO - [small_1000] Reloaded best checkpoint (epoch 21)
2026-04-02 17:22:17,720 - INFO - [small_1000_test] Valid labels: 38 / 150 | Macro AUROC: 0.7214
2026-04-02 17:22:18,109 - INFO - [small_1000_test] ROC plot saved: ./res/ablation_resnet/small_1000\small_1000_test_roc_curves.png
2026-04-02 17:22:18,110 - INFO - [small_1000] SUMMARY: {'experiment': 'small_1000', 'model_size': 'small', 'n_train_requested': '1000', 'n_train_actual': 1000, 'n_val': 766, 'n_test': 1941, 'total_params': 574838, 'trainable_params': 574838, 'best_val_AUROC': np.float64(0.7776), 'test_macro_AUROC': np.float64(0.7214)}
2026-04-02 17:22:18,113 - INFO - 
======================================================================
EXPERIMENT: small_500
======================================================================
2026-04-02 17:22:18,114 - INFO -   Subsampled training set: 500 / 6690 records
2026-04-02 17:22:18,141 - INFO -   Model size      : small
2026-04-02 17:22:18,142 - INFO -   Channels        : [16, 32, 64, 128]
2026-04-02 17:22:18,142 - INFO -   Total params    : 574,838
2026-04-02 17:22:18,143 - INFO -   Trainable params: 574,838
2026-04-02 17:22:18,143 - INFO -   Train samples   : 500
2026-04-02 17:22:31,464 - INFO - [small_500] E001  train_loss=0.4757  val_loss=0.2091  val_AUROC=0.6528  valid_labels=30/150
2026-04-02 17:22:31,508 - INFO -   [SAVED] small_500_epoch1_auroc0.6528.pth
2026-04-02 17:22:44,157 - INFO - [small_500] E002  train_loss=0.1310  val_loss=0.0695  val_AUROC=0.6455  valid_labels=30/150
2026-04-02 17:22:44,158 - INFO - EarlyStopping: no improvement for 1/10 epoch(s) (best=0.6528, current=0.6455)
2026-04-02 17:22:57,229 - INFO - [small_500] E003  train_loss=0.0480  val_loss=0.0419  val_AUROC=0.5740  valid_labels=30/150
2026-04-02 17:22:57,229 - INFO - EarlyStopping: no improvement for 2/10 epoch(s) (best=0.6528, current=0.5740)
2026-04-02 17:23:09,967 - INFO - [small_500] E004  train_loss=0.0346  val_loss=0.0357  val_AUROC=0.5433  valid_labels=30/150
2026-04-02 17:23:09,967 - INFO - EarlyStopping: no improvement for 3/10 epoch(s) (best=0.6528, current=0.5433)
2026-04-02 17:23:22,726 - INFO - [small_500] E005  train_loss=0.0307  val_loss=0.0337  val_AUROC=0.5918  valid_labels=30/150
2026-04-02 17:23:22,726 - INFO - EarlyStopping: no improvement for 4/10 epoch(s) (best=0.6528, current=0.5918)
2026-04-02 17:23:35,441 - INFO - [small_500] E006  train_loss=0.0291  val_loss=0.0324  val_AUROC=0.6064  valid_labels=30/150
2026-04-02 17:23:35,442 - INFO - EarlyStopping: no improvement for 5/10 epoch(s) (best=0.6528, current=0.6064)
2026-04-02 17:23:48,004 - INFO - [small_500] E007  train_loss=0.0279  val_loss=0.0316  val_AUROC=0.6117  valid_labels=30/150
2026-04-02 17:23:48,004 - INFO -   LR: 1.00e-03 → 5.00e-04
2026-04-02 17:23:48,005 - INFO - EarlyStopping: no improvement for 6/10 epoch(s) (best=0.6528, current=0.6117)
2026-04-02 17:24:00,474 - INFO - [small_500] E008  train_loss=0.0272  val_loss=0.0312  val_AUROC=0.5927  valid_labels=30/150
2026-04-02 17:24:00,474 - INFO - EarlyStopping: no improvement for 7/10 epoch(s) (best=0.6528, current=0.5927)
2026-04-02 17:24:13,302 - INFO - [small_500] E009  train_loss=0.0269  val_loss=0.0309  val_AUROC=0.6053  valid_labels=30/150
2026-04-02 17:24:13,303 - INFO - EarlyStopping: no improvement for 8/10 epoch(s) (best=0.6528, current=0.6053)
2026-04-02 17:24:25,614 - INFO - [small_500] E010  train_loss=0.0266  val_loss=0.0305  val_AUROC=0.5899  valid_labels=30/150
2026-04-02 17:24:25,614 - INFO - EarlyStopping: no improvement for 9/10 epoch(s) (best=0.6528, current=0.5899)
2026-04-02 17:24:37,562 - INFO - [small_500] E011  train_loss=0.0262  val_loss=0.0304  val_AUROC=0.6040  valid_labels=30/150
2026-04-02 17:24:37,563 - INFO - EarlyStopping: no improvement for 10/10 epoch(s) (best=0.6528, current=0.6040)
2026-04-02 17:24:37,563 - INFO - EarlyStopping triggered. Best val AUROC: 0.6528
2026-04-02 17:24:37,564 - INFO -   Early stopping triggered at epoch 11.
2026-04-02 17:24:37,564 - INFO - [small_500] Training done | best val AUROC: 0.6528
2026-04-02 17:24:37,625 - INFO - [small_500] Reloaded best checkpoint (epoch 1)
2026-04-02 17:25:08,689 - INFO - [small_500_test] Valid labels: 38 / 150 | Macro AUROC: 0.6226
2026-04-02 17:25:09,187 - INFO - [small_500_test] ROC plot saved: ./res/ablation_resnet/small_500\small_500_test_roc_curves.png
2026-04-02 17:25:09,187 - INFO - [small_500] SUMMARY: {'experiment': 'small_500', 'model_size': 'small', 'n_train_requested': '500', 'n_train_actual': 500, 'n_val': 766, 'n_test': 1941, 'total_params': 574838, 'trainable_params': 574838, 'best_val_AUROC': np.float64(0.6528), 'test_macro_AUROC': np.float64(0.6226)}
2026-04-02 17:25:09,194 - INFO - 
Ablation summary saved: ./res/ablation_resnet/ablation_summary.csv
2026-04-02 17:25:09,196 - INFO - 
================================================================================
ABLATION RESULTS
================================================================================
2026-04-02 17:25:09,202 - INFO -  experiment model_size n_train_requested  n_train_actual  total_params  best_val_AUROC  test_macro_AUROC
 large_full      large              full            6690       8901398          0.8960            0.8416
 large_3000      large              3000            3000       8901398          0.8662            0.8194
 large_1000      large              1000            1000       8901398          0.7993            0.7352
  large_500      large               500             500       8901398          0.7268            0.6638
medium_full     medium              full            6690       2249942          0.8978            0.8739
medium_3000     medium              3000            3000       2249942          0.8760            0.8239
medium_1000     medium              1000            1000       2249942          0.8100            0.7212
 medium_500     medium               500             500       2249942          0.6449            0.6144
 small_full      small              full            6690        574838          0.9086            0.8344
 small_3000      small              3000            3000        574838          0.8610            0.7977
 small_1000      small              1000            1000        574838          0.7776            0.7214
  small_500      small               500             500        574838          0.6528            0.6226
2026-04-02 17:25:09,452 - INFO - Comparison plot saved: ./res/ablation_resnet/ablation_comparison.png
2026-04-02 17:25:09,453 - INFO - 
All experiments complete.
