2026-04-02 23:16:17,508 - INFO - Using device: cuda:0
2026-04-02 23:16:17,509 - INFO - Number of classes: 150
2026-04-02 23:16:17,753 - INFO - ✓ Patient-level split verified — no leakage detected.
2026-04-02 23:16:17,753 - INFO -   TRAIN :  6690 samples |  5748 patients
2026-04-02 23:16:17,754 - INFO -   VAL   :   766 samples |   639 patients
2026-04-02 23:16:17,754 - INFO -   TEST  :  1941 samples |  1597 patients
2026-04-02 23:16:17,755 - INFO - 
Model size overview:
2026-04-02 23:16:17,755 - INFO -   Size     Base Filters Filter List                           Total Params   Trainable Params
2026-04-02 23:16:17,756 - INFO -   ------------------------------------------------------------------------------------------
2026-04-02 23:16:17,875 - INFO -   large              64 [64, 160, 160, 400, 400, 1024, 1024]     30,819,014         30,819,014
2026-04-02 23:17:14,904 - INFO - Using device: cuda:0
2026-04-02 23:17:14,904 - INFO - Number of classes: 150
2026-04-02 23:17:15,151 - INFO - ✓ Patient-level split verified — no leakage detected.
2026-04-02 23:17:15,151 - INFO -   TRAIN :  6690 samples |  5748 patients
2026-04-02 23:17:15,151 - INFO -   VAL   :   766 samples |   639 patients
2026-04-02 23:17:15,152 - INFO -   TEST  :  1941 samples |  1597 patients
2026-04-02 23:17:15,152 - INFO - 
Model size overview:
2026-04-02 23:17:15,152 - INFO -   Size     Base Filters Filter List                           Total Params   Trainable Params
2026-04-02 23:17:15,153 - INFO -   ------------------------------------------------------------------------------------------
2026-04-02 23:17:15,278 - INFO -   large              64 [64, 160, 160, 400, 400, 1024, 1024]     30,819,014         30,819,014
2026-04-02 23:17:15,340 - INFO -   medium             48 [48, 120, 120, 300, 300, 768, 768]      17,388,906         17,388,906
2026-04-02 23:17:15,375 - INFO -   small              32 [32, 80, 80, 200, 200, 512, 512]         5,765,638          5,765,638
2026-04-02 23:17:15,376 - INFO - 
======================================================================
EXPERIMENT: large_full
======================================================================
2026-04-02 23:17:15,377 - INFO -   Using full training set: 6690 records
2026-04-02 23:17:15,789 - INFO -   Model size      : large
2026-04-02 23:17:15,790 - INFO -   Base filters    : 64
2026-04-02 23:17:15,790 - INFO -   Filter list     : [64, 160, 160, 400, 400, 1024, 1024]
2026-04-02 23:17:15,790 - INFO -   M blocks        : [2, 2, 2, 3, 3, 4, 4]
2026-04-02 23:17:15,792 - INFO -   Total params    : 30,819,014
2026-04-02 23:17:15,792 - INFO -   Trainable params: 30,819,014
2026-04-02 23:17:15,792 - INFO -   Train samples   : 6690
2026-04-02 23:18:59,668 - INFO - [large_full] E001  train_loss=0.0353  val_loss=0.0266  val_AUROC=0.7679  valid_labels=30/150
2026-04-02 23:19:00,157 - INFO -   [SAVED] large_full_epoch1_auroc0.7679.pth
2026-04-02 23:20:49,790 - INFO - [large_full] E002  train_loss=0.0238  val_loss=0.0252  val_AUROC=0.7942  valid_labels=30/150
2026-04-02 23:20:50,328 - INFO -   [SAVED] large_full_epoch2_auroc0.7942.pth
2026-04-02 23:22:52,013 - INFO - [large_full] E003  train_loss=0.0223  val_loss=0.0234  val_AUROC=0.8183  valid_labels=30/150
2026-04-02 23:22:52,637 - INFO -   [SAVED] large_full_epoch3_auroc0.8183.pth
2026-04-02 23:24:46,373 - INFO - [large_full] E004  train_loss=0.0215  val_loss=0.0227  val_AUROC=0.8074  valid_labels=30/150
2026-04-02 23:24:46,374 - INFO - EarlyStopping: no improvement for 1/10 epoch(s) (best=0.8183, current=0.8074)
2026-04-02 23:26:43,624 - INFO - [large_full] E005  train_loss=0.0206  val_loss=0.0222  val_AUROC=0.8271  valid_labels=30/150
2026-04-02 23:26:44,176 - INFO -   [SAVED] large_full_epoch5_auroc0.8271.pth
2026-04-02 23:28:37,330 - INFO - [large_full] E006  train_loss=0.0199  val_loss=0.0219  val_AUROC=0.8295  valid_labels=30/150
2026-04-02 23:28:37,893 - INFO -   [SAVED] large_full_epoch6_auroc0.8295.pth
2026-04-02 23:30:56,645 - INFO - [large_full] E007  train_loss=0.0195  val_loss=0.0222  val_AUROC=0.8245  valid_labels=30/150
2026-04-02 23:30:56,645 - INFO - EarlyStopping: no improvement for 1/10 epoch(s) (best=0.8295, current=0.8245)
2026-04-02 23:33:27,841 - INFO - [large_full] E008  train_loss=0.0191  val_loss=0.0215  val_AUROC=0.8296  valid_labels=30/150
2026-04-02 23:33:28,447 - INFO -   [SAVED] large_full_epoch8_auroc0.8296.pth
2026-04-02 23:33:28,447 - INFO - EarlyStopping: no improvement for 2/10 epoch(s) (best=0.8295, current=0.8296)
2026-04-02 23:36:00,545 - INFO - [large_full] E009  train_loss=0.0187  val_loss=0.0217  val_AUROC=0.8250  valid_labels=30/150
2026-04-02 23:36:00,546 - INFO - EarlyStopping: no improvement for 3/10 epoch(s) (best=0.8295, current=0.8250)
2026-04-02 23:38:29,604 - INFO - [large_full] E010  train_loss=0.0184  val_loss=0.0219  val_AUROC=0.8375  valid_labels=30/150
2026-04-02 23:38:30,214 - INFO -   [SAVED] large_full_epoch10_auroc0.8375.pth
2026-04-02 23:41:02,694 - INFO - [large_full] E011  train_loss=0.0182  val_loss=0.0216  val_AUROC=0.8208  valid_labels=30/150
2026-04-02 23:41:02,694 - INFO - EarlyStopping: no improvement for 1/10 epoch(s) (best=0.8375, current=0.8208)
2026-04-02 23:43:34,058 - INFO - [large_full] E012  train_loss=0.0180  val_loss=0.0212  val_AUROC=0.8361  valid_labels=30/150
2026-04-02 23:43:34,059 - INFO - EarlyStopping: no improvement for 2/10 epoch(s) (best=0.8375, current=0.8361)
2026-04-02 23:46:06,605 - INFO - [large_full] E013  train_loss=0.0177  val_loss=0.0220  val_AUROC=0.8433  valid_labels=30/150
2026-04-02 23:46:07,216 - INFO -   [SAVED] large_full_epoch13_auroc0.8433.pth
2026-04-02 23:48:36,828 - INFO - [large_full] E014  train_loss=0.0175  val_loss=0.0208  val_AUROC=0.8396  valid_labels=30/150
2026-04-02 23:48:36,829 - INFO - EarlyStopping: no improvement for 1/10 epoch(s) (best=0.8433, current=0.8396)
2026-04-02 23:51:08,860 - INFO - [large_full] E015  train_loss=0.0173  val_loss=0.0215  val_AUROC=0.8347  valid_labels=30/150
2026-04-02 23:51:08,862 - INFO - EarlyStopping: no improvement for 2/10 epoch(s) (best=0.8433, current=0.8347)
2026-04-02 23:53:39,769 - INFO - [large_full] E016  train_loss=0.0169  val_loss=0.0208  val_AUROC=0.8317  valid_labels=30/150
2026-04-02 23:53:39,769 - INFO - EarlyStopping: no improvement for 3/10 epoch(s) (best=0.8433, current=0.8317)
2026-04-02 23:56:10,517 - INFO - [large_full] E017  train_loss=0.0167  val_loss=0.0211  val_AUROC=0.8249  valid_labels=30/150
2026-04-02 23:56:10,517 - INFO - EarlyStopping: no improvement for 4/10 epoch(s) (best=0.8433, current=0.8249)
2026-04-02 23:58:40,704 - INFO - [large_full] E018  train_loss=0.0165  val_loss=0.0222  val_AUROC=0.8267  valid_labels=30/150
2026-04-02 23:58:40,705 - INFO - EarlyStopping: no improvement for 5/10 epoch(s) (best=0.8433, current=0.8267)
2026-04-03 00:01:28,043 - INFO - [large_full] E019  train_loss=0.0164  val_loss=0.0215  val_AUROC=0.8277  valid_labels=30/150
2026-04-03 00:01:28,044 - INFO -   LR: 1.00e-03 → 5.00e-04
2026-04-03 00:01:28,044 - INFO - EarlyStopping: no improvement for 6/10 epoch(s) (best=0.8433, current=0.8277)
2026-04-03 00:04:02,158 - INFO - [large_full] E020  train_loss=0.0153  val_loss=0.0213  val_AUROC=0.8233  valid_labels=30/150
2026-04-03 00:04:02,159 - INFO - EarlyStopping: no improvement for 7/10 epoch(s) (best=0.8433, current=0.8233)
2026-04-03 00:06:32,130 - INFO - [large_full] E021  train_loss=0.0151  val_loss=0.0210  val_AUROC=0.8320  valid_labels=30/150
2026-04-03 00:06:32,131 - INFO - EarlyStopping: no improvement for 8/10 epoch(s) (best=0.8433, current=0.8320)
2026-04-03 00:09:00,033 - INFO - [large_full] E022  train_loss=0.0149  val_loss=0.0221  val_AUROC=0.8227  valid_labels=30/150
2026-04-03 00:09:00,034 - INFO - EarlyStopping: no improvement for 9/10 epoch(s) (best=0.8433, current=0.8227)
2026-04-03 00:11:27,907 - INFO - [large_full] E023  train_loss=0.0148  val_loss=0.0215  val_AUROC=0.8240  valid_labels=30/150
2026-04-03 00:11:27,908 - INFO - EarlyStopping: no improvement for 10/10 epoch(s) (best=0.8433, current=0.8240)
2026-04-03 00:11:27,908 - INFO - EarlyStopping triggered. Best val AUROC: 0.8433
2026-04-03 00:11:27,908 - INFO -   Early stopping triggered at epoch 23.
2026-04-03 00:11:27,909 - INFO - [large_full] Training done | best val AUROC: 0.8433
2026-04-03 00:11:28,510 - INFO - [large_full] Reloaded best checkpoint (epoch 13)
2026-04-03 00:12:12,083 - INFO - [large_full_test] Valid labels: 38 / 150 | Macro AUROC: 0.7993
2026-04-03 00:12:13,587 - INFO - [large_full_test] ROC plot saved: ./res/ablation_net1d/large_full\large_full_test_roc_curves.png
2026-04-03 00:12:13,588 - INFO - [large_full] SUMMARY: {'experiment': 'large_full', 'model_size': 'large', 'n_train_requested': 'full', 'n_train_actual': 6690, 'n_val': 766, 'n_test': 1941, 'total_params': 30819014, 'trainable_params': 30819014, 'best_val_AUROC': np.float64(0.8433), 'test_macro_AUROC': np.float64(0.7993)}
2026-04-03 00:12:13,593 - INFO - 
======================================================================
EXPERIMENT: large_3000
======================================================================
2026-04-03 00:12:13,596 - INFO -   Subsampled training set: 3000 / 6690 records
2026-04-03 00:12:13,971 - INFO -   Model size      : large
2026-04-03 00:12:13,971 - INFO -   Base filters    : 64
2026-04-03 00:12:13,971 - INFO -   Filter list     : [64, 160, 160, 400, 400, 1024, 1024]
2026-04-03 00:12:13,972 - INFO -   M blocks        : [2, 2, 2, 3, 3, 4, 4]
2026-04-03 00:12:13,972 - INFO -   Total params    : 30,819,014
2026-04-03 00:12:13,973 - INFO -   Trainable params: 30,819,014
2026-04-03 00:12:13,973 - INFO -   Train samples   : 3000
2026-04-03 00:13:30,495 - INFO - [large_3000] E001  train_loss=0.0483  val_loss=0.0285  val_AUROC=0.7227  valid_labels=30/150
2026-04-03 00:13:31,093 - INFO -   [SAVED] large_3000_epoch1_auroc0.7227.pth
2026-04-03 00:14:42,361 - INFO - [large_3000] E002  train_loss=0.0262  val_loss=0.0270  val_AUROC=0.7758  valid_labels=30/150
2026-04-03 00:14:42,956 - INFO -   [SAVED] large_3000_epoch2_auroc0.7758.pth
2026-04-03 00:15:54,381 - INFO - [large_3000] E003  train_loss=0.0244  val_loss=0.0254  val_AUROC=0.7882  valid_labels=30/150
2026-04-03 00:15:55,006 - INFO -   [SAVED] large_3000_epoch3_auroc0.7882.pth
2026-04-03 00:17:07,130 - INFO - [large_3000] E004  train_loss=0.0235  val_loss=0.0257  val_AUROC=0.8018  valid_labels=30/150
2026-04-03 00:17:07,760 - INFO -   [SAVED] large_3000_epoch4_auroc0.8018.pth
2026-04-03 00:18:20,101 - INFO - [large_3000] E005  train_loss=0.0225  val_loss=0.0241  val_AUROC=0.8009  valid_labels=30/150
2026-04-03 00:18:20,101 - INFO - EarlyStopping: no improvement for 1/10 epoch(s) (best=0.8018, current=0.8009)
2026-04-03 00:19:32,984 - INFO - [large_3000] E006  train_loss=0.0216  val_loss=0.0237  val_AUROC=0.8354  valid_labels=30/150
2026-04-03 00:19:33,575 - INFO -   [SAVED] large_3000_epoch6_auroc0.8354.pth
2026-04-03 00:20:45,663 - INFO - [large_3000] E007  train_loss=0.0213  val_loss=0.0236  val_AUROC=0.8274  valid_labels=30/150
2026-04-03 00:20:45,664 - INFO - EarlyStopping: no improvement for 1/10 epoch(s) (best=0.8354, current=0.8274)
2026-04-03 00:21:57,084 - INFO - [large_3000] E008  train_loss=0.0207  val_loss=0.0233  val_AUROC=0.8077  valid_labels=30/150
2026-04-03 00:21:57,084 - INFO - EarlyStopping: no improvement for 2/10 epoch(s) (best=0.8354, current=0.8077)
2026-04-03 00:23:07,447 - INFO - [large_3000] E009  train_loss=0.0200  val_loss=0.0237  val_AUROC=0.8348  valid_labels=30/150
2026-04-03 00:23:07,448 - INFO - EarlyStopping: no improvement for 3/10 epoch(s) (best=0.8354, current=0.8348)
2026-04-03 00:24:19,880 - INFO - [large_3000] E010  train_loss=0.0196  val_loss=0.0224  val_AUROC=0.8492  valid_labels=30/150
2026-04-03 00:24:20,520 - INFO -   [SAVED] large_3000_epoch10_auroc0.8492.pth
2026-04-03 00:25:32,330 - INFO - [large_3000] E011  train_loss=0.0191  val_loss=0.0223  val_AUROC=0.8216  valid_labels=30/150
2026-04-03 00:25:32,331 - INFO - EarlyStopping: no improvement for 1/10 epoch(s) (best=0.8492, current=0.8216)
2026-04-03 00:26:42,862 - INFO - [large_3000] E012  train_loss=0.0187  val_loss=0.0225  val_AUROC=0.8270  valid_labels=30/150
2026-04-03 00:26:42,863 - INFO - EarlyStopping: no improvement for 2/10 epoch(s) (best=0.8492, current=0.8270)
2026-04-03 00:27:55,020 - INFO - [large_3000] E013  train_loss=0.0184  val_loss=0.0228  val_AUROC=0.8223  valid_labels=30/150
2026-04-03 00:27:55,021 - INFO - EarlyStopping: no improvement for 3/10 epoch(s) (best=0.8492, current=0.8223)
2026-04-03 00:29:06,814 - INFO - [large_3000] E014  train_loss=0.0181  val_loss=0.0223  val_AUROC=0.8149  valid_labels=30/150
2026-04-03 00:29:06,815 - INFO - EarlyStopping: no improvement for 4/10 epoch(s) (best=0.8492, current=0.8149)
2026-04-03 00:30:19,235 - INFO - [large_3000] E015  train_loss=0.0176  val_loss=0.0226  val_AUROC=0.8298  valid_labels=30/150
2026-04-03 00:30:19,236 - INFO - EarlyStopping: no improvement for 5/10 epoch(s) (best=0.8492, current=0.8298)
2026-04-03 00:31:31,907 - INFO - [large_3000] E016  train_loss=0.0172  val_loss=0.0226  val_AUROC=0.8201  valid_labels=30/150
2026-04-03 00:31:31,908 - INFO -   LR: 1.00e-03 → 5.00e-04
2026-04-03 00:31:31,908 - INFO - EarlyStopping: no improvement for 6/10 epoch(s) (best=0.8492, current=0.8201)
2026-04-03 00:32:43,246 - INFO - [large_3000] E017  train_loss=0.0162  val_loss=0.0226  val_AUROC=0.8101  valid_labels=30/150
2026-04-03 00:32:43,247 - INFO - EarlyStopping: no improvement for 7/10 epoch(s) (best=0.8492, current=0.8101)
2026-04-03 00:33:54,235 - INFO - [large_3000] E018  train_loss=0.0158  val_loss=0.0227  val_AUROC=0.8098  valid_labels=30/150
2026-04-03 00:33:54,236 - INFO - EarlyStopping: no improvement for 8/10 epoch(s) (best=0.8492, current=0.8098)
2026-04-03 00:35:07,222 - INFO - [large_3000] E019  train_loss=0.0155  val_loss=0.0235  val_AUROC=0.8114  valid_labels=30/150
2026-04-03 00:35:07,223 - INFO - EarlyStopping: no improvement for 9/10 epoch(s) (best=0.8492, current=0.8114)
2026-04-03 00:36:19,477 - INFO - [large_3000] E020  train_loss=0.0152  val_loss=0.0237  val_AUROC=0.8050  valid_labels=30/150
2026-04-03 00:36:19,478 - INFO - EarlyStopping: no improvement for 10/10 epoch(s) (best=0.8492, current=0.8050)
2026-04-03 00:36:19,478 - INFO - EarlyStopping triggered. Best val AUROC: 0.8492
2026-04-03 00:36:19,478 - INFO -   Early stopping triggered at epoch 20.
2026-04-03 00:36:19,478 - INFO - [large_3000] Training done | best val AUROC: 0.8492
2026-04-03 00:36:20,205 - INFO - [large_3000] Reloaded best checkpoint (epoch 10)
2026-04-03 00:37:01,704 - INFO - [large_3000_test] Valid labels: 38 / 150 | Macro AUROC: 0.7675
2026-04-03 00:37:02,243 - INFO - [large_3000_test] ROC plot saved: ./res/ablation_net1d/large_3000\large_3000_test_roc_curves.png
2026-04-03 00:37:02,244 - INFO - [large_3000] SUMMARY: {'experiment': 'large_3000', 'model_size': 'large', 'n_train_requested': '3000', 'n_train_actual': 3000, 'n_val': 766, 'n_test': 1941, 'total_params': 30819014, 'trainable_params': 30819014, 'best_val_AUROC': np.float64(0.8492), 'test_macro_AUROC': np.float64(0.7675)}
2026-04-03 00:37:02,249 - INFO - 
======================================================================
EXPERIMENT: large_1000
======================================================================
2026-04-03 00:37:02,251 - INFO -   Subsampled training set: 1000 / 6690 records
2026-04-03 00:37:02,656 - INFO -   Model size      : large
2026-04-03 00:37:02,656 - INFO -   Base filters    : 64
2026-04-03 00:37:02,657 - INFO -   Filter list     : [64, 160, 160, 400, 400, 1024, 1024]
2026-04-03 00:37:02,657 - INFO -   M blocks        : [2, 2, 2, 3, 3, 4, 4]
2026-04-03 00:37:02,657 - INFO -   Total params    : 30,819,014
2026-04-03 00:37:02,657 - INFO -   Trainable params: 30,819,014
2026-04-03 00:37:02,658 - INFO -   Train samples   : 1000
2026-04-03 00:37:33,588 - INFO - [large_1000] E001  train_loss=0.0829  val_loss=0.0303  val_AUROC=0.6625  valid_labels=30/150
2026-04-03 00:37:34,177 - INFO -   [SAVED] large_1000_epoch1_auroc0.6625.pth
2026-04-03 00:38:04,690 - INFO - [large_1000] E002  train_loss=0.0284  val_loss=0.0301  val_AUROC=0.6965  valid_labels=30/150
2026-04-03 00:38:05,314 - INFO -   [SAVED] large_1000_epoch2_auroc0.6965.pth
2026-04-03 00:38:36,139 - INFO - [large_1000] E003  train_loss=0.0276  val_loss=0.0286  val_AUROC=0.7228  valid_labels=30/150
2026-04-03 00:38:36,757 - INFO -   [SAVED] large_1000_epoch3_auroc0.7228.pth
2026-04-03 00:39:07,283 - INFO - [large_1000] E004  train_loss=0.0264  val_loss=0.0271  val_AUROC=0.7466  valid_labels=30/150
2026-04-03 00:39:07,905 - INFO -   [SAVED] large_1000_epoch4_auroc0.7466.pth
2026-04-03 00:39:39,804 - INFO - [large_1000] E005  train_loss=0.0250  val_loss=0.0271  val_AUROC=0.7573  valid_labels=30/150
2026-04-03 00:39:40,430 - INFO -   [SAVED] large_1000_epoch5_auroc0.7573.pth
2026-04-03 00:40:11,055 - INFO - [large_1000] E006  train_loss=0.0241  val_loss=0.0265  val_AUROC=0.7663  valid_labels=30/150
2026-04-03 00:40:11,664 - INFO -   [SAVED] large_1000_epoch6_auroc0.7663.pth
2026-04-03 00:40:41,925 - INFO - [large_1000] E007  train_loss=0.0234  val_loss=0.0267  val_AUROC=0.7799  valid_labels=30/150
2026-04-03 00:40:42,562 - INFO -   [SAVED] large_1000_epoch7_auroc0.7799.pth
2026-04-03 00:41:13,367 - INFO - [large_1000] E008  train_loss=0.0227  val_loss=0.0256  val_AUROC=0.7972  valid_labels=30/150
2026-04-03 00:41:13,984 - INFO -   [SAVED] large_1000_epoch8_auroc0.7972.pth
2026-04-03 00:41:45,071 - INFO - [large_1000] E009  train_loss=0.0222  val_loss=0.0250  val_AUROC=0.7995  valid_labels=30/150
2026-04-03 00:41:45,683 - INFO -   [SAVED] large_1000_epoch9_auroc0.7995.pth
2026-04-03 00:42:18,447 - INFO - [large_1000] E010  train_loss=0.0216  val_loss=0.0254  val_AUROC=0.8057  valid_labels=30/150
2026-04-03 00:42:19,144 - INFO -   [SAVED] large_1000_epoch10_auroc0.8057.pth
2026-04-03 00:42:50,430 - INFO - [large_1000] E011  train_loss=0.0214  val_loss=0.0252  val_AUROC=0.8101  valid_labels=30/150
2026-04-03 00:42:51,026 - INFO -   [SAVED] large_1000_epoch11_auroc0.8101.pth
2026-04-03 00:43:21,678 - INFO - [large_1000] E012  train_loss=0.0209  val_loss=0.0261  val_AUROC=0.7965  valid_labels=30/150
2026-04-03 00:43:21,678 - INFO - EarlyStopping: no improvement for 1/10 epoch(s) (best=0.8101, current=0.7965)
2026-04-03 00:43:52,572 - INFO - [large_1000] E013  train_loss=0.0204  val_loss=0.0253  val_AUROC=0.8024  valid_labels=30/150
2026-04-03 00:43:52,573 - INFO - EarlyStopping: no improvement for 2/10 epoch(s) (best=0.8101, current=0.8024)
2026-04-03 00:44:23,453 - INFO - [large_1000] E014  train_loss=0.0199  val_loss=0.0254  val_AUROC=0.7839  valid_labels=30/150
2026-04-03 00:44:23,453 - INFO - EarlyStopping: no improvement for 3/10 epoch(s) (best=0.8101, current=0.7839)
2026-04-03 00:44:54,506 - INFO - [large_1000] E015  train_loss=0.0198  val_loss=0.0248  val_AUROC=0.7978  valid_labels=30/150
2026-04-03 00:44:54,506 - INFO - EarlyStopping: no improvement for 4/10 epoch(s) (best=0.8101, current=0.7978)
2026-04-03 00:45:26,545 - INFO - [large_1000] E016  train_loss=0.0191  val_loss=0.0253  val_AUROC=0.7973  valid_labels=30/150
2026-04-03 00:45:26,546 - INFO - EarlyStopping: no improvement for 5/10 epoch(s) (best=0.8101, current=0.7973)
2026-04-03 00:45:57,950 - INFO - [large_1000] E017  train_loss=0.0183  val_loss=0.0244  val_AUROC=0.7976  valid_labels=30/150
2026-04-03 00:45:57,951 - INFO -   LR: 1.00e-03 → 5.00e-04
2026-04-03 00:45:57,951 - INFO - EarlyStopping: no improvement for 6/10 epoch(s) (best=0.8101, current=0.7976)
2026-04-03 00:46:29,090 - INFO - [large_1000] E018  train_loss=0.0171  val_loss=0.0250  val_AUROC=0.7966  valid_labels=30/150
2026-04-03 00:46:29,090 - INFO - EarlyStopping: no improvement for 7/10 epoch(s) (best=0.8101, current=0.7966)
2026-04-03 00:47:00,285 - INFO - [large_1000] E019  train_loss=0.0168  val_loss=0.0248  val_AUROC=0.7865  valid_labels=30/150
2026-04-03 00:47:00,285 - INFO - EarlyStopping: no improvement for 8/10 epoch(s) (best=0.8101, current=0.7865)
2026-04-03 00:47:30,886 - INFO - [large_1000] E020  train_loss=0.0162  val_loss=0.0250  val_AUROC=0.7692  valid_labels=30/150
2026-04-03 00:47:30,886 - INFO - EarlyStopping: no improvement for 9/10 epoch(s) (best=0.8101, current=0.7692)
2026-04-03 00:48:01,973 - INFO - [large_1000] E021  train_loss=0.0163  val_loss=0.0253  val_AUROC=0.7475  valid_labels=30/150
2026-04-03 00:48:01,974 - INFO - EarlyStopping: no improvement for 10/10 epoch(s) (best=0.8101, current=0.7475)
2026-04-03 00:48:01,974 - INFO - EarlyStopping triggered. Best val AUROC: 0.8101
2026-04-03 00:48:01,975 - INFO -   Early stopping triggered at epoch 21.
2026-04-03 00:48:01,975 - INFO - [large_1000] Training done | best val AUROC: 0.8101
2026-04-03 00:48:02,479 - INFO - [large_1000] Reloaded best checkpoint (epoch 11)
2026-04-03 00:48:44,184 - INFO - [large_1000_test] Valid labels: 38 / 150 | Macro AUROC: 0.7394
2026-04-03 00:48:44,607 - INFO - [large_1000_test] ROC plot saved: ./res/ablation_net1d/large_1000\large_1000_test_roc_curves.png
2026-04-03 00:48:44,608 - INFO - [large_1000] SUMMARY: {'experiment': 'large_1000', 'model_size': 'large', 'n_train_requested': '1000', 'n_train_actual': 1000, 'n_val': 766, 'n_test': 1941, 'total_params': 30819014, 'trainable_params': 30819014, 'best_val_AUROC': np.float64(0.8101), 'test_macro_AUROC': np.float64(0.7394)}
2026-04-03 00:48:44,613 - INFO - 
======================================================================
EXPERIMENT: large_500
======================================================================
2026-04-03 00:48:44,615 - INFO -   Subsampled training set: 500 / 6690 records
2026-04-03 00:48:45,034 - INFO -   Model size      : large
2026-04-03 00:48:45,035 - INFO -   Base filters    : 64
2026-04-03 00:48:45,035 - INFO -   Filter list     : [64, 160, 160, 400, 400, 1024, 1024]
2026-04-03 00:48:45,036 - INFO -   M blocks        : [2, 2, 2, 3, 3, 4, 4]
2026-04-03 00:48:45,036 - INFO -   Total params    : 30,819,014
2026-04-03 00:48:45,037 - INFO -   Trainable params: 30,819,014
2026-04-03 00:48:45,037 - INFO -   Train samples   : 500
2026-04-03 00:49:05,507 - INFO - [large_500] E001  train_loss=0.1402  val_loss=0.0331  val_AUROC=0.6160  valid_labels=30/150
2026-04-03 00:49:06,138 - INFO -   [SAVED] large_500_epoch1_auroc0.6160.pth
2026-04-03 00:49:26,887 - INFO - [large_500] E002  train_loss=0.0294  val_loss=0.0306  val_AUROC=0.6295  valid_labels=30/150
2026-04-03 00:49:27,498 - INFO -   [SAVED] large_500_epoch2_auroc0.6295.pth
2026-04-03 00:49:48,476 - INFO - [large_500] E003  train_loss=0.0275  val_loss=0.0302  val_AUROC=0.6572  valid_labels=30/150
2026-04-03 00:49:49,104 - INFO -   [SAVED] large_500_epoch3_auroc0.6572.pth
2026-04-03 00:50:09,413 - INFO - [large_500] E004  train_loss=0.0268  val_loss=0.0296  val_AUROC=0.6775  valid_labels=30/150
2026-04-03 00:50:10,011 - INFO -   [SAVED] large_500_epoch4_auroc0.6775.pth
2026-04-03 00:50:30,477 - INFO - [large_500] E005  train_loss=0.0264  val_loss=0.0293  val_AUROC=0.6926  valid_labels=30/150
2026-04-03 00:50:31,086 - INFO -   [SAVED] large_500_epoch5_auroc0.6926.pth
2026-04-03 00:50:51,276 - INFO - [large_500] E006  train_loss=0.0256  val_loss=0.0279  val_AUROC=0.7105  valid_labels=30/150
2026-04-03 00:50:51,872 - INFO -   [SAVED] large_500_epoch6_auroc0.7105.pth
2026-04-03 00:51:12,105 - INFO - [large_500] E007  train_loss=0.0247  val_loss=0.0274  val_AUROC=0.7168  valid_labels=30/150
2026-04-03 00:51:12,718 - INFO -   [SAVED] large_500_epoch7_auroc0.7168.pth
2026-04-03 00:51:33,279 - INFO - [large_500] E008  train_loss=0.0238  val_loss=0.0271  val_AUROC=0.7228  valid_labels=30/150
2026-04-03 00:51:33,902 - INFO -   [SAVED] large_500_epoch8_auroc0.7228.pth
2026-04-03 00:51:54,399 - INFO - [large_500] E009  train_loss=0.0234  val_loss=0.0272  val_AUROC=0.7158  valid_labels=30/150
2026-04-03 00:51:54,400 - INFO - EarlyStopping: no improvement for 1/10 epoch(s) (best=0.7228, current=0.7158)
2026-04-03 00:52:14,552 - INFO - [large_500] E010  train_loss=0.0230  val_loss=0.0264  val_AUROC=0.7263  valid_labels=30/150
2026-04-03 00:52:15,170 - INFO -   [SAVED] large_500_epoch10_auroc0.7263.pth
2026-04-03 00:52:36,035 - INFO - [large_500] E011  train_loss=0.0222  val_loss=0.0264  val_AUROC=0.7064  valid_labels=30/150
2026-04-03 00:52:36,036 - INFO - EarlyStopping: no improvement for 1/10 epoch(s) (best=0.7263, current=0.7064)
2026-04-03 00:52:57,358 - INFO - [large_500] E012  train_loss=0.0221  val_loss=0.0265  val_AUROC=0.7023  valid_labels=30/150
2026-04-03 00:52:57,358 - INFO - EarlyStopping: no improvement for 2/10 epoch(s) (best=0.7263, current=0.7023)
2026-04-03 00:53:17,718 - INFO - [large_500] E013  train_loss=0.0214  val_loss=0.0273  val_AUROC=0.6804  valid_labels=30/150
2026-04-03 00:53:17,719 - INFO - EarlyStopping: no improvement for 3/10 epoch(s) (best=0.7263, current=0.6804)
2026-04-03 00:53:38,435 - INFO - [large_500] E014  train_loss=0.0206  val_loss=0.0264  val_AUROC=0.7120  valid_labels=30/150
2026-04-03 00:53:38,436 - INFO - EarlyStopping: no improvement for 4/10 epoch(s) (best=0.7263, current=0.7120)
2026-04-03 00:53:58,891 - INFO - [large_500] E015  train_loss=0.0207  val_loss=0.0266  val_AUROC=0.6995  valid_labels=30/150
2026-04-03 00:53:58,891 - INFO - EarlyStopping: no improvement for 5/10 epoch(s) (best=0.7263, current=0.6995)
2026-04-03 00:54:19,644 - INFO - [large_500] E016  train_loss=0.0197  val_loss=0.0271  val_AUROC=0.6926  valid_labels=30/150
2026-04-03 00:54:19,645 - INFO -   LR: 1.00e-03 → 5.00e-04
2026-04-03 00:54:19,645 - INFO - EarlyStopping: no improvement for 6/10 epoch(s) (best=0.7263, current=0.6926)
2026-04-03 00:54:40,296 - INFO - [large_500] E017  train_loss=0.0184  val_loss=0.0263  val_AUROC=0.6829  valid_labels=30/150
2026-04-03 00:54:40,297 - INFO - EarlyStopping: no improvement for 7/10 epoch(s) (best=0.7263, current=0.6829)
2026-04-03 00:55:01,231 - INFO - [large_500] E018  train_loss=0.0186  val_loss=0.0265  val_AUROC=0.6887  valid_labels=30/150
2026-04-03 00:55:01,231 - INFO - EarlyStopping: no improvement for 8/10 epoch(s) (best=0.7263, current=0.6887)
2026-04-03 00:55:22,395 - INFO - [large_500] E019  train_loss=0.0180  val_loss=0.0272  val_AUROC=0.6834  valid_labels=30/150
2026-04-03 00:55:22,396 - INFO - EarlyStopping: no improvement for 9/10 epoch(s) (best=0.7263, current=0.6834)
2026-04-03 00:55:42,766 - INFO - [large_500] E020  train_loss=0.0179  val_loss=0.0282  val_AUROC=0.6907  valid_labels=30/150
2026-04-03 00:55:42,767 - INFO - EarlyStopping: no improvement for 10/10 epoch(s) (best=0.7263, current=0.6907)
2026-04-03 00:55:42,768 - INFO - EarlyStopping triggered. Best val AUROC: 0.7263
2026-04-03 00:55:42,768 - INFO -   Early stopping triggered at epoch 20.
2026-04-03 00:55:42,768 - INFO - [large_500] Training done | best val AUROC: 0.7263
2026-04-03 00:55:43,279 - INFO - [large_500] Reloaded best checkpoint (epoch 10)
2026-04-03 00:56:29,448 - INFO - [large_500_test] Valid labels: 38 / 150 | Macro AUROC: 0.7018
2026-04-03 00:56:29,875 - INFO - [large_500_test] ROC plot saved: ./res/ablation_net1d/large_500\large_500_test_roc_curves.png
2026-04-03 00:56:29,875 - INFO - [large_500] SUMMARY: {'experiment': 'large_500', 'model_size': 'large', 'n_train_requested': '500', 'n_train_actual': 500, 'n_val': 766, 'n_test': 1941, 'total_params': 30819014, 'trainable_params': 30819014, 'best_val_AUROC': np.float64(0.7263), 'test_macro_AUROC': np.float64(0.7018)}
2026-04-03 00:56:29,880 - INFO - 
======================================================================
EXPERIMENT: medium_full
======================================================================
2026-04-03 00:56:29,881 - INFO -   Using full training set: 6690 records
2026-04-03 00:56:30,194 - INFO -   Model size      : medium
2026-04-03 00:56:30,194 - INFO -   Base filters    : 48
2026-04-03 00:56:30,195 - INFO -   Filter list     : [48, 120, 120, 300, 300, 768, 768]
2026-04-03 00:56:30,195 - INFO -   M blocks        : [2, 2, 2, 3, 3, 4, 4]
2026-04-03 00:56:30,196 - INFO -   Total params    : 17,388,906
2026-04-03 00:56:30,196 - INFO -   Trainable params: 17,388,906
2026-04-03 00:56:30,196 - INFO -   Train samples   : 6690
2026-04-03 00:58:37,663 - INFO - [medium_full] E001  train_loss=0.0373  val_loss=0.0282  val_AUROC=0.7567  valid_labels=30/150
2026-04-03 00:58:38,222 - INFO -   [SAVED] medium_full_epoch1_auroc0.7567.pth
2026-04-03 01:00:40,894 - INFO - [medium_full] E002  train_loss=0.0243  val_loss=0.0250  val_AUROC=0.8035  valid_labels=30/150
2026-04-03 01:00:41,364 - INFO -   [SAVED] medium_full_epoch2_auroc0.8035.pth
2026-04-03 01:02:44,795 - INFO - [medium_full] E003  train_loss=0.0226  val_loss=0.0236  val_AUROC=0.7961  valid_labels=30/150
2026-04-03 01:02:44,796 - INFO - EarlyStopping: no improvement for 1/10 epoch(s) (best=0.8035, current=0.7961)
2026-04-03 01:04:48,016 - INFO - [medium_full] E004  train_loss=0.0216  val_loss=0.0226  val_AUROC=0.8222  valid_labels=30/150
2026-04-03 01:04:48,455 - INFO -   [SAVED] medium_full_epoch4_auroc0.8222.pth
2026-04-03 01:06:50,797 - INFO - [medium_full] E005  train_loss=0.0208  val_loss=0.0220  val_AUROC=0.8134  valid_labels=30/150
2026-04-03 01:06:50,797 - INFO - EarlyStopping: no improvement for 1/10 epoch(s) (best=0.8222, current=0.8134)
2026-04-03 01:08:54,180 - INFO - [medium_full] E006  train_loss=0.0203  val_loss=0.0226  val_AUROC=0.8226  valid_labels=30/150
2026-04-03 01:08:54,673 - INFO -   [SAVED] medium_full_epoch6_auroc0.8226.pth
2026-04-03 01:10:57,291 - INFO - [medium_full] E007  train_loss=0.0199  val_loss=0.0223  val_AUROC=0.8131  valid_labels=30/150
2026-04-03 01:10:57,292 - INFO - EarlyStopping: no improvement for 1/10 epoch(s) (best=0.8226, current=0.8131)
2026-04-03 01:13:02,779 - INFO - [medium_full] E008  train_loss=0.0195  val_loss=0.0220  val_AUROC=0.8195  valid_labels=30/150
2026-04-03 01:13:02,780 - INFO - EarlyStopping: no improvement for 2/10 epoch(s) (best=0.8226, current=0.8195)
2026-04-03 01:15:06,515 - INFO - [medium_full] E009  train_loss=0.0192  val_loss=0.0221  val_AUROC=0.8335  valid_labels=30/150
2026-04-03 01:15:06,941 - INFO -   [SAVED] medium_full_epoch9_auroc0.8335.pth
2026-04-03 01:17:09,106 - INFO - [medium_full] E010  train_loss=0.0188  val_loss=0.0218  val_AUROC=0.8335  valid_labels=30/150
2026-04-03 01:17:09,586 - INFO -   [SAVED] medium_full_epoch10_auroc0.8335.pth
2026-04-03 01:17:09,587 - INFO - EarlyStopping: no improvement for 1/10 epoch(s) (best=0.8335, current=0.8335)
2026-04-03 01:19:14,715 - INFO - [medium_full] E011  train_loss=0.0185  val_loss=0.0224  val_AUROC=0.8289  valid_labels=30/150
2026-04-03 01:19:14,716 - INFO - EarlyStopping: no improvement for 2/10 epoch(s) (best=0.8335, current=0.8289)
2026-04-03 01:21:18,752 - INFO - [medium_full] E012  train_loss=0.0184  val_loss=0.0215  val_AUROC=0.8374  valid_labels=30/150
2026-04-03 01:21:19,132 - INFO -   [SAVED] medium_full_epoch12_auroc0.8374.pth
2026-04-03 01:23:12,294 - INFO - [medium_full] E013  train_loss=0.0180  val_loss=0.0216  val_AUROC=0.8308  valid_labels=30/150
2026-04-03 01:23:12,295 - INFO - EarlyStopping: no improvement for 1/10 epoch(s) (best=0.8374, current=0.8308)
2026-04-03 01:25:09,606 - INFO - [medium_full] E014  train_loss=0.0176  val_loss=0.0219  val_AUROC=0.8285  valid_labels=30/150
2026-04-03 01:25:09,607 - INFO - EarlyStopping: no improvement for 2/10 epoch(s) (best=0.8374, current=0.8285)
2026-04-03 01:27:10,034 - INFO - [medium_full] E015  train_loss=0.0173  val_loss=0.0230  val_AUROC=0.8292  valid_labels=30/150
2026-04-03 01:27:10,035 - INFO - EarlyStopping: no improvement for 3/10 epoch(s) (best=0.8374, current=0.8292)
2026-04-03 01:29:12,483 - INFO - [medium_full] E016  train_loss=0.0172  val_loss=0.0216  val_AUROC=0.8176  valid_labels=30/150
2026-04-03 01:29:12,483 - INFO - EarlyStopping: no improvement for 4/10 epoch(s) (best=0.8374, current=0.8176)
2026-04-03 01:31:16,678 - INFO - [medium_full] E017  train_loss=0.0170  val_loss=0.0211  val_AUROC=0.8206  valid_labels=30/150
2026-04-03 01:31:16,678 - INFO - EarlyStopping: no improvement for 5/10 epoch(s) (best=0.8374, current=0.8206)
2026-04-03 01:33:21,577 - INFO - [medium_full] E018  train_loss=0.0168  val_loss=0.0219  val_AUROC=0.8160  valid_labels=30/150
2026-04-03 01:33:21,578 - INFO -   LR: 1.00e-03 → 5.00e-04
2026-04-03 01:33:21,579 - INFO - EarlyStopping: no improvement for 6/10 epoch(s) (best=0.8374, current=0.8160)
2026-04-03 01:35:26,632 - INFO - [medium_full] E019  train_loss=0.0159  val_loss=0.0210  val_AUROC=0.8158  valid_labels=30/150
2026-04-03 01:35:26,633 - INFO - EarlyStopping: no improvement for 7/10 epoch(s) (best=0.8374, current=0.8158)
2026-04-03 01:37:31,738 - INFO - [medium_full] E020  train_loss=0.0158  val_loss=0.0218  val_AUROC=0.8239  valid_labels=30/150
2026-04-03 01:37:31,738 - INFO - EarlyStopping: no improvement for 8/10 epoch(s) (best=0.8374, current=0.8239)
2026-04-03 01:39:39,020 - INFO - [medium_full] E021  train_loss=0.0155  val_loss=0.0217  val_AUROC=0.8247  valid_labels=30/150
2026-04-03 01:39:39,021 - INFO - EarlyStopping: no improvement for 9/10 epoch(s) (best=0.8374, current=0.8247)
2026-04-03 01:41:47,235 - INFO - [medium_full] E022  train_loss=0.0153  val_loss=0.0213  val_AUROC=0.8162  valid_labels=30/150
2026-04-03 01:41:47,236 - INFO - EarlyStopping: no improvement for 10/10 epoch(s) (best=0.8374, current=0.8162)
2026-04-03 01:41:47,237 - INFO - EarlyStopping triggered. Best val AUROC: 0.8374
2026-04-03 01:41:47,237 - INFO -   Early stopping triggered at epoch 22.
2026-04-03 01:41:47,238 - INFO - [medium_full] Training done | best val AUROC: 0.8374
2026-04-03 01:41:47,637 - INFO - [medium_full] Reloaded best checkpoint (epoch 12)
2026-04-03 01:42:28,194 - INFO - [medium_full_test] Valid labels: 38 / 150 | Macro AUROC: 0.7936
2026-04-03 01:42:28,665 - INFO - [medium_full_test] ROC plot saved: ./res/ablation_net1d/medium_full\medium_full_test_roc_curves.png
2026-04-03 01:42:28,666 - INFO - [medium_full] SUMMARY: {'experiment': 'medium_full', 'model_size': 'medium', 'n_train_requested': 'full', 'n_train_actual': 6690, 'n_val': 766, 'n_test': 1941, 'total_params': 17388906, 'trainable_params': 17388906, 'best_val_AUROC': np.float64(0.8374), 'test_macro_AUROC': np.float64(0.7936)}
2026-04-03 01:42:28,672 - INFO - 
======================================================================
EXPERIMENT: medium_3000
======================================================================
2026-04-03 01:42:28,676 - INFO -   Subsampled training set: 3000 / 6690 records
2026-04-03 01:42:28,965 - INFO -   Model size      : medium
2026-04-03 01:42:28,965 - INFO -   Base filters    : 48
2026-04-03 01:42:28,966 - INFO -   Filter list     : [48, 120, 120, 300, 300, 768, 768]
2026-04-03 01:42:28,966 - INFO -   M blocks        : [2, 2, 2, 3, 3, 4, 4]
2026-04-03 01:42:28,967 - INFO -   Total params    : 17,388,906
2026-04-03 01:42:28,967 - INFO -   Trainable params: 17,388,906
2026-04-03 01:42:28,968 - INFO -   Train samples   : 3000
2026-04-03 01:43:31,238 - INFO - [medium_3000] E001  train_loss=0.0507  val_loss=0.0284  val_AUROC=0.7123  valid_labels=30/150
2026-04-03 01:43:31,661 - INFO -   [SAVED] medium_3000_epoch1_auroc0.7123.pth
2026-04-03 01:44:34,953 - INFO - [medium_3000] E002  train_loss=0.0259  val_loss=0.0269  val_AUROC=0.7704  valid_labels=30/150
2026-04-03 01:44:35,349 - INFO -   [SAVED] medium_3000_epoch2_auroc0.7704.pth
2026-04-03 01:45:38,116 - INFO - [medium_3000] E003  train_loss=0.0246  val_loss=0.0256  val_AUROC=0.7896  valid_labels=30/150
2026-04-03 01:45:38,541 - INFO -   [SAVED] medium_3000_epoch3_auroc0.7896.pth
2026-04-03 01:46:40,818 - INFO - [medium_3000] E004  train_loss=0.0234  val_loss=0.0246  val_AUROC=0.8080  valid_labels=30/150
2026-04-03 01:46:41,256 - INFO -   [SAVED] medium_3000_epoch4_auroc0.8080.pth
2026-04-03 01:47:43,805 - INFO - [medium_3000] E005  train_loss=0.0227  val_loss=0.0241  val_AUROC=0.8178  valid_labels=30/150
2026-04-03 01:47:44,199 - INFO -   [SAVED] medium_3000_epoch5_auroc0.8178.pth
2026-04-03 01:48:46,798 - INFO - [medium_3000] E006  train_loss=0.0220  val_loss=0.0234  val_AUROC=0.8204  valid_labels=30/150
2026-04-03 01:48:47,245 - INFO -   [SAVED] medium_3000_epoch6_auroc0.8204.pth
2026-04-03 01:49:49,786 - INFO - [medium_3000] E007  train_loss=0.0212  val_loss=0.0232  val_AUROC=0.8377  valid_labels=30/150
2026-04-03 01:49:50,226 - INFO -   [SAVED] medium_3000_epoch7_auroc0.8377.pth
2026-04-03 01:50:53,236 - INFO - [medium_3000] E008  train_loss=0.0208  val_loss=0.0230  val_AUROC=0.8305  valid_labels=30/150
2026-04-03 01:50:53,237 - INFO - EarlyStopping: no improvement for 1/10 epoch(s) (best=0.8377, current=0.8305)
2026-04-03 01:51:56,582 - INFO - [medium_3000] E009  train_loss=0.0203  val_loss=0.0227  val_AUROC=0.8467  valid_labels=30/150
2026-04-03 01:51:57,025 - INFO -   [SAVED] medium_3000_epoch9_auroc0.8467.pth
2026-04-03 01:52:59,993 - INFO - [medium_3000] E010  train_loss=0.0201  val_loss=0.0228  val_AUROC=0.8207  valid_labels=30/150
2026-04-03 01:52:59,994 - INFO - EarlyStopping: no improvement for 1/10 epoch(s) (best=0.8467, current=0.8207)
2026-04-03 01:54:02,950 - INFO - [medium_3000] E011  train_loss=0.0197  val_loss=0.0225  val_AUROC=0.8300  valid_labels=30/150
2026-04-03 01:54:02,951 - INFO - EarlyStopping: no improvement for 2/10 epoch(s) (best=0.8467, current=0.8300)
2026-04-03 01:55:07,136 - INFO - [medium_3000] E012  train_loss=0.0192  val_loss=0.0227  val_AUROC=0.8222  valid_labels=30/150
2026-04-03 01:55:07,136 - INFO - EarlyStopping: no improvement for 3/10 epoch(s) (best=0.8467, current=0.8222)
2026-04-03 01:56:10,857 - INFO - [medium_3000] E013  train_loss=0.0188  val_loss=0.0223  val_AUROC=0.8254  valid_labels=30/150
2026-04-03 01:56:10,857 - INFO - EarlyStopping: no improvement for 4/10 epoch(s) (best=0.8467, current=0.8254)
2026-04-03 01:57:15,058 - INFO - [medium_3000] E014  train_loss=0.0184  val_loss=0.0227  val_AUROC=0.8201  valid_labels=30/150
2026-04-03 01:57:15,059 - INFO - EarlyStopping: no improvement for 5/10 epoch(s) (best=0.8467, current=0.8201)
2026-04-03 01:58:18,251 - INFO - [medium_3000] E015  train_loss=0.0180  val_loss=0.0227  val_AUROC=0.8315  valid_labels=30/150
2026-04-03 01:58:18,252 - INFO -   LR: 1.00e-03 → 5.00e-04
2026-04-03 01:58:18,252 - INFO - EarlyStopping: no improvement for 6/10 epoch(s) (best=0.8467, current=0.8315)
2026-04-03 01:59:21,890 - INFO - [medium_3000] E016  train_loss=0.0169  val_loss=0.0227  val_AUROC=0.8219  valid_labels=30/150
2026-04-03 01:59:21,891 - INFO - EarlyStopping: no improvement for 7/10 epoch(s) (best=0.8467, current=0.8219)
2026-04-03 02:00:25,372 - INFO - [medium_3000] E017  train_loss=0.0166  val_loss=0.0224  val_AUROC=0.8210  valid_labels=30/150
2026-04-03 02:00:25,372 - INFO - EarlyStopping: no improvement for 8/10 epoch(s) (best=0.8467, current=0.8210)
2026-04-03 02:01:29,246 - INFO - [medium_3000] E018  train_loss=0.0164  val_loss=0.0232  val_AUROC=0.8219  valid_labels=30/150
2026-04-03 02:01:29,246 - INFO - EarlyStopping: no improvement for 9/10 epoch(s) (best=0.8467, current=0.8219)
2026-04-03 02:02:34,041 - INFO - [medium_3000] E019  train_loss=0.0162  val_loss=0.0223  val_AUROC=0.8172  valid_labels=30/150
2026-04-03 02:02:34,042 - INFO - EarlyStopping: no improvement for 10/10 epoch(s) (best=0.8467, current=0.8172)
2026-04-03 02:02:34,042 - INFO - EarlyStopping triggered. Best val AUROC: 0.8467
2026-04-03 02:02:34,043 - INFO -   Early stopping triggered at epoch 19.
2026-04-03 02:02:34,043 - INFO - [medium_3000] Training done | best val AUROC: 0.8467
2026-04-03 02:02:34,380 - INFO - [medium_3000] Reloaded best checkpoint (epoch 9)
2026-04-03 02:03:15,957 - INFO - [medium_3000_test] Valid labels: 38 / 150 | Macro AUROC: 0.7782
2026-04-03 02:03:16,396 - INFO - [medium_3000_test] ROC plot saved: ./res/ablation_net1d/medium_3000\medium_3000_test_roc_curves.png
2026-04-03 02:03:16,396 - INFO - [medium_3000] SUMMARY: {'experiment': 'medium_3000', 'model_size': 'medium', 'n_train_requested': '3000', 'n_train_actual': 3000, 'n_val': 766, 'n_test': 1941, 'total_params': 17388906, 'trainable_params': 17388906, 'best_val_AUROC': np.float64(0.8467), 'test_macro_AUROC': np.float64(0.7782)}
2026-04-03 02:03:16,401 - INFO - 
======================================================================
EXPERIMENT: medium_1000
======================================================================
2026-04-03 02:03:16,403 - INFO -   Subsampled training set: 1000 / 6690 records
2026-04-03 02:03:16,687 - INFO -   Model size      : medium
2026-04-03 02:03:16,688 - INFO -   Base filters    : 48
2026-04-03 02:03:16,688 - INFO -   Filter list     : [48, 120, 120, 300, 300, 768, 768]
2026-04-03 02:03:16,689 - INFO -   M blocks        : [2, 2, 2, 3, 3, 4, 4]
2026-04-03 02:03:16,689 - INFO -   Total params    : 17,388,906
2026-04-03 02:03:16,689 - INFO -   Trainable params: 17,388,906
2026-04-03 02:03:16,690 - INFO -   Train samples   : 1000
2026-04-03 02:03:44,015 - INFO - [medium_1000] E001  train_loss=0.0953  val_loss=0.0308  val_AUROC=0.6825  valid_labels=30/150
2026-04-03 02:03:44,412 - INFO -   [SAVED] medium_1000_epoch1_auroc0.6825.pth
2026-04-03 02:04:11,756 - INFO - [medium_1000] E002  train_loss=0.0287  val_loss=0.0294  val_AUROC=0.7032  valid_labels=30/150
2026-04-03 02:04:12,168 - INFO -   [SAVED] medium_1000_epoch2_auroc0.7032.pth
2026-04-03 02:04:39,763 - INFO - [medium_1000] E003  train_loss=0.0276  val_loss=0.0286  val_AUROC=0.7200  valid_labels=30/150
2026-04-03 02:04:40,152 - INFO -   [SAVED] medium_1000_epoch3_auroc0.7200.pth
2026-04-03 02:05:08,041 - INFO - [medium_1000] E004  train_loss=0.0271  val_loss=0.0296  val_AUROC=0.7233  valid_labels=30/150
2026-04-03 02:05:08,500 - INFO -   [SAVED] medium_1000_epoch4_auroc0.7233.pth
2026-04-03 02:05:35,788 - INFO - [medium_1000] E005  train_loss=0.0269  val_loss=0.0278  val_AUROC=0.7397  valid_labels=30/150
2026-04-03 02:05:36,264 - INFO -   [SAVED] medium_1000_epoch5_auroc0.7397.pth
2026-04-03 02:06:03,775 - INFO - [medium_1000] E006  train_loss=0.0252  val_loss=0.0288  val_AUROC=0.7592  valid_labels=30/150
2026-04-03 02:06:04,205 - INFO -   [SAVED] medium_1000_epoch6_auroc0.7592.pth
2026-04-03 02:06:31,562 - INFO - [medium_1000] E007  train_loss=0.0244  val_loss=0.0260  val_AUROC=0.7634  valid_labels=30/150
2026-04-03 02:06:32,030 - INFO -   [SAVED] medium_1000_epoch7_auroc0.7634.pth
2026-04-03 02:06:59,172 - INFO - [medium_1000] E008  train_loss=0.0234  val_loss=0.0261  val_AUROC=0.7716  valid_labels=30/150
2026-04-03 02:06:59,662 - INFO -   [SAVED] medium_1000_epoch8_auroc0.7716.pth
2026-04-03 02:07:27,459 - INFO - [medium_1000] E009  train_loss=0.0232  val_loss=0.0256  val_AUROC=0.7786  valid_labels=30/150
2026-04-03 02:07:27,896 - INFO -   [SAVED] medium_1000_epoch9_auroc0.7786.pth
2026-04-03 02:07:55,500 - INFO - [medium_1000] E010  train_loss=0.0223  val_loss=0.0257  val_AUROC=0.7883  valid_labels=30/150
2026-04-03 02:07:55,960 - INFO -   [SAVED] medium_1000_epoch10_auroc0.7883.pth
2026-04-03 02:08:23,227 - INFO - [medium_1000] E011  train_loss=0.0224  val_loss=0.0254  val_AUROC=0.7987  valid_labels=30/150
2026-04-03 02:08:23,715 - INFO -   [SAVED] medium_1000_epoch11_auroc0.7987.pth
2026-04-03 02:08:51,176 - INFO - [medium_1000] E012  train_loss=0.0218  val_loss=0.0257  val_AUROC=0.7945  valid_labels=30/150
2026-04-03 02:08:51,177 - INFO - EarlyStopping: no improvement for 1/10 epoch(s) (best=0.7987, current=0.7945)
2026-04-03 02:09:18,564 - INFO - [medium_1000] E013  train_loss=0.0210  val_loss=0.0264  val_AUROC=0.7853  valid_labels=30/150
2026-04-03 02:09:18,564 - INFO - EarlyStopping: no improvement for 2/10 epoch(s) (best=0.7987, current=0.7853)
2026-04-03 02:09:44,476 - INFO - [medium_1000] E014  train_loss=0.0212  val_loss=0.0260  val_AUROC=0.7937  valid_labels=30/150
2026-04-03 02:09:44,476 - INFO - EarlyStopping: no improvement for 3/10 epoch(s) (best=0.7987, current=0.7937)
2026-04-03 02:10:12,231 - INFO - [medium_1000] E015  train_loss=0.0206  val_loss=0.0257  val_AUROC=0.7882  valid_labels=30/150
2026-04-03 02:10:12,232 - INFO - EarlyStopping: no improvement for 4/10 epoch(s) (best=0.7987, current=0.7882)
2026-04-03 02:10:40,104 - INFO - [medium_1000] E016  train_loss=0.0199  val_loss=0.0251  val_AUROC=0.7866  valid_labels=30/150
2026-04-03 02:10:40,105 - INFO - EarlyStopping: no improvement for 5/10 epoch(s) (best=0.7987, current=0.7866)
2026-04-03 02:11:07,799 - INFO - [medium_1000] E017  train_loss=0.0195  val_loss=0.0252  val_AUROC=0.7690  valid_labels=30/150
2026-04-03 02:11:07,799 - INFO -   LR: 1.00e-03 → 5.00e-04
2026-04-03 02:11:07,800 - INFO - EarlyStopping: no improvement for 6/10 epoch(s) (best=0.7987, current=0.7690)
2026-04-03 02:11:34,839 - INFO - [medium_1000] E018  train_loss=0.0182  val_loss=0.0246  val_AUROC=0.7662  valid_labels=30/150
2026-04-03 02:11:34,839 - INFO - EarlyStopping: no improvement for 7/10 epoch(s) (best=0.7987, current=0.7662)
2026-04-03 02:12:02,484 - INFO - [medium_1000] E019  train_loss=0.0179  val_loss=0.0248  val_AUROC=0.7854  valid_labels=30/150
2026-04-03 02:12:02,485 - INFO - EarlyStopping: no improvement for 8/10 epoch(s) (best=0.7987, current=0.7854)
2026-04-03 02:12:30,554 - INFO - [medium_1000] E020  train_loss=0.0173  val_loss=0.0253  val_AUROC=0.7679  valid_labels=30/150
2026-04-03 02:12:30,555 - INFO - EarlyStopping: no improvement for 9/10 epoch(s) (best=0.7987, current=0.7679)
2026-04-03 02:12:58,027 - INFO - [medium_1000] E021  train_loss=0.0170  val_loss=0.0254  val_AUROC=0.7833  valid_labels=30/150
2026-04-03 02:12:58,027 - INFO - EarlyStopping: no improvement for 10/10 epoch(s) (best=0.7987, current=0.7833)
2026-04-03 02:12:58,028 - INFO - EarlyStopping triggered. Best val AUROC: 0.7987
2026-04-03 02:12:58,028 - INFO -   Early stopping triggered at epoch 21.
2026-04-03 02:12:58,029 - INFO - [medium_1000] Training done | best val AUROC: 0.7987
2026-04-03 02:12:58,413 - INFO - [medium_1000] Reloaded best checkpoint (epoch 11)
2026-04-03 02:13:39,531 - INFO - [medium_1000_test] Valid labels: 38 / 150 | Macro AUROC: 0.7389
2026-04-03 02:13:40,000 - INFO - [medium_1000_test] ROC plot saved: ./res/ablation_net1d/medium_1000\medium_1000_test_roc_curves.png
2026-04-03 02:13:40,001 - INFO - [medium_1000] SUMMARY: {'experiment': 'medium_1000', 'model_size': 'medium', 'n_train_requested': '1000', 'n_train_actual': 1000, 'n_val': 766, 'n_test': 1941, 'total_params': 17388906, 'trainable_params': 17388906, 'best_val_AUROC': np.float64(0.7987), 'test_macro_AUROC': np.float64(0.7389)}
2026-04-03 02:13:40,005 - INFO - 
======================================================================
EXPERIMENT: medium_500
======================================================================
2026-04-03 02:13:40,008 - INFO -   Subsampled training set: 500 / 6690 records
2026-04-03 02:13:40,316 - INFO -   Model size      : medium
2026-04-03 02:13:40,316 - INFO -   Base filters    : 48
2026-04-03 02:13:40,317 - INFO -   Filter list     : [48, 120, 120, 300, 300, 768, 768]
2026-04-03 02:13:40,317 - INFO -   M blocks        : [2, 2, 2, 3, 3, 4, 4]
2026-04-03 02:13:40,318 - INFO -   Total params    : 17,388,906
2026-04-03 02:13:40,318 - INFO -   Trainable params: 17,388,906
2026-04-03 02:13:40,318 - INFO -   Train samples   : 500
2026-04-03 02:13:58,952 - INFO - [medium_500] E001  train_loss=0.1555  val_loss=0.0334  val_AUROC=0.6697  valid_labels=30/150
2026-04-03 02:13:59,503 - INFO -   [SAVED] medium_500_epoch1_auroc0.6697.pth
2026-04-03 02:14:17,806 - INFO - [medium_500] E002  train_loss=0.0290  val_loss=0.0308  val_AUROC=0.6863  valid_labels=30/150
2026-04-03 02:14:18,227 - INFO -   [SAVED] medium_500_epoch2_auroc0.6863.pth
2026-04-03 02:14:36,864 - INFO - [medium_500] E003  train_loss=0.0270  val_loss=0.0302  val_AUROC=0.6930  valid_labels=30/150
2026-04-03 02:14:37,302 - INFO -   [SAVED] medium_500_epoch3_auroc0.6930.pth
2026-04-03 02:14:56,121 - INFO - [medium_500] E004  train_loss=0.0266  val_loss=0.0293  val_AUROC=0.6978  valid_labels=30/150
2026-04-03 02:14:56,582 - INFO -   [SAVED] medium_500_epoch4_auroc0.6978.pth
2026-04-03 02:15:15,454 - INFO - [medium_500] E005  train_loss=0.0258  val_loss=0.0293  val_AUROC=0.7039  valid_labels=30/150
2026-04-03 02:15:15,878 - INFO -   [SAVED] medium_500_epoch5_auroc0.7039.pth
2026-04-03 02:15:34,694 - INFO - [medium_500] E006  train_loss=0.0254  val_loss=0.0279  val_AUROC=0.7071  valid_labels=30/150
2026-04-03 02:15:35,101 - INFO -   [SAVED] medium_500_epoch6_auroc0.7071.pth
2026-04-03 02:15:53,907 - INFO - [medium_500] E007  train_loss=0.0248  val_loss=0.0282  val_AUROC=0.7086  valid_labels=30/150
2026-04-03 02:15:54,320 - INFO -   [SAVED] medium_500_epoch7_auroc0.7086.pth
2026-04-03 02:16:12,658 - INFO - [medium_500] E008  train_loss=0.0244  val_loss=0.0276  val_AUROC=0.7164  valid_labels=30/150
2026-04-03 02:16:13,100 - INFO -   [SAVED] medium_500_epoch8_auroc0.7164.pth
2026-04-03 02:16:31,871 - INFO - [medium_500] E009  train_loss=0.0232  val_loss=0.0273  val_AUROC=0.7090  valid_labels=30/150
2026-04-03 02:16:31,872 - INFO - EarlyStopping: no improvement for 1/10 epoch(s) (best=0.7164, current=0.7090)
2026-04-03 02:16:50,768 - INFO - [medium_500] E010  train_loss=0.0226  val_loss=0.0269  val_AUROC=0.6901  valid_labels=30/150
2026-04-03 02:16:50,769 - INFO - EarlyStopping: no improvement for 2/10 epoch(s) (best=0.7164, current=0.6901)
2026-04-03 02:17:09,506 - INFO - [medium_500] E011  train_loss=0.0222  val_loss=0.0266  val_AUROC=0.6878  valid_labels=30/150
2026-04-03 02:17:09,507 - INFO - EarlyStopping: no improvement for 3/10 epoch(s) (best=0.7164, current=0.6878)
2026-04-03 02:17:28,377 - INFO - [medium_500] E012  train_loss=0.0219  val_loss=0.0275  val_AUROC=0.6670  valid_labels=30/150
2026-04-03 02:17:28,378 - INFO - EarlyStopping: no improvement for 4/10 epoch(s) (best=0.7164, current=0.6670)
2026-04-03 02:17:47,059 - INFO - [medium_500] E013  train_loss=0.0220  val_loss=0.0274  val_AUROC=0.6862  valid_labels=30/150
2026-04-03 02:17:47,060 - INFO - EarlyStopping: no improvement for 5/10 epoch(s) (best=0.7164, current=0.6862)
2026-04-03 02:18:05,639 - INFO - [medium_500] E014  train_loss=0.0222  val_loss=0.0274  val_AUROC=0.6719  valid_labels=30/150
2026-04-03 02:18:05,640 - INFO -   LR: 1.00e-03 → 5.00e-04
2026-04-03 02:18:05,640 - INFO - EarlyStopping: no improvement for 6/10 epoch(s) (best=0.7164, current=0.6719)
2026-04-03 02:18:24,249 - INFO - [medium_500] E015  train_loss=0.0209  val_loss=0.0265  val_AUROC=0.6761  valid_labels=30/150
2026-04-03 02:18:24,250 - INFO - EarlyStopping: no improvement for 7/10 epoch(s) (best=0.7164, current=0.6761)
2026-04-03 02:18:42,896 - INFO - [medium_500] E016  train_loss=0.0199  val_loss=0.0271  val_AUROC=0.6684  valid_labels=30/150
2026-04-03 02:18:42,896 - INFO - EarlyStopping: no improvement for 8/10 epoch(s) (best=0.7164, current=0.6684)
2026-04-03 02:19:01,532 - INFO - [medium_500] E017  train_loss=0.0197  val_loss=0.0265  val_AUROC=0.6659  valid_labels=30/150
2026-04-03 02:19:01,533 - INFO - EarlyStopping: no improvement for 9/10 epoch(s) (best=0.7164, current=0.6659)
2026-04-03 02:19:20,115 - INFO - [medium_500] E018  train_loss=0.0193  val_loss=0.0264  val_AUROC=0.6732  valid_labels=30/150
2026-04-03 02:19:20,116 - INFO - EarlyStopping: no improvement for 10/10 epoch(s) (best=0.7164, current=0.6732)
2026-04-03 02:19:20,116 - INFO - EarlyStopping triggered. Best val AUROC: 0.7164
2026-04-03 02:19:20,117 - INFO -   Early stopping triggered at epoch 18.
2026-04-03 02:19:20,117 - INFO - [medium_500] Training done | best val AUROC: 0.7164
2026-04-03 02:19:20,471 - INFO - [medium_500] Reloaded best checkpoint (epoch 8)
2026-04-03 02:19:58,354 - INFO - [medium_500_test] Valid labels: 38 / 150 | Macro AUROC: 0.6930
2026-04-03 02:19:58,749 - INFO - [medium_500_test] ROC plot saved: ./res/ablation_net1d/medium_500\medium_500_test_roc_curves.png
2026-04-03 02:19:58,750 - INFO - [medium_500] SUMMARY: {'experiment': 'medium_500', 'model_size': 'medium', 'n_train_requested': '500', 'n_train_actual': 500, 'n_val': 766, 'n_test': 1941, 'total_params': 17388906, 'trainable_params': 17388906, 'best_val_AUROC': np.float64(0.7164), 'test_macro_AUROC': np.float64(0.693)}
2026-04-03 02:19:58,757 - INFO - 
======================================================================
EXPERIMENT: small_full
======================================================================
2026-04-03 02:19:58,758 - INFO -   Using full training set: 6690 records
2026-04-03 02:19:58,886 - INFO -   Model size      : small
2026-04-03 02:19:58,887 - INFO -   Base filters    : 32
2026-04-03 02:19:58,887 - INFO -   Filter list     : [32, 80, 80, 200, 200, 512, 512]
2026-04-03 02:19:58,887 - INFO -   M blocks        : [2, 2, 2, 2, 2, 3, 3]
2026-04-03 02:19:58,888 - INFO -   Total params    : 5,765,638
2026-04-03 02:19:58,888 - INFO -   Trainable params: 5,765,638
2026-04-03 02:19:58,889 - INFO -   Train samples   : 6690
2026-04-03 02:22:02,264 - INFO - [small_full] E001  train_loss=0.0417  val_loss=0.0277  val_AUROC=0.7496  valid_labels=30/150
2026-04-03 02:22:02,481 - INFO -   [SAVED] small_full_epoch1_auroc0.7496.pth
2026-04-03 02:24:05,738 - INFO - [small_full] E002  train_loss=0.0244  val_loss=0.0253  val_AUROC=0.7899  valid_labels=30/150
2026-04-03 02:24:05,991 - INFO -   [SAVED] small_full_epoch2_auroc0.7899.pth
2026-04-03 02:26:12,251 - INFO - [small_full] E003  train_loss=0.0229  val_loss=0.0246  val_AUROC=0.8120  valid_labels=30/150
2026-04-03 02:26:12,493 - INFO -   [SAVED] small_full_epoch3_auroc0.8120.pth
2026-04-03 02:28:17,847 - INFO - [small_full] E004  train_loss=0.0220  val_loss=0.0228  val_AUROC=0.8107  valid_labels=30/150
2026-04-03 02:28:17,848 - INFO - EarlyStopping: no improvement for 1/10 epoch(s) (best=0.8120, current=0.8107)
2026-04-03 02:30:24,318 - INFO - [small_full] E005  train_loss=0.0213  val_loss=0.0222  val_AUROC=0.8086  valid_labels=30/150
2026-04-03 02:30:24,318 - INFO - EarlyStopping: no improvement for 2/10 epoch(s) (best=0.8120, current=0.8086)
2026-04-03 02:32:31,127 - INFO - [small_full] E006  train_loss=0.0206  val_loss=0.0230  val_AUROC=0.8148  valid_labels=30/150
2026-04-03 02:32:31,419 - INFO -   [SAVED] small_full_epoch6_auroc0.8148.pth
2026-04-03 02:34:38,347 - INFO - [small_full] E007  train_loss=0.0201  val_loss=0.0225  val_AUROC=0.8286  valid_labels=30/150
2026-04-03 02:34:38,609 - INFO -   [SAVED] small_full_epoch7_auroc0.8286.pth
2026-04-03 02:36:44,208 - INFO - [small_full] E008  train_loss=0.0197  val_loss=0.0214  val_AUROC=0.8242  valid_labels=30/150
2026-04-03 02:36:44,208 - INFO - EarlyStopping: no improvement for 1/10 epoch(s) (best=0.8286, current=0.8242)
2026-04-03 02:38:51,197 - INFO - [small_full] E009  train_loss=0.0194  val_loss=0.0216  val_AUROC=0.8248  valid_labels=30/150
2026-04-03 02:38:51,197 - INFO - EarlyStopping: no improvement for 2/10 epoch(s) (best=0.8286, current=0.8248)
2026-04-03 02:40:58,079 - INFO - [small_full] E010  train_loss=0.0189  val_loss=0.0215  val_AUROC=0.8325  valid_labels=30/150
2026-04-03 02:40:58,342 - INFO -   [SAVED] small_full_epoch10_auroc0.8325.pth
2026-04-03 02:43:03,374 - INFO - [small_full] E011  train_loss=0.0186  val_loss=0.0217  val_AUROC=0.8298  valid_labels=30/150
2026-04-03 02:43:03,374 - INFO - EarlyStopping: no improvement for 1/10 epoch(s) (best=0.8325, current=0.8298)
2026-04-03 02:45:10,363 - INFO - [small_full] E012  train_loss=0.0185  val_loss=0.0215  val_AUROC=0.8327  valid_labels=30/150
2026-04-03 02:45:10,614 - INFO -   [SAVED] small_full_epoch12_auroc0.8327.pth
2026-04-03 02:47:17,136 - INFO - [small_full] E013  train_loss=0.0182  val_loss=0.0214  val_AUROC=0.8321  valid_labels=30/150
2026-04-03 02:47:17,137 - INFO - EarlyStopping: no improvement for 1/10 epoch(s) (best=0.8327, current=0.8321)
2026-04-03 02:49:24,294 - INFO - [small_full] E014  train_loss=0.0179  val_loss=0.0212  val_AUROC=0.8284  valid_labels=30/150
2026-04-03 02:49:24,295 - INFO - EarlyStopping: no improvement for 2/10 epoch(s) (best=0.8327, current=0.8284)
2026-04-03 02:51:30,635 - INFO - [small_full] E015  train_loss=0.0177  val_loss=0.0219  val_AUROC=0.8246  valid_labels=30/150
2026-04-03 02:51:30,636 - INFO - EarlyStopping: no improvement for 3/10 epoch(s) (best=0.8327, current=0.8246)
2026-04-03 02:53:36,201 - INFO - [small_full] E016  train_loss=0.0175  val_loss=0.0212  val_AUROC=0.8280  valid_labels=30/150
2026-04-03 02:53:36,202 - INFO - EarlyStopping: no improvement for 4/10 epoch(s) (best=0.8327, current=0.8280)
2026-04-03 02:55:42,879 - INFO - [small_full] E017  train_loss=0.0174  val_loss=0.0207  val_AUROC=0.8259  valid_labels=30/150
2026-04-03 02:55:42,880 - INFO - EarlyStopping: no improvement for 5/10 epoch(s) (best=0.8327, current=0.8259)
2026-04-03 02:57:49,943 - INFO - [small_full] E018  train_loss=0.0172  val_loss=0.0216  val_AUROC=0.8179  valid_labels=30/150
2026-04-03 02:57:49,944 - INFO -   LR: 1.00e-03 → 5.00e-04
2026-04-03 02:57:49,944 - INFO - EarlyStopping: no improvement for 6/10 epoch(s) (best=0.8327, current=0.8179)
2026-04-03 02:59:57,232 - INFO - [small_full] E019  train_loss=0.0163  val_loss=0.0212  val_AUROC=0.8284  valid_labels=30/150
2026-04-03 02:59:57,233 - INFO - EarlyStopping: no improvement for 7/10 epoch(s) (best=0.8327, current=0.8284)
2026-04-03 03:02:03,976 - INFO - [small_full] E020  train_loss=0.0162  val_loss=0.0210  val_AUROC=0.8278  valid_labels=30/150
2026-04-03 03:02:03,976 - INFO - EarlyStopping: no improvement for 8/10 epoch(s) (best=0.8327, current=0.8278)
2026-04-03 03:04:09,748 - INFO - [small_full] E021  train_loss=0.0160  val_loss=0.0211  val_AUROC=0.8251  valid_labels=30/150
2026-04-03 03:04:09,749 - INFO - EarlyStopping: no improvement for 9/10 epoch(s) (best=0.8327, current=0.8251)
2026-04-03 03:06:13,856 - INFO - [small_full] E022  train_loss=0.0159  val_loss=0.0215  val_AUROC=0.8281  valid_labels=30/150
2026-04-03 03:06:13,856 - INFO - EarlyStopping: no improvement for 10/10 epoch(s) (best=0.8327, current=0.8281)
2026-04-03 03:06:13,857 - INFO - EarlyStopping triggered. Best val AUROC: 0.8327
2026-04-03 03:06:13,857 - INFO -   Early stopping triggered at epoch 22.
2026-04-03 03:06:13,857 - INFO - [small_full] Training done | best val AUROC: 0.8327
2026-04-03 03:06:14,186 - INFO - [small_full] Reloaded best checkpoint (epoch 12)
2026-04-03 03:06:54,773 - INFO - [small_full_test] Valid labels: 38 / 150 | Macro AUROC: 0.8232
2026-04-03 03:06:55,280 - INFO - [small_full_test] ROC plot saved: ./res/ablation_net1d/small_full\small_full_test_roc_curves.png
2026-04-03 03:06:55,281 - INFO - [small_full] SUMMARY: {'experiment': 'small_full', 'model_size': 'small', 'n_train_requested': 'full', 'n_train_actual': 6690, 'n_val': 766, 'n_test': 1941, 'total_params': 5765638, 'trainable_params': 5765638, 'best_val_AUROC': np.float64(0.8327), 'test_macro_AUROC': np.float64(0.8232)}
2026-04-03 03:06:55,285 - INFO - 
======================================================================
EXPERIMENT: small_3000
======================================================================
2026-04-03 03:06:55,289 - INFO -   Subsampled training set: 3000 / 6690 records
2026-04-03 03:06:55,450 - INFO -   Model size      : small
2026-04-03 03:06:55,451 - INFO -   Base filters    : 32
2026-04-03 03:06:55,451 - INFO -   Filter list     : [32, 80, 80, 200, 200, 512, 512]
2026-04-03 03:06:55,451 - INFO -   M blocks        : [2, 2, 2, 2, 2, 3, 3]
2026-04-03 03:06:55,452 - INFO -   Total params    : 5,765,638
2026-04-03 03:06:55,452 - INFO -   Trainable params: 5,765,638
2026-04-03 03:06:55,452 - INFO -   Train samples   : 3000
2026-04-03 03:07:55,242 - INFO - [small_3000] E001  train_loss=0.0600  val_loss=0.0290  val_AUROC=0.6856  valid_labels=30/150
2026-04-03 03:07:55,483 - INFO -   [SAVED] small_3000_epoch1_auroc0.6856.pth
2026-04-03 03:08:56,015 - INFO - [small_3000] E002  train_loss=0.0272  val_loss=0.0275  val_AUROC=0.7237  valid_labels=30/150
2026-04-03 03:08:56,320 - INFO -   [SAVED] small_3000_epoch2_auroc0.7237.pth
2026-04-03 03:09:57,317 - INFO - [small_3000] E003  train_loss=0.0254  val_loss=0.0258  val_AUROC=0.7471  valid_labels=30/150
2026-04-03 03:09:57,669 - INFO -   [SAVED] small_3000_epoch3_auroc0.7471.pth
2026-04-03 03:10:58,018 - INFO - [small_3000] E004  train_loss=0.0241  val_loss=0.0257  val_AUROC=0.7729  valid_labels=30/150
2026-04-03 03:10:58,320 - INFO -   [SAVED] small_3000_epoch4_auroc0.7729.pth
2026-04-03 03:11:48,842 - INFO - [small_3000] E005  train_loss=0.0233  val_loss=0.0244  val_AUROC=0.7906  valid_labels=30/150
2026-04-03 03:11:49,112 - INFO -   [SAVED] small_3000_epoch5_auroc0.7906.pth
2026-04-03 03:12:49,301 - INFO - [small_3000] E006  train_loss=0.0224  val_loss=0.0245  val_AUROC=0.8129  valid_labels=30/150
2026-04-03 03:12:49,585 - INFO -   [SAVED] small_3000_epoch6_auroc0.8129.pth
2026-04-03 03:13:50,460 - INFO - [small_3000] E007  train_loss=0.0219  val_loss=0.0235  val_AUROC=0.8086  valid_labels=30/150
2026-04-03 03:13:50,461 - INFO - EarlyStopping: no improvement for 1/10 epoch(s) (best=0.8129, current=0.8086)
2026-04-03 03:14:50,786 - INFO - [small_3000] E008  train_loss=0.0213  val_loss=0.0241  val_AUROC=0.8093  valid_labels=30/150
2026-04-03 03:14:50,786 - INFO - EarlyStopping: no improvement for 2/10 epoch(s) (best=0.8129, current=0.8093)
2026-04-03 03:15:51,761 - INFO - [small_3000] E009  train_loss=0.0208  val_loss=0.0236  val_AUROC=0.7889  valid_labels=30/150
2026-04-03 03:15:51,762 - INFO - EarlyStopping: no improvement for 3/10 epoch(s) (best=0.8129, current=0.7889)
2026-04-03 03:16:52,406 - INFO - [small_3000] E010  train_loss=0.0205  val_loss=0.0234  val_AUROC=0.8100  valid_labels=30/150
2026-04-03 03:16:52,407 - INFO - EarlyStopping: no improvement for 4/10 epoch(s) (best=0.8129, current=0.8100)
2026-04-03 03:17:52,738 - INFO - [small_3000] E011  train_loss=0.0200  val_loss=0.0229  val_AUROC=0.8221  valid_labels=30/150
2026-04-03 03:17:53,049 - INFO -   [SAVED] small_3000_epoch11_auroc0.8221.pth
2026-04-03 03:18:53,960 - INFO - [small_3000] E012  train_loss=0.0197  val_loss=0.0232  val_AUROC=0.8057  valid_labels=30/150
2026-04-03 03:18:53,960 - INFO - EarlyStopping: no improvement for 1/10 epoch(s) (best=0.8221, current=0.8057)
2026-04-03 03:19:43,545 - INFO - [small_3000] E013  train_loss=0.0193  val_loss=0.0229  val_AUROC=0.8119  valid_labels=30/150
2026-04-03 03:19:43,546 - INFO - EarlyStopping: no improvement for 2/10 epoch(s) (best=0.8221, current=0.8119)
2026-04-03 03:20:44,110 - INFO - [small_3000] E014  train_loss=0.0191  val_loss=0.0236  val_AUROC=0.8065  valid_labels=30/150
2026-04-03 03:20:44,111 - INFO - EarlyStopping: no improvement for 3/10 epoch(s) (best=0.8221, current=0.8065)
2026-04-03 03:21:45,008 - INFO - [small_3000] E015  train_loss=0.0189  val_loss=0.0226  val_AUROC=0.8019  valid_labels=30/150
2026-04-03 03:21:45,008 - INFO - EarlyStopping: no improvement for 4/10 epoch(s) (best=0.8221, current=0.8019)
2026-04-03 03:22:45,690 - INFO - [small_3000] E016  train_loss=0.0185  val_loss=0.0228  val_AUROC=0.7999  valid_labels=30/150
2026-04-03 03:22:45,690 - INFO - EarlyStopping: no improvement for 5/10 epoch(s) (best=0.8221, current=0.7999)
2026-04-03 03:23:46,791 - INFO - [small_3000] E017  train_loss=0.0181  val_loss=0.0232  val_AUROC=0.7858  valid_labels=30/150
2026-04-03 03:23:46,792 - INFO -   LR: 1.00e-03 → 5.00e-04
2026-04-03 03:23:46,792 - INFO - EarlyStopping: no improvement for 6/10 epoch(s) (best=0.8221, current=0.7858)
2026-04-03 03:24:47,323 - INFO - [small_3000] E018  train_loss=0.0172  val_loss=0.0226  val_AUROC=0.7972  valid_labels=30/150
2026-04-03 03:24:47,323 - INFO - EarlyStopping: no improvement for 7/10 epoch(s) (best=0.8221, current=0.7972)
2026-04-03 03:25:48,545 - INFO - [small_3000] E019  train_loss=0.0170  val_loss=0.0226  val_AUROC=0.7970  valid_labels=30/150
2026-04-03 03:25:48,546 - INFO - EarlyStopping: no improvement for 8/10 epoch(s) (best=0.8221, current=0.7970)
2026-04-03 03:26:52,524 - INFO - [small_3000] E020  train_loss=0.0168  val_loss=0.0230  val_AUROC=0.7758  valid_labels=30/150
2026-04-03 03:26:52,525 - INFO - EarlyStopping: no improvement for 9/10 epoch(s) (best=0.8221, current=0.7758)
2026-04-03 03:27:53,574 - INFO - [small_3000] E021  train_loss=0.0166  val_loss=0.0227  val_AUROC=0.7990  valid_labels=30/150
2026-04-03 03:27:53,575 - INFO - EarlyStopping: no improvement for 10/10 epoch(s) (best=0.8221, current=0.7990)
2026-04-03 03:27:53,575 - INFO - EarlyStopping triggered. Best val AUROC: 0.8221
2026-04-03 03:27:53,575 - INFO -   Early stopping triggered at epoch 21.
2026-04-03 03:27:53,576 - INFO - [small_3000] Training done | best val AUROC: 0.8221
2026-04-03 03:27:53,883 - INFO - [small_3000] Reloaded best checkpoint (epoch 11)
2026-04-03 03:28:33,626 - INFO - [small_3000_test] Valid labels: 38 / 150 | Macro AUROC: 0.7698
2026-04-03 03:28:34,066 - INFO - [small_3000_test] ROC plot saved: ./res/ablation_net1d/small_3000\small_3000_test_roc_curves.png
2026-04-03 03:28:34,067 - INFO - [small_3000] SUMMARY: {'experiment': 'small_3000', 'model_size': 'small', 'n_train_requested': '3000', 'n_train_actual': 3000, 'n_val': 766, 'n_test': 1941, 'total_params': 5765638, 'trainable_params': 5765638, 'best_val_AUROC': np.float64(0.8221), 'test_macro_AUROC': np.float64(0.7698)}
2026-04-03 03:28:34,072 - INFO - 
======================================================================
EXPERIMENT: small_1000
======================================================================
2026-04-03 03:28:34,074 - INFO -   Subsampled training set: 1000 / 6690 records
2026-04-03 03:28:34,250 - INFO -   Model size      : small
2026-04-03 03:28:34,251 - INFO -   Base filters    : 32
2026-04-03 03:28:34,251 - INFO -   Filter list     : [32, 80, 80, 200, 200, 512, 512]
2026-04-03 03:28:34,251 - INFO -   M blocks        : [2, 2, 2, 2, 2, 3, 3]
2026-04-03 03:28:34,251 - INFO -   Total params    : 5,765,638
2026-04-03 03:28:34,252 - INFO -   Trainable params: 5,765,638
2026-04-03 03:28:34,252 - INFO -   Train samples   : 1000
2026-04-03 03:29:00,369 - INFO - [small_1000] E001  train_loss=0.1168  val_loss=0.0315  val_AUROC=0.6512  valid_labels=30/150
2026-04-03 03:29:00,649 - INFO -   [SAVED] small_1000_epoch1_auroc0.6512.pth
2026-04-03 03:29:26,777 - INFO - [small_1000] E002  train_loss=0.0287  val_loss=0.0298  val_AUROC=0.6790  valid_labels=30/150
2026-04-03 03:29:27,075 - INFO -   [SAVED] small_1000_epoch2_auroc0.6790.pth
2026-04-03 03:29:53,866 - INFO - [small_1000] E003  train_loss=0.0280  val_loss=0.0290  val_AUROC=0.6985  valid_labels=30/150
2026-04-03 03:29:54,155 - INFO -   [SAVED] small_1000_epoch3_auroc0.6985.pth
2026-04-03 03:30:19,470 - INFO - [small_1000] E004  train_loss=0.0270  val_loss=0.0285  val_AUROC=0.7117  valid_labels=30/150
2026-04-03 03:30:19,757 - INFO -   [SAVED] small_1000_epoch4_auroc0.7117.pth
2026-04-03 03:30:46,168 - INFO - [small_1000] E005  train_loss=0.0270  val_loss=0.0282  val_AUROC=0.7338  valid_labels=30/150
2026-04-03 03:30:46,445 - INFO -   [SAVED] small_1000_epoch5_auroc0.7338.pth
2026-04-03 03:31:13,473 - INFO - [small_1000] E006  train_loss=0.0259  val_loss=0.0279  val_AUROC=0.7383  valid_labels=30/150
2026-04-03 03:31:13,749 - INFO -   [SAVED] small_1000_epoch6_auroc0.7383.pth
2026-04-03 03:31:40,465 - INFO - [small_1000] E007  train_loss=0.0252  val_loss=0.0263  val_AUROC=0.7473  valid_labels=30/150
2026-04-03 03:31:40,759 - INFO -   [SAVED] small_1000_epoch7_auroc0.7473.pth
2026-04-03 03:32:07,621 - INFO - [small_1000] E008  train_loss=0.0241  val_loss=0.0264  val_AUROC=0.7545  valid_labels=30/150
2026-04-03 03:32:07,937 - INFO -   [SAVED] small_1000_epoch8_auroc0.7545.pth
2026-04-03 03:32:34,194 - INFO - [small_1000] E009  train_loss=0.0235  val_loss=0.0258  val_AUROC=0.7710  valid_labels=30/150
2026-04-03 03:32:34,416 - INFO -   [SAVED] small_1000_epoch9_auroc0.7710.pth
2026-04-03 03:33:00,200 - INFO - [small_1000] E010  train_loss=0.0230  val_loss=0.0254  val_AUROC=0.7745  valid_labels=30/150
2026-04-03 03:33:00,481 - INFO -   [SAVED] small_1000_epoch10_auroc0.7745.pth
2026-04-03 03:33:26,839 - INFO - [small_1000] E011  train_loss=0.0223  val_loss=0.0252  val_AUROC=0.7838  valid_labels=30/150
2026-04-03 03:33:27,133 - INFO -   [SAVED] small_1000_epoch11_auroc0.7838.pth
2026-04-03 03:33:53,192 - INFO - [small_1000] E012  train_loss=0.0217  val_loss=0.0247  val_AUROC=0.7756  valid_labels=30/150
2026-04-03 03:33:53,193 - INFO - EarlyStopping: no improvement for 1/10 epoch(s) (best=0.7838, current=0.7756)
2026-04-03 03:34:19,631 - INFO - [small_1000] E013  train_loss=0.0213  val_loss=0.0250  val_AUROC=0.7774  valid_labels=30/150
2026-04-03 03:34:19,632 - INFO - EarlyStopping: no improvement for 2/10 epoch(s) (best=0.7838, current=0.7774)
2026-04-03 03:34:44,958 - INFO - [small_1000] E014  train_loss=0.0208  val_loss=0.0252  val_AUROC=0.7763  valid_labels=30/150
2026-04-03 03:34:44,958 - INFO - EarlyStopping: no improvement for 3/10 epoch(s) (best=0.7838, current=0.7763)
2026-04-03 03:35:11,559 - INFO - [small_1000] E015  train_loss=0.0206  val_loss=0.0253  val_AUROC=0.7819  valid_labels=30/150
2026-04-03 03:35:11,560 - INFO - EarlyStopping: no improvement for 4/10 epoch(s) (best=0.7838, current=0.7819)
2026-04-03 03:35:38,336 - INFO - [small_1000] E016  train_loss=0.0205  val_loss=0.0250  val_AUROC=0.7812  valid_labels=30/150
2026-04-03 03:35:38,336 - INFO - EarlyStopping: no improvement for 5/10 epoch(s) (best=0.7838, current=0.7812)
2026-04-03 03:36:05,030 - INFO - [small_1000] E017  train_loss=0.0198  val_loss=0.0250  val_AUROC=0.7777  valid_labels=30/150
2026-04-03 03:36:05,031 - INFO -   LR: 1.00e-03 → 5.00e-04
2026-04-03 03:36:05,031 - INFO - EarlyStopping: no improvement for 6/10 epoch(s) (best=0.7838, current=0.7777)
2026-04-03 03:36:31,348 - INFO - [small_1000] E018  train_loss=0.0186  val_loss=0.0246  val_AUROC=0.7744  valid_labels=30/150
2026-04-03 03:36:31,349 - INFO - EarlyStopping: no improvement for 7/10 epoch(s) (best=0.7838, current=0.7744)
2026-04-03 03:36:57,504 - INFO - [small_1000] E019  train_loss=0.0181  val_loss=0.0252  val_AUROC=0.7726  valid_labels=30/150
2026-04-03 03:36:57,505 - INFO - EarlyStopping: no improvement for 8/10 epoch(s) (best=0.7838, current=0.7726)
2026-04-03 03:37:23,723 - INFO - [small_1000] E020  train_loss=0.0178  val_loss=0.0255  val_AUROC=0.7773  valid_labels=30/150
2026-04-03 03:37:23,723 - INFO - EarlyStopping: no improvement for 9/10 epoch(s) (best=0.7838, current=0.7773)
2026-04-03 03:37:46,940 - INFO - [small_1000] E021  train_loss=0.0176  val_loss=0.0256  val_AUROC=0.7726  valid_labels=30/150
2026-04-03 03:37:46,941 - INFO - EarlyStopping: no improvement for 10/10 epoch(s) (best=0.7838, current=0.7726)
2026-04-03 03:37:46,941 - INFO - EarlyStopping triggered. Best val AUROC: 0.7838
2026-04-03 03:37:46,941 - INFO -   Early stopping triggered at epoch 21.
2026-04-03 03:37:46,941 - INFO - [small_1000] Training done | best val AUROC: 0.7838
2026-04-03 03:37:47,339 - INFO - [small_1000] Reloaded best checkpoint (epoch 11)
2026-04-03 03:38:26,601 - INFO - [small_1000_test] Valid labels: 38 / 150 | Macro AUROC: 0.7302
2026-04-03 03:38:27,041 - INFO - [small_1000_test] ROC plot saved: ./res/ablation_net1d/small_1000\small_1000_test_roc_curves.png
2026-04-03 03:38:27,042 - INFO - [small_1000] SUMMARY: {'experiment': 'small_1000', 'model_size': 'small', 'n_train_requested': '1000', 'n_train_actual': 1000, 'n_val': 766, 'n_test': 1941, 'total_params': 5765638, 'trainable_params': 5765638, 'best_val_AUROC': np.float64(0.7838), 'test_macro_AUROC': np.float64(0.7302)}
2026-04-03 03:38:27,046 - INFO - 
======================================================================
EXPERIMENT: small_500
======================================================================
2026-04-03 03:38:27,047 - INFO -   Subsampled training set: 500 / 6690 records
2026-04-03 03:38:27,237 - INFO -   Model size      : small
2026-04-03 03:38:27,238 - INFO -   Base filters    : 32
2026-04-03 03:38:27,238 - INFO -   Filter list     : [32, 80, 80, 200, 200, 512, 512]
2026-04-03 03:38:27,239 - INFO -   M blocks        : [2, 2, 2, 2, 2, 3, 3]
2026-04-03 03:38:27,239 - INFO -   Total params    : 5,765,638
2026-04-03 03:38:27,240 - INFO -   Trainable params: 5,765,638
2026-04-03 03:38:27,241 - INFO -   Train samples   : 500
2026-04-03 03:38:44,528 - INFO - [small_500] E001  train_loss=0.2055  val_loss=0.0341  val_AUROC=0.6364  valid_labels=30/150
2026-04-03 03:38:44,789 - INFO -   [SAVED] small_500_epoch1_auroc0.6364.pth
2026-04-03 03:39:02,444 - INFO - [small_500] E002  train_loss=0.0293  val_loss=0.0316  val_AUROC=0.6499  valid_labels=30/150
2026-04-03 03:39:02,704 - INFO -   [SAVED] small_500_epoch2_auroc0.6499.pth
2026-04-03 03:39:20,577 - INFO - [small_500] E003  train_loss=0.0279  val_loss=0.0300  val_AUROC=0.6608  valid_labels=30/150
2026-04-03 03:39:20,804 - INFO -   [SAVED] small_500_epoch3_auroc0.6608.pth
2026-04-03 03:39:38,039 - INFO - [small_500] E004  train_loss=0.0271  val_loss=0.0300  val_AUROC=0.6634  valid_labels=30/150
2026-04-03 03:39:38,298 - INFO -   [SAVED] small_500_epoch4_auroc0.6634.pth
2026-04-03 03:39:55,718 - INFO - [small_500] E005  train_loss=0.0268  val_loss=0.0296  val_AUROC=0.6657  valid_labels=30/150
2026-04-03 03:39:55,985 - INFO -   [SAVED] small_500_epoch5_auroc0.6657.pth
2026-04-03 03:40:13,620 - INFO - [small_500] E006  train_loss=0.0262  val_loss=0.0296  val_AUROC=0.6680  valid_labels=30/150
2026-04-03 03:40:13,914 - INFO -   [SAVED] small_500_epoch6_auroc0.6680.pth
2026-04-03 03:40:31,503 - INFO - [small_500] E007  train_loss=0.0255  val_loss=0.0290  val_AUROC=0.6738  valid_labels=30/150
2026-04-03 03:40:31,775 - INFO -   [SAVED] small_500_epoch7_auroc0.6738.pth
2026-04-03 03:40:49,107 - INFO - [small_500] E008  train_loss=0.0251  val_loss=0.0280  val_AUROC=0.6719  valid_labels=30/150
2026-04-03 03:40:49,108 - INFO - EarlyStopping: no improvement for 1/10 epoch(s) (best=0.6738, current=0.6719)
2026-04-03 03:41:06,206 - INFO - [small_500] E009  train_loss=0.0246  val_loss=0.0282  val_AUROC=0.6784  valid_labels=30/150
2026-04-03 03:41:06,479 - INFO -   [SAVED] small_500_epoch9_auroc0.6784.pth
2026-04-03 03:41:23,565 - INFO - [small_500] E010  train_loss=0.0243  val_loss=0.0278  val_AUROC=0.6791  valid_labels=30/150
2026-04-03 03:41:23,855 - INFO -   [SAVED] small_500_epoch10_auroc0.6791.pth
2026-04-03 03:41:41,993 - INFO - [small_500] E011  train_loss=0.0236  val_loss=0.0271  val_AUROC=0.6687  valid_labels=30/150
2026-04-03 03:41:41,993 - INFO - EarlyStopping: no improvement for 1/10 epoch(s) (best=0.6791, current=0.6687)
2026-04-03 03:41:59,246 - INFO - [small_500] E012  train_loss=0.0230  val_loss=0.0274  val_AUROC=0.6783  valid_labels=30/150
2026-04-03 03:41:59,246 - INFO - EarlyStopping: no improvement for 2/10 epoch(s) (best=0.6791, current=0.6783)
2026-04-03 03:42:16,502 - INFO - [small_500] E013  train_loss=0.0229  val_loss=0.0274  val_AUROC=0.6714  valid_labels=30/150
2026-04-03 03:42:16,503 - INFO - EarlyStopping: no improvement for 3/10 epoch(s) (best=0.6791, current=0.6714)
2026-04-03 03:42:33,173 - INFO - [small_500] E014  train_loss=0.0220  val_loss=0.0273  val_AUROC=0.6818  valid_labels=30/150
2026-04-03 03:42:33,405 - INFO -   [SAVED] small_500_epoch14_auroc0.6818.pth
2026-04-03 03:42:49,646 - INFO - [small_500] E015  train_loss=0.0216  val_loss=0.0269  val_AUROC=0.6733  valid_labels=30/150
2026-04-03 03:42:49,646 - INFO - EarlyStopping: no improvement for 1/10 epoch(s) (best=0.6818, current=0.6733)
2026-04-03 03:43:05,875 - INFO - [small_500] E016  train_loss=0.0216  val_loss=0.0297  val_AUROC=0.6577  valid_labels=30/150
2026-04-03 03:43:05,876 - INFO - EarlyStopping: no improvement for 2/10 epoch(s) (best=0.6818, current=0.6577)
2026-04-03 03:43:22,729 - INFO - [small_500] E017  train_loss=0.0214  val_loss=0.0266  val_AUROC=0.6830  valid_labels=30/150
2026-04-03 03:43:23,011 - INFO -   [SAVED] small_500_epoch17_auroc0.6830.pth
2026-04-03 03:43:40,240 - INFO - [small_500] E018  train_loss=0.0205  val_loss=0.0272  val_AUROC=0.6632  valid_labels=30/150
2026-04-03 03:43:40,240 - INFO - EarlyStopping: no improvement for 1/10 epoch(s) (best=0.6830, current=0.6632)
2026-04-03 03:43:57,414 - INFO - [small_500] E019  train_loss=0.0201  val_loss=0.0270  val_AUROC=0.6757  valid_labels=30/150
2026-04-03 03:43:57,415 - INFO - EarlyStopping: no improvement for 2/10 epoch(s) (best=0.6830, current=0.6757)
2026-04-03 03:44:14,442 - INFO - [small_500] E020  train_loss=0.0201  val_loss=0.0266  val_AUROC=0.6727  valid_labels=30/150
2026-04-03 03:44:14,443 - INFO - EarlyStopping: no improvement for 3/10 epoch(s) (best=0.6830, current=0.6727)
2026-04-03 03:44:31,246 - INFO - [small_500] E021  train_loss=0.0192  val_loss=0.0286  val_AUROC=0.6756  valid_labels=30/150
2026-04-03 03:44:31,247 - INFO - EarlyStopping: no improvement for 4/10 epoch(s) (best=0.6830, current=0.6756)
2026-04-03 03:44:48,965 - INFO - [small_500] E022  train_loss=0.0196  val_loss=0.0279  val_AUROC=0.6721  valid_labels=30/150
2026-04-03 03:44:48,966 - INFO - EarlyStopping: no improvement for 5/10 epoch(s) (best=0.6830, current=0.6721)
2026-04-03 03:45:06,850 - INFO - [small_500] E023  train_loss=0.0190  val_loss=0.0270  val_AUROC=0.6808  valid_labels=30/150
2026-04-03 03:45:06,851 - INFO -   LR: 1.00e-03 → 5.00e-04
2026-04-03 03:45:06,851 - INFO - EarlyStopping: no improvement for 6/10 epoch(s) (best=0.6830, current=0.6808)
2026-04-03 03:45:24,769 - INFO - [small_500] E024  train_loss=0.0179  val_loss=0.0273  val_AUROC=0.6800  valid_labels=30/150
2026-04-03 03:45:24,770 - INFO - EarlyStopping: no improvement for 7/10 epoch(s) (best=0.6830, current=0.6800)
2026-04-03 03:45:42,361 - INFO - [small_500] E025  train_loss=0.0175  val_loss=0.0283  val_AUROC=0.6800  valid_labels=30/150
2026-04-03 03:45:42,362 - INFO - EarlyStopping: no improvement for 8/10 epoch(s) (best=0.6830, current=0.6800)
2026-04-03 03:45:59,903 - INFO - [small_500] E026  train_loss=0.0171  val_loss=0.0280  val_AUROC=0.6826  valid_labels=30/150
2026-04-03 03:45:59,903 - INFO - EarlyStopping: no improvement for 9/10 epoch(s) (best=0.6830, current=0.6826)
2026-04-03 03:46:17,151 - INFO - [small_500] E027  train_loss=0.0168  val_loss=0.0283  val_AUROC=0.6898  valid_labels=30/150
2026-04-03 03:46:17,425 - INFO -   [SAVED] small_500_epoch27_auroc0.6898.pth
2026-04-03 03:46:35,144 - INFO - [small_500] E028  train_loss=0.0166  val_loss=0.0285  val_AUROC=0.6901  valid_labels=30/150
2026-04-03 03:46:35,425 - INFO -   [SAVED] small_500_epoch28_auroc0.6901.pth
2026-04-03 03:46:52,590 - INFO - [small_500] E029  train_loss=0.0164  val_loss=0.0287  val_AUROC=0.6864  valid_labels=30/150
2026-04-03 03:46:52,591 - INFO - EarlyStopping: no improvement for 1/10 epoch(s) (best=0.6901, current=0.6864)
2026-04-03 03:47:09,650 - INFO - [small_500] E030  train_loss=0.0163  val_loss=0.0310  val_AUROC=0.6952  valid_labels=30/150
2026-04-03 03:47:09,906 - INFO -   [SAVED] small_500_epoch30_auroc0.6952.pth
2026-04-03 03:47:27,263 - INFO - [small_500] E031  train_loss=0.0162  val_loss=0.0292  val_AUROC=0.6891  valid_labels=30/150
2026-04-03 03:47:27,264 - INFO - EarlyStopping: no improvement for 1/10 epoch(s) (best=0.6952, current=0.6891)
2026-04-03 03:47:44,766 - INFO - [small_500] E032  train_loss=0.0155  val_loss=0.0302  val_AUROC=0.6894  valid_labels=30/150
2026-04-03 03:47:44,767 - INFO - EarlyStopping: no improvement for 2/10 epoch(s) (best=0.6952, current=0.6894)
2026-04-03 03:48:01,915 - INFO - [small_500] E033  train_loss=0.0152  val_loss=0.0315  val_AUROC=0.6913  valid_labels=30/150
2026-04-03 03:48:01,916 - INFO - EarlyStopping: no improvement for 3/10 epoch(s) (best=0.6952, current=0.6913)
2026-04-03 03:48:19,268 - INFO - [small_500] E034  train_loss=0.0156  val_loss=0.0305  val_AUROC=0.6863  valid_labels=30/150
2026-04-03 03:48:19,269 - INFO - EarlyStopping: no improvement for 4/10 epoch(s) (best=0.6952, current=0.6863)
2026-04-03 03:48:36,064 - INFO - [small_500] E035  train_loss=0.0154  val_loss=0.0299  val_AUROC=0.6916  valid_labels=30/150
2026-04-03 03:48:36,064 - INFO - EarlyStopping: no improvement for 5/10 epoch(s) (best=0.6952, current=0.6916)
2026-04-03 03:48:52,970 - INFO - [small_500] E036  train_loss=0.0145  val_loss=0.0313  val_AUROC=0.6971  valid_labels=30/150
2026-04-03 03:48:53,236 - INFO -   [SAVED] small_500_epoch36_auroc0.6971.pth
2026-04-03 03:49:11,006 - INFO - [small_500] E037  train_loss=0.0146  val_loss=0.0327  val_AUROC=0.6916  valid_labels=30/150
2026-04-03 03:49:11,006 - INFO - EarlyStopping: no improvement for 1/10 epoch(s) (best=0.6971, current=0.6916)
2026-04-03 03:49:28,874 - INFO - [small_500] E038  train_loss=0.0147  val_loss=0.0315  val_AUROC=0.6885  valid_labels=30/150
2026-04-03 03:49:28,875 - INFO - EarlyStopping: no improvement for 2/10 epoch(s) (best=0.6971, current=0.6885)
2026-04-03 03:49:46,566 - INFO - [small_500] E039  train_loss=0.0145  val_loss=0.0321  val_AUROC=0.6952  valid_labels=30/150
2026-04-03 03:49:46,566 - INFO - EarlyStopping: no improvement for 3/10 epoch(s) (best=0.6971, current=0.6952)
2026-04-03 03:50:04,302 - INFO - [small_500] E040  train_loss=0.0142  val_loss=0.0319  val_AUROC=0.6803  valid_labels=30/150
2026-04-03 03:50:04,302 - INFO - EarlyStopping: no improvement for 4/10 epoch(s) (best=0.6971, current=0.6803)
2026-04-03 03:50:22,072 - INFO - [small_500] E041  train_loss=0.0135  val_loss=0.0333  val_AUROC=0.6870  valid_labels=30/150
2026-04-03 03:50:22,073 - INFO - EarlyStopping: no improvement for 5/10 epoch(s) (best=0.6971, current=0.6870)
2026-04-03 03:50:39,876 - INFO - [small_500] E042  train_loss=0.0128  val_loss=0.0343  val_AUROC=0.6971  valid_labels=30/150
2026-04-03 03:50:39,877 - INFO -   LR: 5.00e-04 → 2.50e-04
2026-04-03 03:50:40,163 - INFO -   [SAVED] small_500_epoch42_auroc0.6971.pth
2026-04-03 03:50:40,163 - INFO - EarlyStopping: no improvement for 6/10 epoch(s) (best=0.6971, current=0.6971)
2026-04-03 03:50:57,822 - INFO - [small_500] E043  train_loss=0.0116  val_loss=0.0349  val_AUROC=0.6923  valid_labels=30/150
2026-04-03 03:50:57,823 - INFO - EarlyStopping: no improvement for 7/10 epoch(s) (best=0.6971, current=0.6923)
2026-04-03 03:51:15,022 - INFO - [small_500] E044  train_loss=0.0115  val_loss=0.0357  val_AUROC=0.6901  valid_labels=30/150
2026-04-03 03:51:15,023 - INFO - EarlyStopping: no improvement for 8/10 epoch(s) (best=0.6971, current=0.6901)
2026-04-03 03:51:31,499 - INFO - [small_500] E045  train_loss=0.0113  val_loss=0.0368  val_AUROC=0.6878  valid_labels=30/150
2026-04-03 03:51:31,500 - INFO - EarlyStopping: no improvement for 9/10 epoch(s) (best=0.6971, current=0.6878)
2026-04-03 03:51:49,028 - INFO - [small_500] E046  train_loss=0.0112  val_loss=0.0381  val_AUROC=0.6883  valid_labels=30/150
2026-04-03 03:51:49,028 - INFO - EarlyStopping: no improvement for 10/10 epoch(s) (best=0.6971, current=0.6883)
2026-04-03 03:51:49,029 - INFO - EarlyStopping triggered. Best val AUROC: 0.6971
2026-04-03 03:51:49,029 - INFO -   Early stopping triggered at epoch 46.
2026-04-03 03:51:49,030 - INFO - [small_500] Training done | best val AUROC: 0.6971
2026-04-03 03:51:49,311 - INFO - [small_500] Reloaded best checkpoint (epoch 42)
2026-04-03 03:52:28,522 - INFO - [small_500_test] Valid labels: 38 / 150 | Macro AUROC: 0.7036
2026-04-03 03:52:28,973 - INFO - [small_500_test] ROC plot saved: ./res/ablation_net1d/small_500\small_500_test_roc_curves.png
2026-04-03 03:52:28,974 - INFO - [small_500] SUMMARY: {'experiment': 'small_500', 'model_size': 'small', 'n_train_requested': '500', 'n_train_actual': 500, 'n_val': 766, 'n_test': 1941, 'total_params': 5765638, 'trainable_params': 5765638, 'best_val_AUROC': np.float64(0.6971), 'test_macro_AUROC': np.float64(0.7036)}
2026-04-03 03:52:28,979 - INFO - 
Ablation summary saved: ./res/ablation_net1d/ablation_summary.csv
2026-04-03 03:52:28,980 - INFO - 
================================================================================
ABLATION RESULTS
================================================================================
2026-04-03 03:52:28,983 - INFO -  experiment model_size n_train_requested  n_train_actual  total_params  best_val_AUROC  test_macro_AUROC
 large_full      large              full            6690      30819014          0.8433            0.7993
 large_3000      large              3000            3000      30819014          0.8492            0.7675
 large_1000      large              1000            1000      30819014          0.8101            0.7394
  large_500      large               500             500      30819014          0.7263            0.7018
medium_full     medium              full            6690      17388906          0.8374            0.7936
medium_3000     medium              3000            3000      17388906          0.8467            0.7782
medium_1000     medium              1000            1000      17388906          0.7987            0.7389
 medium_500     medium               500             500      17388906          0.7164            0.6930
 small_full      small              full            6690       5765638          0.8327            0.8232
 small_3000      small              3000            3000       5765638          0.8221            0.7698
 small_1000      small              1000            1000       5765638          0.7838            0.7302
  small_500      small               500             500       5765638          0.6971            0.7036
2026-04-03 03:52:29,362 - INFO - Comparison plot saved: ./res/ablation_net1d/ablation_comparison.png
2026-04-03 03:52:29,362 - INFO - 
All experiments complete.
