2026-03-21 18:15:29,578 - INFO - Using device: cuda:0
2026-03-21 18:15:29,585 - INFO - Number of classes: 150
2026-03-21 18:15:29,585 - INFO - Loading dataset...
2026-03-21 18:15:30,089 - INFO - Samples with at least one active label: 9397
2026-03-21 18:15:30,094 - INFO - Total samples: 9397 | Batches: 294
2026-03-21 18:15:30,833 - INFO - 
============================================================
2026-03-21 18:15:30,833 - INFO - BASELINE — fine-tuned model (no pruning)
2026-03-21 18:15:30,835 - INFO - ============================================================
2026-03-21 18:15:42,403 - INFO -   Detected 'backbone.' prefix — stripping for bare Net1D
2026-03-21 18:15:42,510 - INFO -   Weights loaded (strict=True) | missing: 0 | unexpected: 0
2026-03-21 18:15:42,611 - INFO - Running sanity-check inference to verify weights loaded correctly...
2026-03-21 18:20:30,275 - INFO - Sanity-check Macro AUROC: 0.8032 over 39 valid labels
2026-03-21 18:20:30,275 - INFO - Sanity check PASSED — fine-tuned weights loaded correctly.
2026-03-21 18:20:30,502 - INFO - Baseline MACs  : 1.1727 G
2026-03-21 18:20:30,504 - INFO - Baseline Params: 30.8190 M
2026-03-21 18:20:30,504 - INFO - 
Computing full evaluation: baseline
2026-03-21 18:23:08,506 - INFO - 
========================================================================
2026-03-21 18:23:08,507 - INFO - [baseline] PER-CLASS AUROC  (39 valid / 150 total)
2026-03-21 18:23:08,507 - INFO - ========================================================================
2026-03-21 18:23:08,508 - INFO -   Label                                                 n_pos   AUROC  95% CI
2026-03-21 18:23:08,509 - INFO -   ----------------------------------------------------------------------
2026-03-21 18:23:08,509 - INFO -   LEFT POSTERIOR FASCICULAR BLOCK                          19   0.980  (0.961, 0.995)
2026-03-21 18:23:08,510 - INFO -   SINUS BRADYCARDIA                                       935   0.976  (0.972, 0.980)
2026-03-21 18:23:08,511 - INFO -   RIGHT BUNDLE BRANCH BLOCK                               290   0.969  (0.963, 0.977)
2026-03-21 18:23:08,512 - INFO -   LEFT ANTERIOR FASCICULAR BLOCK                          323   0.969  (0.964, 0.975)
2026-03-21 18:23:08,514 - INFO -   VENTRICULAR TACHYCARDIA                                  81   0.961  (0.942, 0.980)
2026-03-21 18:23:08,514 - INFO -   RIGHT VENTRICULAR HYPERTROPHY                           693   0.949  (0.942, 0.957)
2026-03-21 18:23:08,515 - INFO -   RIGHT AXIS DEVIATION                                    335   0.947  (0.939, 0.954)
2026-03-21 18:23:08,516 - INFO -   LEFT AXIS DEVIATION                                      54   0.945  (0.932, 0.957)
2026-03-21 18:23:08,517 - INFO -   PREMATURE ATRIAL COMPLEXES                                1   0.938  (0.933, 0.942)
2026-03-21 18:23:08,517 - INFO -   SINUS TACHYCARDIA                                      2210   0.925  (0.920, 0.931)
2026-03-21 18:23:08,518 - INFO -   SUPRAVENTRICULAR TACHYCARDIA                             45   0.906  (0.865, 0.941)
2026-03-21 18:23:08,519 - INFO -   INCOMPLETE RIGHT BUNDLE BRANCH BLOCK                    336   0.897  (0.881, 0.909)
2026-03-21 18:23:08,520 - INFO -   ATRIAL FLUTTER                                           31   0.895  (0.862, 0.922)
2026-03-21 18:23:08,521 - INFO -   ANTEROSEPTAL INFARCT                                     14   0.892  (0.828, 0.952)
2026-03-21 18:23:08,521 - INFO -   RIGHT ATRIAL ENLARGEMENT                                201   0.869  (0.843, 0.890)
2026-03-21 18:23:08,522 - INFO -   LEFT VENTRICULAR HYPERTROPHY                            348   0.868  (0.854, 0.885)
2026-03-21 18:23:08,523 - INFO -   NORMAL ECG                                             1759   0.838  (0.831, 0.848)
2026-03-21 18:23:08,523 - INFO -   LEFT BUNDLE BRANCH BLOCK                                 18   0.835  (0.747, 0.922)
2026-03-21 18:23:08,524 - INFO -   WITH VENTRICULAR ESCAPE COMPLEXES                        32   0.812  (0.727, 0.893)
2026-03-21 18:23:08,525 - INFO -   ACUTE PERICARDITIS                                        1   0.812  (0.805, 0.819)
2026-03-21 18:23:08,526 - INFO -   EARLY REPOLARIZATION                                    249   0.809  (0.772, 0.832)
2026-03-21 18:23:08,527 - INFO -   ANTERIOR INFARCT                                          5   0.806  (0.456, 0.994)
2026-03-21 18:23:08,527 - INFO -   LOW VOLTAGE QRS                                         277   0.805  (0.782, 0.831)
2026-03-21 18:23:08,528 - INFO -   WITH COMPLETE HEART BLOCK                                67   0.784  (0.734, 0.835)
2026-03-21 18:23:08,529 - INFO -   LEFT ATRIAL ENLARGEMENT                                 184   0.775  (0.750, 0.804)
2026-03-21 18:23:08,530 - INFO -   WITH AV DISSOCIATION                                     70   0.736  (0.676, 0.792)
2026-03-21 18:23:08,530 - INFO -   WITH JUNCTIONAL ESCAPE COMPLEXES                        184   0.730  (0.698, 0.759)
2026-03-21 18:23:08,530 - INFO -   NONSPECIFIC T WAVE ABNORMALITY                         2544   0.717  (0.703, 0.727)
2026-03-21 18:23:08,530 - INFO -   otherwise normal ecg                                    621   0.703  (0.683, 0.723)
2026-03-21 18:23:08,531 - INFO -   PREMATURE VENTRICULAR COMPLEXES                           6   0.700  (0.432, 0.924)
2026-03-21 18:23:08,532 - INFO -   PULMONARY DISEASE PATTERN                                 3   0.683  (0.292, 0.924)
2026-03-21 18:23:08,533 - INFO -   WITH 2:1 AV CONDUCTION                                   40   0.646  (0.552, 0.737)
2026-03-21 18:23:08,534 - INFO -   WITH VARIABLE AV BLOCK                                   67   0.643  (0.568, 0.701)
2026-03-21 18:23:08,534 - INFO -   PROLONGED QT                                            427   0.640  (0.611, 0.673)
2026-03-21 18:23:08,535 - INFO -   FUSION COMPLEXES                                         27   0.640  (0.533, 0.720)
2026-03-21 18:23:08,535 - INFO -   ATRIAL FIBRILLATION                                      25   0.630  (0.522, 0.755)
2026-03-21 18:23:08,536 - INFO -   WITH 1ST DEGREE AV BLOCK                                123   0.612  (0.564, 0.662)
2026-03-21 18:23:08,537 - INFO -   INFERIOR INFARCT                                          8   0.549  (0.294, 0.849)
2026-03-21 18:23:08,537 - INFO -   LATERAL INFARCT                                           3   0.530  (0.309, 0.663)
2026-03-21 18:23:08,537 - INFO - 
========================================================================
2026-03-21 18:23:08,538 - INFO - [baseline] SKIPPED (111) — all-zero labels, AUROC undefined
2026-03-21 18:23:08,538 - INFO - ========================================================================
2026-03-21 18:23:08,539 - INFO -   ABNORMAL ECG                                          all zeros — AUROC undefined
2026-03-21 18:23:08,540 - INFO -   NORMAL SINUS RHYTHM                                   all zeros — AUROC undefined
2026-03-21 18:23:08,540 - INFO -   SINUS RHYTHM                                          all zeros — AUROC undefined
2026-03-21 18:23:08,541 - INFO -   BORDERLINE ECG                                        all zeros — AUROC undefined
2026-03-21 18:23:08,541 - INFO -   SEPTAL INFARCT                                        all zeros — AUROC undefined
2026-03-21 18:23:08,542 - INFO -   PREMATURE SUPRAVENTRICULAR COMPLEXES                  all zeros — AUROC undefined
2026-03-21 18:23:08,543 - INFO -   NONSPECIFIC T WAVE ABNORMALITY NOW EVIDENT IN         all zeros — AUROC undefined
2026-03-21 18:23:08,544 - INFO -   NONSPECIFIC T WAVE ABNORMALITY NO LONGER EVIDENT IN   all zeros — AUROC undefined
2026-03-21 18:23:08,544 - INFO -   T WAVE INVERSION NOW EVIDENT IN                       all zeros — AUROC undefined
2026-03-21 18:23:08,545 - INFO -   NONSPECIFIC ST ABNORMALITY                            all zeros — AUROC undefined
2026-03-21 18:23:08,546 - INFO -   T WAVE INVERSION NO LONGER EVIDENT IN                 all zeros — AUROC undefined
2026-03-21 18:23:08,547 - INFO -   WITH RAPID VENTRICULAR RESPONSE                       all zeros — AUROC undefined
2026-03-21 18:23:08,548 - INFO -   QT HAS SHORTENED                                      all zeros — AUROC undefined
2026-03-21 18:23:08,548 - INFO -   QT HAS LENGTHENED                                     all zeros — AUROC undefined
2026-03-21 18:23:08,549 - INFO -   MARKED SINUS BRADYCARDIA                              all zeros — AUROC undefined
2026-03-21 18:23:08,550 - INFO -   WITH SINUS ARRHYTHMIA                                 all zeros — AUROC undefined
2026-03-21 18:23:08,550 - INFO -   NONSPECIFIC ST AND T WAVE ABNORMALITY                 all zeros — AUROC undefined
2026-03-21 18:23:08,551 - INFO -   ECTOPIC ATRIAL RHYTHM                                 all zeros — AUROC undefined
2026-03-21 18:23:08,551 - INFO -   UNDETERMINED RHYTHM                                   all zeros — AUROC undefined
2026-03-21 18:23:08,551 - INFO -   RIGHTWARD AXIS                                        all zeros — AUROC undefined
2026-03-21 18:23:08,552 - INFO -   ST NOW DEPRESSED IN                                   all zeros — AUROC undefined
2026-03-21 18:23:08,553 - INFO -   WITH SHORT PR                                         all zeros — AUROC undefined
2026-03-21 18:23:08,556 - INFO -   WITH MARKED SINUS ARRHYTHMIA                          all zeros — AUROC undefined
2026-03-21 18:23:08,556 - INFO -   ST NO LONGER DEPRESSED IN                             all zeros — AUROC undefined
2026-03-21 18:23:08,557 - INFO -   INVERTED T WAVES HAVE REPLACED NONSPECIFIC T WAVE ABNORMALITY IN  all zeros — AUROC undefined
2026-03-21 18:23:08,557 - INFO -   NON-SPECIFIC CHANGE IN ST SEGMENT IN                  all zeros — AUROC undefined
2026-03-21 18:23:08,559 - INFO -   NONSPECIFIC T WAVE ABNORMALITY HAS REPLACED INVERTED T WAVES IN  all zeros — AUROC undefined
2026-03-21 18:23:08,560 - INFO -   JUNCTIONAL RHYTHM                                     all zeros — AUROC undefined
2026-03-21 18:23:08,561 - INFO -   ELECTRONIC ATRIAL PACEMAKER                           all zeros — AUROC undefined
2026-03-21 18:23:08,562 - INFO -   ABERRANT CONDUCTION                                   all zeros — AUROC undefined
2026-03-21 18:23:08,563 - INFO -   ELECTRONIC VENTRICULAR PACEMAKER                      all zeros — AUROC undefined
2026-03-21 18:23:08,564 - INFO -   T WAVE INVERSION LESS EVIDENT IN                      all zeros — AUROC undefined
2026-03-21 18:23:08,565 - INFO -   ANTEROLATERAL INFARCT                                 all zeros — AUROC undefined
2026-03-21 18:23:08,565 - INFO -   WITH REPOLARIZATION ABNORMALITY                       all zeros — AUROC undefined
2026-03-21 18:23:08,566 - INFO -   RSR' OR QR PATTERN IN V1 SUGGESTS RIGHT VENTRICULAR CONDUCTION DELAY  all zeros — AUROC undefined
2026-03-21 18:23:08,568 - INFO -   T WAVE INVERSION MORE EVIDENT IN                      all zeros — AUROC undefined
2026-03-21 18:23:08,568 - INFO -   WIDE QRS RHYTHM                                       all zeros — AUROC undefined
2026-03-21 18:23:08,570 - INFO -   WITH PREMATURE VENTRICULAR OR ABERRANTLY CONDUCTED COMPLEXES  all zeros — AUROC undefined
2026-03-21 18:23:08,570 - INFO -   INCOMPLETE LEFT BUNDLE BRANCH BLOCK                   all zeros — AUROC undefined
2026-03-21 18:23:08,571 - INFO -   VOLTAGE CRITERIA FOR LEFT VENTRICULAR HYPERTROPHY     all zeros — AUROC undefined
2026-03-21 18:23:08,572 - INFO -   OR DIGITALIS EFFECT                                   all zeros — AUROC undefined
2026-03-21 18:23:08,572 - INFO -   BIFASCICULAR BLOCK                                    all zeros — AUROC undefined
2026-03-21 18:23:08,573 - INFO -   ST NO LONGER ELEVATED IN                              all zeros — AUROC undefined
2026-03-21 18:23:08,574 - INFO -   WITH SLOW VENTRICULAR RESPONSE                        all zeros — AUROC undefined
2026-03-21 18:23:08,574 - INFO -   ST ELEVATION NOW PRESENT IN                           all zeros — AUROC undefined
2026-03-21 18:23:08,575 - INFO -   PREMATURE ECTOPIC COMPLEXES                           all zeros — AUROC undefined
2026-03-21 18:23:08,576 - INFO -   T WAVE AMPLITUDE HAS DECREASED IN                     all zeros — AUROC undefined
2026-03-21 18:23:08,576 - INFO -   WITH A COMPETING JUNCTIONAL PACEMAKER                 all zeros — AUROC undefined
2026-03-21 18:23:08,578 - INFO -   RIGHT SUPERIOR AXIS DEVIATION                         all zeros — AUROC undefined
2026-03-21 18:23:08,579 - INFO -   BIATRIAL ENLARGEMENT                                  all zeros — AUROC undefined
2026-03-21 18:23:08,579 - INFO -   VENTRICULAR-PACED RHYTHM                              all zeros — AUROC undefined
2026-03-21 18:23:08,580 - INFO -   ATRIAL-PACED RHYTHM                                   all zeros — AUROC undefined
2026-03-21 18:23:08,581 - INFO -   T WAVE AMPLITUDE HAS INCREASED IN                     all zeros — AUROC undefined
2026-03-21 18:23:08,581 - INFO -   WITH QRS WIDENING                                     all zeros — AUROC undefined
2026-03-21 18:23:08,583 - INFO -   WITH PROLONGED AV CONDUCTION                          all zeros — AUROC undefined
2026-03-21 18:23:08,583 - INFO -   WITH QRS WIDENING AND REPOLARIZATION ABNORMALITY      all zeros — AUROC undefined
2026-03-21 18:23:08,584 - INFO -   ATRIAL-SENSED VENTRICULAR-PACED RHYTHM                all zeros — AUROC undefined
2026-03-21 18:23:08,584 - INFO -   AV SEQUENTIAL OR DUAL CHAMBER ELECTRONIC PACEMAKER    all zeros — AUROC undefined
2026-03-21 18:23:08,585 - INFO -   ACUTE MI / STEMI                                      all zeros — AUROC undefined
2026-03-21 18:23:08,585 - INFO -   INFERIOR-POSTERIOR INFARCT                            all zeros — AUROC undefined
2026-03-21 18:23:08,586 - INFO -   NONSPECIFIC INTRAVENTRICULAR CONDUCTION DELAY         all zeros — AUROC undefined
2026-03-21 18:23:08,586 - INFO -   PREMATURE VENTRICULAR AND FUSION COMPLEXES            all zeros — AUROC undefined
2026-03-21 18:23:08,587 - INFO -   IN A PATTERN OF BIGEMINY                              all zeros — AUROC undefined
2026-03-21 18:23:08,587 - INFO -   AV DUAL-PACED RHYTHM                                  all zeros — AUROC undefined
2026-03-21 18:23:08,588 - INFO -   VENTRICULAR-PACED COMPLEXES                           all zeros — AUROC undefined
2026-03-21 18:23:08,589 - INFO -   WIDE QRS TACHYCARDIA                                  all zeros — AUROC undefined
2026-03-21 18:23:08,589 - INFO -   RSR' PATTERN IN V1                                    all zeros — AUROC undefined
2026-03-21 18:23:08,590 - INFO -   ST LESS DEPRESSED IN                                  all zeros — AUROC undefined
2026-03-21 18:23:08,590 - INFO -   ST MORE DEPRESSED IN                                  all zeros — AUROC undefined
2026-03-21 18:23:08,591 - INFO -   ANTEROLATERAL LEADS                                   all zeros — AUROC undefined
2026-03-21 18:23:08,592 - INFO -   ELECTRONIC DEMAND PACING                              all zeros — AUROC undefined
2026-03-21 18:23:08,592 - INFO -   RBBB AND LEFT ANTERIOR FASCICULAR BLOCK               all zeros — AUROC undefined
2026-03-21 18:23:08,593 - INFO -   LATERAL INJURY PATTERN                                all zeros — AUROC undefined
2026-03-21 18:23:08,594 - INFO -   BIVENTRICULAR PACEMAKER DETECTED                      all zeros — AUROC undefined
2026-03-21 18:23:08,594 - INFO -   SUSPECT UNSPECIFIED PACEMAKER FAILURE                 all zeros — AUROC undefined
2026-03-21 18:23:08,595 - INFO -   WOLFF-PARKINSON-WHITE                                 all zeros — AUROC undefined
2026-03-21 18:23:08,595 - INFO -   INFERIOR INJURY PATTERN                               all zeros — AUROC undefined
2026-03-21 18:23:08,596 - INFO -   CONSIDER RIGHT VENTRICULAR INVOLVEMENT IN ACUTE INFERIOR INFARCT  all zeros — AUROC undefined
2026-03-21 18:23:08,596 - INFO -   ST ELEVATION HAS REPLACED ST DEPRESSION IN            all zeros — AUROC undefined
2026-03-21 18:23:08,597 - INFO -   NONSPECIFIC INTRAVENTRICULAR BLOCK                    all zeros — AUROC undefined
2026-03-21 18:23:08,598 - INFO -   MASKED BY FASCICULAR BLOCK                            all zeros — AUROC undefined
2026-03-21 18:23:08,598 - INFO -   PEDIATRIC ECG ANALYSIS                                all zeros — AUROC undefined
2026-03-21 18:23:08,599 - INFO -   BLOCKED                                               all zeros — AUROC undefined
2026-03-21 18:23:08,599 - INFO -   WITH UNDETERMINED RHYTHM IRREGULARITY                 all zeros — AUROC undefined
2026-03-21 18:23:08,600 - INFO -   LEFTWARD AXIS                                         all zeros — AUROC undefined
2026-03-21 18:23:08,601 - INFO -   WITH 2ND DEGREE SA BLOCK MOBITZ I                     all zeros — AUROC undefined
2026-03-21 18:23:08,602 - INFO -   ACUTE                                                 all zeros — AUROC undefined
2026-03-21 18:23:08,602 - INFO -   ABNORMAL LEFT AXIS DEVIATION                          all zeros — AUROC undefined
2026-03-21 18:23:08,603 - INFO -   NO P-WAVES FOUND                                      all zeros — AUROC undefined
2026-03-21 18:23:08,603 - INFO -   ST LESS ELEVATED IN                                   all zeros — AUROC undefined
2026-03-21 18:23:08,604 - INFO -   WITH RETROGRADE CONDUCTION                            all zeros — AUROC undefined
2026-03-21 18:23:08,605 - INFO -   ST MORE ELEVATED IN                                   all zeros — AUROC undefined
2026-03-21 18:23:08,605 - INFO -   JUNCTIONAL BRADYCARDIA                                all zeros — AUROC undefined
2026-03-21 18:23:08,606 - INFO -   ANTERIOR INJURY PATTERN                               all zeros — AUROC undefined
2026-03-21 18:23:08,607 - INFO -   ACUTE MI                                              all zeros — AUROC undefined
2026-03-21 18:23:08,607 - INFO -   POSTERIOR INFARCT                                     all zeros — AUROC undefined
2026-03-21 18:23:08,608 - INFO -   IDIOVENTRICULAR RHYTHM                                all zeros — AUROC undefined
2026-03-21 18:23:08,608 - INFO -   WITH 2ND DEGREE SA BLOCK MOBITZ II                    all zeros — AUROC undefined
2026-03-21 18:23:08,609 - INFO -   R IN AVL                                              all zeros — AUROC undefined
2026-03-21 18:23:08,609 - INFO -   SINUS/ATRIAL CAPTURE                                  all zeros — AUROC undefined
2026-03-21 18:23:08,610 - INFO -   AV DUAL-PACED COMPLEXES                               all zeros — AUROC undefined
2026-03-21 18:23:08,610 - INFO -   INFEROLATERAL INJURY PATTERN                          all zeros — AUROC undefined
2026-03-21 18:23:08,611 - INFO -   RBBB AND LEFT POSTERIOR FASCICULAR BLOCK              all zeros — AUROC undefined
2026-03-21 18:23:08,613 - INFO -   ANTEROLATERAL INJURY PATTERN                          all zeros — AUROC undefined
2026-03-21 18:23:08,613 - INFO -   ATRIAL-PACED COMPLEXES                                all zeros — AUROC undefined
2026-03-21 18:23:08,616 - INFO -   WITH SINUS PAUSE                                      all zeros — AUROC undefined
2026-03-21 18:23:08,616 - INFO -   BIVENTRICULAR HYPERTROPHY                             all zeros — AUROC undefined
2026-03-21 18:23:08,617 - INFO -   ABNORMAL RIGHT AXIS DEVIATION                         all zeros — AUROC undefined
2026-03-21 18:23:08,618 - INFO -   SUPRAVENTRICULAR COMPLEXES                            all zeros — AUROC undefined
2026-03-21 18:23:08,619 - INFO -   WITH 2ND DEGREE AV BLOCK MOBITZ I                     all zeros — AUROC undefined
2026-03-21 18:23:08,620 - INFO -   MULTIFOCAL ATRIAL TACHYCARDIA                         all zeros — AUROC undefined
2026-03-21 18:23:08,621 - INFO - 
[baseline] Valid labels : 39 / 150
2026-03-21 18:23:08,621 - INFO - [baseline] Skipped      : 111 / 150
2026-03-21 18:23:08,622 - INFO - [baseline] Macro AUROC  : 0.8031  (39 valid labels)
2026-03-21 18:23:08,622 - INFO - [baseline] Results saved: ./res/pruning_ft/baseline_results.csv
2026-03-21 18:23:09,446 - INFO - [baseline] ROC curve plot saved: ./res/pruning_ft/baseline_roc_curves.png
2026-03-21 18:23:09,448 - INFO - [baseline] Plot Macro AUC=0.8031  Micro AUC=0.9430
2026-03-21 18:23:09,454 - INFO - Baseline gt/pred saved to ./res/pruning_ft/
2026-03-21 18:23:09,455 - INFO - 
============================================================
2026-03-21 18:23:09,455 - INFO - PRUNING RATIO 0.1  |  method: magnitude
2026-03-21 18:23:09,456 - INFO - ============================================================
2026-03-21 18:23:12,958 - INFO -   Detected 'backbone.' prefix — stripping for bare Net1D
2026-03-21 18:23:13,034 - INFO -   Weights loaded (strict=True) | missing: 0 | unexpected: 0
2026-03-21 18:23:13,108 - INFO -   Ignoring 1 final classifier layer(s)
2026-03-21 18:23:13,242 - INFO - Applying single-shot pruning step...
2026-03-21 18:23:15,589 - INFO -   MACs  : 1.1727 G → 1.1498 G  (1.96% reduced)
2026-03-21 18:23:15,589 - INFO -   Params: 30.8190 M → 30.5433 M  (0.89% reduced)
2026-03-21 18:25:49,455 - INFO - 
Computing full evaluation: pruned_magnitude_ratio10
2026-03-21 18:27:46,764 - INFO - 
========================================================================
2026-03-21 18:27:46,764 - INFO - [pruned_magnitude_ratio10] PER-CLASS AUROC  (39 valid / 150 total)
2026-03-21 18:27:46,764 - INFO - ========================================================================
2026-03-21 18:27:46,765 - INFO -   Label                                                 n_pos   AUROC  95% CI
2026-03-21 18:27:46,765 - INFO -   ----------------------------------------------------------------------
2026-03-21 18:27:46,766 - INFO -   PREMATURE ATRIAL COMPLEXES                                1   0.998  (0.998, 0.999)
2026-03-21 18:27:46,767 - INFO -   PULMONARY DISEASE PATTERN                                 3   0.828  (0.690, 0.914)
2026-03-21 18:27:46,768 - INFO -   RIGHT VENTRICULAR HYPERTROPHY                           693   0.761  (0.743, 0.777)
2026-03-21 18:27:46,768 - INFO -   LATERAL INFARCT                                           3   0.740  (0.643, 0.914)
2026-03-21 18:27:46,769 - INFO -   LOW VOLTAGE QRS                                         277   0.732  (0.705, 0.756)
2026-03-21 18:27:46,769 - INFO -   LEFT VENTRICULAR HYPERTROPHY                            348   0.706  (0.677, 0.734)
2026-03-21 18:27:46,770 - INFO -   RIGHT BUNDLE BRANCH BLOCK                               290   0.690  (0.664, 0.723)
2026-03-21 18:27:46,770 - INFO -   WITH VARIABLE AV BLOCK                                   67   0.689  (0.636, 0.733)
2026-03-21 18:27:46,770 - INFO -   PREMATURE VENTRICULAR COMPLEXES                           6   0.673  (0.386, 0.972)
2026-03-21 18:27:46,771 - INFO -   WITH VENTRICULAR ESCAPE COMPLEXES                        32   0.650  (0.544, 0.735)
2026-03-21 18:27:46,771 - INFO -   RIGHT AXIS DEVIATION                                    335   0.649  (0.624, 0.678)
2026-03-21 18:27:46,772 - INFO -   WITH AV DISSOCIATION                                     70   0.639  (0.556, 0.698)
2026-03-21 18:27:46,773 - INFO -   INCOMPLETE RIGHT BUNDLE BRANCH BLOCK                    336   0.624  (0.589, 0.653)
2026-03-21 18:27:46,773 - INFO -   LEFT BUNDLE BRANCH BLOCK                                 18   0.620  (0.426, 0.766)
2026-03-21 18:27:46,773 - INFO -   WITH 2:1 AV CONDUCTION                                   40   0.610  (0.525, 0.720)
2026-03-21 18:27:46,773 - INFO -   WITH JUNCTIONAL ESCAPE COMPLEXES                        184   0.608  (0.567, 0.652)
2026-03-21 18:27:46,774 - INFO -   SINUS TACHYCARDIA                                      2210   0.596  (0.584, 0.611)
2026-03-21 18:27:46,774 - INFO -   SINUS BRADYCARDIA                                       935   0.576  (0.560, 0.598)
2026-03-21 18:27:46,775 - INFO -   RIGHT ATRIAL ENLARGEMENT                                201   0.562  (0.522, 0.605)
2026-03-21 18:27:46,776 - INFO -   NORMAL ECG                                             1759   0.561  (0.548, 0.574)
2026-03-21 18:27:46,776 - INFO -   LEFT ATRIAL ENLARGEMENT                                 184   0.558  (0.522, 0.604)
2026-03-21 18:27:46,777 - INFO -   FUSION COMPLEXES                                         27   0.541  (0.426, 0.634)
2026-03-21 18:27:46,777 - INFO -   PROLONGED QT                                            427   0.536  (0.515, 0.563)
2026-03-21 18:27:46,778 - INFO -   LEFT AXIS DEVIATION                                      54   0.530  (0.409, 0.628)
2026-03-21 18:27:46,778 - INFO -   otherwise normal ecg                                    621   0.528  (0.504, 0.552)
2026-03-21 18:27:46,779 - INFO -   WITH 1ST DEGREE AV BLOCK                                123   0.510  (0.460, 0.559)
2026-03-21 18:27:46,779 - INFO -   LEFT ANTERIOR FASCICULAR BLOCK                          323   0.490  (0.463, 0.525)
2026-03-21 18:27:46,779 - INFO -   EARLY REPOLARIZATION                                    249   0.488  (0.441, 0.523)
2026-03-21 18:27:46,780 - INFO -   NONSPECIFIC T WAVE ABNORMALITY                         2544   0.482  (0.467, 0.493)
2026-03-21 18:27:46,780 - INFO -   WITH COMPLETE HEART BLOCK                                67   0.464  (0.417, 0.529)
2026-03-21 18:27:46,781 - INFO -   SUPRAVENTRICULAR TACHYCARDIA                             45   0.450  (0.380, 0.523)
2026-03-21 18:27:46,782 - INFO -   INFERIOR INFARCT                                          8   0.447  (0.245, 0.680)
2026-03-21 18:27:46,783 - INFO -   ATRIAL FIBRILLATION                                      25   0.437  (0.307, 0.564)
2026-03-21 18:27:46,783 - INFO -   ATRIAL FLUTTER                                           31   0.406  (0.325, 0.512)
2026-03-21 18:27:46,784 - INFO -   ANTERIOR INFARCT                                          5   0.396  (0.147, 0.747)
2026-03-21 18:27:46,785 - INFO -   ANTEROSEPTAL INFARCT                                     14   0.367  (0.283, 0.498)
2026-03-21 18:27:46,786 - INFO -   VENTRICULAR TACHYCARDIA                                  81   0.367  (0.319, 0.419)
2026-03-21 18:27:46,787 - INFO -   LEFT POSTERIOR FASCICULAR BLOCK                          19   0.100  (0.067, 0.152)
2026-03-21 18:27:46,788 - INFO -   ACUTE PERICARDITIS                                        1   0.062  (0.058, 0.067)
2026-03-21 18:27:46,788 - INFO - 
========================================================================
2026-03-21 18:27:46,788 - INFO - [pruned_magnitude_ratio10] SKIPPED (111) — all-zero labels, AUROC undefined
2026-03-21 18:27:46,789 - INFO - ========================================================================
2026-03-21 18:27:46,790 - INFO -   ABNORMAL ECG                                          all zeros — AUROC undefined
2026-03-21 18:27:46,790 - INFO -   NORMAL SINUS RHYTHM                                   all zeros — AUROC undefined
2026-03-21 18:27:46,791 - INFO -   SINUS RHYTHM                                          all zeros — AUROC undefined
2026-03-21 18:27:46,791 - INFO -   BORDERLINE ECG                                        all zeros — AUROC undefined
2026-03-21 18:27:46,792 - INFO -   SEPTAL INFARCT                                        all zeros — AUROC undefined
2026-03-21 18:27:46,792 - INFO -   PREMATURE SUPRAVENTRICULAR COMPLEXES                  all zeros — AUROC undefined
2026-03-21 18:27:46,793 - INFO -   NONSPECIFIC T WAVE ABNORMALITY NOW EVIDENT IN         all zeros — AUROC undefined
2026-03-21 18:27:46,793 - INFO -   NONSPECIFIC T WAVE ABNORMALITY NO LONGER EVIDENT IN   all zeros — AUROC undefined
2026-03-21 18:27:46,794 - INFO -   T WAVE INVERSION NOW EVIDENT IN                       all zeros — AUROC undefined
2026-03-21 18:27:46,794 - INFO -   NONSPECIFIC ST ABNORMALITY                            all zeros — AUROC undefined
2026-03-21 18:27:46,795 - INFO -   T WAVE INVERSION NO LONGER EVIDENT IN                 all zeros — AUROC undefined
2026-03-21 18:27:46,796 - INFO -   WITH RAPID VENTRICULAR RESPONSE                       all zeros — AUROC undefined
2026-03-21 18:27:46,796 - INFO -   QT HAS SHORTENED                                      all zeros — AUROC undefined
2026-03-21 18:27:46,797 - INFO -   QT HAS LENGTHENED                                     all zeros — AUROC undefined
2026-03-21 18:27:46,798 - INFO -   MARKED SINUS BRADYCARDIA                              all zeros — AUROC undefined
2026-03-21 18:27:46,798 - INFO -   WITH SINUS ARRHYTHMIA                                 all zeros — AUROC undefined
2026-03-21 18:27:46,799 - INFO -   NONSPECIFIC ST AND T WAVE ABNORMALITY                 all zeros — AUROC undefined
2026-03-21 18:27:46,799 - INFO -   ECTOPIC ATRIAL RHYTHM                                 all zeros — AUROC undefined
2026-03-21 18:27:46,800 - INFO -   UNDETERMINED RHYTHM                                   all zeros — AUROC undefined
2026-03-21 18:27:46,800 - INFO -   RIGHTWARD AXIS                                        all zeros — AUROC undefined
2026-03-21 18:27:46,801 - INFO -   ST NOW DEPRESSED IN                                   all zeros — AUROC undefined
2026-03-21 18:27:46,801 - INFO -   WITH SHORT PR                                         all zeros — AUROC undefined
2026-03-21 18:27:46,802 - INFO -   WITH MARKED SINUS ARRHYTHMIA                          all zeros — AUROC undefined
2026-03-21 18:27:46,802 - INFO -   ST NO LONGER DEPRESSED IN                             all zeros — AUROC undefined
2026-03-21 18:27:46,803 - INFO -   INVERTED T WAVES HAVE REPLACED NONSPECIFIC T WAVE ABNORMALITY IN  all zeros — AUROC undefined
2026-03-21 18:27:46,803 - INFO -   NON-SPECIFIC CHANGE IN ST SEGMENT IN                  all zeros — AUROC undefined
2026-03-21 18:27:46,803 - INFO -   NONSPECIFIC T WAVE ABNORMALITY HAS REPLACED INVERTED T WAVES IN  all zeros — AUROC undefined
2026-03-21 18:27:46,804 - INFO -   JUNCTIONAL RHYTHM                                     all zeros — AUROC undefined
2026-03-21 18:27:46,804 - INFO -   ELECTRONIC ATRIAL PACEMAKER                           all zeros — AUROC undefined
2026-03-21 18:27:46,805 - INFO -   ABERRANT CONDUCTION                                   all zeros — AUROC undefined
2026-03-21 18:27:46,805 - INFO -   ELECTRONIC VENTRICULAR PACEMAKER                      all zeros — AUROC undefined
2026-03-21 18:27:46,806 - INFO -   T WAVE INVERSION LESS EVIDENT IN                      all zeros — AUROC undefined
2026-03-21 18:27:46,806 - INFO -   ANTEROLATERAL INFARCT                                 all zeros — AUROC undefined
2026-03-21 18:27:46,807 - INFO -   WITH REPOLARIZATION ABNORMALITY                       all zeros — AUROC undefined
2026-03-21 18:27:46,808 - INFO -   RSR' OR QR PATTERN IN V1 SUGGESTS RIGHT VENTRICULAR CONDUCTION DELAY  all zeros — AUROC undefined
2026-03-21 18:27:46,809 - INFO -   T WAVE INVERSION MORE EVIDENT IN                      all zeros — AUROC undefined
2026-03-21 18:27:46,810 - INFO -   WIDE QRS RHYTHM                                       all zeros — AUROC undefined
2026-03-21 18:27:46,810 - INFO -   WITH PREMATURE VENTRICULAR OR ABERRANTLY CONDUCTED COMPLEXES  all zeros — AUROC undefined
2026-03-21 18:27:46,811 - INFO -   INCOMPLETE LEFT BUNDLE BRANCH BLOCK                   all zeros — AUROC undefined
2026-03-21 18:27:46,811 - INFO -   VOLTAGE CRITERIA FOR LEFT VENTRICULAR HYPERTROPHY     all zeros — AUROC undefined
2026-03-21 18:27:46,812 - INFO -   OR DIGITALIS EFFECT                                   all zeros — AUROC undefined
2026-03-21 18:27:46,813 - INFO -   BIFASCICULAR BLOCK                                    all zeros — AUROC undefined
2026-03-21 18:27:46,813 - INFO -   ST NO LONGER ELEVATED IN                              all zeros — AUROC undefined
2026-03-21 18:27:46,813 - INFO -   WITH SLOW VENTRICULAR RESPONSE                        all zeros — AUROC undefined
2026-03-21 18:27:46,814 - INFO -   ST ELEVATION NOW PRESENT IN                           all zeros — AUROC undefined
2026-03-21 18:27:46,815 - INFO -   PREMATURE ECTOPIC COMPLEXES                           all zeros — AUROC undefined
2026-03-21 18:27:46,815 - INFO -   T WAVE AMPLITUDE HAS DECREASED IN                     all zeros — AUROC undefined
2026-03-21 18:27:46,816 - INFO -   WITH A COMPETING JUNCTIONAL PACEMAKER                 all zeros — AUROC undefined
2026-03-21 18:27:46,816 - INFO -   RIGHT SUPERIOR AXIS DEVIATION                         all zeros — AUROC undefined
2026-03-21 18:27:46,817 - INFO -   BIATRIAL ENLARGEMENT                                  all zeros — AUROC undefined
2026-03-21 18:27:46,818 - INFO -   VENTRICULAR-PACED RHYTHM                              all zeros — AUROC undefined
2026-03-21 18:27:46,819 - INFO -   ATRIAL-PACED RHYTHM                                   all zeros — AUROC undefined
2026-03-21 18:27:46,819 - INFO -   T WAVE AMPLITUDE HAS INCREASED IN                     all zeros — AUROC undefined
2026-03-21 18:27:46,820 - INFO -   WITH QRS WIDENING                                     all zeros — AUROC undefined
2026-03-21 18:27:46,820 - INFO -   WITH PROLONGED AV CONDUCTION                          all zeros — AUROC undefined
2026-03-21 18:27:46,821 - INFO -   WITH QRS WIDENING AND REPOLARIZATION ABNORMALITY      all zeros — AUROC undefined
2026-03-21 18:27:46,822 - INFO -   ATRIAL-SENSED VENTRICULAR-PACED RHYTHM                all zeros — AUROC undefined
2026-03-21 18:27:46,823 - INFO -   AV SEQUENTIAL OR DUAL CHAMBER ELECTRONIC PACEMAKER    all zeros — AUROC undefined
2026-03-21 18:27:46,823 - INFO -   ACUTE MI / STEMI                                      all zeros — AUROC undefined
2026-03-21 18:27:46,824 - INFO -   INFERIOR-POSTERIOR INFARCT                            all zeros — AUROC undefined
2026-03-21 18:27:46,824 - INFO -   NONSPECIFIC INTRAVENTRICULAR CONDUCTION DELAY         all zeros — AUROC undefined
2026-03-21 18:27:46,825 - INFO -   PREMATURE VENTRICULAR AND FUSION COMPLEXES            all zeros — AUROC undefined
2026-03-21 18:27:46,826 - INFO -   IN A PATTERN OF BIGEMINY                              all zeros — AUROC undefined
2026-03-21 18:27:46,826 - INFO -   AV DUAL-PACED RHYTHM                                  all zeros — AUROC undefined
2026-03-21 18:27:46,827 - INFO -   VENTRICULAR-PACED COMPLEXES                           all zeros — AUROC undefined
2026-03-21 18:27:46,827 - INFO -   WIDE QRS TACHYCARDIA                                  all zeros — AUROC undefined
2026-03-21 18:27:46,828 - INFO -   RSR' PATTERN IN V1                                    all zeros — AUROC undefined
2026-03-21 18:27:46,829 - INFO -   ST LESS DEPRESSED IN                                  all zeros — AUROC undefined
2026-03-21 18:27:46,830 - INFO -   ST MORE DEPRESSED IN                                  all zeros — AUROC undefined
2026-03-21 18:27:46,830 - INFO -   ANTEROLATERAL LEADS                                   all zeros — AUROC undefined
2026-03-21 18:27:46,831 - INFO -   ELECTRONIC DEMAND PACING                              all zeros — AUROC undefined
2026-03-21 18:27:46,832 - INFO -   RBBB AND LEFT ANTERIOR FASCICULAR BLOCK               all zeros — AUROC undefined
2026-03-21 18:27:46,832 - INFO -   LATERAL INJURY PATTERN                                all zeros — AUROC undefined
2026-03-21 18:27:46,832 - INFO -   BIVENTRICULAR PACEMAKER DETECTED                      all zeros — AUROC undefined
2026-03-21 18:27:46,833 - INFO -   SUSPECT UNSPECIFIED PACEMAKER FAILURE                 all zeros — AUROC undefined
2026-03-21 18:27:46,834 - INFO -   WOLFF-PARKINSON-WHITE                                 all zeros — AUROC undefined
2026-03-21 18:27:46,834 - INFO -   INFERIOR INJURY PATTERN                               all zeros — AUROC undefined
2026-03-21 18:27:46,835 - INFO -   CONSIDER RIGHT VENTRICULAR INVOLVEMENT IN ACUTE INFERIOR INFARCT  all zeros — AUROC undefined
2026-03-21 18:27:46,835 - INFO -   ST ELEVATION HAS REPLACED ST DEPRESSION IN            all zeros — AUROC undefined
2026-03-21 18:27:46,836 - INFO -   NONSPECIFIC INTRAVENTRICULAR BLOCK                    all zeros — AUROC undefined
2026-03-21 18:27:46,836 - INFO -   MASKED BY FASCICULAR BLOCK                            all zeros — AUROC undefined
2026-03-21 18:27:46,837 - INFO -   PEDIATRIC ECG ANALYSIS                                all zeros — AUROC undefined
2026-03-21 18:27:46,838 - INFO -   BLOCKED                                               all zeros — AUROC undefined
2026-03-21 18:27:46,838 - INFO -   WITH UNDETERMINED RHYTHM IRREGULARITY                 all zeros — AUROC undefined
2026-03-21 18:27:46,839 - INFO -   LEFTWARD AXIS                                         all zeros — AUROC undefined
2026-03-21 18:27:46,840 - INFO -   WITH 2ND DEGREE SA BLOCK MOBITZ I                     all zeros — AUROC undefined
2026-03-21 18:27:46,841 - INFO -   ACUTE                                                 all zeros — AUROC undefined
2026-03-21 18:27:46,841 - INFO -   ABNORMAL LEFT AXIS DEVIATION                          all zeros — AUROC undefined
2026-03-21 18:27:46,842 - INFO -   NO P-WAVES FOUND                                      all zeros — AUROC undefined
2026-03-21 18:27:46,843 - INFO -   ST LESS ELEVATED IN                                   all zeros — AUROC undefined
2026-03-21 18:27:46,843 - INFO -   WITH RETROGRADE CONDUCTION                            all zeros — AUROC undefined
2026-03-21 18:27:46,844 - INFO -   ST MORE ELEVATED IN                                   all zeros — AUROC undefined
2026-03-21 18:27:46,844 - INFO -   JUNCTIONAL BRADYCARDIA                                all zeros — AUROC undefined
2026-03-21 18:27:46,845 - INFO -   ANTERIOR INJURY PATTERN                               all zeros — AUROC undefined
2026-03-21 18:27:46,845 - INFO -   ACUTE MI                                              all zeros — AUROC undefined
2026-03-21 18:27:46,845 - INFO -   POSTERIOR INFARCT                                     all zeros — AUROC undefined
2026-03-21 18:27:46,846 - INFO -   IDIOVENTRICULAR RHYTHM                                all zeros — AUROC undefined
2026-03-21 18:27:46,847 - INFO -   WITH 2ND DEGREE SA BLOCK MOBITZ II                    all zeros — AUROC undefined
2026-03-21 18:27:46,847 - INFO -   R IN AVL                                              all zeros — AUROC undefined
2026-03-21 18:27:46,848 - INFO -   SINUS/ATRIAL CAPTURE                                  all zeros — AUROC undefined
2026-03-21 18:27:46,848 - INFO -   AV DUAL-PACED COMPLEXES                               all zeros — AUROC undefined
2026-03-21 18:27:46,849 - INFO -   INFEROLATERAL INJURY PATTERN                          all zeros — AUROC undefined
2026-03-21 18:27:46,849 - INFO -   RBBB AND LEFT POSTERIOR FASCICULAR BLOCK              all zeros — AUROC undefined
2026-03-21 18:27:46,850 - INFO -   ANTEROLATERAL INJURY PATTERN                          all zeros — AUROC undefined
2026-03-21 18:27:46,850 - INFO -   ATRIAL-PACED COMPLEXES                                all zeros — AUROC undefined
2026-03-21 18:27:46,851 - INFO -   WITH SINUS PAUSE                                      all zeros — AUROC undefined
2026-03-21 18:27:46,851 - INFO -   BIVENTRICULAR HYPERTROPHY                             all zeros — AUROC undefined
2026-03-21 18:27:46,851 - INFO -   ABNORMAL RIGHT AXIS DEVIATION                         all zeros — AUROC undefined
2026-03-21 18:27:46,852 - INFO -   SUPRAVENTRICULAR COMPLEXES                            all zeros — AUROC undefined
2026-03-21 18:27:46,852 - INFO -   WITH 2ND DEGREE AV BLOCK MOBITZ I                     all zeros — AUROC undefined
2026-03-21 18:27:46,852 - INFO -   MULTIFOCAL ATRIAL TACHYCARDIA                         all zeros — AUROC undefined
2026-03-21 18:27:46,853 - INFO - 
[pruned_magnitude_ratio10] Valid labels : 39 / 150
2026-03-21 18:27:46,853 - INFO - [pruned_magnitude_ratio10] Skipped      : 111 / 150
2026-03-21 18:27:46,854 - INFO - [pruned_magnitude_ratio10] Macro AUROC  : 0.5557  (39 valid labels)
2026-03-21 18:27:46,854 - INFO - [pruned_magnitude_ratio10] Results saved: ./res/pruning_ft/pruned_magnitude_ratio10_results.csv
2026-03-21 18:27:47,470 - INFO - [pruned_magnitude_ratio10] ROC curve plot saved: ./res/pruning_ft/pruned_magnitude_ratio10_roc_curves.png
2026-03-21 18:27:47,471 - INFO - [pruned_magnitude_ratio10] Plot Macro AUC=0.5557  Micro AUC=0.6915
2026-03-21 18:27:47,471 - INFO -   Macro AUROC: 0.8031 → 0.5557  (Δ -0.2474 vs fine-tuned baseline)
2026-03-21 18:27:47,806 - INFO -   Saved: ./res/pruning_ft/pruned_magnitude_ratio0.1_auroc0.5557.pth
2026-03-21 18:27:47,806 - INFO - 
============================================================
2026-03-21 18:27:47,807 - INFO - PRUNING RATIO 0.2  |  method: magnitude
2026-03-21 18:27:47,807 - INFO - ============================================================
2026-03-21 18:28:01,033 - INFO -   Detected 'backbone.' prefix — stripping for bare Net1D
2026-03-21 18:28:01,397 - INFO -   Weights loaded (strict=True) | missing: 0 | unexpected: 0
2026-03-21 18:28:03,217 - INFO -   Ignoring 1 final classifier layer(s)
2026-03-21 18:28:03,341 - INFO - Applying single-shot pruning step...
2026-03-21 18:28:04,014 - INFO -   MACs  : 1.1727 G → 1.1268 G  (3.91% reduced)
2026-03-21 18:28:04,014 - INFO -   Params: 30.8190 M → 30.2676 M  (1.79% reduced)
2026-03-21 18:30:32,576 - INFO - 
Computing full evaluation: pruned_magnitude_ratio20
2026-03-21 18:32:11,751 - INFO - 
========================================================================
2026-03-21 18:32:11,751 - INFO - [pruned_magnitude_ratio20] PER-CLASS AUROC  (39 valid / 150 total)
2026-03-21 18:32:11,751 - INFO - ========================================================================
2026-03-21 18:32:11,751 - INFO -   Label                                                 n_pos   AUROC  95% CI
2026-03-21 18:32:11,751 - INFO -   ----------------------------------------------------------------------
2026-03-21 18:32:11,751 - INFO -   PREMATURE ATRIAL COMPLEXES                                1   0.963  (0.960, 0.967)
2026-03-21 18:32:11,761 - INFO -   LOW VOLTAGE QRS                                         277   0.670  (0.645, 0.697)
2026-03-21 18:32:11,762 - INFO -   RIGHT VENTRICULAR HYPERTROPHY                           693   0.670  (0.654, 0.686)
2026-03-21 18:32:11,763 - INFO -   RIGHT ATRIAL ENLARGEMENT                                201   0.650  (0.614, 0.683)
2026-03-21 18:32:11,764 - INFO -   WITH AV DISSOCIATION                                     70   0.645  (0.588, 0.700)
2026-03-21 18:32:11,764 - INFO -   LEFT BUNDLE BRANCH BLOCK                                 18   0.628  (0.499, 0.750)
2026-03-21 18:32:11,765 - INFO -   RIGHT AXIS DEVIATION                                    335   0.619  (0.585, 0.644)
2026-03-21 18:32:11,766 - INFO -   ATRIAL FIBRILLATION                                      25   0.617  (0.499, 0.720)
2026-03-21 18:32:11,766 - INFO -   SINUS TACHYCARDIA                                      2210   0.612  (0.601, 0.627)
2026-03-21 18:32:11,767 - INFO -   LEFT ANTERIOR FASCICULAR BLOCK                          323   0.607  (0.583, 0.627)
2026-03-21 18:32:11,768 - INFO -   WITH JUNCTIONAL ESCAPE COMPLEXES                        184   0.599  (0.558, 0.630)
2026-03-21 18:32:11,768 - INFO -   SINUS BRADYCARDIA                                       935   0.593  (0.579, 0.611)
2026-03-21 18:32:11,769 - INFO -   VENTRICULAR TACHYCARDIA                                  81   0.585  (0.515, 0.658)
2026-03-21 18:32:11,769 - INFO -   WITH 2:1 AV CONDUCTION                                   40   0.576  (0.473, 0.649)
2026-03-21 18:32:11,770 - INFO -   NONSPECIFIC T WAVE ABNORMALITY                         2544   0.572  (0.561, 0.585)
2026-03-21 18:32:11,770 - INFO -   SUPRAVENTRICULAR TACHYCARDIA                             45   0.554  (0.483, 0.634)
2026-03-21 18:32:11,771 - INFO -   LEFT ATRIAL ENLARGEMENT                                 184   0.544  (0.507, 0.585)
2026-03-21 18:32:11,772 - INFO -   LEFT AXIS DEVIATION                                      54   0.543  (0.469, 0.635)
2026-03-21 18:32:11,773 - INFO -   otherwise normal ecg                                    621   0.540  (0.515, 0.564)
2026-03-21 18:32:11,774 - INFO -   ANTEROSEPTAL INFARCT                                     14   0.539  (0.426, 0.718)
2026-03-21 18:32:11,774 - INFO -   ATRIAL FLUTTER                                           31   0.531  (0.445, 0.619)
2026-03-21 18:32:11,775 - INFO -   LEFT VENTRICULAR HYPERTROPHY                            348   0.530  (0.499, 0.565)
2026-03-21 18:32:11,776 - INFO -   PROLONGED QT                                            427   0.518  (0.493, 0.541)
2026-03-21 18:32:11,776 - INFO -   FUSION COMPLEXES                                         27   0.516  (0.412, 0.627)
2026-03-21 18:32:11,777 - INFO -   WITH VENTRICULAR ESCAPE COMPLEXES                        32   0.516  (0.413, 0.620)
2026-03-21 18:32:11,778 - INFO -   EARLY REPOLARIZATION                                    249   0.500  (0.461, 0.535)
2026-03-21 18:32:11,778 - INFO -   INCOMPLETE RIGHT BUNDLE BRANCH BLOCK                    336   0.500  (0.470, 0.528)
2026-03-21 18:32:11,779 - INFO -   NORMAL ECG                                             1759   0.495  (0.481, 0.508)
2026-03-21 18:32:11,779 - INFO -   WITH 1ST DEGREE AV BLOCK                                123   0.493  (0.445, 0.533)
2026-03-21 18:32:11,780 - INFO -   PREMATURE VENTRICULAR COMPLEXES                           6   0.478  (0.205, 0.869)
2026-03-21 18:32:11,781 - INFO -   WITH COMPLETE HEART BLOCK                                67   0.447  (0.392, 0.508)
2026-03-21 18:32:11,781 - INFO -   LEFT POSTERIOR FASCICULAR BLOCK                          19   0.442  (0.325, 0.574)
2026-03-21 18:32:11,782 - INFO -   ANTERIOR INFARCT                                          5   0.435  (0.158, 0.893)
2026-03-21 18:32:11,783 - INFO -   WITH VARIABLE AV BLOCK                                   67   0.428  (0.367, 0.513)
2026-03-21 18:32:11,783 - INFO -   RIGHT BUNDLE BRANCH BLOCK                               290   0.370  (0.345, 0.404)
2026-03-21 18:32:11,785 - INFO -   INFERIOR INFARCT                                          8   0.341  (0.121, 0.596)
2026-03-21 18:32:11,785 - INFO -   LATERAL INFARCT                                           3   0.319  (0.092, 0.574)
2026-03-21 18:32:11,786 - INFO -   PULMONARY DISEASE PATTERN                                 3   0.240  (0.032, 0.482)
2026-03-21 18:32:11,787 - INFO -   ACUTE PERICARDITIS                                        1   0.152  (0.144, 0.157)
2026-03-21 18:32:11,787 - INFO - 
========================================================================
2026-03-21 18:32:11,788 - INFO - [pruned_magnitude_ratio20] SKIPPED (111) — all-zero labels, AUROC undefined
2026-03-21 18:32:11,788 - INFO - ========================================================================
2026-03-21 18:32:11,789 - INFO -   ABNORMAL ECG                                          all zeros — AUROC undefined
2026-03-21 18:32:11,790 - INFO -   NORMAL SINUS RHYTHM                                   all zeros — AUROC undefined
2026-03-21 18:32:11,791 - INFO -   SINUS RHYTHM                                          all zeros — AUROC undefined
2026-03-21 18:32:11,792 - INFO -   BORDERLINE ECG                                        all zeros — AUROC undefined
2026-03-21 18:32:11,792 - INFO -   SEPTAL INFARCT                                        all zeros — AUROC undefined
2026-03-21 18:32:11,793 - INFO -   PREMATURE SUPRAVENTRICULAR COMPLEXES                  all zeros — AUROC undefined
2026-03-21 18:32:11,794 - INFO -   NONSPECIFIC T WAVE ABNORMALITY NOW EVIDENT IN         all zeros — AUROC undefined
2026-03-21 18:32:11,794 - INFO -   NONSPECIFIC T WAVE ABNORMALITY NO LONGER EVIDENT IN   all zeros — AUROC undefined
2026-03-21 18:32:11,795 - INFO -   T WAVE INVERSION NOW EVIDENT IN                       all zeros — AUROC undefined
2026-03-21 18:32:11,796 - INFO -   NONSPECIFIC ST ABNORMALITY                            all zeros — AUROC undefined
2026-03-21 18:32:11,796 - INFO -   T WAVE INVERSION NO LONGER EVIDENT IN                 all zeros — AUROC undefined
2026-03-21 18:32:11,797 - INFO -   WITH RAPID VENTRICULAR RESPONSE                       all zeros — AUROC undefined
2026-03-21 18:32:11,798 - INFO -   QT HAS SHORTENED                                      all zeros — AUROC undefined
2026-03-21 18:32:11,798 - INFO -   QT HAS LENGTHENED                                     all zeros — AUROC undefined
2026-03-21 18:32:11,799 - INFO -   MARKED SINUS BRADYCARDIA                              all zeros — AUROC undefined
2026-03-21 18:32:11,800 - INFO -   WITH SINUS ARRHYTHMIA                                 all zeros — AUROC undefined
2026-03-21 18:32:11,801 - INFO -   NONSPECIFIC ST AND T WAVE ABNORMALITY                 all zeros — AUROC undefined
2026-03-21 18:32:11,801 - INFO -   ECTOPIC ATRIAL RHYTHM                                 all zeros — AUROC undefined
2026-03-21 18:32:11,802 - INFO -   UNDETERMINED RHYTHM                                   all zeros — AUROC undefined
2026-03-21 18:32:11,802 - INFO -   RIGHTWARD AXIS                                        all zeros — AUROC undefined
2026-03-21 18:32:11,803 - INFO -   ST NOW DEPRESSED IN                                   all zeros — AUROC undefined
2026-03-21 18:32:11,803 - INFO -   WITH SHORT PR                                         all zeros — AUROC undefined
2026-03-21 18:32:11,804 - INFO -   WITH MARKED SINUS ARRHYTHMIA                          all zeros — AUROC undefined
2026-03-21 18:32:11,805 - INFO -   ST NO LONGER DEPRESSED IN                             all zeros — AUROC undefined
2026-03-21 18:32:11,806 - INFO -   INVERTED T WAVES HAVE REPLACED NONSPECIFIC T WAVE ABNORMALITY IN  all zeros — AUROC undefined
2026-03-21 18:32:11,806 - INFO -   NON-SPECIFIC CHANGE IN ST SEGMENT IN                  all zeros — AUROC undefined
2026-03-21 18:32:11,807 - INFO -   NONSPECIFIC T WAVE ABNORMALITY HAS REPLACED INVERTED T WAVES IN  all zeros — AUROC undefined
2026-03-21 18:32:11,808 - INFO -   JUNCTIONAL RHYTHM                                     all zeros — AUROC undefined
2026-03-21 18:32:11,808 - INFO -   ELECTRONIC ATRIAL PACEMAKER                           all zeros — AUROC undefined
2026-03-21 18:32:11,810 - INFO -   ABERRANT CONDUCTION                                   all zeros — AUROC undefined
2026-03-21 18:32:11,810 - INFO -   ELECTRONIC VENTRICULAR PACEMAKER                      all zeros — AUROC undefined
2026-03-21 18:32:11,811 - INFO -   T WAVE INVERSION LESS EVIDENT IN                      all zeros — AUROC undefined
2026-03-21 18:32:11,812 - INFO -   ANTEROLATERAL INFARCT                                 all zeros — AUROC undefined
2026-03-21 18:32:11,813 - INFO -   WITH REPOLARIZATION ABNORMALITY                       all zeros — AUROC undefined
2026-03-21 18:32:11,814 - INFO -   RSR' OR QR PATTERN IN V1 SUGGESTS RIGHT VENTRICULAR CONDUCTION DELAY  all zeros — AUROC undefined
2026-03-21 18:32:11,814 - INFO -   T WAVE INVERSION MORE EVIDENT IN                      all zeros — AUROC undefined
2026-03-21 18:32:11,815 - INFO -   WIDE QRS RHYTHM                                       all zeros — AUROC undefined
2026-03-21 18:32:11,816 - INFO -   WITH PREMATURE VENTRICULAR OR ABERRANTLY CONDUCTED COMPLEXES  all zeros — AUROC undefined
2026-03-21 18:32:11,816 - INFO -   INCOMPLETE LEFT BUNDLE BRANCH BLOCK                   all zeros — AUROC undefined
2026-03-21 18:32:11,817 - INFO -   VOLTAGE CRITERIA FOR LEFT VENTRICULAR HYPERTROPHY     all zeros — AUROC undefined
2026-03-21 18:32:11,818 - INFO -   OR DIGITALIS EFFECT                                   all zeros — AUROC undefined
2026-03-21 18:32:11,819 - INFO -   BIFASCICULAR BLOCK                                    all zeros — AUROC undefined
2026-03-21 18:32:11,820 - INFO -   ST NO LONGER ELEVATED IN                              all zeros — AUROC undefined
2026-03-21 18:32:11,820 - INFO -   WITH SLOW VENTRICULAR RESPONSE                        all zeros — AUROC undefined
2026-03-21 18:32:11,821 - INFO -   ST ELEVATION NOW PRESENT IN                           all zeros — AUROC undefined
2026-03-21 18:32:11,822 - INFO -   PREMATURE ECTOPIC COMPLEXES                           all zeros — AUROC undefined
2026-03-21 18:32:11,823 - INFO -   T WAVE AMPLITUDE HAS DECREASED IN                     all zeros — AUROC undefined
2026-03-21 18:32:11,824 - INFO -   WITH A COMPETING JUNCTIONAL PACEMAKER                 all zeros — AUROC undefined
2026-03-21 18:32:11,824 - INFO -   RIGHT SUPERIOR AXIS DEVIATION                         all zeros — AUROC undefined
2026-03-21 18:32:11,825 - INFO -   BIATRIAL ENLARGEMENT                                  all zeros — AUROC undefined
2026-03-21 18:32:11,826 - INFO -   VENTRICULAR-PACED RHYTHM                              all zeros — AUROC undefined
2026-03-21 18:32:11,826 - INFO -   ATRIAL-PACED RHYTHM                                   all zeros — AUROC undefined
2026-03-21 18:32:11,827 - INFO -   T WAVE AMPLITUDE HAS INCREASED IN                     all zeros — AUROC undefined
2026-03-21 18:32:11,828 - INFO -   WITH QRS WIDENING                                     all zeros — AUROC undefined
2026-03-21 18:32:11,828 - INFO -   WITH PROLONGED AV CONDUCTION                          all zeros — AUROC undefined
2026-03-21 18:32:11,829 - INFO -   WITH QRS WIDENING AND REPOLARIZATION ABNORMALITY      all zeros — AUROC undefined
2026-03-21 18:32:11,830 - INFO -   ATRIAL-SENSED VENTRICULAR-PACED RHYTHM                all zeros — AUROC undefined
2026-03-21 18:32:11,830 - INFO -   AV SEQUENTIAL OR DUAL CHAMBER ELECTRONIC PACEMAKER    all zeros — AUROC undefined
2026-03-21 18:32:11,831 - INFO -   ACUTE MI / STEMI                                      all zeros — AUROC undefined
2026-03-21 18:32:11,831 - INFO -   INFERIOR-POSTERIOR INFARCT                            all zeros — AUROC undefined
2026-03-21 18:32:11,832 - INFO -   NONSPECIFIC INTRAVENTRICULAR CONDUCTION DELAY         all zeros — AUROC undefined
2026-03-21 18:32:11,833 - INFO -   PREMATURE VENTRICULAR AND FUSION COMPLEXES            all zeros — AUROC undefined
2026-03-21 18:32:11,834 - INFO -   IN A PATTERN OF BIGEMINY                              all zeros — AUROC undefined
2026-03-21 18:32:11,834 - INFO -   AV DUAL-PACED RHYTHM                                  all zeros — AUROC undefined
2026-03-21 18:32:11,835 - INFO -   VENTRICULAR-PACED COMPLEXES                           all zeros — AUROC undefined
2026-03-21 18:32:11,835 - INFO -   WIDE QRS TACHYCARDIA                                  all zeros — AUROC undefined
2026-03-21 18:32:11,836 - INFO -   RSR' PATTERN IN V1                                    all zeros — AUROC undefined
2026-03-21 18:32:11,837 - INFO -   ST LESS DEPRESSED IN                                  all zeros — AUROC undefined
2026-03-21 18:32:11,837 - INFO -   ST MORE DEPRESSED IN                                  all zeros — AUROC undefined
2026-03-21 18:32:11,838 - INFO -   ANTEROLATERAL LEADS                                   all zeros — AUROC undefined
2026-03-21 18:32:11,839 - INFO -   ELECTRONIC DEMAND PACING                              all zeros — AUROC undefined
2026-03-21 18:32:11,840 - INFO -   RBBB AND LEFT ANTERIOR FASCICULAR BLOCK               all zeros — AUROC undefined
2026-03-21 18:32:11,840 - INFO -   LATERAL INJURY PATTERN                                all zeros — AUROC undefined
2026-03-21 18:32:11,841 - INFO -   BIVENTRICULAR PACEMAKER DETECTED                      all zeros — AUROC undefined
2026-03-21 18:32:11,842 - INFO -   SUSPECT UNSPECIFIED PACEMAKER FAILURE                 all zeros — AUROC undefined
2026-03-21 18:32:11,842 - INFO -   WOLFF-PARKINSON-WHITE                                 all zeros — AUROC undefined
2026-03-21 18:32:11,843 - INFO -   INFERIOR INJURY PATTERN                               all zeros — AUROC undefined
2026-03-21 18:32:11,844 - INFO -   CONSIDER RIGHT VENTRICULAR INVOLVEMENT IN ACUTE INFERIOR INFARCT  all zeros — AUROC undefined
2026-03-21 18:32:11,844 - INFO -   ST ELEVATION HAS REPLACED ST DEPRESSION IN            all zeros — AUROC undefined
2026-03-21 18:32:11,845 - INFO -   NONSPECIFIC INTRAVENTRICULAR BLOCK                    all zeros — AUROC undefined
2026-03-21 18:32:11,846 - INFO -   MASKED BY FASCICULAR BLOCK                            all zeros — AUROC undefined
2026-03-21 18:32:11,846 - INFO -   PEDIATRIC ECG ANALYSIS                                all zeros — AUROC undefined
2026-03-21 18:32:11,847 - INFO -   BLOCKED                                               all zeros — AUROC undefined
2026-03-21 18:32:11,848 - INFO -   WITH UNDETERMINED RHYTHM IRREGULARITY                 all zeros — AUROC undefined
2026-03-21 18:32:11,848 - INFO -   LEFTWARD AXIS                                         all zeros — AUROC undefined
2026-03-21 18:32:11,850 - INFO -   WITH 2ND DEGREE SA BLOCK MOBITZ I                     all zeros — AUROC undefined
2026-03-21 18:32:11,850 - INFO -   ACUTE                                                 all zeros — AUROC undefined
2026-03-21 18:32:11,851 - INFO -   ABNORMAL LEFT AXIS DEVIATION                          all zeros — AUROC undefined
2026-03-21 18:32:11,852 - INFO -   NO P-WAVES FOUND                                      all zeros — AUROC undefined
2026-03-21 18:32:11,852 - INFO -   ST LESS ELEVATED IN                                   all zeros — AUROC undefined
2026-03-21 18:32:11,852 - INFO -   WITH RETROGRADE CONDUCTION                            all zeros — AUROC undefined
2026-03-21 18:32:11,854 - INFO -   ST MORE ELEVATED IN                                   all zeros — AUROC undefined
2026-03-21 18:32:11,855 - INFO -   JUNCTIONAL BRADYCARDIA                                all zeros — AUROC undefined
2026-03-21 18:32:11,855 - INFO -   ANTERIOR INJURY PATTERN                               all zeros — AUROC undefined
2026-03-21 18:32:11,856 - INFO -   ACUTE MI                                              all zeros — AUROC undefined
2026-03-21 18:32:11,857 - INFO -   POSTERIOR INFARCT                                     all zeros — AUROC undefined
2026-03-21 18:32:11,857 - INFO -   IDIOVENTRICULAR RHYTHM                                all zeros — AUROC undefined
2026-03-21 18:32:11,858 - INFO -   WITH 2ND DEGREE SA BLOCK MOBITZ II                    all zeros — AUROC undefined
2026-03-21 18:32:11,858 - INFO -   R IN AVL                                              all zeros — AUROC undefined
2026-03-21 18:32:11,859 - INFO -   SINUS/ATRIAL CAPTURE                                  all zeros — AUROC undefined
2026-03-21 18:32:11,860 - INFO -   AV DUAL-PACED COMPLEXES                               all zeros — AUROC undefined
2026-03-21 18:32:11,860 - INFO -   INFEROLATERAL INJURY PATTERN                          all zeros — AUROC undefined
2026-03-21 18:32:11,861 - INFO -   RBBB AND LEFT POSTERIOR FASCICULAR BLOCK              all zeros — AUROC undefined
2026-03-21 18:32:11,862 - INFO -   ANTEROLATERAL INJURY PATTERN                          all zeros — AUROC undefined
2026-03-21 18:32:11,862 - INFO -   ATRIAL-PACED COMPLEXES                                all zeros — AUROC undefined
2026-03-21 18:32:11,863 - INFO -   WITH SINUS PAUSE                                      all zeros — AUROC undefined
2026-03-21 18:32:11,863 - INFO -   BIVENTRICULAR HYPERTROPHY                             all zeros — AUROC undefined
2026-03-21 18:32:11,864 - INFO -   ABNORMAL RIGHT AXIS DEVIATION                         all zeros — AUROC undefined
2026-03-21 18:32:11,865 - INFO -   SUPRAVENTRICULAR COMPLEXES                            all zeros — AUROC undefined
2026-03-21 18:32:11,865 - INFO -   WITH 2ND DEGREE AV BLOCK MOBITZ I                     all zeros — AUROC undefined
2026-03-21 18:32:11,866 - INFO -   MULTIFOCAL ATRIAL TACHYCARDIA                         all zeros — AUROC undefined
2026-03-21 18:32:11,867 - INFO - 
[pruned_magnitude_ratio20] Valid labels : 39 / 150
2026-03-21 18:32:11,867 - INFO - [pruned_magnitude_ratio20] Skipped      : 111 / 150
2026-03-21 18:32:11,868 - INFO - [pruned_magnitude_ratio20] Macro AUROC  : 0.5276  (39 valid labels)
2026-03-21 18:32:11,868 - INFO - [pruned_magnitude_ratio20] Results saved: ./res/pruning_ft/pruned_magnitude_ratio20_results.csv
2026-03-21 18:32:12,327 - INFO - [pruned_magnitude_ratio20] ROC curve plot saved: ./res/pruning_ft/pruned_magnitude_ratio20_roc_curves.png
2026-03-21 18:32:12,327 - INFO - [pruned_magnitude_ratio20] Plot Macro AUC=0.5276  Micro AUC=0.6696
2026-03-21 18:32:12,327 - INFO -   Macro AUROC: 0.8031 → 0.5276  (Δ -0.2755 vs fine-tuned baseline)
2026-03-21 18:32:12,725 - INFO -   Saved: ./res/pruning_ft/pruned_magnitude_ratio0.2_auroc0.5276.pth
2026-03-21 18:32:12,725 - INFO - 
============================================================
2026-03-21 18:32:12,725 - INFO - PRUNING RATIO 0.3  |  method: magnitude
2026-03-21 18:32:12,725 - INFO - ============================================================
2026-03-21 18:32:13,611 - INFO -   Detected 'backbone.' prefix — stripping for bare Net1D
2026-03-21 18:32:13,776 - INFO -   Weights loaded (strict=True) | missing: 0 | unexpected: 0
2026-03-21 18:32:13,982 - INFO -   Ignoring 1 final classifier layer(s)
2026-03-21 18:32:14,076 - INFO - Applying single-shot pruning step...
2026-03-21 18:32:14,510 - INFO -   MACs  : 1.1727 G → 1.1039 G  (5.87% reduced)
2026-03-21 18:32:14,511 - INFO -   Params: 30.8190 M → 29.9919 M  (2.68% reduced)
