2026-04-28 10:07:10,884 - Using device: cuda:0
2026-04-28 10:07:10,885 - Number of classes: 150
2026-04-28 10:07:11,182 - Full Valid Dataset : 10685 samples
2026-04-28 10:07:11,182 - Test Dataset       : 2132 samples
2026-04-28 10:07:11,839 - Model loaded. Missing: 0, Unexpected: 0
2026-04-28 10:07:11,917 - 
--- EVALUATING ON ENTIRE PEDIATRIC DATASET ---
2026-04-28 10:09:46,942 - 
Computing evaluation for: Full_Data
2026-04-28 10:10:05,005 - [Full_Data] Macro AUROC: 0.6079  (46 valid labels)
2026-04-28 10:10:05,555 - [Full_Data] Plot Macro AUC=0.6079  Micro AUC=0.6226
2026-04-28 10:10:05,563 - 
--- EVALUATING ON TEST SPLIT ONLY ---
2026-04-28 10:10:30,830 - 
Computing evaluation for: Test_Set
2026-04-28 10:10:38,683 - [Test_Set] Macro AUROC: 0.6172  (42 valid labels)
2026-04-28 10:10:39,076 - [Test_Set] Plot Macro AUC=0.6171  Micro AUC=0.6084
2026-05-07 08:47:08,886 - Using device: cuda:0
2026-05-07 08:47:08,888 - Number of classes: 150
2026-05-07 08:47:09,169 - Full Valid Dataset : 10685 samples
2026-05-07 08:47:09,169 - Test Dataset       : 2132 samples
2026-05-07 08:47:10,351 - Model loaded. Missing: 0, Unexpected: 0
2026-05-07 08:47:10,416 - 
--- EVALUATING ON ENTIRE PEDIATRIC DATASET (full native length) ---
2026-05-07 08:50:45,856 - 
[Full_Data] Input-length distribution over 10685 samples:
  min=3,500  max=38,500  mean=13442  median=15000
2026-05-07 08:50:45,856 -   Bucket counts (rounded to nearest 1k samples):
2026-05-07 08:50:45,856 -       3,000 pts :     2  ██
2026-05-07 08:50:45,856 -       4,000 pts :     3  ███
2026-05-07 08:50:45,856 -       5,000 pts :    21  █████████████████████
2026-05-07 08:50:45,856 -       6,000 pts :    59  ███████████████████████████████████████████████████████████
2026-05-07 08:50:45,856 -       7,000 pts :   207  ████████████████████████████████████████████████████████████
2026-05-07 08:50:45,856 -       8,000 pts :   166  ████████████████████████████████████████████████████████████
2026-05-07 08:50:45,856 -       9,000 pts :   234  ████████████████████████████████████████████████████████████
2026-05-07 08:50:45,856 -      10,000 pts :  2096  ████████████████████████████████████████████████████████████
2026-05-07 08:50:45,856 -      11,000 pts :   263  ████████████████████████████████████████████████████████████
2026-05-07 08:50:45,856 -      12,000 pts :   202  ████████████████████████████████████████████████████████████
2026-05-07 08:50:45,856 -      13,000 pts :   173  ████████████████████████████████████████████████████████████
2026-05-07 08:50:45,856 -      14,000 pts :    96  ████████████████████████████████████████████████████████████
2026-05-07 08:50:45,856 -      15,000 pts :  7108  ████████████████████████████████████████████████████████████
2026-05-07 08:50:45,860 -      16,000 pts :    13  █████████████
2026-05-07 08:50:45,875 -      17,000 pts :     5  █████
2026-05-07 08:50:45,876 -      18,000 pts :     5  █████
2026-05-07 08:50:45,876 -      19,000 pts :     2  ██
2026-05-07 08:50:45,877 -      20,000 pts :     2  ██
2026-05-07 08:50:45,877 -      21,000 pts :     1  █
2026-05-07 08:50:45,878 -      22,000 pts :     3  ███
2026-05-07 08:50:45,878 -      24,000 pts :     1  █
2026-05-07 08:50:45,878 -      25,000 pts :     1  █
2026-05-07 08:50:45,879 -      27,000 pts :     1  █
2026-05-07 08:50:45,879 -      28,000 pts :     1  █
2026-05-07 08:50:45,879 -      30,000 pts :    17  █████████████████
2026-05-07 08:50:45,879 -      33,000 pts :     1  █
2026-05-07 08:50:45,880 -      37,000 pts :     1  █
2026-05-07 08:50:45,880 -      38,000 pts :     1  █
2026-05-07 08:50:45,886 -   Length distribution saved → ./res/zeroshot_pediatric_only/Full_Data_length_distribution.csv
2026-05-07 08:50:45,895 - 
Computing evaluation for: Full_Data
2026-05-07 08:51:06,412 - [Full_Data] Macro AUROC: 0.8511  (46 valid labels)
2026-05-07 08:51:07,031 - [Full_Data] Plot Macro AUC=0.8510  Micro AUC=0.8786
2026-05-07 08:51:07,044 - 
--- EVALUATING ON TEST SPLIT ONLY (full native length) ---
2026-05-07 08:51:52,873 - 
[Test_Set] Input-length distribution over 2132 samples:
  min=3,500  max=37,500  mean=13477  median=15000
2026-05-07 08:51:52,873 -   Bucket counts (rounded to nearest 1k samples):
2026-05-07 08:51:52,874 -       3,000 pts :     2  ██
2026-05-07 08:51:52,874 -       4,000 pts :     1  █
2026-05-07 08:51:52,874 -       5,000 pts :     2  ██
2026-05-07 08:51:52,874 -       6,000 pts :    15  ███████████████
2026-05-07 08:51:52,874 -       7,000 pts :    46  ██████████████████████████████████████████████
2026-05-07 08:51:52,874 -       8,000 pts :    35  ███████████████████████████████████
2026-05-07 08:51:52,874 -       9,000 pts :    37  █████████████████████████████████████
2026-05-07 08:51:52,875 -      10,000 pts :   402  ████████████████████████████████████████████████████████████
2026-05-07 08:51:52,875 -      11,000 pts :    57  █████████████████████████████████████████████████████████
2026-05-07 08:51:52,875 -      12,000 pts :    43  ███████████████████████████████████████████
2026-05-07 08:51:52,875 -      13,000 pts :    34  ██████████████████████████████████
2026-05-07 08:51:52,875 -      14,000 pts :    17  █████████████████
2026-05-07 08:51:52,875 -      15,000 pts :  1426  ████████████████████████████████████████████████████████████
2026-05-07 08:51:52,876 -      16,000 pts :     3  ███
2026-05-07 08:51:52,876 -      17,000 pts :     3  ███
2026-05-07 08:51:52,876 -      18,000 pts :     1  █
2026-05-07 08:51:52,876 -      21,000 pts :     1  █
2026-05-07 08:51:52,876 -      25,000 pts :     1  █
2026-05-07 08:51:52,877 -      27,000 pts :     1  █
2026-05-07 08:51:52,877 -      30,000 pts :     3  ███
2026-05-07 08:51:52,877 -      33,000 pts :     1  █
2026-05-07 08:51:52,877 -      37,000 pts :     1  █
2026-05-07 08:51:52,879 -   Length distribution saved → ./res/zeroshot_pediatric_only/Test_Set_length_distribution.csv
2026-05-07 08:51:52,881 - 
Computing evaluation for: Test_Set
2026-05-07 08:52:01,552 - [Test_Set] Macro AUROC: 0.8512  (42 valid labels)
2026-05-07 08:52:02,053 - [Test_Set] Plot Macro AUC=0.8510  Micro AUC=0.8746
2026-05-07 08:53:46,200 - Using device: cuda:0
2026-05-07 08:53:46,202 - Number of classes: 150
2026-05-07 08:53:46,484 - Full Valid Dataset : 10685 samples
2026-05-07 08:53:46,485 - Test Dataset       : 2132 samples
2026-05-07 08:53:47,295 - Model loaded. Missing: 0, Unexpected: 0
2026-05-07 08:53:47,358 - 
--- EVALUATING ON ENTIRE PEDIATRIC DATASET (full native length) ---
2026-05-07 08:57:16,855 - 
[Full_Data] Input-length distribution over 10685 samples:
  min=3,500  max=38,500  mean=13442  median=15000
2026-05-07 08:57:16,855 -   Bucket counts (rounded to nearest 1k samples):
2026-05-07 08:57:16,857 -       3,000 pts :     2  ██
2026-05-07 08:57:16,857 -       4,000 pts :     3  ███
2026-05-07 08:57:16,857 -       5,000 pts :    21  █████████████████████
2026-05-07 08:57:16,857 -       6,000 pts :    59  ███████████████████████████████████████████████████████████
2026-05-07 08:57:16,857 -       7,000 pts :   207  ████████████████████████████████████████████████████████████
2026-05-07 08:57:16,857 -       8,000 pts :   166  ████████████████████████████████████████████████████████████
2026-05-07 08:57:16,857 -       9,000 pts :   234  ████████████████████████████████████████████████████████████
2026-05-07 08:57:16,857 -      10,000 pts :  2096  ████████████████████████████████████████████████████████████
2026-05-07 08:57:16,857 -      11,000 pts :   263  ████████████████████████████████████████████████████████████
2026-05-07 08:57:16,857 -      12,000 pts :   202  ████████████████████████████████████████████████████████████
2026-05-07 08:57:16,857 -      13,000 pts :   173  ████████████████████████████████████████████████████████████
2026-05-07 08:57:16,857 -      14,000 pts :    96  ████████████████████████████████████████████████████████████
2026-05-07 08:57:16,857 -      15,000 pts :  7108  ████████████████████████████████████████████████████████████
2026-05-07 08:57:16,857 -      16,000 pts :    13  █████████████
2026-05-07 08:57:16,857 -      17,000 pts :     5  █████
2026-05-07 08:57:16,857 -      18,000 pts :     5  █████
2026-05-07 08:57:16,857 -      19,000 pts :     2  ██
2026-05-07 08:57:16,857 -      20,000 pts :     2  ██
2026-05-07 08:57:16,857 -      21,000 pts :     1  █
2026-05-07 08:57:16,857 -      22,000 pts :     3  ███
2026-05-07 08:57:16,857 -      24,000 pts :     1  █
2026-05-07 08:57:16,857 -      25,000 pts :     1  █
2026-05-07 08:57:16,857 -      27,000 pts :     1  █
2026-05-07 08:57:16,857 -      28,000 pts :     1  █
2026-05-07 08:57:16,857 -      30,000 pts :    17  █████████████████
2026-05-07 08:57:16,857 -      33,000 pts :     1  █
2026-05-07 08:57:16,857 -      37,000 pts :     1  █
2026-05-07 08:57:16,857 -      38,000 pts :     1  █
2026-05-07 08:57:16,864 -   Length distribution saved → ./res/zeroshot_pediatric_only/Full_Data_length_distribution.csv
2026-05-07 08:57:16,872 - 
Computing evaluation for: Full_Data
2026-05-07 08:57:36,582 - [Full_Data] Macro AUROC: 0.8511  (46 valid labels)
2026-05-07 08:57:37,165 - [Full_Data] Plot Macro AUC=0.8510  Micro AUC=0.8786
2026-05-07 08:57:37,177 - 
--- EVALUATING ON TEST SPLIT ONLY (full native length) ---
2026-05-07 08:58:17,931 - 
[Test_Set] Input-length distribution over 2132 samples:
  min=3,500  max=37,500  mean=13477  median=15000
2026-05-07 08:58:17,932 -   Bucket counts (rounded to nearest 1k samples):
2026-05-07 08:58:17,932 -       3,000 pts :     2  ██
2026-05-07 08:58:17,932 -       4,000 pts :     1  █
2026-05-07 08:58:17,932 -       5,000 pts :     2  ██
2026-05-07 08:58:17,932 -       6,000 pts :    15  ███████████████
2026-05-07 08:58:17,933 -       7,000 pts :    46  ██████████████████████████████████████████████
2026-05-07 08:58:17,933 -       8,000 pts :    35  ███████████████████████████████████
2026-05-07 08:58:17,933 -       9,000 pts :    37  █████████████████████████████████████
2026-05-07 08:58:17,933 -      10,000 pts :   402  ████████████████████████████████████████████████████████████
2026-05-07 08:58:17,933 -      11,000 pts :    57  █████████████████████████████████████████████████████████
2026-05-07 08:58:17,935 -      12,000 pts :    43  ███████████████████████████████████████████
2026-05-07 08:58:17,935 -      13,000 pts :    34  ██████████████████████████████████
2026-05-07 08:58:17,935 -      14,000 pts :    17  █████████████████
2026-05-07 08:58:17,935 -      15,000 pts :  1426  ████████████████████████████████████████████████████████████
2026-05-07 08:58:17,935 -      16,000 pts :     3  ███
2026-05-07 08:58:17,935 -      17,000 pts :     3  ███
2026-05-07 08:58:17,935 -      18,000 pts :     1  █
2026-05-07 08:58:17,935 -      21,000 pts :     1  █
2026-05-07 08:58:17,935 -      25,000 pts :     1  █
2026-05-07 08:58:17,936 -      27,000 pts :     1  █
2026-05-07 08:58:17,936 -      30,000 pts :     3  ███
2026-05-07 08:58:17,936 -      33,000 pts :     1  █
2026-05-07 08:58:17,936 -      37,000 pts :     1  █
2026-05-07 08:58:17,938 -   Length distribution saved → ./res/zeroshot_pediatric_only/Test_Set_length_distribution.csv
2026-05-07 08:58:17,940 - 
Computing evaluation for: Test_Set
2026-05-07 08:58:25,591 - [Test_Set] Macro AUROC: 0.8512  (42 valid labels)
2026-05-07 08:58:26,101 - [Test_Set] Plot Macro AUC=0.8510  Micro AUC=0.8746
2026-05-07 11:18:14,072 - Using device: cuda:0
2026-05-07 11:18:14,072 - Number of classes: 150
2026-05-07 11:18:14,360 - Full Valid Dataset : 10685 samples
2026-05-07 11:18:14,360 - Test Dataset       : 2132 samples
2026-05-07 11:18:15,380 - Model loaded. Missing: 0, Unexpected: 0
2026-05-07 11:18:15,443 - 
--- EVALUATING ON ENTIRE PEDIATRIC DATASET (patch-based) ---
2026-05-07 11:18:15,443 - 
[Full_Data] Patch config:  seg_len=5000 (10.0s)  overlap=256  step=4744  agg='mean'
2026-05-07 11:22:01,603 - 
[Full_Data] Patch-count distribution over 10685 recordings:
  min=1  max=9  mean=3.6  median=4
2026-05-07 11:22:01,604 -   Patch counts per recording:
2026-05-07 11:22:01,604 -        1 patch(es) :    15  ███████████████
2026-05-07 11:22:01,604 -        2 patch(es) :   677  ████████████████████████████████████████████████████████████
2026-05-07 11:22:01,604 -        3 patch(es) :  2782  ████████████████████████████████████████████████████████████
2026-05-07 11:22:01,604 -        4 patch(es) :  7179  ████████████████████████████████████████████████████████████
2026-05-07 11:22:01,605 -        5 patch(es) :     8  ████████
2026-05-07 11:22:01,605 -        6 patch(es) :     4  ████
2026-05-07 11:22:01,606 -        7 patch(es) :    17  █████████████████
2026-05-07 11:22:01,606 -        8 patch(es) :     2  ██
2026-05-07 11:22:01,606 -        9 patch(es) :     1  █
2026-05-07 11:22:01,609 -   Patch distribution saved → ./res/zeroshot_pediatric_only/Full_Data_patch_distribution.csv
2026-05-07 11:22:01,622 - 
Computing evaluation for: Full_Data
2026-05-07 11:22:21,731 - [Full_Data] Macro AUROC: 0.8550  (46 valid labels)
2026-05-07 11:22:22,324 - [Full_Data] Plot Macro AUC=0.8550  Micro AUC=0.8814
2026-05-07 11:22:22,332 - 
--- EVALUATING ON TEST SPLIT ONLY (patch-based) ---
2026-05-07 11:22:22,332 - 
[Test_Set] Patch config:  seg_len=5000 (10.0s)  overlap=256  step=4744  agg='mean'
2026-05-07 11:23:04,821 - 
[Test_Set] Patch-count distribution over 2132 recordings:
  min=1  max=8  mean=3.6  median=4
2026-05-07 11:23:04,821 -   Patch counts per recording:
2026-05-07 11:23:04,821 -        1 patch(es) :     5  █████
2026-05-07 11:23:04,821 -        2 patch(es) :   133  ████████████████████████████████████████████████████████████
2026-05-07 11:23:04,822 -        3 patch(es) :   545  ████████████████████████████████████████████████████████████
2026-05-07 11:23:04,822 -        4 patch(es) :  1441  ████████████████████████████████████████████████████████████
2026-05-07 11:23:04,822 -        5 patch(es) :     1  █
2026-05-07 11:23:04,822 -        6 patch(es) :     2  ██
2026-05-07 11:23:04,822 -        7 patch(es) :     3  ███
2026-05-07 11:23:04,823 -        8 patch(es) :     2  ██
2026-05-07 11:23:04,824 -   Patch distribution saved → ./res/zeroshot_pediatric_only/Test_Set_patch_distribution.csv
2026-05-07 11:23:04,827 - 
Computing evaluation for: Test_Set
2026-05-07 11:23:13,551 - [Test_Set] Macro AUROC: 0.8551  (42 valid labels)
2026-05-07 11:23:14,012 - [Test_Set] Plot Macro AUC=0.8549  Micro AUC=0.8775
